MPASM 5.76                          MAIN.ASM   12-3-2021  4:55:30         PAGE  1


LOC  OBJECT CODE     LINE SOURCE TEXT
  VALUE

                      00001 ;====================================================================
                      00002 ; Main.asm file generated by New Project wizard
                      00003 ;
                      00004 ; Created:   –í—Å –Ω–æ—è 14 2021
                      00005 ; Processor: PIC12F675
                      00006 ; Compiler:  MPASM (Proteus)
                      00007 ;====================================================================
                      00008 
                      00009 ;====================================================================
                      00010 ; DEFINITIONS
                      00011 ;====================================================================
                      00012 
                      00013 #include p12f675.inc                ; Include register definition file
                      00001         LIST
                      00002 
                      00003 ;==========================================================================
                      00004 ; Build date : Sep 19 2017
                      00005 ;  MPASM PIC12F675 processor include
                      00006 ; 
                      00007 ;  (c) Copyright 1999-2017 Microchip Technology, All rights reserved
                      00008 ;==========================================================================
                      00009 
                      00367         LIST
Warning[205]: Found directive in column 1. (__CONFIG)
2007   3FF4           00014 __CONFIG b'11111111110100'
                      00015 
                      00016 ;====================================================================
                      00017 ; CONSTANTS
                      00018 ;====================================================================
                      00019 
  00000002            00020 GPIO_DATA equ b'000010' 
  000000C8            00021 INTERRUPT_INIT equ b'11001000'
  00000000            00022 PIE1_INIT equ b'00000000'
  00000000            00023 TMR1H_INIT equ 0x0
  00000000            00024 TMR1L_INIT equ 0x0
  00000000            00025 TMR0_INIT equ 0x0
  00000036            00026 WPU_INIT equ b'110110'   ;b'110100'                     ;GPIO1 –ò GPIO5 - –º–±–± –∫–∞–∫ READ —Ç–∞–∫ –∏ W
                            RITE —Ä–µ–∂–∏–º. –î–ª—è –∫–Ω–æ–ø–∫–∏ (–∏–∑–Ω–∞—á–∞–ª—å–Ω–æ!) –∏ TX; –î–ª—è RX –∏ Data —Å–æ–æ—Ç–≤
  00000021            00027 IOC_INIT equ b'100001'
  00000000            00028 T1CON_INIT equ b'00000000'
  00000029            00029 TRISIO_INT equ b'00101001' ; b'00101001'
                      00030 ;====================================================================
                      00031 ; VARIABLES
                      00032 ;====================================================================
                      00033 
  00000020            00034 UART_CON equ 20h                                ; –ò–ó–ù–ê–ß–ê–õ–¨–ù–û –î–û–õ–ñ–ï–ù –ë–´–¢–¨ –†–ï–ñ–ò–ú 
                            –ü–†–û–°–õ–£–®–ò–í–ê–ù–ò–Ø!!!!!!!!!!!!!!!!!!!!!!!!!!!!!!!!!!
Warning[207]: Found label after column 1. (BUSY_F)
  00000000            00035         BUSY_F equ 00h
Warning[207]: Found label after column 1. (TR_F)
  00000001            00036         TR_F equ 01h
Warning[207]: Found label after column 1. (RD_F)
  00000002            00037         RD_F equ 02h
MPASM 5.76                          MAIN.ASM   12-3-2021  4:55:30         PAGE  2


LOC  OBJECT CODE     LINE SOURCE TEXT
  VALUE

Warning[207]: Found label after column 1. (T0_MODE)
  00000003            00038         T0_MODE equ 03h
Warning[207]: Found label after column 1. (DATA_INC_F)
  00000004            00039         DATA_INC_F equ 04h
Warning[207]: Found label after column 1. (BIT9)
  00000005            00040         BIT9 equ 05h
Warning[207]: Found label after column 1. (SEG7_Display_F)
  00000006            00041         SEG7_Display_F equ 06h
Warning[207]: Found label after column 1. (BanReceiveZ9Bit_F)
  00000007            00042         BanReceiveZ9Bit_F equ 07h;  –§–ª–∞–≥ –∑–∞–ø—Ä–µ—Ç–∞ –ø—Ä–∏—ë–º–∞ —Å–æ–æ–±—â–µ–Ω–∏–π,–≤ –∫–æ—Ç–æ—
                            Ä–æ–º 9 –±–∏—Ç –∏–º–µ–µ—Ç –∑–Ω–∞—á–µ–Ω–∏–µ 0 (—Ç.–µ. –µ—Å–ª–∏ —ç—Ç–æ –î–ê–ù–ù–´–ï)
                      00043         ;SaveDataOrAddr equ 07h         ; || 0 - Addr | 1 - Data ||
                      00044 
  00000021            00045 UART_t0 equ 21h
Warning[207]: Found label after column 1. (WAIT_HalfBaud)
  00000000            00046         WAIT_HalfBaud equ 00h
Warning[207]: Found label after column 1. (WAIT_FullBaud)
  00000001            00047         WAIT_FullBaud equ 01h
Warning[207]: Found label after column 1. (Simple_TMR)
  00000002            00048         Simple_TMR equ 02h
                      00049 ;LEDS_STATES equ 21h
                      00050 ;LED1 equ 00h
                      00051 ;LED2 equ 01h
                      00052 ;LED3 equ 02h
                      00053 
                      00054 
                      00055 
  00000000            00056 btn_SEND equ GPIO0
  00000003            00057 btn_RST equ GPIO3
  00000001            00058 btn_INC equ GPIO1
                      00059 
                      00060 ;pc_states equ 21h
                      00061 ;in_work_flag equ 00h
                      00062 ;btn_wait_flag equ 01h
                      00063 ;btn2_st equ 02h
                      00064 ;btn3_st equ 03h
                      00065 
  00000022            00066 T1H_REG equ 22h
  00000023            00067 T1L_REG equ 23h
                      00068 
  00000024            00069 T02SecScaler equ 24h
                      00070 
  00000025            00071 LastPortState equ 25h
                      00072 
  00000026            00073 Accum equ 26h
                      00074 
  00000027            00075 Lcd_data equ 27h
                      00076 
  00000028            00077 Loop_ident equ 28h
                      00078 
  00000029            00079 SERBUF equ 29h          ; TODO
  0000002A            00080 TEMP equ 2Ah
                      00081 
MPASM 5.76                          MAIN.ASM   12-3-2021  4:55:30         PAGE  3


LOC  OBJECT CODE     LINE SOURCE TEXT
  VALUE

  00000001            00082 TX equ GPIO1
  00000005            00083 RX equ GPIO5
                      00084 
                      00085 
                      00086 
  0000002B            00087 LastPressedBtns equ 2Bh         ;  || 0 bit - SB_SEND | 1 bit - SB_INC/TX | 2 bit - RX/DATA_7_SEG ||
  00000000            00088 SB_SEND_Ch equ 00h
  00000001            00089 SB_INC_Ch equ 01h
                      00090 ;--
                      00091 
  0000002C            00092 ADDR_reg equ 2Ch
  0000002D            00093 DATA_reg equ 2Dh
                      00094 
  0000002E            00095 ButtonModes equ 2Eh
Warning[207]: Found label after column 1. (SB0_M0)
  00000000            00096         SB0_M0  equ 00h
Warning[207]: Found label after column 1. (SB0_M1)
  00000001            00097         SB0_M1  equ 01h
                      00098 
                      00099 
  0000002F            00100 SEV_SEGM_reg equ 2Fh
                      00101 
  00000030            00102 GotMsgDispMode equ 30h
                      00103 
                      00104 
                      00105 ;====================================================================
                      00106 ; RESET and INTERRUPT VECTORS
                      00107 ;====================================================================
                      00108 
                      00109       ; Reset Vector
                      00110 RST   code  0x0 
0000   2???           00111       goto  START
                      00112 
                      00113 INT code 0x4
0004   2???           00114         goto IINT_HNDL
                      00115         
                      00116         
                      00117 ;====================================================================
                      00118 ; CODE SEGMENT
                      00119 ;====================================================================
                      00120 
                      00121 PGM   code
                      00122 
0000                  00123 Init
                      00124         
0000   1683           00125         banksel ANSEL
Message[302]: Register in operand not in bank 0.  Ensure that bank bits are correct.
0001   019F           00126     clrf ANSEL
                      00127 
0002   1283           00128     banksel CMCON
0003   3007           00129     movlw 0x7
0004   0099           00130     movwf CMCON
                      00131 
MPASM 5.76                          MAIN.ASM   12-3-2021  4:55:30         PAGE  4


LOC  OBJECT CODE     LINE SOURCE TEXT
  VALUE

0005   1283           00132           banksel GPIO
                      00133     ;movlw b'10' ; Default GPIO data
0006   3002           00134         movlw GPIO_DATA
0007   0085           00135     movwf GPIO
                      00136         
0008   1683           00137          banksel TRISIO
0009   3029           00138     movlw TRISIO_INT   ; GPIO Port options
Message[302]: Register in operand not in bank 0.  Ensure that bank bits are correct.
000A   0085           00139     movwf TRISIO
                      00140         
000B   1683           00141     banksel OPTION_REG
000C   3048           00142     movlw b'01001000'       ; Options
Message[302]: Register in operand not in bank 0.  Ensure that bank bits are correct.
000D   0081           00143     movwf OPTION_REG
                      00144 
                      00145    
                      00146 
                      00147  
                      00148 
000E   1683           00149     banksel WPU
000F   3036           00150     movlw WPU_INIT  ; Pull ups
Message[302]: Register in operand not in bank 0.  Ensure that bank bits are correct.
0010   0095           00151     movwf WPU
                      00152 
0011   1283           00153     banksel INTCON
0012   30C8           00154     movlw INTERRUPT_INIT   ; Interrupts
0013   008B           00155     movwf INTCON
                      00156 
0014   1683           00157     banksel PIE1
0015   3000           00158     movlw PIE1_INIT  ; Enables timer 1 (16-bit) INTERRRUPT (NO)
Message[302]: Register in operand not in bank 0.  Ensure that bank bits are correct.
0016   008C           00159     movwf PIE1
                      00160 
0017   1283           00161     banksel TMR1H
0018   3000           00162     movlw TMR1H_INIT
0019   008F           00163     movwf TMR1H
001A   3000           00164     movlw TMR1L_INIT
001B   008E           00165     movwf TMR1L
                      00166 
001C   1283           00167     banksel T1CON
001D   3000           00168     movlw T1CON_INIT    ; Enables timer 1
001E   0090           00169     movwf T1CON
                      00170 
001F   1683           00171     banksel IOCB
0020   3021           00172     movlw IOC_INIT
Message[302]: Register in operand not in bank 0.  Ensure that bank bits are correct.
0021   0096           00173     movwf IOCB
                      00174 
                      00175         ;CALL SavePortStates
0022   0805           00176         movf GPIO, w
0023   00A5           00177         movwf LastPortState
                      00178         
0024   17A0           00179         bsf UART_CON, BanReceiveZ9Bit_F
MPASM 5.76                          MAIN.ASM   12-3-2021  4:55:30         PAGE  5


LOC  OBJECT CODE     LINE SOURCE TEXT
  VALUE

                      00180         
0025   0008           00181     return
                      00182 
0026                  00183 START
0026   2???           00184         CALL Init
Warning[207]: Found label after column 1. (MainLoop)
0027                  00185         MainLoop
0027   2???           00186                 GOTO MainLoop
                      00187                 
                      00188                 
                      00189         
0028                  00190 IINT_HNDL
0028   180B           00191         btfsc INTCON,  GPIF
0029   2???           00192         GOTO GPIO_INT
002A   190B           00193         btfsc INTCON, T0IF
002B   2???           00194         GOTO T0_INT
002C   1283           00195         banksel PIR1
002D   180C           00196         btfsc PIR1, TMR1IF
002E   2???           00197         GOTO T1_INT
002F   0009           00198         retfie
                      00199         
0030                  00200 FindPortDiff
                      00201         ; –î–æ–ø—É—Å—Ç–∏–º, —Å–æ—Å—Ç–æ—è–Ω–∏–µ –ø–æ—Ä—Ç–∞ –∑–∞–ø–∏—Å—ã–≤–∞–µ—Ç—Å—è –≤ —Ä–µ–≥–∏—Å—Ç—Ä Las
                            tPortState
Warning[207]: Found label after column 1. (Port_GP0)
0030                  00202         Port_GP0
0030   1683           00203                 banksel IOCB
Message[302]: Register in operand not in bank 0.  Ensure that bank bits are correct.
0031   1C16           00204                 btfss IOCB, GPIO0
0032   2???           00205                         GOTO Port_GP1
0033   1283           00206                 banksel GPIO
0034   1805           00207                 btfsc GPIO, btn_SEND; –ï—Å–ª–∏ –Ω–∞–∂–∞—Ç–∞ –∫–Ω–æ–ø–∫–∞ - —Ç–æ (0)
0035   2???           00208                         GOTO Port_GP1 ; –ï—Å–ª–∏ (1)
0036   1C25           00209                         btfss LastPortState, btn_SEND; –ï—Å–ª–∏ (0) (–ï—Å–ª–∏ –≤ LastPortState –∏ –±—ã–ª
                             0 - —Ç–æ –∑–∞–±–∏–≤–∞–µ–º, –∏–Ω–∞—á–µ - –Ω–∞–∂–∞—Ç–∞ –∫–Ω–æ–ø–∫–∞)
0037   2???           00210                                 GOTO Port_GP1; –ï—Å–ª–∏ –æ—Å—Ç–∞—ë—Ç—Å—è –±—ã—Ç—å –Ω–∞–∂–∞—Ç–æ–π
0038   142B           00211                                 bsf LastPressedBtns, SB_SEND_Ch; –ï—Å–ª–∏ –ø—Ä–æ–∏–∑–æ—à–ª–æ –Ω–∞ —Å–∞–º
                            –æ–º –¥–µ–ª–µ –Ω–∞–∂–∞—Ç–∏–µ
Warning[207]: Found label after column 1. (Port_GP1)
0039                  00212         Port_GP1 ; –¢–û–õ–¨–ö–û –í –†–ï–ñ–ò–ú–ï –î–û –æ—Ç–ø—Ä–∞–≤–∫–∏ {TODO}
0039   1683           00213                 banksel IOCB
Message[302]: Register in operand not in bank 0.  Ensure that bank bits are correct.
003A   1C96           00214                 btfss IOCB, GPIO1
003B   2???           00215                         GOTO Port_GP5
003C   1283           00216                 banksel GPIO
003D   1A20           00217                 btfsc UART_CON, DATA_INC_F
003E   2???           00218                         GOTO Check_SB_INC; –ï—Å–ª–∏ 1
003F   2???           00219                         GOTO Port_GP5; –ï—Å–ª–∏ 0
Warning[207]: Found label after column 1. (Check_SB_INC)
0040                  00220                 Check_SB_INC
0040   1885           00221                         btfsc GPIO, btn_INC ; –ï—Å–ª–∏ –Ω–∞–∂–∞—Ç–∞ –∫–Ω–æ–ø–∫–∞ - —Ç–æ (0)
0041   2???           00222                                 GOTO Port_GP5
0042   1CA5           00223                                 btfss LastPortState, btn_INC ; –ï—Å–ª–∏ –≤ LastPortState –∏ –±—ã–ª 0 - —
MPASM 5.76                          MAIN.ASM   12-3-2021  4:55:30         PAGE  6


LOC  OBJECT CODE     LINE SOURCE TEXT
  VALUE

                            Ç–æ –∑–∞–±–∏–≤–∞–µ–º, –∏–Ω–∞—á–µ - –Ω–∞–∂–∞—Ç–∞—è –∫–Ω–æ–ø–∫–∞
0043   2???           00224                                         GOTO Port_GP5 ; –ï—Å–ª–∏ –æ—Å—Ç–∞—ë—Ç—Å—è 
0044   14AB           00225                                         bsf LastPressedBtns, SB_INC_Ch ; –ï—Å–ª–∏ –Ω–∞ —Å–∞–º–æ–º –¥–µ–ª
                            –µ –ø—Ä–æ–∏–∑–æ—à–ª–æ –Ω–∞–∂–∞—Ç–∏–µ
Warning[207]: Found label after column 1. (Port_GP5)
0045                  00226         Port_GP5
                      00227         ; –ù—É–∂–Ω–∞ –ø—Ä–æ–≤–µ—Ä–∫–∞, —á—Ç–æ RX –≤ —Ä–µ–∂–∏–º–µ —á—Ç–µ–Ω–∏—è (–º–± –∏ –Ω–µ –Ω–∞–¥–æ, —Ç
                            –∞–∫ –∫–∞–∫ –Ω–µ —Å—Ä–∞–±–∞—Ç—ã–≤–∞–µ—Ç –ø—Ä–µ—Ä—ã–≤–∞–Ω–∏–µ –ø–æ GPIO –≤–æ –≤—Ä–µ–º—è "–≤—ã–≤–æ
                      00228         ; –ü–æ –°–ü–ê–î–£ –≤—ã–∑—ã–≤–∞–µ—Ç—Å—è –æ–±—Ä–∞–±–æ—Ç–∫–∞ –ø—Ä–∏—Ö–æ–¥—è—â–µ–≥–æ —Å–æ–æ–±—â–µ–Ω–
                            ∏—è
                      00229                 ;btfsc UART_CON, SEG7_Display_F
                      00230                 ;       return; –ï—Å–ª–∏ –ø—Ä–æ–∏—Å—Ö–æ–¥–∏—Ç –≤—ã–≤–æ–¥ - —Ç–æ –Ω–µ –º–æ–∂–µ—Ç –±—ã—Ç—å
                             –Ω–∏–∫–∞–∫ –ø–æ–¥–∫–ª—é—á–µ–Ω –ø–æ—Ä—Ç –∫ RX
                      00231                 ;       bsf UART_CON, RD_F; –ï—Å–ª–∏ –Ω–µ –≤—ã–≤–æ–¥ - —Ç–æ –º–± –∏ RX (—É—Å—Ç–∞–Ω–∞–≤–ª
                            –∏–≤–∞–µ–º —Ñ–ª–∞–≥ —á—Ç–µ–Ω–∏—è)
0045   0008           00232                 return
                      00233         ;       btfsc UART_CON, SEG7_Display_F
                      00234         ;               return ; –ï—Å–ª–∏ –≤—ã–≤–æ–¥ –Ω–∞ 7-—Å–µ–≥–º–µ–Ω—Ç–Ω–∏–∫
                      00235         ;               ; –ï—Å–ª–∏ –ß—Ç–µ–Ω–∏–µ —Å RX
                      00236 
0046                  00237 SB0_SEND_HNDL
                      00238         ; 4 –Ω–∞–∂–∞—Ç–∏—è
                      00239         ; –ò–ó–ù–ê–ß–ê–õ–¨–ù–û –Ω–µ –≥–æ—Ä–∏—Ç (–µ—Å–ª–∏ –Ω–µ –±—ã–ª–æ –ø—Ä–∏—Å–ª–∞–Ω–Ω—ã—Ö –¥–∞–Ω–Ω—ã—Ö
                            ) –∏ –Ω–µ –∂–¥—ë—Ç –¥–∞–Ω–Ω—ã–µ –Ω–∏–∫–∞–∫–∏–µ
                      00240         ; 1(00) - –∞–∫—Ç–∏–≤–∏—Ä—É–µ—Ç —Å—á–∏—Ç—ã–≤–∞–Ω–∏–µ –∞–¥—Ä–µ—Å–∞ (–ø–æ–ª—å–∑–æ–≤–∞—Ç–µ–ª—å –Ω–∞–
                            ∂–∏–º–∞–µ—Ç –Ω–∞ –∫–Ω–æ–ø–∫—É INC –¥–ª—è –∏–∑–º–µ–Ω–µ–Ω–∏—è –∞–¥—Ä–µ—Å–∞ –æ—Ç–ø—Ä–∞–≤–∏—Ç–µ–ª—è)
0046   1820           00241         btfsc UART_CON, BUSY_F
0047   2???           00242                         GOTO SB0_ifBusy; –ï—Å–ª–∏ –ø–æ –∫–∞–∫–æ–π-—Ç–æ –ø—Ä–∏—á–∏–Ω–µ UART –∑–∞–Ω—è—Ç - 
                            –∏–ª–∏ –æ–±—Ä–∞–±–æ—Ç–∫–∞ –≤—Ö–æ–¥—è—â–µ–≥–æ –ø–æ—Ç–æ–∫–∞, –ª–∏–±–æ —É–∂–µ –æ–±—Ä–∞–±–æ—Ç–∫–∞ –æ
0048   2???           00243                         GOTO SB0_OK; 
Warning[207]: Found label after column 1. (SB0_ifBusy)
0049                  00244                 SB0_ifBusy
0049   1283           00245                         banksel STATUS
004A   082E           00246                 movf ButtonModes, w
004B   1903           00247                 btfsc STATUS, Z
004C   0008           00248                         return 
004D   1CA0           00249                         btfss UART_CON, TR_F
004E   2???           00250                                 GOTO Fix_addr ; –ï—Å–ª–∏ Z = 1
004F   2???           00251                                 GOTO Send_to_TX
                      00252                         ; –í–•–û–î–Ø–©–ï–ï –°–û–û–ë–©–ï–ù–ò–ï –û–ë–†–´–í–ê–ï–¢ –í–í–û–î –î–ê–ù–ù–´–•    
Warning[207]: Found label after column 1. (SB0_OK)
0050                  00253         SB0_OK
0050   1283           00254                 banksel STATUS
0051   082E           00255                 movf ButtonModes, w
0052   1D03           00256                 btfss STATUS, Z
0053   2???           00257                         GOTO Fix_addr ; –ï—Å–ª–∏ Z = 0
                      00258 
0054   142E           00259                         bsf ButtonModes, SB0_M0  ;  –ï—Å–ª–∏ Z = 0
0055   1620           00260                         bsf UART_CON, DATA_INC_F ; –†–∞–∑—Ä–µ—à–∞–µ–º —á—Ç–µ–Ω–∏–µ –¥–∞–Ω–Ω—ã—Ö —Å SB_IN
                            C
0056   30FF           00261                         movlw 0FFh
0057   00AF           00262                         movwf SEV_SEGM_reg
0058   1420           00263                         bsf UART_CON, BUSY_F
MPASM 5.76                          MAIN.ASM   12-3-2021  4:55:30         PAGE  7


LOC  OBJECT CODE     LINE SOURCE TEXT
  VALUE

0059   1683           00264                         banksel TRISIO
Message[302]: Register in operand not in bank 0.  Ensure that bank bits are correct.
005A   1285           00265                         bcf TRISIO, RX
Message[302]: Register in operand not in bank 0.  Ensure that bank bits are correct.
005B   1485           00266                         bsf TRISIO, TX
005C   1683           00267                         banksel IOCB
Message[302]: Register in operand not in bank 0.  Ensure that bank bits are correct.
005D   1496           00268                         bsf IOCB, TX
Message[302]: Register in operand not in bank 0.  Ensure that bank bits are correct.
005E   1296           00269                         bcf IOCB, RX                    
                      00270                         ;CALL SB1_INC_HNDL
005F   0008           00271                         return ; TODO
                      00272 
Warning[207]: Found label after column 1. (Fix_addr)
0060                  00273         Fix_addr ; 2 (01) - —Ñ–∏–∫—Å–∏—Ä—É–µ—Ç—Å—è –¥–∞–Ω–Ω—ã–π –∞–¥—Ä–µ—Å. –ü–µ—Ä–µ—Ö–æ–¥–∏—Ç –∫ —Å—á–∏
                            —Ç—ã–≤–∞–Ω–∏—é –¥–∞–Ω–Ω—ã—Ö –æ—Ç–ø—Ä–∞–≤–ª—è–µ–º—ã—Ö
0060   18AE           00274                 btfsc ButtonModes, SB0_M1
0061   2???           00275                         GOTO Fix_data_TX
                      00276                                 
0062   082F           00277                         movf SEV_SEGM_reg, w
0063   00AC           00278                         movwf ADDR_reg
0064   30FF           00279                         movlw 0FFh
0065   00AF           00280                         movwf SEV_SEGM_reg
0066   102E           00281                         bcf ButtonModes, SB0_M0  ;  –ï—Å–ª–∏ Z = 0
0067   14AE           00282                         bsf ButtonModes, SB0_M1  ;  –ï—Å–ª–∏ Z = 0
0068   2???           00283                         CALL SB1_INC_HNDL
0069   0008           00284                         return
                      00285 
Warning[207]: Found label after column 1. (Fix_data_TX)
006A                  00286         Fix_data_TX  ; 3 (10) - —Ñ–∏–∫—Å–∏—Ä—É—é—Ç—Å—è –æ—Ç–ø—Ä–∞–≤–ª—è–µ–º—ã–µ –¥–∞–Ω–Ω—ã–µ –ò –æ—Ç–ø—Ä
                            –∞–≤–∫–∞ –¥–∞–Ω–Ω—ã—Ö –∏ –∞–¥—Ä–µ—Å–∞
006A   1CAE           00287                 btfss ButtonModes, SB0_M1
006B   0008           00288                         return                                  ; WTF (TODO)
006C   182E           00289                         btfsc ButtonModes, SB0_M0
006D   2???           00290                                 GOTO Send_to_TX         ; –º–± –Ω–µ —Ç–∞–∫ –Ω–∞–¥–æ?? (TODO)
006E   082F           00291                         movf SEV_SEGM_reg, w
006F   00AD           00292                         movwf DATA_reg
0070   142E           00293                         bsf ButtonModes, SB0_M0
0071   14A0           00294                         bsf UART_CON, TR_F
0072   1683           00295                         banksel IOCB
Message[302]: Register in operand not in bank 0.  Ensure that bank bits are correct.
0073   1096           00296                         bcf IOCB, TX
Message[302]: Register in operand not in bank 0.  Ensure that bank bits are correct.
0074   1296           00297                         bcf IOCB, RX
0075   0008           00298                         return
                      00299         
Warning[207]: Found label after column 1. (Send_to_TX)
0076                  00300         Send_to_TX
                      00301                         ;bcf UART_CON, TX
0076   1683           00302                         banksel IOCB
Message[302]: Register in operand not in bank 0.  Ensure that bank bits are correct.
0077   1096           00303                         bcf IOCB, TX
Message[302]: Register in operand not in bank 0.  Ensure that bank bits are correct.
MPASM 5.76                          MAIN.ASM   12-3-2021  4:55:30         PAGE  8


LOC  OBJECT CODE     LINE SOURCE TEXT
  VALUE

0078   1296           00304                         bcf IOCB, RX
Message[302]: Register in operand not in bank 0.  Ensure that bank bits are correct.
0079   1016           00305                         bcf IOCB, GPIO0 
007A   1283           00306                         banksel INTCON
007B   118B           00307                         bcf INTCON, GPIE
                      00308                         ;bcf LastPressedBtns, SB_SEND_Ch        ; –ß—Ç–æ–±—ã –Ω–µ –±—ã–ª–æ –ª–∏—à–Ω–∏—Ö 
                            –≤—ã–∑–æ–≤–æ–≤
                      00309 
007C   1283           00310                         banksel GPIO
007D   1485           00311                         bsf GPIO, TX
007E   1683           00312                         banksel TRISIO
Message[302]: Register in operand not in bank 0.  Ensure that bank bits are correct.
007F   1685           00313                         bsf TRISIO, RX
Message[302]: Register in operand not in bank 0.  Ensure that bank bits are correct.
0080   1085           00314                         bcf TRISIO, TX
                      00315                                         
                      00316                         
0081   2???           00317                         CALL TRSF_HNDL
                      00318                         
0082   01A0           00319                         clrf UART_CON 
0083   17A0           00320                         bsf UART_CON, BanReceiveZ9Bit_F                                 ; TODO (–ü–†–ê–í
                            –ò–õ–¨–ù–û –õ–ò???)
0084   01AE           00321                         clrf ButtonModes
0085   1683           00322                         banksel TRISIO
0086   3029           00323                         movlw TRISIO_INT
Message[302]: Register in operand not in bank 0.  Ensure that bank bits are correct.
0087   0085           00324                         movwf TRISIO
0088   1683           00325                         banksel IOCB
Message[302]: Register in operand not in bank 0.  Ensure that bank bits are correct.
0089   1096           00326                         bcf IOCB, TX
Message[302]: Register in operand not in bank 0.  Ensure that bank bits are correct.
008A   1696           00327                         bsf IOCB, RX
Message[302]: Register in operand not in bank 0.  Ensure that bank bits are correct.
008B   1416           00328                         bsf IOCB, GPIO0
008C   1283           00329                         banksel INTCON
008D   158B           00330                         bsf INTCON, GPIE
                      00331                         ;clrf SEV_SEGM_reg
                      00332 
                      00333 
008E   0008           00334                         return
                      00335         
008F                  00336 Select_Display_Info
008F   1283           00337         banksel STATUS
Warning[207]: Found label after column 1. (If_0_on7segm)
0090                  00338         If_0_on7segm
0090   3000           00339                 movlw 00h
0091   062F           00340                 xorwf SEV_SEGM_reg, w
0092   1D03           00341                 btfss STATUS, Z
0093   2???           00342                         GOTO If_1_on7segm; –ù–µ —Å–æ–≤–ø–∞–ª–æ —Å "0"
0094   30FC           00343                         movlw b'11111100'
0095   00A7           00344                         movwf Lcd_data
0096   0008           00345                         return
                      00346 
MPASM 5.76                          MAIN.ASM   12-3-2021  4:55:30         PAGE  9


LOC  OBJECT CODE     LINE SOURCE TEXT
  VALUE

Warning[207]: Found label after column 1. (If_1_on7segm)
0097                  00347         If_1_on7segm
0097   3001           00348                 movlw 01h
0098   062F           00349                 xorwf SEV_SEGM_reg, w
0099   1D03           00350                 btfss STATUS, Z
009A   2???           00351                         GOTO If_2_on7segm; –ù–µ —Å–æ–≤–ø–∞–ª–æ —Å "1"
009B   3060           00352                         movlw b'01100000'
009C   00A7           00353                         movwf Lcd_data
009D   0008           00354                         return
                      00355 
Warning[207]: Found label after column 1. (If_2_on7segm)
009E                  00356         If_2_on7segm
009E   3002           00357                 movlw 02h
009F   062F           00358                 xorwf SEV_SEGM_reg, w
00A0   1D03           00359                 btfss STATUS, Z
00A1   2???           00360                         GOTO If_3_on7segm; –ù–µ —Å–æ–≤–ø–∞–ª–æ —Å "2"
00A2   30DA           00361                         movlw b'11011010'
00A3   00A7           00362                         movwf Lcd_data
00A4   0008           00363                         return
                      00364 
Warning[207]: Found label after column 1. (If_3_on7segm)
00A5                  00365         If_3_on7segm
00A5   3003           00366                 movlw 03h
00A6   062F           00367                 xorwf SEV_SEGM_reg, w
00A7   1D03           00368                 btfss STATUS, Z
00A8   2???           00369                         GOTO If_4_on7segm; –ù–µ —Å–æ–≤–ø–∞–ª–æ —Å "3"
00A9   30F2           00370                         movlw b'11110010'
00AA   00A7           00371                         movwf Lcd_data
00AB   0008           00372                         return
                      00373 
Warning[207]: Found label after column 1. (If_4_on7segm)
00AC                  00374         If_4_on7segm
00AC   3004           00375                 movlw 04h
00AD   062F           00376                 xorwf SEV_SEGM_reg, w
00AE   1D03           00377                 btfss STATUS, Z
00AF   2???           00378                         GOTO If_5_on7segm; –ù–µ —Å–æ–≤–ø–∞–ª–æ —Å "4"
00B0   3066           00379                         movlw b'01100110'
00B1   00A7           00380                         movwf Lcd_data
00B2   0008           00381                         return
                      00382 
Warning[207]: Found label after column 1. (If_5_on7segm)
00B3                  00383         If_5_on7segm
00B3   3005           00384                 movlw 05h
00B4   062F           00385                 xorwf SEV_SEGM_reg, w
00B5   1D03           00386                 btfss STATUS, Z
00B6   2???           00387                         GOTO If_6_on7segm; –ù–µ —Å–æ–≤–ø–∞–ª–æ —Å "5"
00B7   30B6           00388                         movlw b'10110110'
00B8   00A7           00389                         movwf Lcd_data
00B9   0008           00390                         return
                      00391 
Warning[207]: Found label after column 1. (If_6_on7segm)
00BA                  00392         If_6_on7segm
00BA   3006           00393                 movlw 06h
MPASM 5.76                          MAIN.ASM   12-3-2021  4:55:30         PAGE 10


LOC  OBJECT CODE     LINE SOURCE TEXT
  VALUE

00BB   062F           00394                 xorwf SEV_SEGM_reg, w
00BC   1D03           00395                 btfss STATUS, Z
00BD   2???           00396                         GOTO If_7_on7segm; –ù–µ —Å–æ–≤–ø–∞–ª–æ —Å "6"
00BE   30BE           00397                         movlw b'10111110'
00BF   00A7           00398                         movwf Lcd_data
00C0   0008           00399                         return
                      00400 
Warning[207]: Found label after column 1. (If_7_on7segm)
00C1                  00401         If_7_on7segm
00C1   3007           00402                 movlw 07h
00C2   062F           00403                 xorwf SEV_SEGM_reg, w
00C3   1D03           00404                 btfss STATUS, Z
00C4   2???           00405                         GOTO If_8_on7segm; –ù–µ —Å–æ–≤–ø–∞–ª–æ —Å "7"
00C5   30E0           00406                         movlw b'11100000'
00C6   00A7           00407                         movwf Lcd_data
00C7   0008           00408                         return
                      00409                         
Warning[207]: Found label after column 1. (If_8_on7segm)
00C8                  00410         If_8_on7segm
00C8   3008           00411                 movlw 08h
00C9   062F           00412                 xorwf SEV_SEGM_reg, w
00CA   1D03           00413                 btfss STATUS, Z
00CB   2???           00414                         GOTO If_9_on7segm; –ù–µ —Å–æ–≤–ø–∞–ª–æ —Å "8"
00CC   30FE           00415                         movlw b'11111110'
00CD   00A7           00416                         movwf Lcd_data
00CE   0008           00417                         return
                      00418 
Warning[207]: Found label after column 1. (If_9_on7segm)
00CF                  00419         If_9_on7segm
00CF   3009           00420                 movlw 09h
00D0   062F           00421                 xorwf SEV_SEGM_reg, w
00D1   1D03           00422                 btfss STATUS, Z
00D2   2???           00423                         GOTO If_ERR; –ù–µ —Å–æ–≤–ø–∞–ª–æ —Å "9"
00D3   30F6           00424                         movlw b'11110110'
00D4   00A7           00425                         movwf Lcd_data
00D5   0008           00426                         return
                      00427         
Warning[207]: Found label after column 1. (If_ERR)
00D6                  00428         If_ERR
00D6   3002           00429                 movlw b'00000010'
00D7   00A7           00430                 movwf Lcd_data
00D8   30FF           00431                 movlw 0FFh
00D9   00AF           00432                 movwf SEV_SEGM_reg
00DA   0008           00433                 return
                      00434 
                      00435 
                      00436 
00DB                  00437 Disp_Info_7seg
00DB   1283           00438         banksel GPIO
00DC   3009           00439         movlw .9
00DD   00A8           00440         movwf Loop_ident
Warning[207]: Found label after column 1. (Loop_Disp_bits)
00DE                  00441         Loop_Disp_bits
MPASM 5.76                          MAIN.ASM   12-3-2021  4:55:30         PAGE 11


LOC  OBJECT CODE     LINE SOURCE TEXT
  VALUE

Message[305]: Using default destination of 1 (file).
00DE   0BA8           00442                 decfsz Loop_ident
00DF   2???           00443                         GOTO Fill_LCD_bit
00E0   2???           00444                         GOTO Shift_reg
Warning[207]: Found label after column 1. (Fill_LCD_bit)
00E1                  00445                         Fill_LCD_bit
00E1   1C27           00446                                 btfss Lcd_data, 00h
00E2   2???           00447                                         GOTO Conf_0bit
00E3   1685           00448                                                 bsf GPIO, GPIO5
00E4   2???           00449                                                 GOTO Transfer_bit_to_7seg
                      00450                                         
Warning[207]: Found label after column 1. (Conf_0bit)
00E5                  00451                                         Conf_0bit
00E5   1285           00452                                                 bcf GPIO, GPIO5
                      00453 
Warning[207]: Found label after column 1. (Transfer_bit_to_7seg)
00E6                  00454                                         Transfer_bit_to_7seg
00E6   1205           00455                                                 bcf GPIO, GPIO4
00E7   1605           00456                                                 bsf GPIO, GPIO4
00E8   1205           00457                                                 bcf GPIO, GPIO4
00E9   0CA7           00458                                                 rrf Lcd_data, f
00EA   2???           00459                                                 GOTO Loop_Disp_bits
                      00460                         
Warning[207]: Found label after column 1. (Shift_reg)
00EB                  00461                         Shift_reg
00EB   1505           00462                                 bsf GPIO, GPIO2
00EC   1105           00463                                 bcf GPIO, GPIO2
00ED   0008           00464                                 return
                      00465 
00EE                  00466 SB1_INC_HNDL
00EE   1C20           00467         btfss UART_CON, BUSY_F
00EF   0008           00468                 return ; –ï—Å–ª–∏ –Ω–µ –∑–∞–Ω—è—Ç - –Ω–∞—Ö –Ω–∞–¥–æ —á—Ç–æ-—Ç–æ –∏–Ω–∫—Ä–µ–º–µ–Ω—Ç–∏—Ä–æ
                            –≤–∞—Ç—å? –î–µ–ª–∞—Ç—å –Ω–µ—Ö—Ä–µ–Ω??
Message[305]: Using default destination of 1 (file).
00F0   0AAF           00469                 incf SEV_SEGM_reg
Warning[207]: Found label after column 1. (InfoDispayAlg)
00F1                  00470         InfoDispayAlg   
00F1   2???           00471                 CALL Select_Display_Info
00F2   2???           00472                 CALL Disp_Info_7seg
                      00473                 ; TODO –ù–ê–î–û –º–µ–Ω—è—Ç—å –∫–∞–∫–∏–µ-—Ç–æ –§–õ–ê–ì–ò 100%
00F3   0008           00474                 return 
                      00475 
                      00476 
                      00477 
                      00478 
                      00479 
                      00480 
                      00481 
                      00482 
                      00483 
                      00484 
                      00485         
00F4                  00486 GPIO_INT
MPASM 5.76                          MAIN.ASM   12-3-2021  4:55:30         PAGE 12


LOC  OBJECT CODE     LINE SOURCE TEXT
  VALUE

                      00487         ;btfss UART_CON, BUSY_F
                      00488         ;       retfie   ; TODO –ú–± –≠–¢–û –ù–ï–ü–†–ê–í–ò–õ–¨–ù–û
                      00489 ;        –ï—Å–ª–∏ UART —Ä–∞–±–æ—Ç–∞–µ—Ç, —Ç–æ –ø—Ä–æ–≤–µ—Ä–∏–º –¥–∞–ª—å—à–µ —á—Ç–æ –±—ã–ª–æ –Ω–∞–∂–∞—Ç–æ
                             (–ø–æ —Ä–µ–∂–∏–º—É UART)
00F4   2???           00490         CALL FindPortDiff
00F5   1920           00491         btfsc UART_CON, RD_F; –ï—Å–ª–∏ —É—Å—Ç–∞–Ω–æ–≤–∏–ª—Å—è —Ñ–ª–∞–≥ RD_F –ø–æ –ø—Ä–µ—Ä—ã–≤–∞–Ω–∏—é, —
                            Ç–æ –∑–Ω–∞—á–∏—Ç –ø—Ä–∏—à—ë–ª start-–±–∏—Ç –ü–û–°–´–õ–ö–ò - –∏ –Ω–∞ –≤—Å—ë –æ—Å—Ç–∞–ª—å–Ω–æ–µ –ø
00F6   2???           00492                 CALL GET_MSG
00F7   18AB           00493         btfsc LastPressedBtns, SB_INC_Ch
00F8   2???           00494                 CALL SB1_INC_HNDL; –ï—Å–ª–∏ –∫–Ω–æ–ø–∫–∞ INC –Ω–∞–∂–∞—Ç–∞
00F9   182B           00495         btfsc LastPressedBtns, SB_SEND_Ch 
00FA   2???           00496                 CALL SB0_SEND_HNDL; –ï—Å–ª–∏ –∫–Ω–æ–ø–∫–∞ SEND –Ω–∞–∂–∞—Ç–∞
00FB   01AB           00497         clrf LastPressedBtns
00FC   1283           00498         banksel GPIO
00FD   0805           00499         movf GPIO, w
00FE   00A5           00500         movwf LastPortState
00FF   1283           00501         banksel INTCON
0100   100B           00502         bcf INTCON, GPIF
0101   0009           00503         retfie  ; TODO –ü—Ä–æ–≤–µ—Ä–∏—Ç—å –¥–æ—Å—Ç–∞—Ç–æ—á–Ω–æ –ª–∏ —ç—Ç–æ–≥–æ!
                      00504         
                      00505         
0102                  00506 T0_INT  ; –°–∫–æ—Ä–æ—Å—Ç—å –≤ 9600 –±–∏—Ç/—Å
0102   1C20           00507         btfss UART_CON, BUSY_F ; –ü—Ä–æ–≤–µ—Ä–∫–∞, —á—Ç–æ UART —Ä–∞–±–æ—Ç–∞–µ—Ç —Å–µ–π—á–∞—Å (–∞ –Ω–µ –ø
                            —Ä–æ—Å—Ç–∞–∏–≤–∞–µ—Ç)
0103   0009           00508                 retfie  ; CHECK IT (–¢–ê–ö –ö–ê–ö –ú–û–ì–£–¢ –ë–´–¢–¨ –î–†–£–ì–ò–ï –ü–†–ò–ß–ò–ù–´ –†–ê–ë
                            –û–¢–´ –¢–ê–ô–ú–ï–†–ê 0!!!!!!!!!!!!!!!!!!)
                      00509                 
                      00510         ;–ï—Å–ª–∏ T0_mode  == 1, —Ç–æ —ç—Ç–æ —Ü–µ–ª—ã–π –±–∏—Ç
                      00511         ;–ï—Å–ª–∏ T0_mode  == 0, —Ç–æ —ç—Ç–æ –ø–æ–ª –±–∏—Ç–∞
0104   1D21           00512         btfss UART_t0, Simple_TMR
0105   2???           00513                 GOTO Baud_Control
0106   1121           00514                 bcf UART_t0, Simple_TMR
0107   128B           00515                 bcf INTCON, T0IE
0108   110B           00516                 bcf INTCON, T0IF
0109   0008           00517                 return
                      00518                 
Warning[207]: Found label after column 1. (Baud_Control)
010A                  00519         Baud_Control
010A   1283           00520                 banksel INTCON
010B   19A0           00521                 btfsc UART_CON, T0_MODE
010C   2???           00522                         GOTO T0_UPD_Baud
010D   2???           00523                         GOTO T0_UPD_HalfBaud
                      00524                 
Warning[207]: Found label after column 1. (T0_UPD_Baud)
010E                  00525                 T0_UPD_Baud
010E   10A1           00526                         bcf UART_t0, WAIT_FullBaud
                      00527                         
010F   128B           00528                         bcf INTCON, T0IE
0110   110B           00529                         bcf INTCON, T0IF
0111   0008           00530                         return
Warning[207]: Found label after column 1. (T0_UPD_HalfBaud)
0112                  00531                 T0_UPD_HalfBaud
0112   1021           00532                         bcf UART_t0, WAIT_HalfBaud
MPASM 5.76                          MAIN.ASM   12-3-2021  4:55:30         PAGE 13


LOC  OBJECT CODE     LINE SOURCE TEXT
  VALUE

0113   128B           00533                         bcf INTCON, T0IE
0114   110B           00534                         bcf INTCON, T0IF
0115   0008           00535                         return
                      00536                         
                      00537                 
                      00538                 
0116                  00539 T1_INT  
0116   1F20           00540         btfss UART_CON, SEG7_Display_F
0117   2???           00541                 GOTO SmthNotOKWithTMR1 ; –ï—Å–ª–∏ —Ñ–ª–∞–≥ –ø–æ—á–µ–º—É-—Ç–æ –Ω–µ —Å—Ç–æ–∏—Ç (TODO)
                      00542         
0118   1283           00543                 banksel STATUS
Warning[207]: Found label after column 1. (If_Disp_A)
0119                  00544                 If_Disp_A
0119   3000           00545                         movlw .0
011A   0630           00546                         xorwf GotMsgDispMode, w
011B   1D03           00547                         btfss STATUS, Z
011C   2???           00548                                 GOTO If_Disp_dash
011D   30EE           00549                                 movlw b'11101110'
011E   00A7           00550                                 movwf Lcd_data
011F   2???           00551                                 CALL Disp_Info_7seg
0120   2???           00552                                 GOTO UpdateTMR1
                      00553 
Warning[207]: Found label after column 1. (If_Disp_dash)
0121                  00554                 If_Disp_dash
0121   3001           00555                         movlw .1
0122   0630           00556                         xorwf GotMsgDispMode, w
0123   1D03           00557                         btfss STATUS, Z
0124   2???           00558                                 GOTO If_Disp_GotAddr
Warning[207]: Found label after column 1. (Disp_dash)
0125                  00559                         Disp_dash
0125   3002           00560                                 movlw b'00000010'
0126   00A7           00561                                 movwf Lcd_data
0127   2???           00562                                 CALL Disp_Info_7seg
0128   2???           00563                                 GOTO UpdateTMR1
                      00564                 
Warning[207]: Found label after column 1. (If_Disp_GotAddr)
0129                  00565                 If_Disp_GotAddr
0129   3002           00566                         movlw .2
012A   0630           00567                         xorwf GotMsgDispMode, w
012B   1D03           00568                         btfss STATUS, Z
012C   2???           00569                                 GOTO If_Disp_D
012D   082C           00570                                 movf ADDR_reg, w
012E   00AF           00571                                 movwf SEV_SEGM_reg
012F   2???           00572                                 CALL InfoDispayAlg
0130   2???           00573                                 GOTO UpdateTMR1
                      00574 
Warning[207]: Found label after column 1. (If_Disp_D)
0131                  00575                 If_Disp_D
0131   3003           00576                         movlw .3
0132   0630           00577                         xorwf GotMsgDispMode, w
0133   1D03           00578                         btfss STATUS, Z
0134   2???           00579                                 GOTO If_DispSecondDash
0135   3002           00580                                 movlw b'00000010'
MPASM 5.76                          MAIN.ASM   12-3-2021  4:55:30         PAGE 14


LOC  OBJECT CODE     LINE SOURCE TEXT
  VALUE

0136   00A7           00581                                 movwf Lcd_data
0137   2???           00582                                 CALL Disp_Info_7seg
0138   2???           00583                                 GOTO UpdateTMR1
                      00584                 
Warning[207]: Found label after column 1. (If_DispSecondDash)
0139                  00585                 If_DispSecondDash
0139   3004           00586                         movlw .4
013A   0630           00587                         xorwf GotMsgDispMode, w
013B   1D03           00588                         btfss STATUS, Z
013C   2???           00589                                 GOTO If_Disp_GotData
013D   2???           00590                                 GOTO Disp_dash
                      00591 
Warning[207]: Found label after column 1. (If_Disp_GotData)
013E                  00592                 If_Disp_GotData
013E   3005           00593                         movlw .5
013F   0630           00594                         xorwf GotMsgDispMode, w
0140   1D03           00595                         btfss STATUS, Z
0141   2???           00596                                 GOTO SmthNotOKWithTMR1
                      00597                                 
0142   082D           00598                                 movf DATA_reg, w
0143   00AF           00599                                 movwf SEV_SEGM_reg
0144   2???           00600                                 CALL InfoDispayAlg
0145   01B0           00601                                 clrf GotMsgDispMode
0146   2???           00602                                 GOTO UpdateTMR1
                      00603 
Warning[207]: Found label after column 1. (UpdateTMR1)
0147                  00604         UpdateTMR1
0147   1283           00605                 banksel TMR1L
0148   018E           00606                 clrf TMR1L
0149   018F           00607                 clrf TMR1H
014A   1283           00608                 banksel PIR1
Warning[207]: Found label after column 1. (SmthNotOKWithTMR1)
014B                  00609         SmthNotOKWithTMR1
014B   100C           00610                 bcf PIR1, TMR1IF
014C   0009           00611                 retfie
                      00612 
014D                  00613 TRSF_HNDL
                      00614         ; –í—ã–∑—ã–≤–∞–µ—Ç—Å—è, –µ—Å–ª–∏ —Ä–µ–∂–∏–º –æ—Ç–ø—Ä–∞–≤–∫–∏ —Å–æ–æ–±—â–µ–Ω–∏–π, UART —Å–≤–æ–±–æ
                            –¥–µ–Ω –∏ –±—ã–ª–∞ –Ω–∞–∂–∞—Ç–∞ –∫–Ω–æ–ø–∫–∞ SB0_SEND, –¥–ª—è –∏–Ω–∏—Ü–∏–∞–ª–∏–∑–∞—Ü–∏–∏ –æ—Ç–ø—
                      00615         ; –°–Ω–∞—á–∞–ª–∞ –≤—ã–±–∏—Ä–∞–µ—Ç—Å—è –∞–¥—Ä–µ—Å –æ—Ç–ø—Ä–∞–≤–∏—Ç–µ–ª—è. –î–ª—è —ç—Ç–æ–≥–æ –≤—ã–
                            ∑—ã–≤–∞–µ—Ç—Å—è —Ñ—É–Ω–∫—Ü–∏—è –ø–æ—Å—Ç–æ—è–Ω–Ω–æ–≥–æ –æ–±–Ω–æ–≤–ª–µ–Ω–∏—è 
                      00616         ;banksel TRISIO
                      00617         ;bcf TRISIO, TX
                      00618         
                      00619         
014D   082C           00620         movf ADDR_reg, w
014E   00A9           00621         movwf SERBUF
014F   16A0           00622         bsf UART_CON, BIT9
0150   2???           00623         CALL SEND_MSG   ; –î–∞–ª–µ–µ –æ—Ç–ø—Ä–∞–≤–ª—è–µ—Ç—Å—è –¥–∞–Ω–Ω—ã–π –±–∏—Ç –≤ TX
                      00624         ; –î–∞–ª–µ–µ —Å–Ω–æ–≤–∞ —Ä–µ–∂–∏–º –≤—ã–±–æ—Ä–∞ –¥–∞–Ω–Ω—ã—Ö –æ—Ç–ø—Ä–∞–≤–ª—è–µ–º—ã—Ö
                      00625         ; –ü–æ –Ω–∞–∂–∞—Ç–∏—é SB_SEND —Ñ–∏–∫—Å–∏—Ä—É—é—Ç—Å—è –¥–∞–Ω–Ω—ã–µ 
                      00626         
0151   0181           00627         CLRF TMR0
MPASM 5.76                          MAIN.ASM   12-3-2021  4:55:30         PAGE 15


LOC  OBJECT CODE     LINE SOURCE TEXT
  VALUE

0152   2???           00628         CALL StartSimpleT0
                      00629         ; WAIT –º–± –Ω—É–∂–µ–Ω!!!!!!!  TODO
                      00630 
0153   082D           00631         movf DATA_reg, w
0154   00A9           00632         movwf SERBUF
0155   12A0           00633         bcf UART_CON, BIT9
0156   2???           00634         CALL SEND_MSG
0157   0008           00635         return
                      00636         ; –û—Ç–ø—Ä–∞–≤–∫–∞ –¥–∞–Ω–Ω—ã—Ö –≤ TX
                      00637         ; –°–±—Ä–æ—Å —Ä–µ–∂–∏–º–æ–≤ —Ä–∞–±–æ—Ç—ã –≤ –∏–∑–Ω–∞—á–∞–ª—å–Ω–æ–µ —Å–æ—Å—Ç–æ—è–Ω–∏–µ. –ñ–¥—ë–º 
                            –∏–ª–∏ –Ω–∞–∂–∞—Ç–∏—è –∫–Ω–æ–ø–∫–∏ SB_SEND, –∏–ª–∏ –ø—Ä–∏—Ö–æ–¥–∞ –ø–∞–∫–µ—Ç–∞.
                      00638         
0158                  00639 StartSimpleT0
0158   1283           00640         banksel INTCON
0159   168B           00641         bsf INTCON, T0IE
015A   1283           00642         banksel INTCON
015B   100B           00643         bcf INTCON, GPIF
015C   110B           00644         bcf INTCON, T0IF
015D   130B           00645         bcf INTCON, PEIE 
015E   178B           00646         bsf INTCON, GIE         ; –†–∞–∑—Ä–µ—à–∞–µ–º –ø—Ä–µ—Ä—ã–≤–∞–Ω–∏—è (–¢–∞–π–º–µ—Ä)
015F   1521           00647         bsf UART_t0, Simple_TMR
Warning[207]: Found label after column 1. (WAIT_SimpleTMR)
0160                  00648         WAIT_SimpleTMR
0160   1921           00649                 btfsc UART_t0, Simple_TMR
0161   2???           00650                         GOTO WAIT_SimpleTMR
0162   138B           00651                         bcf INTCON, GIE         ; –†–∞–∑—Ä–µ—à–∞–µ–º –ø—Ä–µ—Ä—ã–≤–∞–Ω–∏—è (–¢–∞–π–º–µ—Ä)
0163   170B           00652                         bsf INTCON, PEIE 
0164   0008           00653                         return
                      00654         
0165                  00655 HalfBaud
0165   30E4           00656         movlw .228
0166   1283           00657         banksel TMR0
0167   0081           00658         movwf TMR0
0168   1283           00659         banksel INTCON
0169   168B           00660         bsf INTCON, T0IE
016A   11A0           00661         bcf UART_CON, T0_MODE
016B   1421           00662         bsf UART_t0, WAIT_HalfBaud
016C   1283           00663         banksel INTCON
016D   100B           00664         bcf INTCON, GPIF
016E   110B           00665         bcf INTCON, T0IF
016F   130B           00666         bcf INTCON, PEIE 
0170   178B           00667         bsf INTCON, GIE         ; –†–∞–∑—Ä–µ—à–∞–µ–º –ø—Ä–µ—Ä—ã–≤–∞–Ω–∏—è (–¢–∞–π–º–µ—Ä)
Warning[207]: Found label after column 1. (WAIT_forHalfBaud)
0171                  00668         WAIT_forHalfBaud
0171   1821           00669                 btfsc UART_t0, WAIT_HalfBaud
0172   2???           00670                         GOTO WAIT_forHalfBaud
0173   138B           00671                         bcf INTCON, GIE         ; –†–∞–∑—Ä–µ—à–∞–µ–º –ø—Ä–µ—Ä—ã–≤–∞–Ω–∏—è (–¢–∞–π–º–µ—Ä)
0174   170B           00672                         bsf INTCON, PEIE 
0175   0008           00673                         return
                      00674 
0176                  00675 OneBaud
0176   30C9           00676         movlw .201
0177   1283           00677         banksel TMR0
MPASM 5.76                          MAIN.ASM   12-3-2021  4:55:30         PAGE 16


LOC  OBJECT CODE     LINE SOURCE TEXT
  VALUE

0178   0081           00678         movwf TMR0
0179   1283           00679         banksel INTCON
017A   168B           00680         bsf INTCON, T0IE
017B   15A0           00681         bsf UART_CON, T0_MODE
017C   14A1           00682         bsf UART_t0, WAIT_FullBaud
017D   1283           00683         banksel INTCON
017E   100B           00684         bcf INTCON, GPIF
017F   110B           00685         bcf INTCON, T0IF
0180   130B           00686         bcf INTCON, PEIE 
0181   178B           00687         bsf INTCON, GIE         ; –†–∞–∑—Ä–µ—à–∞–µ–º –ø—Ä–µ—Ä—ã–≤–∞–Ω–∏—è (–¢–∞–π–º–µ—Ä)
Warning[207]: Found label after column 1. (WAIT_forFullBaud)
0182                  00688         WAIT_forFullBaud
0182   18A1           00689                 btfsc UART_t0, WAIT_FullBaud
0183   2???           00690                         GOTO WAIT_forFullBaud
0184   138B           00691                         bcf INTCON, GIE         ; –†–∞–∑—Ä–µ—à–∞–µ–º –ø—Ä–µ—Ä—ã–≤–∞–Ω–∏—è (–¢–∞–π–º–µ—Ä)
0185   170B           00692                         bsf INTCON, PEIE 
0186   0008           00693                         return
                      00694         
0187                  00695 Start_Displaying_GotMessage
                      00696         ; –ï—Å–ª–∏ –ø–æ–ª—É—á–∏–ª–∏ —Å–æ–æ–±—â–µ–Ω–∏–µ (—Å–Ω–∞—á–∞–ª–∞ –∞–¥—Ä–µ—Å), –ø–æ—Ç–æ–º –¥–∞–Ω–Ω—
                            ã–µ
                      00697         ; –ó–∞–ø—É—Å–∫–∞–µ—Ç—Å—è —Ç–∞–π–º–µ—Ä T1. –ö–∞–∂–¥—É—é –ø—Ä–∏–º–µ—Ä–Ω–æ —Å–µ–∫—É–Ω–¥—É –±—É–¥–µ—
                            Ç –æ—Ç–æ–±—Ä–∞–∂–∞—Ç—å—Å—è —Ç–æ –ê–¥—Ä–µ—Å, –æ—Ç –∫–æ–≥–æ, —Ç–æ –¥–∞–Ω–Ω—ã–µ
                      00698         ; –ê - # d - #
0187   1283           00699         banksel STATUS
0188   0830           00700         movf GotMsgDispMode, w
0189   1D03           00701         btfss STATUS, Z
018A   2???           00702                 GOTO OtherModes; –ï—Å–ª–∏ –ù–ï —Ä–µ–∂–∏–º 0
                      00703         
                      00704         ; –ï—Å–ª–∏ —Ä–µ–∂–∏–º 0
018B   1283           00705         banksel TMR1L
018C   018E           00706         clrf TMR1L
018D   018F           00707         clrf TMR1H
                      00708         
018E   1683           00709         banksel PIE1
Message[302]: Register in operand not in bank 0.  Ensure that bank bits are correct.
018F   140C           00710         bsf PIE1, TMR1IE
                      00711 
0190   1283           00712         banksel GPIO
0191   1285           00713         bcf GPIO, GPIO5 ; –î–µ–ª–∞–µ–º –ü–æ—Ä—Ç 5 "–í—ã–≤–æ–¥–æ–º"
0192   1720           00714         bsf UART_CON, SEG7_Display_F
                      00715 
0193   1283           00716         banksel T1CON
0194   1690           00717         bsf T1CON, T1CKPS1
0195   1610           00718         bsf T1CON, T1CKPS0
                      00719         
0196   1410           00720         bsf T1CON, TMR1ON               ; –°—Ç–∞—Ä—Ç —Ç–∞–π–º–µ—Ä–∞
0197   0008           00721         return
                      00722 
Warning[207]: Found label after column 1. (OtherModes)
0198                  00723         OtherModes
                      00724                 ; WHAT THE FUCK? –Ø —Å—é–¥–∞ –Ω–µ –¥–æ–ª–∂–µ–Ω –±—ã–ª –ø–æ–ø–∞–¥–∞—Ç—å!!
0198   0008           00725                 return ; TODO –≠—Ç–æ —á—Ç–æ-—Ç–æ —è–≤–Ω–æ –Ω–µ–ø—Ä–∞–≤–∏–ª—å–Ω–æ–µ!
MPASM 5.76                          MAIN.ASM   12-3-2021  4:55:30         PAGE 17


LOC  OBJECT CODE     LINE SOURCE TEXT
  VALUE

                      00726 
0199                  00727 GET_MSG
0199   3008           00728         movlw .8
019A   00AA           00729         movwf TEMP
019B   01A9           00730         clrf SERBUF
019C   2???           00731         CALL HalfBaud
019D   1283           00732         banksel GPIO
Warning[207]: Found label after column 1. (Recieve_data)
019E                  00733         Recieve_data
019E   2???           00734                 CALL OneBaud
019F   1003           00735                 bcf STATUS, C
01A0   0CA9           00736                 rrf SERBUF , f
01A1   1E85           00737                 btfss GPIO, RX
01A2   17A9           00738                 bsf SERBUF, 7
01A3   0BAA           00739                 decfsz TEMP, f
01A4   2???           00740                 GOTO Recieve_data               
01A5   2???           00741         CALL OneBaud
                      00742         ; –ß–∏—Ç–∞–µ–º 9 –±–∏—Ç
01A6   1A85           00743         btfsc GPIO, RX
01A7   2???           00744                 GOTO GetAddress; –ï—Å–ª–∏ –ø—Ä–∏—à—ë–ª 9 –±–∏—Ç == 1 (–∞–¥—Ä–µ—Å)
                      00745                 ; –ï—Å–ª–∏ –ø—Ä–∏—à—ë–ª 9 –±–∏—Ç == 0 (–¥–∞–Ω–Ω—ã–µ) - —Ç–æ –•–ó. –ù–∞–¥–æ –ø—Ä–æ–≤–µ—Ä–
                            ∏—Ç—å! 
                      00746                 ; (9bit == 0)
01A8   1BA0           00747                 btfsc UART_CON, BanReceiveZ9Bit_F
01A9   0008           00748                         return ; –ü–†–û–ü–£–°–ö –î–ê–ù–ù–û–ô –ü–û–°–´–õ–ö–ò! (–æ–∂–∏–¥–∞–ª–∏ –∞–¥—Ä–µ—Å 
                            - –ø–æ–ª—É—á–∏–ª–∏ –¥–∞–Ω–Ω—ã–µ)
                      00749                         
                      00750                         ; –ï–°–õ–ò –ü–û–õ–£–ß–ò–õ–ò –î–ê–ù–ù–´–ï - –ò –≠–¢–û –û–ö
01AA   0829           00751                         movf SERBUF, w
01AB   00AD           00752                         movwf DATA_reg
01AC   2???           00753                         CALL Start_Displaying_GotMessage
01AD   0008           00754                         return
                      00755 
Warning[207]: Found label after column 1. (GetAddress)
01AE                  00756         GetAddress ; (9bit == 1)
01AE   1FA0           00757                 btfss UART_CON, BanReceiveZ9Bit_F
01AF   0008           00758                         return ; –ü–†–û–ü–£–°–ö –î–ê–ù–ù–û–ô –ü–û–°–´–õ–ö–ò! (–æ–∂–∏–¥–∞–ª–∏ –¥–∞–Ω–Ω—ã–
                            µ - –ø–æ–ª—É—á–∏–ª–∏ –∞–¥—Ä–µ—Å)
                      00759         
                      00760                         ; –ê–¥—Ä–µ—Å
01B0   0829           00761                         movf SERBUF, w                  ; –ù–µ –∑–Ω–∞—é –∑–∞—á–µ–º
01B1   00AC           00762                         movwf ADDR_reg
01B2   13A0           00763                         bcf UART_CON, BanReceiveZ9Bit_F
01B3   0008           00764                         return
                      00765                                 
                      00766 
                      00767 
01B4                  00768 SEND_MSG
                      00769         ; TODO –ó–∞–≥—Ä—É–∑–∫–∞ –æ—Ç–ø—Ä–∞–≤–ª—è–µ–º–æ–π –∫–æ–Ω—Å—Ç–∞–Ω—Ç—ã  –ò –∑–∞–≥—Ä—É–∑–∫–∞ 9 –±–∏—
                            Ç–æ–≥–æ
01B4   1283           00770         banksel GPIO
01B5   3008           00771         movlw .8
01B6   00A8           00772         movwf Loop_ident
MPASM 5.76                          MAIN.ASM   12-3-2021  4:55:30         PAGE 18


LOC  OBJECT CODE     LINE SOURCE TEXT
  VALUE

01B7   1085           00773         bcf GPIO, TX
01B8   2???           00774         CALL OneBaud
Warning[207]: Found label after column 1. (Send_data)
01B9                  00775         Send_data
01B9   0CA9           00776                 rrf SERBUF, f
01BA   1283           00777                 banksel STATUS
01BB   1C03           00778                 btfss STATUS, C
01BC   2???           00779                 GOTO Transfer_0
01BD   2???           00780                 GOTO Transfer_1
Warning[207]: Found label after column 1. (Transfer_0)
01BE                  00781                 Transfer_0
01BE   1283           00782                         banksel GPIO
01BF   1085           00783                         bcf GPIO, TX
01C0   2???           00784                         GOTO BIT_ready
Warning[207]: Found label after column 1. (Transfer_1)
01C1                  00785                 Transfer_1
01C1   1283           00786                         banksel GPIO
01C2   1485           00787                         bsf GPIO, TX
Warning[207]: Found label after column 1. (BIT_ready)
01C3                  00788                 BIT_ready
01C3   2???           00789                         CALL OneBaud
01C4   0BA8           00790                         decfsz Loop_ident, f
01C5   2???           00791                         GOTO Send_data
                      00792                         
01C6   1AA0           00793                         btfsc UART_CON, BIT9
01C7   2???           00794                                 GOTO Send_9one
01C8   2???           00795                                 GOTO Send_9zero
Warning[207]: Found label after column 1. (Send_9one)
01C9                  00796                         Send_9one
01C9   1485           00797                                 bsf GPIO, TX
01CA   2???           00798                                 GOTO Send_Stop
Warning[207]: Found label after column 1. (Send_9zero)
01CB                  00799                         Send_9zero
01CB   1085           00800                                 bcf GPIO, TX
Warning[207]: Found label after column 1. (Send_Stop)
01CC                  00801                         Send_Stop
01CC   2???           00802                                 CALL OneBaud
01CD   0CA9           00803                                 rrf  SERBUF, f          ; TODO –ó–ê–ß–ï–ú?????
01CE   1485           00804                                 bsf GPIO, TX            ; –°–¢–û–ü-–ë–ò–¢
01CF   3400           00805                                 retlw 0
                      00806                 
                      00807         
                      00808         
                      00809 
                      00810 
Warning[205]: Found directive in column 1. (END)
3FF4                  00811 END
MPASM 5.76                          MAIN.ASM   12-3-2021  4:55:30         PAGE 19


SYMBOL TABLE
  LABEL                             VALUE 

ADCON0                            0000001F
ADCS0                             00000004
ADCS1                             00000005
ADCS2                             00000006
ADDR_reg                          0000002C
ADFM                              00000007
ADIE                              00000006
ADIF                              00000006
ADON                              00000000
ADRESH                            0000001E
ADRESL                            0000009E
ANS0                              00000000
ANS1                              00000001
ANS2                              00000002
ANS3                              00000003
ANSEL                             0000009F
Accum                             00000026
BIT9                              00000005
BIT_ready                         000001C3
BUSY_F                            00000000
BanReceiveZ9Bit_F                 00000007
Baud_Control                      0000010A
ButtonModes                       0000002E
C                                 00000000
CAL0                              00000002
CAL1                              00000003
CAL2                              00000004
CAL3                              00000005
CAL4                              00000006
CAL5                              00000007
CHS0                              00000002
CHS1                              00000003
CINV                              00000004
CIS                               00000003
CM0                               00000000
CM1                               00000001
CM2                               00000002
CMCON                             00000019
CMIE                              00000003
CMIF                              00000003
COUT                              00000006
Check_SB_INC                      00000040
Conf_0bit                         000000E5
DATA_INC_F                        00000004
DATA_reg                          0000002D
DC                                00000001
Disp_Info_7seg                    000000DB
Disp_dash                         00000125
EEADR                             0000009B
EECON1                            0000009C
EECON2                            0000009D
EEDAT                             0000009A
EEDATA                            0000009A
MPASM 5.76                          MAIN.ASM   12-3-2021  4:55:30         PAGE 20


SYMBOL TABLE
  LABEL                             VALUE 

EEIE                              00000007
EEIF                              00000007
F                                 00000001
FSR                               00000004
Fill_LCD_bit                      000000E1
FindPortDiff                      00000030
Fix_addr                          00000060
Fix_data_TX                       0000006A
GET_MSG                           00000199
GIE                               00000007
GO                                00000001
GO_DONE                           00000001
GO_NOT_DONE                       00000001
GP0                               00000000
GP1                               00000001
GP2                               00000002
GP3                               00000003
GP4                               00000004
GP5                               00000005
GPIE                              00000003
GPIF                              00000000
GPIO                              00000005
GPIO0                             00000000
GPIO1                             00000001
GPIO2                             00000002
GPIO3                             00000003
GPIO4                             00000004
GPIO5                             00000005
GPIO_DATA                         00000002
GPIO_INT                          000000F4
GetAddress                        000001AE
GotMsgDispMode                    00000030
HalfBaud                          00000165
IINT_HNDL                         00000028
INDF                              00000000
INTCON                            0000000B
INTE                              00000004
INTEDG                            00000006
INTERRUPT_INIT                    000000C8
INTF                              00000001
IOC                               00000096
IOC0                              00000000
IOC1                              00000001
IOC2                              00000002
IOC3                              00000003
IOC4                              00000004
IOC5                              00000005
IOCB                              00000096
IOCB0                             00000000
IOCB1                             00000001
IOCB2                             00000002
IOCB3                             00000003
IOCB4                             00000004
MPASM 5.76                          MAIN.ASM   12-3-2021  4:55:30         PAGE 21


SYMBOL TABLE
  LABEL                             VALUE 

IOCB5                             00000005
IOC_INIT                          00000021
IRP                               00000007
If_0_on7segm                      00000090
If_1_on7segm                      00000097
If_2_on7segm                      0000009E
If_3_on7segm                      000000A5
If_4_on7segm                      000000AC
If_5_on7segm                      000000B3
If_6_on7segm                      000000BA
If_7_on7segm                      000000C1
If_8_on7segm                      000000C8
If_9_on7segm                      000000CF
If_DispSecondDash                 00000139
If_Disp_A                         00000119
If_Disp_D                         00000131
If_Disp_GotAddr                   00000129
If_Disp_GotData                   0000013E
If_Disp_dash                      00000121
If_ERR                            000000D6
InfoDispayAlg                     000000F1
Init                              00000000
LastPortState                     00000025
LastPressedBtns                   0000002B
Lcd_data                          00000027
Loop_Disp_bits                    000000DE
Loop_ident                        00000028
MainLoop                          00000027
NOT_BOD                           00000000
NOT_BOR                           00000000
NOT_DONE                          00000001
NOT_GPPU                          00000007
NOT_PD                            00000003
NOT_POR                           00000001
NOT_T1SYNC                        00000002
NOT_TO                            00000004
OPTION_REG                        00000081
OSCCAL                            00000090
OneBaud                           00000176
OtherModes                        00000198
PCL                               00000002
PCLATH                            0000000A
PCON                              0000008E
PEIE                              00000006
PIE1                              0000008C
PIE1_INIT                         00000000
PIR1                              0000000C
PS0                               00000000
PS1                               00000001
PS2                               00000002
PSA                               00000003
Port_GP0                          00000030
Port_GP1                          00000039
MPASM 5.76                          MAIN.ASM   12-3-2021  4:55:30         PAGE 22


SYMBOL TABLE
  LABEL                             VALUE 

Port_GP5                          00000045
RD                                00000000
RD_F                              00000002
RP0                               00000005
RP1                               00000006
RX                                00000005
Recieve_data                      0000019E
SB0_M0                            00000000
SB0_M1                            00000001
SB0_OK                            00000050
SB0_SEND_HNDL                     00000046
SB0_ifBusy                        00000049
SB1_INC_HNDL                      000000EE
SB_INC_Ch                         00000001
SB_SEND_Ch                        00000000
SEG7_Display_F                    00000006
SEND_MSG                          000001B4
SERBUF                            00000029
SEV_SEGM_reg                      0000002F
START                             00000026
STATUS                            00000003
Select_Display_Info               0000008F
Send_9one                         000001C9
Send_9zero                        000001CB
Send_Stop                         000001CC
Send_data                         000001B9
Send_to_TX                        00000076
Shift_reg                         000000EB
Simple_TMR                        00000002
SmthNotOKWithTMR1                 0000014B
StartSimpleT0                     00000158
Start_Displaying_GotMessage       00000187
T02SecScaler                      00000024
T0CS                              00000005
T0IE                              00000005
T0IF                              00000002
T0SE                              00000004
T0_INT                            00000102
T0_MODE                           00000003
T0_UPD_Baud                       0000010E
T0_UPD_HalfBaud                   00000112
T1CKPS0                           00000004
T1CKPS1                           00000005
T1CON                             00000010
T1CON_INIT                        00000000
T1H_REG                           00000022
T1IE                              00000000
T1IF                              00000000
T1L_REG                           00000023
T1OSCEN                           00000003
T1_INT                            00000116
TEMP                              0000002A
TMR0                              00000001
MPASM 5.76                          MAIN.ASM   12-3-2021  4:55:30         PAGE 23


SYMBOL TABLE
  LABEL                             VALUE 

TMR0IE                            00000005
TMR0IF                            00000002
TMR0_INIT                         00000000
TMR1                              0000000E
TMR1CS                            00000001
TMR1GE                            00000006
TMR1H                             0000000F
TMR1H_INIT                        00000000
TMR1IE                            00000000
TMR1IF                            00000000
TMR1L                             0000000E
TMR1L_INIT                        00000000
TMR1ON                            00000000
TRISIO                            00000085
TRISIO0                           00000000
TRISIO1                           00000001
TRISIO2                           00000002
TRISIO3                           00000003
TRISIO4                           00000004
TRISIO5                           00000005
TRISIO_INT                        00000029
TRSF_HNDL                         0000014D
TR_F                              00000001
TX                                00000001
Transfer_0                        000001BE
Transfer_1                        000001C1
Transfer_bit_to_7seg              000000E6
UART_CON                          00000020
UART_t0                           00000021
UpdateTMR1                        00000147
VCFG                              00000006
VR0                               00000000
VR1                               00000001
VR2                               00000002
VR3                               00000003
VRCON                             00000099
VREN                              00000007
VRR                               00000005
W                                 00000000
WAIT_FullBaud                     00000001
WAIT_HalfBaud                     00000000
WAIT_SimpleTMR                    00000160
WAIT_forFullBaud                  00000182
WAIT_forHalfBaud                  00000171
WPU                               00000095
WPU0                              00000000
WPU1                              00000001
WPU2                              00000002
WPU4                              00000004
WPU5                              00000005
WPU_INIT                          00000036
WR                                00000001
WREN                              00000002
MPASM 5.76                          MAIN.ASM   12-3-2021  4:55:30         PAGE 24


SYMBOL TABLE
  LABEL                             VALUE 

WRERR                             00000003
Z                                 00000002
_BODEN_OFF                        00003FBF
_BODEN_ON                         00003FFF
_BOREN_OFF                        00003FBF
_BOREN_ON                         00003FFF
_CONFIG                           00002007
_CPD_OFF                          00003FFF
_CPD_ON                           00003EFF
_CP_OFF                           00003FFF
_CP_ON                            00003F7F
_DEVID1                           00002006
_EC_OSC                           00003FFB
_EXTRC_OSC_CLKOUT                 00003FFF
_EXTRC_OSC_NOCLKOUT               00003FFE
_FOSC_EC                          00003FFB
_FOSC_EXTRCCLK                    00003FFF
_FOSC_EXTRCIO                     00003FFE
_FOSC_HS                          00003FFA
_FOSC_INTRCCLK                    00003FFD
_FOSC_INTRCIO                     00003FFC
_FOSC_LP                          00003FF8
_FOSC_XT                          00003FF9
_HS_OSC                           00003FFA
_IDLOC0                           00002000
_IDLOC1                           00002001
_IDLOC2                           00002002
_IDLOC3                           00002003
_INTRC_OSC_CLKOUT                 00003FFD
_INTRC_OSC_NOCLKOUT               00003FFC
_LP_OSC                           00003FF8
_MCLRE_OFF                        00003FDF
_MCLRE_ON                         00003FFF
_PWRTE_OFF                        00003FFF
_PWRTE_ON                         00003FEF
_WDTE_OFF                         00003FF7
_WDTE_ON                          00003FFF
_WDT_OFF                          00003FF7
_WDT_ON                           00003FFF
_XT_OSC                           00003FF9
__12F675                          00000001
btn_INC                           00000001
btn_RST                           00000003
btn_SEND                          00000000

Errors   :     0
Warnings :    67 reported,     0 suppressed
Messages :    26 reported,     0 suppressed

