Warning[205] ..\MAIN.ASM 14 : Found directive in column 1. (__CONFIG)
Warning[207] ..\MAIN.ASM 35 : Found label after column 1. (BUSY_F)
Warning[207] ..\MAIN.ASM 36 : Found label after column 1. (TR_F)
Warning[207] ..\MAIN.ASM 37 : Found label after column 1. (RD_F)
Warning[207] ..\MAIN.ASM 38 : Found label after column 1. (T0_MODE)
Warning[207] ..\MAIN.ASM 39 : Found label after column 1. (DATA_INC_F)
Warning[207] ..\MAIN.ASM 40 : Found label after column 1. (BIT9)
Warning[207] ..\MAIN.ASM 41 : Found label after column 1. (SEG7_Display_F)
Warning[207] ..\MAIN.ASM 42 : Found label after column 1. (BanReceiveZ9Bit_F)
Warning[207] ..\MAIN.ASM 46 : Found label after column 1. (WAIT_HalfBaud)
Warning[207] ..\MAIN.ASM 47 : Found label after column 1. (WAIT_FullBaud)
Warning[207] ..\MAIN.ASM 48 : Found label after column 1. (Simple_TMR)
Warning[207] ..\MAIN.ASM 49 : Found label after column 1. (T1_Busy_on_display)
Warning[207] ..\MAIN.ASM 97 : Found label after column 1. (SB0_M0)
Warning[207] ..\MAIN.ASM 98 : Found label after column 1. (SB0_M1)
Message[302] ..\MAIN.ASM 127 : Register in operand not in bank 0.  Ensure that bank bits are correct.
Message[302] ..\MAIN.ASM 140 : Register in operand not in bank 0.  Ensure that bank bits are correct.
Message[302] ..\MAIN.ASM 144 : Register in operand not in bank 0.  Ensure that bank bits are correct.
Message[302] ..\MAIN.ASM 152 : Register in operand not in bank 0.  Ensure that bank bits are correct.
Message[302] ..\MAIN.ASM 160 : Register in operand not in bank 0.  Ensure that bank bits are correct.
Message[302] ..\MAIN.ASM 174 : Register in operand not in bank 0.  Ensure that bank bits are correct.
Warning[207] ..\MAIN.ASM 214 : Found label after column 1. (MainLoop)
Warning[207] ..\MAIN.ASM 225 : Found label after column 1. (Check_INT_T0)
Warning[207] ..\MAIN.ASM 231 : Found label after column 1. (Check_INT_T1)
Message[302] ..\MAIN.ASM 233 : Register in operand not in bank 0.  Ensure that bank bits are correct.
Warning[207] ..\MAIN.ASM 242 : Found label after column 1. (Port_GP0)
Message[302] ..\MAIN.ASM 244 : Register in operand not in bank 0.  Ensure that bank bits are correct.
Warning[207] ..\MAIN.ASM 252 : Found label after column 1. (Port_GP1)
Message[302] ..\MAIN.ASM 254 : Register in operand not in bank 0.  Ensure that bank bits are correct.
Warning[207] ..\MAIN.ASM 260 : Found label after column 1. (Check_SB_INC)
Warning[207] ..\MAIN.ASM 266 : Found label after column 1. (Port_GP5)
Message[302] ..\MAIN.ASM 268 : Register in operand not in bank 0.  Ensure that bank bits are correct.
Warning[207] ..\MAIN.ASM 300 : Found label after column 1. (SB0_ifBusy)
Warning[207] ..\MAIN.ASM 308 : Found label after column 1. (NormalHandle)
Warning[207] ..\MAIN.ASM 319 : Found label after column 1. (EnableDisplayingMassage)
Message[302] ..\MAIN.ASM 321 : Register in operand not in bank 0.  Ensure that bank bits are correct.
Message[302] ..\MAIN.ASM 323 : Register in operand not in bank 0.  Ensure that bank bits are correct.
Warning[207] ..\MAIN.ASM 330 : Found label after column 1. (StopDisplayingMassage)
Message[302] ..\MAIN.ASM 334 : Register in operand not in bank 0.  Ensure that bank bits are correct.
Message[302] ..\MAIN.ASM 342 : Register in operand not in bank 0.  Ensure that bank bits are correct.
Message[302] ..\MAIN.ASM 343 : Register in operand not in bank 0.  Ensure that bank bits are correct.
Message[302] ..\MAIN.ASM 346 : Register in operand not in bank 0.  Ensure that bank bits are correct.
Warning[207] ..\MAIN.ASM 351 : Found label after column 1. (SB0_OK)
Message[302] ..\MAIN.ASM 364 : Register in operand not in bank 0.  Ensure that bank bits are correct.
Message[302] ..\MAIN.ASM 365 : Register in operand not in bank 0.  Ensure that bank bits are correct.
Message[302] ..\MAIN.ASM 367 : Register in operand not in bank 0.  Ensure that bank bits are correct.
Message[302] ..\MAIN.ASM 368 : Register in operand not in bank 0.  Ensure that bank bits are correct.
Warning[207] ..\MAIN.ASM 376 : Found label after column 1. (Fix_addr)
Warning[207] ..\MAIN.ASM 389 : Found label after column 1. (Fix_data_TX)
Warning[207] ..\MAIN.ASM 403 : Found label after column 1. (Send_to_TX)
Message[302] ..\MAIN.ASM 417 : Register in operand not in bank 0.  Ensure that bank bits are correct.
Message[302] ..\MAIN.ASM 418 : Register in operand not in bank 0.  Ensure that bank bits are correct.
Message[302] ..\MAIN.ASM 420 : Register in operand not in bank 0.  Ensure that bank bits are correct.
Message[302] ..\MAIN.ASM 428 : Register in operand not in bank 0.  Ensure that bank bits are correct.
Message[302] ..\MAIN.ASM 431 : Register in operand not in bank 0.  Ensure that bank bits are correct.
Message[302] ..\MAIN.ASM 433 : Register in operand not in bank 0.  Ensure that bank bits are correct.
Message[302] ..\MAIN.ASM 434 : Register in operand not in bank 0.  Ensure that bank bits are correct.
Message[302] ..\MAIN.ASM 435 : Register in operand not in bank 0.  Ensure that bank bits are correct.
Warning[207] ..\MAIN.ASM 444 : Found label after column 1. (If_0_on7segm)
Warning[207] ..\MAIN.ASM 453 : Found label after column 1. (If_1_on7segm)
Warning[207] ..\MAIN.ASM 462 : Found label after column 1. (If_2_on7segm)
Warning[207] ..\MAIN.ASM 471 : Found label after column 1. (If_3_on7segm)
Warning[207] ..\MAIN.ASM 480 : Found label after column 1. (If_4_on7segm)
Warning[207] ..\MAIN.ASM 489 : Found label after column 1. (If_5_on7segm)
Warning[207] ..\MAIN.ASM 498 : Found label after column 1. (If_6_on7segm)
Warning[207] ..\MAIN.ASM 507 : Found label after column 1. (If_7_on7segm)
Warning[207] ..\MAIN.ASM 516 : Found label after column 1. (If_8_on7segm)
Warning[207] ..\MAIN.ASM 525 : Found label after column 1. (If_9_on7segm)
Warning[207] ..\MAIN.ASM 534 : Found label after column 1. (If_ERR)
Warning[207] ..\MAIN.ASM 547 : Found label after column 1. (Loop_Disp_bits)
Message[305] ..\MAIN.ASM 548 : Using default destination of 1 (file).
Warning[207] ..\MAIN.ASM 551 : Found label after column 1. (Fill_LCD_bit)
Warning[207] ..\MAIN.ASM 557 : Found label after column 1. (Conf_0bit)
Warning[207] ..\MAIN.ASM 560 : Found label after column 1. (Transfer_bit_to_7seg)
Warning[207] ..\MAIN.ASM 569 : Found label after column 1. (Shift_reg)
Message[305] ..\MAIN.ASM 577 : Using default destination of 1 (file).
Warning[207] ..\MAIN.ASM 578 : Found label after column 1. (InfoDispayAlg)
Warning[207] ..\MAIN.ASM 627 : Found label after column 1. (Baud_Control)
Warning[207] ..\MAIN.ASM 633 : Found label after column 1. (T0_UPD_Baud)
Warning[207] ..\MAIN.ASM 639 : Found label after column 1. (T0_UPD_HalfBaud)
Warning[207] ..\MAIN.ASM 652 : Found label after column 1. (If_Disp_A)
Warning[207] ..\MAIN.ASM 663 : Found label after column 1. (If_Disp_dash)
Warning[207] ..\MAIN.ASM 668 : Found label after column 1. (Disp_dash)
Warning[207] ..\MAIN.ASM 675 : Found label after column 1. (If_Disp_GotAddr)
Warning[207] ..\MAIN.ASM 686 : Found label after column 1. (If_Disp_D)
Warning[207] ..\MAIN.ASM 697 : Found label after column 1. (If_DispSecondDash)
Warning[207] ..\MAIN.ASM 704 : Found label after column 1. (If_Disp_GotData)
Message[302] ..\MAIN.ASM 717 : Register in operand not in bank 0.  Ensure that bank bits are correct.
Message[302] ..\MAIN.ASM 718 : Register in operand not in bank 0.  Ensure that bank bits are correct.
Warning[207] ..\MAIN.ASM 723 : Found label after column 1. (SmthNotOKWithTMR1)
Warning[207] ..\MAIN.ASM 725 : Found label after column 1. (UpdateTMR1)
Warning[207] ..\MAIN.ASM 773 : Found label after column 1. (WAIT_SimpleTMR)
Warning[207] ..\MAIN.ASM 816 : Found label after column 1. (WAIT_forFullBaud)
Message[302] ..\MAIN.ASM 841 : Register in operand not in bank 0.  Ensure that bank bits are correct.
Message[302] ..\MAIN.ASM 844 : Register in operand not in bank 0.  Ensure that bank bits are correct.
Message[302] ..\MAIN.ASM 845 : Register in operand not in bank 0.  Ensure that bank bits are correct.
Message[302] ..\MAIN.ASM 846 : Register in operand not in bank 0.  Ensure that bank bits are correct.
Message[302] ..\MAIN.ASM 848 : Register in operand not in bank 0.  Ensure that bank bits are correct.
Message[302] ..\MAIN.ASM 849 : Register in operand not in bank 0.  Ensure that bank bits are correct.
Warning[207] ..\MAIN.ASM 863 : Found label after column 1. (OtherModes)
Warning[207] ..\MAIN.ASM 893 : Found label after column 1. (Wide)
Warning[207] ..\MAIN.ASM 909 : Found label after column 1. (Recieve_data)
Warning[207] ..\MAIN.ASM 936 : Found label after column 1. (GetAddress)
Message[305] ..\MAIN.ASM 954 : Using default destination of 1 (file).
Message[305] ..\MAIN.ASM 955 : Using default destination of 1 (file).
Message[305] ..\MAIN.ASM 956 : Using default destination of 1 (file).
Message[305] ..\MAIN.ASM 957 : Using default destination of 1 (file).
Message[302] ..\MAIN.ASM 962 : Register in operand not in bank 0.  Ensure that bank bits are correct.
Message[302] ..\MAIN.ASM 963 : Register in operand not in bank 0.  Ensure that bank bits are correct.
Warning[207] ..\MAIN.ASM 969 : Found label after column 1. (NotForMe)
Message[302] ..\MAIN.ASM 972 : Register in operand not in bank 0.  Ensure that bank bits are correct.
Message[302] ..\MAIN.ASM 973 : Register in operand not in bank 0.  Ensure that bank bits are correct.
Warning[211] ..\MAIN.ASM 977 : Extraneous arguments on the line.
Warning[207] ..\MAIN.ASM 979 : Found label after column 1. (NotOKAll)
Message[302] ..\MAIN.ASM 982 : Register in operand not in bank 0.  Ensure that bank bits are correct.
Warning[207] ..\MAIN.ASM 996 : Found label after column 1. (Send_data)
Warning[207] ..\MAIN.ASM 1004 : Found label after column 1. (Transfer_0)
Warning[207] ..\MAIN.ASM 1008 : Found label after column 1. (Transfer_1)
Warning[207] ..\MAIN.ASM 1011 : Found label after column 1. (BIT_ready)
Warning[207] ..\MAIN.ASM 1018 : Found label after column 1. (Send_9one)
Warning[207] ..\MAIN.ASM 1021 : Found label after column 1. (Send_9zero)
Warning[207] ..\MAIN.ASM 1023 : Found label after column 1. (Send_Stop)
Warning[205] ..\MAIN.ASM 1035 : Found directive in column 1. (END)
