Warning[205] ..\MAIN.ASM 14 : Found directive in column 1. (__CONFIG)
Message[302] ..\MAIN.ASM 88 : Register in operand not in bank 0.  Ensure that bank bits are correct.
Message[302] ..\MAIN.ASM 96 : Register in operand not in bank 0.  Ensure that bank bits are correct.
Message[302] ..\MAIN.ASM 100 : Register in operand not in bank 0.  Ensure that bank bits are correct.
Message[302] ..\MAIN.ASM 109 : Register in operand not in bank 0.  Ensure that bank bits are correct.
Message[302] ..\MAIN.ASM 117 : Register in operand not in bank 0.  Ensure that bank bits are correct.
Message[302] ..\MAIN.ASM 131 : Register in operand not in bank 0.  Ensure that bank bits are correct.
Warning[207] ..\MAIN.ASM 161 : Found label after column 1. (CompareSB2_1)
Warning[219] ..\MAIN.ASM 164 : Invalid RAM location specified.
Message[302] ..\MAIN.ASM 164 : Register in operand not in bank 0.  Ensure that bank bits are correct.
Warning[207] ..\MAIN.ASM 167 : Found label after column 1. (CompareSB3)
Warning[207] ..\MAIN.ASM 172 : Found label after column 1. (CompareSB3_1)
Warning[219] ..\MAIN.ASM 175 : Invalid RAM location specified.
Message[302] ..\MAIN.ASM 175 : Register in operand not in bank 0.  Ensure that bank bits are correct.
Warning[207] ..\MAIN.ASM 177 : Found label after column 1. (Nothing)
Warning[207] ..\MAIN.ASM 199 : Found label after column 1. (IfUp)
Warning[207] ..\MAIN.ASM 200 : Found label after column 1. (SB2_check)
Warning[207] ..\MAIN.ASM 220 : Found label after column 1. (ONLY_SB2)
Message[302] ..\MAIN.ASM 232 : Register in operand not in bank 0.  Ensure that bank bits are correct.
Warning[207] ..\MAIN.ASM 238 : Found label after column 1. (ONLY_set_bitSB2)
Warning[207] ..\MAIN.ASM 246 : Found label after column 1. (SB3_check)
Warning[207] ..\MAIN.ASM 254 : Found label after column 1. (SB3_Pressed)
Warning[207] ..\MAIN.ASM 271 : Found label after column 1. (ONLY_SB3)
Message[302] ..\MAIN.ASM 283 : Register in operand not in bank 0.  Ensure that bank bits are correct.
Warning[207] ..\MAIN.ASM 289 : Found label after column 1. (ONLY_set_bitSB3)
Message[302] ..\MAIN.ASM 312 : Register in operand not in bank 0.  Ensure that bank bits are correct.
Message[302] ..\MAIN.ASM 327 : Register in operand not in bank 0.  Ensure that bank bits are correct.
Warning[207] ..\MAIN.ASM 350 : Found label after column 1. (Pressed_ONLY_btn2)
Warning[207] ..\MAIN.ASM 355 : Found label after column 1. (Check_btn3)
Warning[207] ..\MAIN.ASM 363 : Found label after column 1. (Check_on2sec)
Warning[207] ..\MAIN.ASM 368 : Found label after column 1. (ScalerISZero)
Warning[207] ..\MAIN.ASM 376 : Found label after column 1. (ScalerNotZero)
Warning[207] ..\MAIN.ASM 391 : Found label after column 1. (SET1_inSound)
Warning[207] ..\MAIN.ASM 394 : Found label after column 1. (T1_refull)
Warning[207] ..\MAIN.ASM 406 : Found label after column 1. (Loop_bits)
Message[305] ..\MAIN.ASM 407 : Using default destination of 1 (file).
Warning[207] ..\MAIN.ASM 410 : Found label after column 1. (Fill_LCD_bit)
Warning[207] ..\MAIN.ASM 417 : Found label after column 1. (Set_0)
Warning[207] ..\MAIN.ASM 423 : Found label after column 1. (Shift_REG)
Message[302] ..\MAIN.ASM 443 : Register in operand not in bank 0.  Ensure that bank bits are correct.
Message[302] ..\MAIN.ASM 471 : Register in operand not in bank 0.  Ensure that bank bits are correct.
Warning[207] ..\MAIN.ASM 485 : Found label after column 1. (Start_loop)
