MPASM 5.76                          MAIN.ASM   11-25-2021  16:44:42         PAGE  1


LOC  OBJECT CODE     LINE SOURCE TEXT
  VALUE

                      00001 ;====================================================================
                      00002 ; Main.asm file generated by New Project wizard
                      00003 ;
                      00004 ; Created:   –í—Å –Ω–æ—è 14 2021
                      00005 ; Processor: PIC12F675
                      00006 ; Compiler:  MPASM (Proteus)
                      00007 ;====================================================================
                      00008 
                      00009 ;====================================================================
                      00010 ; DEFINITIONS
                      00011 ;====================================================================
                      00012 
                      00013 #include p12f675.inc                ; Include register definition file
                      00001         LIST
                      00002 
                      00003 ;==========================================================================
                      00004 ; Build date : Sep 19 2017
                      00005 ;  MPASM PIC12F675 processor include
                      00006 ; 
                      00007 ;  (c) Copyright 1999-2017 Microchip Technology, All rights reserved
                      00008 ;==========================================================================
                      00009 
                      00367         LIST
Warning[205]: Found directive in column 1. (__CONFIG)
2007   3FD4           00014 __CONFIG b'11111111010100'
                      00015 
                      00016 ;====================================================================
                      00017 ; CONSTANTS
                      00018 ;====================================================================
                      00019 
  00000028            00020 GPIO_DATA equ b'00101000' 
  000000C8            00021 INTERRUPT_INIT equ b'11001000'
  00000000            00022 PIE1_INIT equ b'00000000'
  00000000            00023 TMR1H_INIT equ 0x0
  00000000            00024 TMR1L_INIT equ 0x0
  00000000            00025 TMR0_INIT equ 0x0
  00000017            00026 WPU_INIT equ b'010111'
  00000028            00027 IOC_INIT equ b'101000'
  00000000            00028 T1CON_INIT equ b'00000000'
                      00029 ;====================================================================
                      00030 ; VARIABLES
                      00031 ;====================================================================
                      00032 
  00000020            00033 sound_flags equ 20h
  00000000            00034 snd1_flag equ 00h
  00000001            00035 snd2_flag equ 01h
  00000002            00036 snd3_flag equ 02h
                      00037 
                      00038 ;LEDS_STATES equ 21h
                      00039 ;LED1 equ 00h
                      00040 ;LED2 equ 01h
                      00041 ;LED3 equ 02h
                      00042 
MPASM 5.76                          MAIN.ASM   11-25-2021  16:44:42         PAGE  2


LOC  OBJECT CODE     LINE SOURCE TEXT
  VALUE

  00000000            00043 sound equ GP0
                      00044 
  00000003            00045 btn1 equ GP3
  00000005            00046 btn2 equ GP5
                      00047 
  00000021            00048 pc_states equ 21h
  00000000            00049 in_work_flag equ 00h
  00000001            00050 btn_wait_flag equ 01h
  00000002            00051 btn2_st equ 02h
  00000003            00052 btn3_st equ 03h
                      00053 
  00000022            00054 T1H_REG equ 22h
  00000023            00055 T1L_REG equ 23h
                      00056 
  00000024            00057 T02SecScaler equ 24h
                      00058 
  00000025            00059 LastPortState equ 25h
                      00060 
  00000026            00061 Accum equ 26h
                      00062 
                      00063 ;====================================================================
                      00064 ; RESET and INTERRUPT VECTORS
                      00065 ;====================================================================
                      00066 
                      00067       ; Reset Vector
                      00068 RST   code  0x0 
0000   2???           00069       goto  START
                      00070 
                      00071 INT code 0x4
0004   2???           00072         goto IINT_HNDL
                      00073         
                      00074         
                      00075 ;====================================================================
                      00076 ; CODE SEGMENT
                      00077 ;====================================================================
                      00078 
                      00079 PGM   code
                      00080 
0000                  00081 Init
                      00082         
0000   1683           00083         banksel ANSEL
Message[302]: Register in operand not in bank 0.  Ensure that bank bits are correct.
0001   019F           00084     clrf ANSEL
                      00085 
0002   1283           00086     banksel CMCON
0003   3007           00087     movlw 0x7
0004   0099           00088     movwf CMCON
                      00089 
0005   1683           00090     banksel OPTION_REG
0006   3048           00091     movlw b'01001000'       ; Options
Message[302]: Register in operand not in bank 0.  Ensure that bank bits are correct.
0007   0081           00092     movwf OPTION_REG
                      00093 
MPASM 5.76                          MAIN.ASM   11-25-2021  16:44:42         PAGE  3


LOC  OBJECT CODE     LINE SOURCE TEXT
  VALUE

0008   1683           00094     banksel TRISIO
0009   3028           00095     movlw b'00101000'   ; GPIO Port options
Message[302]: Register in operand not in bank 0.  Ensure that bank bits are correct.
000A   0085           00096     movwf TRISIO
                      00097 
000B   1283           00098     banksel GPIO
000C   3002           00099     movlw b'10' ; Default GPIO data
000D   00A8           00100     movwf GPIO_DATA
000E   0085           00101     movwf GPIO
                      00102 
000F   1683           00103     banksel WPU
0010   3017           00104     movlw WPU_INIT  ; Pull ups
Message[302]: Register in operand not in bank 0.  Ensure that bank bits are correct.
0011   0095           00105     movwf WPU
                      00106 
0012   1283           00107     banksel INTCON
0013   30C8           00108     movlw INTERRUPT_INIT   ; Interrupts
0014   008B           00109     movwf INTCON
                      00110 
0015   1683           00111     banksel PIE1
0016   3000           00112     movlw PIE1_INIT  ; Enables timer 1 (16-bit) INTERRRUPT (NO)
Message[302]: Register in operand not in bank 0.  Ensure that bank bits are correct.
0017   008C           00113     movwf PIE1
                      00114 
0018   1283           00115     banksel TMR1H
0019   3000           00116     movlw TMR1H_INIT
001A   008F           00117     movwf TMR1H
001B   3000           00118     movlw TMR1L_INIT
001C   008E           00119     movwf TMR1L
                      00120 
001D   1283           00121     banksel T1CON
001E   3000           00122     movlw T1CON_INIT    ; Enables timer 1
001F   0090           00123     movwf T1CON
                      00124 
0020   1683           00125     banksel IOC
0021   3028           00126     movlw IOC_INIT
Message[302]: Register in operand not in bank 0.  Ensure that bank bits are correct.
0022   0096           00127     movwf IOC
                      00128 
0023   2???           00129         CALL SavePortStates
                      00130         
0024   0008           00131     return
                      00132         
                      00133         
0025                  00134 IINT_HNDL
0025   180B           00135         btfsc INTCON,  GPIF
0026   2???           00136         GOTO GPIO_INT
0027   190B           00137         btfsc INTCON, T0IF
0028   2???           00138         GOTO T0_INT
0029   1283           00139         banksel PIR1
002A   180C           00140         btfsc PIR1, TMR1IF
002B   2???           00141         GOTO T1_INT
002C   0008           00142         return
MPASM 5.76                          MAIN.ASM   11-25-2021  16:44:42         PAGE  4


LOC  OBJECT CODE     LINE SOURCE TEXT
  VALUE

                      00143         
                      00144         
                      00145         
002D                  00146 SavePortStates
002D   1283           00147         banksel  GPIO
002E   0805           00148         movf GPIO, w
002F   00A5           00149         movwf LastPortState
0030   0008           00150         return
                      00151         
0031                  00152 CheckOnDownChanges
0031   1283           00153         banksel  GPIO
                      00154         ; –ü—Ä–æ–≤–µ—Ä–∫–∞ SB2
0032   1DA5           00155         btfss LastPortState, GPIO3
0033   2???           00156         GOTO CompareSB3
Warning[207]: Found label after column 1. (CompareSB2_1)
0034                  00157         CompareSB2_1
0034   1985           00158                 btfsc GPIO, GPIO3
0035   2???           00159                         GOTO CompareSB3
Warning[219]: Invalid RAM location specified.
Message[302]: Register in operand not in bank 0.  Ensure that bank bits are correct.
0036   047F           00160                         iorwf 0FFh, w
0037   0008           00161                         return          ; –ü—Ä–æ–∏–∑–æ—à–ª–æ –Ω–∞–∂–∞—Ç–∏–µ SB2
                      00162         
Warning[207]: Found label after column 1. (CompareSB3)
0038                  00163         CompareSB3
0038   1AA5           00164                 btfsc LastPortState, GPIO5
0039   2???           00165                 GOTO CompareSB3_1
003A   0103           00166                 clrw
003B   0008           00167                 return
Warning[207]: Found label after column 1. (CompareSB3_1)
003C                  00168                 CompareSB3_1
003C   1A85           00169                         btfsc GPIO, GPIO5
003D   2???           00170                                 GOTO Nothing
Warning[219]: Invalid RAM location specified.
Message[302]: Register in operand not in bank 0.  Ensure that bank bits are correct.
003E   047F           00171                                 iorwf 0FFh, w
003F   0008           00172                                 return          ; –ü—Ä–æ–∏–∑–æ—à–ª–æ –Ω–∞–∂–∞—Ç–∏–µ SB2
Warning[207]: Found label after column 1. (Nothing)
0040                  00173         Nothing
                      00174                 ; –ü—Ä–æ–∏–∑–æ—à–ª–∏ —Ç–æ–ª—å–∫–æ –æ—Ç–∂–∞—Ç–∏—è
0040   0103           00175                 clrw
0041   0008           00176                 return
                      00177                 
0042                  00178 Reset2SecTimer  
0042   2???           00179         CALL Start2SecTmr
0043   2???           00180         CALL SavePortStates
0044   100B           00181         bcf INTCON, GPIF
0045   0009           00182         retfie
                      00183                 
                      00184         
0046                  00185 GPIO_INT 
0046   2???           00186         CALL CheckOnDownChanges
                      00187         ;movf W, w
MPASM 5.76                          MAIN.ASM   11-25-2021  16:44:42         PAGE  5


LOC  OBJECT CODE     LINE SOURCE TEXT
  VALUE

                      00188         ;banksel STATUS
0047   1D03           00189         btfss STATUS, Z
0048   2???           00190         GOTO IfUp       
0049   2???           00191                 CALL SavePortStates
004A   100B           00192                 bcf INTCON, GPIF                
004B   0009           00193                 retfie
                      00194         ; –¢–æ–ª—å–∫–æ –æ—Ç–∂–∞—Ç–∏—è   
Warning[207]: Found label after column 1. (IfUp)
004C                  00195         IfUp
Warning[207]: Found label after column 1. (SB2_check)
004C                  00196                 SB2_check
004C   1283           00197                         banksel GPIO
004D   1985           00198                         btfsc GPIO, GPIO3
004E   2???           00199                         GOTO SB3_check
                      00200                         ; –û–±—Ä–∞–±–æ—Ç–∫–∞ –Ω–∞–∂–∞—Ç–∏—è –∫–ª–∞–≤–∏—à–∏ SB2  + –ø—Ä–æ–≤–µ—Ä–∫–∞ –Ω–∞–
                            ∂–∞—Ç–∏—è —Å—Ä–∞–∑—É –≤—Ç–æ—Ä–æ–π
004F   1A85           00201                         btfsc GPIO, GPIO5
0050   2???           00202                         GOTO ONLY_SB2
                      00203                         ; –ï—Å–ª–∏ –Ω–∞–∂–∞—Ç—ã –¥–≤–µ –∫–Ω–æ–ø–∫–∏
0051   1920           00204                                 btfsc sound_flags, snd3_flag
0052   2???           00205                                         GOTO Reset2SecTimer; –ï—Å–ª–∏ —Ç–µ–∫—É—â–∏–π —Ä–µ–∂–∏–º –ø–æ–¥–æ
                            —à—ë–ª
                      00206                                         
                      00207                                         ; –ï—Å–ª–∏ –Ω–µ —Ä–µ–∂–∏–º —Ç–µ–∫—É—â–∏–π –∏–ª–∏ –Ω–µ –∑–∞–ø—É—â
                            –µ–Ω –ø—Ä–æ—Å—Ç–æ       
0053   128B           00208                                         bcf INTCON, T0IE
0054   3001           00209                                         movlw 1h
0055   05A1           00210                                         andwf pc_states, f
0056   2???           00211                                         CALL Start_Mode3
0057   100B           00212                                         bcf INTCON, GPIF
0058   2???           00213                                         CALL SavePortStates
0059   0009           00214                                         retfie
                      00215                                 
Warning[207]: Found label after column 1. (ONLY_SB2)
005A                  00216                         ONLY_SB2
                      00217                                 ; –ó–∞–ø—É—Å–∫ —Ç–∞–π–º–µ—Ä–∞ –Ω–∞ 1 –º—Å –≤ –æ–∂–∏–¥–∞–Ω–∏–∏ –Ω–∞–∂–∞—Ç
                            –∏—è –≤—Ç–æ—Ä–æ–π –∫–Ω–æ–ø–∫–∏, –ø–æ—Å–ª–µ —ç—Ç–æ–≥–æ –ø—Ä–æ–∏—Å—Ö–æ–¥–∏—Ç –æ–±—Ä–∞–±–æ—Ç–∫–∞ –∫
005A   110B           00218                                 bcf INTCON, T0IF
005B   1820           00219                                 btfsc sound_flags, snd1_flag
005C   2???           00220                                         GOTO Reset2SecTimer; –ï—Å–ª–∏ —Ç–µ–∫—É—â–∏–π —Ä–µ–∂–∏–º –ø–æ–¥–æ
                            —à—ë–ª
                      00221                                         
                      00222                                         ; –ï—Å–ª–∏ –Ω–µ —Ä–µ–∂–∏–º —Ç–µ–∫—É—â–∏–π –∏–ª–∏ –Ω–µ –∑–∞–ø—É—â
                            –µ–Ω –ø—Ä–æ—Å—Ç–æ
005D   18A1           00223                                         btfsc pc_states, btn_wait_flag  ; –ü—Ä–æ–≤–µ—Ä–∫–∞, —á—Ç–æ —Ç–∞–
                            π–º–µ—Ä —É–∂–µ –∑–∞–ø—É—â–µ–Ω
005E   2???           00224                                         GOTO ONLY_set_bitSB2
                      00225                                         ; –ï—Å–ª–∏ –Ω–µ –∑–∞–ø—É—â–µ–Ω —Ç–∞–π–º–µ—Ä
005F   3042           00226                                         movlw b'01000010' 
0060   1683           00227                                         banksel OPTION_REG
Message[302]: Register in operand not in bank 0.  Ensure that bank bits are correct.
0061   0081           00228                                         movwf OPTION_REG
0062   30BB           00229                                         movlw 0BBh
MPASM 5.76                          MAIN.ASM   11-25-2021  16:44:42         PAGE  6


LOC  OBJECT CODE     LINE SOURCE TEXT
  VALUE

0063   1283           00230                                         banksel TMR0
0064   0081           00231                                         movwf TMR0                                      ; –¢—É—Ç —Å—Ç–∞—
                            Ä—Ç–æ–≤–∞–ª —Ç–∞–π–º–µ—Ä –Ω–∞ 1 –º—Å
0065   168B           00232                                         bsf INTCON, T0IE                        ; –¢—É—Ç —Ä–∞–∑—Ä–µ—à–∏–
                            ª–∏ –ø—Ä–µ–æ—ã–≤–∞–Ω–∏—è
0066   14A1           00233                                         bsf pc_states, btn_wait_flag
Warning[207]: Found label after column 1. (ONLY_set_bitSB2)
0067                  00234                                 ONLY_set_bitSB2 
0067   1521           00235                                         bsf pc_states, btn2_st                  ; –ó–∞–ø–∏—Å—å, —á—Ç–æ –
                            ∫–Ω–æ–ø–∫–∞ 2 –Ω–∞–∂–∞—Ç–∞ 
                      00236                                         ;CALL Start_Mode1
0068   100B           00237                                         bcf INTCON, GPIF                        
0069   2???           00238                                         CALL SavePortStates
006A   0009           00239                                         retfie
                      00240 
                      00241                         
Warning[207]: Found label after column 1. (SB3_check)
006B                  00242                 SB3_check       
006B   1283           00243                         banksel GPIO
006C   1E85           00244                         btfss GPIO, GPIO5
006D   2???           00245                         GOTO SB3_Pressed ; –ï—Å–ª–∏ –Ω–∞–∂–∞—Ç–∞ –≤—Å–µ-—Ç–∞–∫–∏ –∫–ª–∞–≤–∏—à–∞ 3
006E   100B           00246                         bcf INTCON, GPIF
006F   2???           00247                         CALL SavePortStates
                      00248                         ; –ù–∏ –æ–¥–Ω–∞ –∫–Ω–æ–ø–∫–∞ –Ω–µ –±—ã–ª–∞ –Ω–∞–∂–∞—Ç–∞, —Å–ª–µ–¥–æ–≤–∞—Ç–µ–ª—å–
                            Ω–æ, –ø—Ä–æ–∏–∑–æ—à–ª–æ –û–¢–ñ–ê–¢–ò–ï
0070   0009           00249                         retfie
Warning[207]: Found label after column 1. (SB3_Pressed)
0071                  00250                         SB3_Pressed
                      00251                                 ; –û–±—Ä–∞–±–æ—Ç–∫–∞ –Ω–∞–∂–∞—Ç–∏—è –∫–ª–∞–≤–∏—à–∏ SB3 + –ø—Ä–æ–≤–µ—Ä–∫–
                            ∞ –Ω–∞–∂–∞—Ç–∏—è —Å—Ä–∞–∑—É –ø–µ—Ä–≤–æ–π
0071   1985           00252                                 btfsc GPIO, GPIO3
0072   2???           00253                                 GOTO ONLY_SB3
                      00254                                         ; –ï—Å–ª–∏ –Ω–∞–∂–∞—Ç—ã –¥–≤–µ –∫–Ω–æ–ø–∫–∏
0073   1920           00255                                         btfsc sound_flags, snd3_flag
0074   2???           00256                                                 GOTO Reset2SecTimer; –ï—Å–ª–∏ —Ç–µ–∫—É—â–∏–π —Ä–µ–∂–∏–º 
                            –ø–æ–¥–æ—à—ë–ª
                      00257                                                 
                      00258                                                 ; –ï—Å–ª–∏ –Ω–µ —Ä–µ–∂–∏–º —Ç–µ–∫—É—â–∏–π –∏–ª–∏ –Ω–µ –∑
                            –∞–ø—É—â–µ–Ω –ø—Ä–æ—Å—Ç–æ       
0075   128B           00259                                                 bcf INTCON, T0IE
0076   3001           00260                                                 movlw 1h
0077   05A1           00261                                                 andwf pc_states, f
0078   2???           00262                                                 CALL Start_Mode3
0079   100B           00263                                                 bcf INTCON, GPIF
007A   2???           00264                                                 CALL SavePortStates
007B   0009           00265                                                 retfie
                      00266                                 
Warning[207]: Found label after column 1. (ONLY_SB3)
007C                  00267                                 ONLY_SB3
                      00268                                                 ; –ó–∞–ø—É—Å–∫ —Ç–∞–π–º–µ—Ä–∞ –Ω–∞ 1 –º—Å –≤ –æ–∂–∏–¥–∞–
                            Ω–∏–∏ –Ω–∞–∂–∞—Ç–∏—è –ü–ï–†–í–û–ô  –∫–Ω–æ–ø–∫–∏, –ø–æ—Å–ª–µ —ç—Ç–æ–≥–æ –ø—Ä–æ–∏—Å—Ö–æ–¥–∏—Ç –æ–±
007C   1820           00269                                         btfsc sound_flags, snd1_flag
007D   2???           00270                                                 GOTO Reset2SecTimer; –ï—Å–ª–∏ —Ç–µ–∫—É—â–∏–π —Ä–µ–∂–∏–º 
MPASM 5.76                          MAIN.ASM   11-25-2021  16:44:42         PAGE  7


LOC  OBJECT CODE     LINE SOURCE TEXT
  VALUE

                            –ø–æ–¥–æ—à—ë–ª
                      00271                                                 
                      00272                                                 ; –ï—Å–ª–∏ –Ω–µ —Ä–µ–∂–∏–º —Ç–µ–∫—É—â–∏–π –∏–ª–∏ –Ω–µ –∑
                            –∞–ø—É—â–µ–Ω –ø—Ä–æ—Å—Ç–æ       
007E   110B           00273                                                 bcf INTCON, T0IF
007F   18A1           00274                                                 btfsc pc_states, btn_wait_flag          ; –ü—Ä–æ–≤–µ—Ä–∫
                            –∞, —á—Ç–æ —Ç–∞–π–º–µ—Ä —É–∂–µ –∑–∞–ø—É—â–µ–Ω
0080   2???           00275                                                 GOTO ONLY_set_bitSB3
                      00276                                                 ; –ï—Å–ª–∏ –Ω–µ –∑–∞–ø—É—â–µ–Ω —Ç–∞–π–º–µ—Ä
0081   3042           00277                                                 movlw b'01000010' 
0082   1683           00278                                                 banksel OPTION_REG
Message[302]: Register in operand not in bank 0.  Ensure that bank bits are correct.
0083   0081           00279                                                 movwf OPTION_REG
0084   30BB           00280                                                 movlw 0BBh
0085   1283           00281                                                 banksel TMR0
0086   0081           00282                                                 movwf TMR0                                      ; –¢—É—Ç
                             —Å—Ç–∞—Ä—Ç–æ–≤–∞–ª —Ç–∞–π–º–µ—Ä –Ω–∞ 1 –º—Å
0087   168B           00283                                                 bsf INTCON, T0IE                        ; –¢—É—Ç —Ä–∞–∑—
                            Ä–µ—à–∏–ª–∏ –ø—Ä–µ–æ—ã–≤–∞–Ω–∏—è
0088   14A1           00284                                                 bsf pc_states, btn_wait_flag
Warning[207]: Found label after column 1. (ONLY_set_bitSB3)
0089                  00285                                         ONLY_set_bitSB3
0089   15A1           00286                                                 bsf pc_states, btn3_st                  ; –ó–∞–ø–∏—Å—å, 
                            —á—Ç–æ –∫–Ω–æ–ø–∫–∞ 2 –Ω–∞–∂–∞—Ç–∞ 
                      00287                                                 ;CALL Start_Mode2
008A   100B           00288                                                 bcf INTCON, GPIF
008B   2???           00289                                                 CALL SavePortStates
008C   0009           00290                                                 retfie
                      00291                                         
                      00292         
008D                  00293 Start_Mode3
                      00294         ; –ó–∞–ø—É—Å—Ç–∏—Ç—å —Ç–∞–π–º–µ—Ä –¥–ª—è –≤—Ä–µ–º–µ–Ω–∏ –≤ 2 —Å–µ–∫ (–¢–∞–π–º–µ—Ä 0)
008D   2???           00295         CALL Start2SecTmr
                      00296         ; –ó–∞–ø—É—Å—Ç–∏—Ç—å —Ç–∞–π–º–µ—Ä 1 –¥–ª—è –æ—Ç—Ä–∞–±–∞—Ç—ã–≤–∞–Ω–∏—è –∑–≤—É–∫–∞ —Å –∑–∞–¥–∞–Ω–Ω
                            –æ–π —á–∞—Å—Ç–æ—Ç–æ–π –≤ 3 –∫–ì—Ü
008E   1920           00297         btfsc sound_flags, snd3_flag
008F   0008           00298         return; –ï—Å–ª–∏ —Ç–µ–∫—É—â–∏–π —Ä–µ–∂–∏–º –ø–æ–¥–æ—à—ë–ª
                      00299         ; –ï—Å–ª–∏ –Ω–µ —Ä–µ–∂–∏–º —Ç–µ–∫—É—â–∏–π –∏–ª–∏ –Ω–µ –∑–∞–ø—É—â–µ–Ω –ø—Ä–æ—Å—Ç–æ
0090   30FE           00300         movlw 0FEh
0091   00A2           00301         movwf T1H_REG
0092   1283           00302         banksel TMR1H
0093   008F           00303         movwf TMR1H
0094   30B3           00304         movlw 0B3h
0095   00A3           00305         movwf T1L_REG
0096   008E           00306         movwf TMR1L
0097   1683           00307         banksel PIE1
Message[302]: Register in operand not in bank 0.  Ensure that bank bits are correct.
0098   140C           00308         bsf PIE1, TMR1IE
0099   170B           00309         bsf INTCON, PEIE
009A   1283           00310         banksel T1CON
009B   1410           00311         bsf T1CON, TMR1ON       ; –ó–∞–ø—É—Å–∫–∞–µ–º —Å–∞–º —Ç–∞–π–º–µ—Ä
009C   1520           00312         bsf sound_flags, snd3_flag
009D   0008           00313         return
MPASM 5.76                          MAIN.ASM   11-25-2021  16:44:42         PAGE  8


LOC  OBJECT CODE     LINE SOURCE TEXT
  VALUE

                      00314         
009E                  00315 Start2SecTmr
009E   3046           00316         movlw b'01000110'
009F   1683           00317         banksel OPTION_REG
Message[302]: Register in operand not in bank 0.  Ensure that bank bits are correct.
00A0   0081           00318         movwf OPTION_REG
00A1   307C           00319         movlw 7Ch
00A2   00A4           00320         movwf T02SecScaler
00A3   168B           00321         bsf INTCON, T0IE                        ; –¢—É—Ç —Ä–∞–∑—Ä–µ—à–∏–ª–∏ –ø—Ä–µ–æ—ã–≤–∞–Ω–∏—è
00A4   110B           00322         bcf INTCON, T0IF
00A5   0008           00323         return
                      00324         
00A6                  00325 T0_INT
                      00326         ;bsf INTCON, GIE
                      00327         
00A6   1CA1           00328         btfss pc_states, btn_wait_flag
00A7   2???           00329         GOTO Check_on2sec
                      00330                 ; –ï—Å–ª–∏ –ø–æ –∏—Å—Ç–µ—á–µ–Ω–∏—é 1 –º—Å –¥–ª—è –∫–Ω–æ–ø–æ–∫
00A8   1D21           00331                 btfss pc_states, btn2_st
00A9   2???           00332                 GOTO Check_btn3
                      00333                         ; –ï—Å–ª–∏ –Ω–∞–∂–∞—Ç–∞ 1 –∫–Ω–æ–ø–∫–∞
00AA   1DA1           00334                         btfss pc_states, btn3_st                ; –ù–∞–∂–∞—Ç–∞ –ª–∏ –≤—Ç–æ—Ä–∞—è?
00AB   2???           00335                         GOTO Pressed_ONLY_btn2 ; –ï—Å–ª–∏ –Ω–∞–∂–∞—Ç–∞ —Ç–æ–ª—å–∫–æ –æ–¥–Ω–∞
                      00336                                 ; –ï—Å–ª–∏ –Ω–∞–∂–∞—Ç—ã –¥–≤–µ –∫–Ω–æ–ø–∫–∏
00AC   3001           00337                                 movlw 1h
00AD   05A1           00338                                 andwf pc_states, f
00AE   2???           00339                                 CALL Start_Mode3
00AF   0009           00340                                 retfie
Warning[207]: Found label after column 1. (Pressed_ONLY_btn2)
00B0                  00341                         Pressed_ONLY_btn2
00B0   3001           00342                                 movlw 1h
00B1   05A1           00343                                 andwf pc_states, f
00B2   2???           00344                                 CALL Start_Mode1
00B3   0009           00345                                 retfie
Warning[207]: Found label after column 1. (Check_btn3)
00B4                  00346                 Check_btn3
                      00347                         ; –ï—Å–ª–∏ –Ω–∞–∂–∞—Ç–∞ –¢–û–õ–¨–ö–û 2 –∫–Ω–æ–ø–∫–∞
00B4   3001           00348                         movlw 1h
00B5   05A1           00349                         andwf pc_states, f
00B6   2???           00350                         CALL Start_Mode2
00B7   0009           00351                         retfie
                      00352                         
                      00353         ; –ï—Å–ª–∏ –≤—ã—à–ª–æ –≤—Ä–µ–º—è –≤ 2 —Å–µ–∫    
Warning[207]: Found label after column 1. (Check_on2sec)
00B8                  00354         Check_on2sec            
00B8   0BA4           00355                 decfsz T02SecScaler, f
00B9   2???           00356                 GOTO ScalerNotZero
00BA   2???           00357                 GOTO ScalerISZero
                      00358                         
Warning[207]: Found label after column 1. (ScalerISZero)
00BB                  00359                 ScalerISZero
00BB   1283           00360                         banksel T1CON
00BC   01A0           00361                         clrf sound_flags
MPASM 5.76                          MAIN.ASM   11-25-2021  16:44:42         PAGE  9


LOC  OBJECT CODE     LINE SOURCE TEXT
  VALUE

00BD   128B           00362                         bcf INTCON, T0IE ; –í—ã–∫–ª—é—á–∞–µ–º –ø—Ä–µ—Ä—ã–≤–∞–Ω–∏—è –¢–∞–π–º–µ—Ä–∞ 0
                      00363                         ;bcf PIE1, TMR0IE ; –í—ã–∫–ª—é—á–∞–µ–º –ø—Ä–µ—Ä—ã–≤–∞–Ω–∏—è –¢–∞–π–º–µ—Ä–∞ 1
00BE   1010           00364                         bcf T1CON, TMR1ON  ; –í—ã–∫–ª—é—á–∞–µ–º –¢–∞–π–º–µ—Ä 1
00BF   0009           00365                         retfie
                      00366                         
Warning[207]: Found label after column 1. (ScalerNotZero)
00C0                  00367                 ScalerNotZero
00C0   3083           00368                         movlw 83h
00C1   0081           00369                         movwf TMR0
00C2   110B           00370                         bcf INTCON, T0IF
00C3   168B           00371                         bsf INTCON, T0IE
00C4   0009           00372                         retfie
                      00373                 
00C5                  00374 T1_INT
                      00375         ;bsf INTCON, GIE
00C5   1283           00376         banksel GPIO
00C6   1C05           00377         btfss GPIO, sound
00C7   2???           00378         GOTO SET1_inSound
                      00379                 ; –ï—Å–ª–∏ —Å–µ–π—á–∞—Å SOUND = 1
00C8   1005           00380                 bcf GPIO, sound
00C9   2???           00381                 GOTO T1_refull
Warning[207]: Found label after column 1. (SET1_inSound)
00CA                  00382         SET1_inSound ; –ï—Å–ª–∏ —Å–µ–π—á–∞—Å SOUND = 0
00CA   1405           00383                 bsf GPIO, sound
                      00384                 
Warning[207]: Found label after column 1. (T1_refull)
00CB                  00385         T1_refull
00CB   0822           00386                 movf T1H_REG, w
00CC   008F           00387                 movwf TMR1H
00CD   0823           00388                 movf T1L_REG, w
00CE   008E           00389                 movwf TMR1L
00CF   1283           00390                 banksel PIR1
00D0   100C           00391                 bcf PIR1, TMR1IF
00D1   0009           00392                 retfie
                      00393                 
00D2                  00394 Start_Mode1
                      00395         ; –ó–∞–ø—É—Å—Ç–∏—Ç—å —Ç–∞–π–º–µ—Ä –¥–ª—è –≤—Ä–µ–º–µ–Ω–∏ –≤ 2 —Å–µ–∫ (–¢–∞–π–º–µ—Ä 0)
00D2   2???           00396         CALL Start2SecTmr
                      00397         ; –ó–∞–ø—É—Å—Ç–∏—Ç—å —Ç–∞–π–º–µ—Ä 1 –¥–ª—è –æ—Ç—Ä–∞–±–∞—Ç—ã–≤–∞–Ω–∏—è –∑–≤—É–∫–∞ —Å –∑–∞–¥–∞–Ω–Ω
                            –æ–π —á–∞—Å—Ç–æ—Ç–æ–π –≤ 3 –∫–ì—Ü
00D3   1820           00398         btfsc sound_flags, snd1_flag
00D4   0008           00399         return; –ï—Å–ª–∏ —Ç–µ–∫—É—â–∏–π —Ä–µ–∂–∏–º –ø–æ–¥–æ—à—ë–ª
                      00400         ; –ï—Å–ª–∏ –Ω–µ —Ä–µ–∂–∏–º —Ç–µ–∫—É—â–∏–π –∏–ª–∏ –Ω–µ –∑–∞–ø—É—â–µ–Ω –ø—Ä–æ—Å—Ç–æ
00D5   30FC           00401         movlw 0FCh
00D6   00A2           00402         movwf T1H_REG
00D7   1283           00403         banksel TMR1H
00D8   008F           00404         movwf TMR1H
00D9   3018           00405         movlw 18h
00DA   00A3           00406         movwf T1L_REG
00DB   008E           00407         movwf TMR1L
00DC   1683           00408         banksel PIE1
Message[302]: Register in operand not in bank 0.  Ensure that bank bits are correct.
00DD   140C           00409         bsf PIE1, TMR1IE
MPASM 5.76                          MAIN.ASM   11-25-2021  16:44:42         PAGE 10


LOC  OBJECT CODE     LINE SOURCE TEXT
  VALUE

00DE   170B           00410         bsf INTCON, PEIE
00DF   1283           00411         banksel T1CON
00E0   1410           00412         bsf T1CON, TMR1ON       ; –ó–∞–ø—É—Å–∫–∞–µ–º —Å–∞–º —Ç–∞–π–º–µ—Ä
00E1   1420           00413         bsf sound_flags, snd1_flag
00E2   0008           00414         return
                      00415         
                      00416         
00E3                  00417 Start_Mode2
                      00418 ; –ó–∞–ø—É—Å—Ç–∏—Ç—å —Ç–∞–π–º–µ—Ä –¥–ª—è –≤—Ä–µ–º–µ–Ω–∏ –≤ 2 —Å–µ–∫ (–¢–∞–π–º–µ—Ä 0)
00E3   2???           00419         CALL Start2SecTmr
                      00420         ; –ó–∞–ø—É—Å—Ç–∏—Ç—å —Ç–∞–π–º–µ—Ä 1 –¥–ª—è –æ—Ç—Ä–∞–±–∞—Ç—ã–≤–∞–Ω–∏—è –∑–≤—É–∫–∞ —Å –∑–∞–¥–∞–Ω–Ω
                            –æ–π —á–∞—Å—Ç–æ—Ç–æ–π –≤ 3 –∫–ì—Ü
00E4   18A0           00421         btfsc sound_flags, snd2_flag
00E5   0008           00422         return; –ï—Å–ª–∏ —Ç–µ–∫—É—â–∏–π —Ä–µ–∂–∏–º –ø–æ–¥–æ—à—ë–ª
                      00423         ; –ï—Å–ª–∏ –Ω–µ —Ä–µ–∂–∏–º —Ç–µ–∫—É—â–∏–π –∏–ª–∏ –Ω–µ –∑–∞–ø—É—â–µ–Ω –ø—Ä–æ—Å—Ç–æ
00E6   30FE           00424         movlw 0FEh
00E7   00A2           00425         movwf T1H_REG
00E8   1283           00426         banksel TMR1H
00E9   008F           00427         movwf TMR1H
00EA   300C           00428         movlw 0Ch
00EB   00A3           00429         movwf T1L_REG
00EC   008E           00430         movwf TMR1L
00ED   1683           00431         banksel PIE1
Message[302]: Register in operand not in bank 0.  Ensure that bank bits are correct.
00EE   140C           00432         bsf PIE1, TMR1IE
00EF   170B           00433         bsf INTCON, PEIE
00F0   1283           00434         banksel T1CON
00F1   1410           00435         bsf T1CON, TMR1ON       ; –ó–∞–ø—É—Å–∫–∞–µ–º —Å–∞–º —Ç–∞–π–º–µ—Ä
00F2   14A0           00436         bsf sound_flags, snd2_flag
00F3   0008           00437         return
                      00438 
00F4                  00439 START
00F4   2???           00440         CALL Init
Warning[207]: Found label after column 1. (Start_loop)
00F5                  00441         Start_loop
00F5   2???           00442         GOTO Start_loop
                      00443 ;====================================================================
3FD4                  00444       END
MPASM 5.76                          MAIN.ASM   11-25-2021  16:44:42         PAGE 11


SYMBOL TABLE
  LABEL                             VALUE 

ADCON0                            0000001F
ADCS0                             00000004
ADCS1                             00000005
ADCS2                             00000006
ADFM                              00000007
ADIE                              00000006
ADIF                              00000006
ADON                              00000000
ADRESH                            0000001E
ADRESL                            0000009E
ANS0                              00000000
ANS1                              00000001
ANS2                              00000002
ANS3                              00000003
ANSEL                             0000009F
Accum                             00000026
C                                 00000000
CAL0                              00000002
CAL1                              00000003
CAL2                              00000004
CAL3                              00000005
CAL4                              00000006
CAL5                              00000007
CHS0                              00000002
CHS1                              00000003
CINV                              00000004
CIS                               00000003
CM0                               00000000
CM1                               00000001
CM2                               00000002
CMCON                             00000019
CMIE                              00000003
CMIF                              00000003
COUT                              00000006
CheckOnDownChanges                00000031
Check_btn3                        000000B4
Check_on2sec                      000000B8
CompareSB2_1                      00000034
CompareSB3                        00000038
CompareSB3_1                      0000003C
DC                                00000001
EEADR                             0000009B
EECON1                            0000009C
EECON2                            0000009D
EEDAT                             0000009A
EEDATA                            0000009A
EEIE                              00000007
EEIF                              00000007
F                                 00000001
FSR                               00000004
GIE                               00000007
GO                                00000001
GO_DONE                           00000001
MPASM 5.76                          MAIN.ASM   11-25-2021  16:44:42         PAGE 12


SYMBOL TABLE
  LABEL                             VALUE 

GO_NOT_DONE                       00000001
GP0                               00000000
GP1                               00000001
GP2                               00000002
GP3                               00000003
GP4                               00000004
GP5                               00000005
GPIE                              00000003
GPIF                              00000000
GPIO                              00000005
GPIO0                             00000000
GPIO1                             00000001
GPIO2                             00000002
GPIO3                             00000003
GPIO4                             00000004
GPIO5                             00000005
GPIO_DATA                         00000028
GPIO_INT                          00000046
IINT_HNDL                         00000025
INDF                              00000000
INTCON                            0000000B
INTE                              00000004
INTEDG                            00000006
INTERRUPT_INIT                    000000C8
INTF                              00000001
IOC                               00000096
IOC0                              00000000
IOC1                              00000001
IOC2                              00000002
IOC3                              00000003
IOC4                              00000004
IOC5                              00000005
IOCB                              00000096
IOCB0                             00000000
IOCB1                             00000001
IOCB2                             00000002
IOCB3                             00000003
IOCB4                             00000004
IOCB5                             00000005
IOC_INIT                          00000028
IRP                               00000007
IfUp                              0000004C
Init                              00000000
LastPortState                     00000025
NOT_BOD                           00000000
NOT_BOR                           00000000
NOT_DONE                          00000001
NOT_GPPU                          00000007
NOT_PD                            00000003
NOT_POR                           00000001
NOT_T1SYNC                        00000002
NOT_TO                            00000004
Nothing                           00000040
MPASM 5.76                          MAIN.ASM   11-25-2021  16:44:42         PAGE 13


SYMBOL TABLE
  LABEL                             VALUE 

ONLY_SB2                          0000005A
ONLY_SB3                          0000007C
ONLY_set_bitSB2                   00000067
ONLY_set_bitSB3                   00000089
OPTION_REG                        00000081
OSCCAL                            00000090
PCL                               00000002
PCLATH                            0000000A
PCON                              0000008E
PEIE                              00000006
PIE1                              0000008C
PIE1_INIT                         00000000
PIR1                              0000000C
PS0                               00000000
PS1                               00000001
PS2                               00000002
PSA                               00000003
Pressed_ONLY_btn2                 000000B0
RD                                00000000
RP0                               00000005
RP1                               00000006
Reset2SecTimer                    00000042
SB2_check                         0000004C
SB3_Pressed                       00000071
SB3_check                         0000006B
SET1_inSound                      000000CA
START                             000000F4
STATUS                            00000003
SavePortStates                    0000002D
ScalerISZero                      000000BB
ScalerNotZero                     000000C0
Start2SecTmr                      0000009E
Start_Mode1                       000000D2
Start_Mode2                       000000E3
Start_Mode3                       0000008D
Start_loop                        000000F5
T02SecScaler                      00000024
T0CS                              00000005
T0IE                              00000005
T0IF                              00000002
T0SE                              00000004
T0_INT                            000000A6
T1CKPS0                           00000004
T1CKPS1                           00000005
T1CON                             00000010
T1CON_INIT                        00000000
T1H_REG                           00000022
T1IE                              00000000
T1IF                              00000000
T1L_REG                           00000023
T1OSCEN                           00000003
T1_INT                            000000C5
T1_refull                         000000CB
MPASM 5.76                          MAIN.ASM   11-25-2021  16:44:42         PAGE 14


SYMBOL TABLE
  LABEL                             VALUE 

TMR0                              00000001
TMR0IE                            00000005
TMR0IF                            00000002
TMR0_INIT                         00000000
TMR1                              0000000E
TMR1CS                            00000001
TMR1GE                            00000006
TMR1H                             0000000F
TMR1H_INIT                        00000000
TMR1IE                            00000000
TMR1IF                            00000000
TMR1L                             0000000E
TMR1L_INIT                        00000000
TMR1ON                            00000000
TRISIO                            00000085
TRISIO0                           00000000
TRISIO1                           00000001
TRISIO2                           00000002
TRISIO3                           00000003
TRISIO4                           00000004
TRISIO5                           00000005
VCFG                              00000006
VR0                               00000000
VR1                               00000001
VR2                               00000002
VR3                               00000003
VRCON                             00000099
VREN                              00000007
VRR                               00000005
W                                 00000000
WPU                               00000095
WPU0                              00000000
WPU1                              00000001
WPU2                              00000002
WPU4                              00000004
WPU5                              00000005
WPU_INIT                          00000017
WR                                00000001
WREN                              00000002
WRERR                             00000003
Z                                 00000002
_BODEN_OFF                        00003FBF
_BODEN_ON                         00003FFF
_BOREN_OFF                        00003FBF
_BOREN_ON                         00003FFF
_CONFIG                           00002007
_CPD_OFF                          00003FFF
_CPD_ON                           00003EFF
_CP_OFF                           00003FFF
_CP_ON                            00003F7F
_DEVID1                           00002006
_EC_OSC                           00003FFB
_EXTRC_OSC_CLKOUT                 00003FFF
MPASM 5.76                          MAIN.ASM   11-25-2021  16:44:42         PAGE 15


SYMBOL TABLE
  LABEL                             VALUE 

_EXTRC_OSC_NOCLKOUT               00003FFE
_FOSC_EC                          00003FFB
_FOSC_EXTRCCLK                    00003FFF
_FOSC_EXTRCIO                     00003FFE
_FOSC_HS                          00003FFA
_FOSC_INTRCCLK                    00003FFD
_FOSC_INTRCIO                     00003FFC
_FOSC_LP                          00003FF8
_FOSC_XT                          00003FF9
_HS_OSC                           00003FFA
_IDLOC0                           00002000
_IDLOC1                           00002001
_IDLOC2                           00002002
_IDLOC3                           00002003
_INTRC_OSC_CLKOUT                 00003FFD
_INTRC_OSC_NOCLKOUT               00003FFC
_LP_OSC                           00003FF8
_MCLRE_OFF                        00003FDF
_MCLRE_ON                         00003FFF
_PWRTE_OFF                        00003FFF
_PWRTE_ON                         00003FEF
_WDTE_OFF                         00003FF7
_WDTE_ON                          00003FFF
_WDT_OFF                          00003FF7
_WDT_ON                           00003FFF
_XT_OSC                           00003FF9
__12F675                          00000001
btn1                              00000003
btn2                              00000005
btn2_st                           00000002
btn3_st                           00000003
btn_wait_flag                     00000001
in_work_flag                      00000000
pc_states                         00000021
snd1_flag                         00000000
snd2_flag                         00000001
snd3_flag                         00000002
sound                             00000000
sound_flags                       00000020

Errors   :     0
Warnings :    23 reported,     0 suppressed
Messages :    14 reported,     0 suppressed

