MPASM 5.76                          MAIN.ASM   12-5-2021  6:03:49         PAGE  1


LOC  OBJECT CODE     LINE SOURCE TEXT
  VALUE

                      00001 ;====================================================================
                      00002 ; Main.asm file generated by New Project wizard
                      00003 ;
                      00004 ; Created:   –í—Å –Ω–æ—è 14 2021
                      00005 ; Processor: PIC12F675
                      00006 ; Compiler:  MPASM (Proteus)
                      00007 ;====================================================================
                      00008 
                      00009 ;====================================================================
                      00010 ; DEFINITIONS
                      00011 ;====================================================================
                      00012 
                      00013 #include p12f675.inc                ; Include register definition file
                      00001         LIST
                      00002 
                      00003 ;==========================================================================
                      00004 ; Build date : Sep 19 2017
                      00005 ;  MPASM PIC12F675 processor include
                      00006 ; 
                      00007 ;  (c) Copyright 1999-2017 Microchip Technology, All rights reserved
                      00008 ;==========================================================================
                      00009 
                      00367         LIST
Warning[205]: Found directive in column 1. (__CONFIG)
2007   3FF4           00014 __CONFIG b'11111111110100'
                      00015 
                      00016 ;====================================================================
                      00017 ; CONSTANTS
                      00018 ;====================================================================
                      00019 
  00000002            00020 GPIO_DATA equ b'000010' 
  000000C8            00021 INTERRUPT_INIT equ b'11001000'
  00000000            00022 PIE1_INIT equ b'00000000'
  00000000            00023 TMR1H_INIT equ 0x0
  00000000            00024 TMR1L_INIT equ 0x0
  00000000            00025 TMR0_INIT equ 0x0
  00000034            00026 WPU_INIT equ b'110100'   ;b'110100'                     ;GPIO1 –ò GPIO5 - –º–±–± –∫–∞–∫ READ —Ç–∞–∫ –∏ W
                            RITE —Ä–µ–∂–∏–º. –î–ª—è –∫–Ω–æ–ø–∫–∏ (–∏–∑–Ω–∞—á–∞–ª—å–Ω–æ!) –∏ TX; –î–ª—è RX –∏ Data —Å–æ–æ—Ç–≤
  00000021            00027 IOC_INIT equ b'100001'
  00000000            00028 T1CON_INIT equ b'00000000'
  0000002B            00029 TRISIO_INT equ b'00101011' ; b'00101001'
                      00030 ;====================================================================
                      00031 ; VARIABLES
                      00032 ;====================================================================
                      00033 
  00000020            00034 UART_CON equ 20h                                ; –ò–ó–ù–ê–ß–ê–õ–¨–ù–û –î–û–õ–ñ–ï–ù –ë–´–¢–¨ –†–ï–ñ–ò–ú 
                            –ü–†–û–°–õ–£–®–ò–í–ê–ù–ò–Ø!!!!!!!!!!!!!!!!!!!!!!!!!!!!!!!!!!
Warning[207]: Found label after column 1. (BUSY_F)
  00000000            00035         BUSY_F equ 00h
Warning[207]: Found label after column 1. (TR_F)
  00000001            00036         TR_F equ 01h
Warning[207]: Found label after column 1. (RD_F)
  00000002            00037         RD_F equ 02h
MPASM 5.76                          MAIN.ASM   12-5-2021  6:03:49         PAGE  2


LOC  OBJECT CODE     LINE SOURCE TEXT
  VALUE

Warning[207]: Found label after column 1. (T0_MODE)
  00000003            00038         T0_MODE equ 03h
Warning[207]: Found label after column 1. (DATA_INC_F)
  00000004            00039         DATA_INC_F equ 04h
Warning[207]: Found label after column 1. (BIT9)
  00000005            00040         BIT9 equ 05h
Warning[207]: Found label after column 1. (SEG7_Display_F)
  00000006            00041         SEG7_Display_F equ 06h
Warning[207]: Found label after column 1. (BanReceiveZ9Bit_F)
  00000007            00042         BanReceiveZ9Bit_F equ 07h;  –§–ª–∞–≥ –∑–∞–ø—Ä–µ—Ç–∞ –ø—Ä–∏—ë–º–∞ —Å–æ–æ–±—â–µ–Ω–∏–π,–≤ –∫–æ—Ç–æ—
                            Ä–æ–º 9 –±–∏—Ç –∏–º–µ–µ—Ç –∑–Ω–∞—á–µ–Ω–∏–µ 0 (—Ç.–µ. –µ—Å–ª–∏ —ç—Ç–æ –î–ê–ù–ù–´–ï)
                      00043         ;SaveDataOrAddr equ 07h         ; || 0 - Addr | 1 - Data ||
                      00044 
  00000021            00045 UART_t0 equ 21h
Warning[207]: Found label after column 1. (WAIT_HalfBaud)
  00000000            00046         WAIT_HalfBaud equ 00h
Warning[207]: Found label after column 1. (WAIT_FullBaud)
  00000001            00047         WAIT_FullBaud equ 01h
Warning[207]: Found label after column 1. (Simple_TMR)
  00000002            00048         Simple_TMR equ 02h
Warning[207]: Found label after column 1. (T1_Busy_on_display)
  00000003            00049         T1_Busy_on_display equ 03h
                      00050 ;LEDS_STATES equ 21h
                      00051 ;LED1 equ 00h
                      00052 ;LED2 equ 01h
                      00053 ;LED3 equ 02h
                      00054 
                      00055 
                      00056 
  00000000            00057 btn_SEND equ GPIO0
  00000003            00058 btn_RST equ GPIO3
  00000001            00059 btn_INC equ GPIO1
                      00060 
                      00061 ;pc_states equ 21h
                      00062 ;in_work_flag equ 00h
                      00063 ;btn_wait_flag equ 01h
                      00064 ;btn2_st equ 02h
                      00065 ;btn3_st equ 03h
                      00066 
  00000022            00067 T1H_REG equ 22h
  00000023            00068 T1L_REG equ 23h
                      00069 
  00000024            00070 T02SecScaler equ 24h
                      00071 
  00000025            00072 LastPortState equ 25h
                      00073 
  00000026            00074 Accum equ 26h
                      00075 
  00000027            00076 Lcd_data equ 27h
                      00077 
  00000028            00078 Loop_ident equ 28h
                      00079 
  00000029            00080 SERBUF equ 29h          ; TODO
MPASM 5.76                          MAIN.ASM   12-5-2021  6:03:49         PAGE  3


LOC  OBJECT CODE     LINE SOURCE TEXT
  VALUE

  0000002A            00081 TEMP equ 2Ah
                      00082 
  00000001            00083 TX equ GPIO1
  00000005            00084 RX equ GPIO5
                      00085 
                      00086 
                      00087 
  0000002B            00088 LastPressedBtns equ 2Bh         ;  || 0 bit - SB_SEND | 1 bit - SB_INC/TX | 2 bit - RX/DATA_7_SEG ||
  00000000            00089 SB_SEND_Ch equ 00h
  00000001            00090 SB_INC_Ch equ 01h
                      00091 ;--
                      00092 
  0000002C            00093 ADDR_reg equ 2Ch
  0000002D            00094 DATA_reg equ 2Dh
                      00095 
  0000002E            00096 ButtonModes equ 2Eh
Warning[207]: Found label after column 1. (SB0_M0)
  00000000            00097         SB0_M0  equ 00h
Warning[207]: Found label after column 1. (SB0_M1)
  00000001            00098         SB0_M1  equ 01h
                      00099 
                      00100 
  0000002F            00101 SEV_SEGM_reg equ 2Fh
                      00102 
  00000030            00103 GotMsgDispMode equ 30h
                      00104 
                      00105 
                      00106 ;====================================================================
                      00107 ; RESET and INTERRUPT VECTORS
                      00108 ;====================================================================
                      00109 
                      00110       ; Reset Vector
                      00111 RST   code  0x0 
0000   2???           00112       goto  START
                      00113 
                      00114 INT code 0x4
0004   2???           00115         goto IINT_HNDL
                      00116         
                      00117         
                      00118 ;====================================================================
                      00119 ; CODE SEGMENT
                      00120 ;====================================================================
                      00121 
                      00122 PGM   code
                      00123 
0000                  00124 Init
                      00125         
0000   1683           00126         banksel ANSEL
Message[302]: Register in operand not in bank 0.  Ensure that bank bits are correct.
0001   019F           00127     clrf ANSEL
                      00128 
0002   1283           00129     banksel CMCON
0003   3007           00130     movlw 0x7
MPASM 5.76                          MAIN.ASM   12-5-2021  6:03:49         PAGE  4


LOC  OBJECT CODE     LINE SOURCE TEXT
  VALUE

0004   0099           00131     movwf CMCON
                      00132 
0005   1283           00133           banksel GPIO
                      00134     ;movlw b'10' ; Default GPIO data
0006   3002           00135         movlw GPIO_DATA
0007   0085           00136     movwf GPIO
                      00137         
0008   1683           00138          banksel TRISIO
0009   302B           00139     movlw TRISIO_INT   ; GPIO Port options
Message[302]: Register in operand not in bank 0.  Ensure that bank bits are correct.
000A   0085           00140     movwf TRISIO
                      00141         
000B   1683           00142     banksel OPTION_REG
000C   3048           00143     movlw b'01001000'       ; Options
Message[302]: Register in operand not in bank 0.  Ensure that bank bits are correct.
000D   0081           00144     movwf OPTION_REG
                      00145 
                      00146    
                      00147 
                      00148  
                      00149 
000E   1683           00150     banksel WPU
000F   3034           00151     movlw WPU_INIT  ; Pull ups
Message[302]: Register in operand not in bank 0.  Ensure that bank bits are correct.
0010   0095           00152     movwf WPU
                      00153 
0011   1283           00154     banksel INTCON
0012   30C8           00155     movlw INTERRUPT_INIT   ; Interrupts
0013   008B           00156     movwf INTCON
                      00157 
0014   1683           00158     banksel PIE1
0015   3000           00159     movlw PIE1_INIT  ; Enables timer 1 (16-bit) INTERRRUPT (NO)
Message[302]: Register in operand not in bank 0.  Ensure that bank bits are correct.
0016   008C           00160     movwf PIE1
                      00161 
0017   1283           00162     banksel TMR1H
0018   3000           00163     movlw TMR1H_INIT
0019   008F           00164     movwf TMR1H
001A   3000           00165     movlw TMR1L_INIT
001B   008E           00166     movwf TMR1L
                      00167 
001C   1283           00168     banksel T1CON
001D   3000           00169     movlw T1CON_INIT    ; Enables timer 1
001E   0090           00170     movwf T1CON
                      00171 
001F   1683           00172     banksel IOCB
0020   3021           00173     movlw IOC_INIT
Message[302]: Register in operand not in bank 0.  Ensure that bank bits are correct.
0021   0096           00174     movwf IOCB
                      00175 
                      00176         ;CALL SavePortStates
0022   0805           00177         movf GPIO, w
0023   00A5           00178         movwf LastPortState
MPASM 5.76                          MAIN.ASM   12-5-2021  6:03:49         PAGE  5


LOC  OBJECT CODE     LINE SOURCE TEXT
  VALUE

                      00179         
0024   17A0           00180         bsf UART_CON, BanReceiveZ9Bit_F
                      00181         
0025   0008           00182     return
                      00183 
0026                  00184 START
0026   2???           00185         CALL Init
Warning[207]: Found label after column 1. (MainLoop)
0027                  00186         MainLoop
0027   2???           00187                 GOTO MainLoop
                      00188                 
                      00189                 
                      00190         
0028                  00191 IINT_HNDL
0028   1283           00192         banksel INTCON
0029   1D8B           00193         btfss INTCON, GPIE
002A   2???           00194                 GOTO Check_INT_T0
002B   180B           00195                 btfsc INTCON,  GPIF
002C   2???           00196                         GOTO GPIO_INT
Warning[207]: Found label after column 1. (Check_INT_T0)
002D                  00197         Check_INT_T0
002D   1283           00198                 banksel INTCON
002E   1E8B           00199                 btfss INTCON, T0IE
002F   2???           00200                         GOTO Check_INT_T1
0030   190B           00201                         btfsc INTCON, T0IF
0031   2???           00202                                 GOTO T0_INT
Warning[207]: Found label after column 1. (Check_INT_T1)
0032                  00203         Check_INT_T1
0032   1683           00204                 banksel PIE1
Message[302]: Register in operand not in bank 0.  Ensure that bank bits are correct.
0033   1C0C           00205                 btfss PIE1, TMR1IE
0034   0008           00206                         return
0035   1283           00207                         banksel PIR1
0036   180C           00208                         btfsc PIR1, TMR1IF
0037   2???           00209                                 GOTO T1_INT
0038   0009           00210                                 retfie
                      00211         
0039                  00212 FindPortDiff
                      00213         ; –î–æ–ø—É—Å—Ç–∏–º, —Å–æ—Å—Ç–æ—è–Ω–∏–µ –ø–æ—Ä—Ç–∞ –∑–∞–ø–∏—Å—ã–≤–∞–µ—Ç—Å—è –≤ —Ä–µ–≥–∏—Å—Ç—Ä Las
                            tPortState
Warning[207]: Found label after column 1. (Port_GP0)
0039                  00214         Port_GP0
0039   1683           00215                 banksel IOCB
Message[302]: Register in operand not in bank 0.  Ensure that bank bits are correct.
003A   1C16           00216                 btfss IOCB, GPIO0
003B   2???           00217                         GOTO Port_GP1
003C   1283           00218                 banksel GPIO
003D   1805           00219                 btfsc GPIO, btn_SEND; –ï—Å–ª–∏ –Ω–∞–∂–∞—Ç–∞ –∫–Ω–æ–ø–∫–∞ - —Ç–æ (0)
003E   2???           00220                         GOTO Port_GP1 ; –ï—Å–ª–∏ (1)
003F   1C25           00221                         btfss LastPortState, btn_SEND; –ï—Å–ª–∏ (0) (–ï—Å–ª–∏ –≤ LastPortState –∏ –±—ã–ª
                             0 - —Ç–æ –∑–∞–±–∏–≤–∞–µ–º, –∏–Ω–∞—á–µ - –Ω–∞–∂–∞—Ç–∞ –∫–Ω–æ–ø–∫–∞)
0040   2???           00222                                 GOTO Port_GP1; –ï—Å–ª–∏ –æ—Å—Ç–∞—ë—Ç—Å—è –±—ã—Ç—å –Ω–∞–∂–∞—Ç–æ–π
0041   142B           00223                                 bsf LastPressedBtns, SB_SEND_Ch; –ï—Å–ª–∏ –ø—Ä–æ–∏–∑–æ—à–ª–æ –Ω–∞ —Å–∞–º
MPASM 5.76                          MAIN.ASM   12-5-2021  6:03:49         PAGE  6


LOC  OBJECT CODE     LINE SOURCE TEXT
  VALUE

                            –æ–º –¥–µ–ª–µ –Ω–∞–∂–∞—Ç–∏–µ
Warning[207]: Found label after column 1. (Port_GP1)
0042                  00224         Port_GP1 ; –¢–û–õ–¨–ö–û –í –†–ï–ñ–ò–ú–ï –î–û –æ—Ç–ø—Ä–∞–≤–∫–∏ {TODO}
0042   1683           00225                 banksel IOCB
Message[302]: Register in operand not in bank 0.  Ensure that bank bits are correct.
0043   1C96           00226                 btfss IOCB, GPIO1
0044   2???           00227                         GOTO Port_GP5
0045   1283           00228                 banksel GPIO
0046   1A20           00229                 btfsc UART_CON, DATA_INC_F
0047   2???           00230                         GOTO Check_SB_INC; –ï—Å–ª–∏ 1
0048   2???           00231                         GOTO Port_GP5; –ï—Å–ª–∏ 0
Warning[207]: Found label after column 1. (Check_SB_INC)
0049                  00232                 Check_SB_INC
0049   1885           00233                         btfsc GPIO, btn_INC ; –ï—Å–ª–∏ –Ω–∞–∂–∞—Ç–∞ –∫–Ω–æ–ø–∫–∞ - —Ç–æ (0)
004A   2???           00234                                 GOTO Port_GP5
004B   1CA5           00235                                 btfss LastPortState, btn_INC ; –ï—Å–ª–∏ –≤ LastPortState –∏ –±—ã–ª 0 - —
                            Ç–æ –∑–∞–±–∏–≤–∞–µ–º, –∏–Ω–∞—á–µ - –Ω–∞–∂–∞—Ç–∞—è –∫–Ω–æ–ø–∫–∞
004C   2???           00236                                         GOTO Port_GP5 ; –ï—Å–ª–∏ –æ—Å—Ç–∞—ë—Ç—Å—è 
004D   14AB           00237                                         bsf LastPressedBtns, SB_INC_Ch ; –ï—Å–ª–∏ –Ω–∞ —Å–∞–º–æ–º –¥–µ–ª
                            –µ –ø—Ä–æ–∏–∑–æ—à–ª–æ –Ω–∞–∂–∞—Ç–∏–µ
Warning[207]: Found label after column 1. (Port_GP5)
004E                  00238         Port_GP5
004E   1683           00239                 banksel IOCB
Message[302]: Register in operand not in bank 0.  Ensure that bank bits are correct.
004F   1E96           00240                 btfss IOCB, GPIO5
0050   0008           00241                         return
                      00242                         ; –ï—Å–ª–∏ GPIO5 –≤ —Ä–µ–∂–∏–º–µ —á—Ç–µ–Ω–∏—è 
0051   1283           00243                         banksel GPIO
0052   1A85           00244                         btfsc GPIO, RX
0053   0008           00245                                 return  ; 1 - —Å—ë –æ–∫
0054   1520           00246                                 bsf UART_CON, RD_F      ; –ü—Ä–∏—à—ë–ª –æ—Ç—Ä–∏—Ü–∞—Ç–µ–ª—å–Ω—ã–π —Ñ–ª–∞
                            –≥
0055   1420           00247                                 bsf UART_CON, BUSY_F
0056   0008           00248                                 return 
                      00249 
                      00250         ; –ù—É–∂–Ω–∞ –ø—Ä–æ–≤–µ—Ä–∫–∞, —á—Ç–æ RX –≤ —Ä–µ–∂–∏–º–µ —á—Ç–µ–Ω–∏—è (–º–± –∏ –Ω–µ –Ω–∞–¥–æ, —Ç
                            –∞–∫ –∫–∞–∫ –Ω–µ —Å—Ä–∞–±–∞—Ç—ã–≤–∞–µ—Ç –ø—Ä–µ—Ä—ã–≤–∞–Ω–∏–µ –ø–æ GPIO –≤–æ –≤—Ä–µ–º—è "–≤—ã–≤–æ
                      00251         ; –ü–æ –°–ü–ê–î–£ –≤—ã–∑—ã–≤–∞–µ—Ç—Å—è –æ–±—Ä–∞–±–æ—Ç–∫–∞ –ø—Ä–∏—Ö–æ–¥—è—â–µ–≥–æ —Å–æ–æ–±—â–µ–Ω–
                            ∏—è
                      00252                 ;btfsc UART_CON, SEG7_Display_F
                      00253                 ;       return; –ï—Å–ª–∏ –ø—Ä–æ–∏—Å—Ö–æ–¥–∏—Ç –≤—ã–≤–æ–¥ - —Ç–æ –Ω–µ –º–æ–∂–µ—Ç –±—ã—Ç—å
                             –Ω–∏–∫–∞–∫ –ø–æ–¥–∫–ª—é—á–µ–Ω –ø–æ—Ä—Ç –∫ RX
                      00254                 ;       bsf UART_CON, RD_F; –ï—Å–ª–∏ –Ω–µ –≤—ã–≤–æ–¥ - —Ç–æ –º–± –∏ RX (—É—Å—Ç–∞–Ω–∞–≤–ª
                            –∏–≤–∞–µ–º —Ñ–ª–∞–≥ —á—Ç–µ–Ω–∏—è)
0057   0008           00255                 return
                      00256         ;       btfsc UART_CON, SEG7_Display_F
                      00257         ;               return ; –ï—Å–ª–∏ –≤—ã–≤–æ–¥ –Ω–∞ 7-—Å–µ–≥–º–µ–Ω—Ç–Ω–∏–∫
                      00258         ;               ; –ï—Å–ª–∏ –ß—Ç–µ–Ω–∏–µ —Å RX
                      00259 
0058                  00260 SB0_SEND_HNDL
                      00261         ; 4 –Ω–∞–∂–∞—Ç–∏—è
                      00262         ; –ò–ó–ù–ê–ß–ê–õ–¨–ù–û –Ω–µ –≥–æ—Ä–∏—Ç (–µ—Å–ª–∏ –Ω–µ –±—ã–ª–æ –ø—Ä–∏—Å–ª–∞–Ω–Ω—ã—Ö –¥–∞–Ω–Ω—ã—Ö
                            ) –∏ –Ω–µ –∂–¥—ë—Ç –¥–∞–Ω–Ω—ã–µ –Ω–∏–∫–∞–∫–∏–µ
MPASM 5.76                          MAIN.ASM   12-5-2021  6:03:49         PAGE  7


LOC  OBJECT CODE     LINE SOURCE TEXT
  VALUE

                      00263         ; 1(00) - –∞–∫—Ç–∏–≤–∏—Ä—É–µ—Ç —Å—á–∏—Ç—ã–≤–∞–Ω–∏–µ –∞–¥—Ä–µ—Å–∞ (–ø–æ–ª—å–∑–æ–≤–∞—Ç–µ–ª—å –Ω–∞–
                            ∂–∏–º–∞–µ—Ç –Ω–∞ –∫–Ω–æ–ø–∫—É INC –¥–ª—è –∏–∑–º–µ–Ω–µ–Ω–∏—è –∞–¥—Ä–µ—Å–∞ –æ—Ç–ø—Ä–∞–≤–∏—Ç–µ–ª—è)
                      00264         
                      00265         ; –ï—Å–ª–∏ –≤–∫–ª—é—á—ë–Ω —Ç–∞–π–º–µ—Ä T0 - –∑–Ω–∞—á–∏—Ç –Ω–∞–¥–æ –æ–±—Ä–∞–±–∞—Ç—ã–≤–∞—Ç—å —Ç–æ–
                            ª—å–∫–æ –Ω–∞–∂–∞—Ç–∏—è –Ω–∞ –ø—Ä–∏—Ö–æ–¥—è—â–∏–µ –¥–∞–Ω–Ω—ã–µ - —Ç–æ –µ—Å—Ç—å –ø–µ—Ä–µ–∫–ª—é—á–∞
                      00266         ; –ò–∑–Ω–∞—á–∞–ª—å–Ω–æ –∫–ª—é—á –Ω–∞—Å—Ç—Ä–æ–µ–Ω –Ω–∞ UART. –ü–æ –Ω–∞–∂–∞—Ç–∏—é –Ω–∞ –∫–Ω–æ–ø–∫–
                            µ, –µ—Å–ª–∏ —á—Ç–æ-—Ç–æ –ø—Ä–∏—à–ª–æ –ø–æ–ª—å–∑–æ–≤–∞—Ç–µ–ª—é - –µ–º—É –≤—ã—Å–≤–µ—Ç–∏—Ç—Å—è –ø—Ä
                      00267         ; –º–∏–∫—Ä–æ–∫–æ–Ω—Ç—Ä–æ–ª–ª–µ—Ä —Å–Ω–æ–≤–∞ –≤–µ—Ä–Ω—ë—Ç—Å—è –≤ —Å—Ç–∞–Ω–¥–∞—Ä—Ç–Ω—ã–π —Ä–µ–∂–∏–
                            º
                      00268         
0058   1820           00269         btfsc UART_CON, BUSY_F
0059   2???           00270                         GOTO SB0_ifBusy; –ï—Å–ª–∏ –ø–æ –∫–∞–∫–æ–π-—Ç–æ –ø—Ä–∏—á–∏–Ω–µ UART –∑–∞–Ω—è—Ç - 
                            –∏–ª–∏ –æ–±—Ä–∞–±–æ—Ç–∫–∞ –≤—Ö–æ–¥—è—â–µ–≥–æ –ø–æ—Ç–æ–∫–∞, –ª–∏–±–æ —É–∂–µ –æ–±—Ä–∞–±–æ—Ç–∫–∞ –æ
005A   2???           00271                         GOTO SB0_OK; 
Warning[207]: Found label after column 1. (SB0_ifBusy)
005B                  00272                 SB0_ifBusy
005B   1283           00273                         banksel T1CON
005C   1C10           00274                         btfss T1CON, TMR1ON
005D   2???           00275                                 GOTO NormalHandle
                      00276                         ; –û–±—Ä–∞–±–æ—Ç–∫–∞ –≤—ã–≤–æ–¥–∞ –ø–æ–ª—É—á–µ–Ω–Ω–æ–≥–æ —Å–æ–æ–±—â–µ–Ω–∏—è
005E   1DA1           00277                         btfss UART_t0, T1_Busy_on_display
005F   2???           00278                                 GOTO EnableDisplayingMassage
0060   2???           00279                                 GOTO StopDisplayingMassage
Warning[207]: Found label after column 1. (NormalHandle)
0061                  00280                 NormalHandle
0061   1283           00281                         banksel STATUS
0062   082E           00282                         movf ButtonModes, w
0063   1903           00283                         btfsc STATUS, Z
0064   2???           00284                                 GOTO SB0_OK 
0065   1CA0           00285                                 btfss UART_CON, TR_F
0066   2???           00286                                         GOTO Fix_addr ; –ï—Å–ª–∏ Z = 1
0067   2???           00287                                         GOTO Send_to_TX
                      00288                         ; –í–•–û–î–Ø–©–ï–ï –°–û–û–ë–©–ï–ù–ò–ï –û–ë–†–´–í–ê–ï–¢ –í–í–û–î –î–ê–ù–ù–´–•    
                      00289                 
                      00290                                 
Warning[207]: Found label after column 1. (EnableDisplayingMassage)
0068                  00291                 EnableDisplayingMassage
0068   1683           00292                         banksel TRISIO
Message[302]: Register in operand not in bank 0.  Ensure that bank bits are correct.
0069   1285           00293                         bcf TRISIO, GPIO5 ; –î–µ–ª–∞–µ–º –ü–æ—Ä—Ç 5 "–í—ã–≤–æ–¥–æ–º"
006A   1683           00294                         banksel PIE1
Message[302]: Register in operand not in bank 0.  Ensure that bank bits are correct.
006B   140C           00295                         bsf PIE1, TMR1IE                        ; –†–ê–ó–†–ï–®–ê–ï–ú –ü–†–ï–†–´–í–ê–ù–ò–
                            Ø –ò –í–´–í–û–î –°–û–û–ë–©–ï–ù–ò–ô
006C   1720           00296                         bsf UART_CON, SEG7_Display_F
006D   3002           00297                         movlw b'00000010'
006E   00A7           00298                         movwf Lcd_data
006F   2???           00299                         CALL Disp_Info_7seg
0070   0008           00300                         return
                      00301 
Warning[207]: Found label after column 1. (StopDisplayingMassage)
0071                  00302                 StopDisplayingMassage
0071   1283           00303                         banksel T1CON
MPASM 5.76                          MAIN.ASM   12-5-2021  6:03:49         PAGE  8


LOC  OBJECT CODE     LINE SOURCE TEXT
  VALUE

0072   1010           00304                         bcf T1CON, TMR1ON                       ; –í–´–ö–õ–Æ–ß–ê–ï–ú –¢–ê–ô–ú–ï–† ‚Ññ1
0073   1683           00305                         banksel PIE1
Message[302]: Register in operand not in bank 0.  Ensure that bank bits are correct.
0074   100C           00306                         bcf PIE1, TMR1IE                        ; –ó–ê–ü–†–ï–©–ê–ï–ú –ü–†–ï–†–´–í–ê–ù–ò–
                            Ø –ò –í–´–í–û–î –°–û–û–ë–©–ï–ù–ò–ô
                      00307                         
0075   3002           00308                         movlw b'00000010'
0076   00A7           00309                         movwf Lcd_data
0077   2???           00310                         CALL Disp_Info_7seg
                      00311                         
0078   1320           00312                         bcf UART_CON, SEG7_Display_F
0079   1683           00313                         banksel TRISIO
Message[302]: Register in operand not in bank 0.  Ensure that bank bits are correct.
007A   1685           00314                         bsf TRISIO, RX
Message[302]: Register in operand not in bank 0.  Ensure that bank bits are correct.
007B   1085           00315                         bcf TRISIO, TX
007C   1683           00316                         banksel IOCB
007D   0821           00317                         movf IOC_INIT, w
Message[302]: Register in operand not in bank 0.  Ensure that bank bits are correct.
007E   0096           00318                         movwf IOCB
007F   1020           00319                         bcf UART_CON, BUSY_F
0080   2???           00320                         CALL Init
0081   0008           00321                         return
                      00322 
Warning[207]: Found label after column 1. (SB0_OK)
0082                  00323         SB0_OK
                      00324 
0082   1283           00325                 banksel STATUS
0083   082E           00326                 movf ButtonModes, w
0084   1D03           00327                 btfss STATUS, Z
0085   2???           00328                         GOTO Fix_addr ; –ï—Å–ª–∏ Z = 0
                      00329 
0086   142E           00330                         bsf ButtonModes, SB0_M0  ;  –ï—Å–ª–∏ Z = 0
0087   1620           00331                         bsf UART_CON, DATA_INC_F ; –†–∞–∑—Ä–µ—à–∞–µ–º —á—Ç–µ–Ω–∏–µ –¥–∞–Ω–Ω—ã—Ö —Å SB_IN
                            C
0088   30FF           00332                         movlw 0FFh
0089   00AF           00333                         movwf SEV_SEGM_reg
008A   1420           00334                         bsf UART_CON, BUSY_F
008B   1683           00335                         banksel TRISIO
Message[302]: Register in operand not in bank 0.  Ensure that bank bits are correct.
008C   1285           00336                         bcf TRISIO, RX
Message[302]: Register in operand not in bank 0.  Ensure that bank bits are correct.
008D   1485           00337                         bsf TRISIO, TX
008E   1683           00338                         banksel IOCB
Message[302]: Register in operand not in bank 0.  Ensure that bank bits are correct.
008F   1496           00339                         bsf IOCB, TX
Message[302]: Register in operand not in bank 0.  Ensure that bank bits are correct.
0090   1296           00340                         bcf IOCB, RX                    
                      00341                         
0091   3002           00342                         movlw b'00000010'
0092   00A7           00343                         movwf Lcd_data
0093   2???           00344                         CALL Disp_Info_7seg
                      00345                         ;CALL SB1_INC_HNDL
MPASM 5.76                          MAIN.ASM   12-5-2021  6:03:49         PAGE  9


LOC  OBJECT CODE     LINE SOURCE TEXT
  VALUE

0094   0008           00346                         return ; TODO
                      00347 
Warning[207]: Found label after column 1. (Fix_addr)
0095                  00348         Fix_addr ; 2 (01) - —Ñ–∏–∫—Å–∏—Ä—É–µ—Ç—Å—è –¥–∞–Ω–Ω—ã–π –∞–¥—Ä–µ—Å. –ü–µ—Ä–µ—Ö–æ–¥–∏—Ç –∫ —Å—á–∏
                            —Ç—ã–≤–∞–Ω–∏—é –¥–∞–Ω–Ω—ã—Ö –æ—Ç–ø—Ä–∞–≤–ª—è–µ–º—ã—Ö
0095   18AE           00349                 btfsc ButtonModes, SB0_M1
0096   2???           00350                         GOTO Fix_data_TX
                      00351                                 
0097   082F           00352                         movf SEV_SEGM_reg, w
0098   00AC           00353                         movwf ADDR_reg
0099   30FF           00354                         movlw 0FFh
009A   00AF           00355                         movwf SEV_SEGM_reg
009B   102E           00356                         bcf ButtonModes, SB0_M0  ;  –ï—Å–ª–∏ Z = 0
009C   14AE           00357                         bsf ButtonModes, SB0_M1  ;  –ï—Å–ª–∏ Z = 0
009D   2???           00358                         CALL SB1_INC_HNDL
009E   0008           00359                         return
                      00360 
Warning[207]: Found label after column 1. (Fix_data_TX)
009F                  00361         Fix_data_TX  ; 3 (10) - —Ñ–∏–∫—Å–∏—Ä—É—é—Ç—Å—è –æ—Ç–ø—Ä–∞–≤–ª—è–µ–º—ã–µ –¥–∞–Ω–Ω—ã–µ –ò –æ—Ç–ø—Ä
                            –∞–≤–∫–∞ –¥–∞–Ω–Ω—ã—Ö –∏ –∞–¥—Ä–µ—Å–∞
009F   1CAE           00362                 btfss ButtonModes, SB0_M1
00A0   0008           00363                         return                                  ; WTF (TODO)
00A1   182E           00364                         btfsc ButtonModes, SB0_M0
00A2   2???           00365                                 GOTO Send_to_TX         ; –º–± –Ω–µ —Ç–∞–∫ –Ω–∞–¥–æ?? (TODO)
00A3   082F           00366                         movf SEV_SEGM_reg, w
00A4   00AD           00367                         movwf DATA_reg
00A5   142E           00368                         bsf ButtonModes, SB0_M0
00A6   14A0           00369                         bsf UART_CON, TR_F
                      00370                         ;banksel IOCB
                      00371                         ;bcf IOCB, TX
                      00372                         ;bcf IOCB, RX
00A7   0008           00373                         return
                      00374         
Warning[207]: Found label after column 1. (Send_to_TX)
00A8                  00375         Send_to_TX
                      00376                         ;bcf UART_CON, TX
                      00377                         ;banksel IOCB
                      00378                         ;bcf IOCB, TX
                      00379                         ;bcf IOCB, RX
                      00380                         ;bcf IOCB, GPIO0        
00A8   1283           00381                         banksel INTCON
00A9   118B           00382                         bcf INTCON, GPIE
                      00383                         ;bcf LastPressedBtns, SB_SEND_Ch        ; –ß—Ç–æ–±—ã –Ω–µ –±—ã–ª–æ –ª–∏—à–Ω–∏—Ö 
                            –≤—ã–∑–æ–≤–æ–≤
                      00384 
00AA   1283           00385                         banksel GPIO
00AB   1485           00386                         bsf GPIO, TX
                      00387                         ;bsf GPIO, TX
00AC   1683           00388                         banksel TRISIO
Message[302]: Register in operand not in bank 0.  Ensure that bank bits are correct.
00AD   1685           00389                         bsf TRISIO, RX
Message[302]: Register in operand not in bank 0.  Ensure that bank bits are correct.
00AE   1085           00390                         bcf TRISIO, TX
MPASM 5.76                          MAIN.ASM   12-5-2021  6:03:49         PAGE 10


LOC  OBJECT CODE     LINE SOURCE TEXT
  VALUE

00AF   1683           00391                         banksel WPU
Message[302]: Register in operand not in bank 0.  Ensure that bank bits are correct.
00B0   1495           00392                         bsf WPU, TX
                      00393                         
00B1   2???           00394                         CALL TRSF_HNDL
                      00395                         
00B2   01A0           00396                         clrf UART_CON 
00B3   17A0           00397                         bsf UART_CON, BanReceiveZ9Bit_F                                 ; TODO (–ü–†–ê–í
                            –ò–õ–¨–ù–û –õ–ò???)
00B4   01AE           00398                         clrf ButtonModes
00B5   1683           00399                         banksel WPU
Message[302]: Register in operand not in bank 0.  Ensure that bank bits are correct.
00B6   1095           00400                         bcf WPU, TX
00B7   1683           00401                         banksel TRISIO
00B8   302B           00402                         movlw TRISIO_INT
Message[302]: Register in operand not in bank 0.  Ensure that bank bits are correct.
00B9   0085           00403                         movwf TRISIO
00BA   1683           00404                         banksel IOCB
Message[302]: Register in operand not in bank 0.  Ensure that bank bits are correct.
00BB   1096           00405                         bcf IOCB, TX
Message[302]: Register in operand not in bank 0.  Ensure that bank bits are correct.
00BC   1696           00406                         bsf IOCB, RX
Message[302]: Register in operand not in bank 0.  Ensure that bank bits are correct.
00BD   1416           00407                         bsf IOCB, GPIO0
00BE   1283           00408                         banksel INTCON
00BF   158B           00409                         bsf INTCON, GPIE
                      00410                         ;clrf SEV_SEGM_reg
                      00411 
00C0   0008           00412                         return
                      00413         
00C1                  00414 Select_Display_Info
00C1   1283           00415         banksel STATUS
Warning[207]: Found label after column 1. (If_0_on7segm)
00C2                  00416         If_0_on7segm
00C2   3000           00417                 movlw 00h
00C3   062F           00418                 xorwf SEV_SEGM_reg, w
00C4   1D03           00419                 btfss STATUS, Z
00C5   2???           00420                         GOTO If_1_on7segm; –ù–µ —Å–æ–≤–ø–∞–ª–æ —Å "0"
00C6   30FC           00421                         movlw b'11111100'
00C7   00A7           00422                         movwf Lcd_data
00C8   0008           00423                         return
                      00424 
Warning[207]: Found label after column 1. (If_1_on7segm)
00C9                  00425         If_1_on7segm
00C9   3001           00426                 movlw 01h
00CA   062F           00427                 xorwf SEV_SEGM_reg, w
00CB   1D03           00428                 btfss STATUS, Z
00CC   2???           00429                         GOTO If_2_on7segm; –ù–µ —Å–æ–≤–ø–∞–ª–æ —Å "1"
00CD   3060           00430                         movlw b'01100000'
00CE   00A7           00431                         movwf Lcd_data
00CF   0008           00432                         return
                      00433 
Warning[207]: Found label after column 1. (If_2_on7segm)
MPASM 5.76                          MAIN.ASM   12-5-2021  6:03:49         PAGE 11


LOC  OBJECT CODE     LINE SOURCE TEXT
  VALUE

00D0                  00434         If_2_on7segm
00D0   3002           00435                 movlw 02h
00D1   062F           00436                 xorwf SEV_SEGM_reg, w
00D2   1D03           00437                 btfss STATUS, Z
00D3   2???           00438                         GOTO If_3_on7segm; –ù–µ —Å–æ–≤–ø–∞–ª–æ —Å "2"
00D4   30DA           00439                         movlw b'11011010'
00D5   00A7           00440                         movwf Lcd_data
00D6   0008           00441                         return
                      00442 
Warning[207]: Found label after column 1. (If_3_on7segm)
00D7                  00443         If_3_on7segm
00D7   3003           00444                 movlw 03h
00D8   062F           00445                 xorwf SEV_SEGM_reg, w
00D9   1D03           00446                 btfss STATUS, Z
00DA   2???           00447                         GOTO If_4_on7segm; –ù–µ —Å–æ–≤–ø–∞–ª–æ —Å "3"
00DB   30F2           00448                         movlw b'11110010'
00DC   00A7           00449                         movwf Lcd_data
00DD   0008           00450                         return
                      00451 
Warning[207]: Found label after column 1. (If_4_on7segm)
00DE                  00452         If_4_on7segm
00DE   3004           00453                 movlw 04h
00DF   062F           00454                 xorwf SEV_SEGM_reg, w
00E0   1D03           00455                 btfss STATUS, Z
00E1   2???           00456                         GOTO If_5_on7segm; –ù–µ —Å–æ–≤–ø–∞–ª–æ —Å "4"
00E2   3066           00457                         movlw b'01100110'
00E3   00A7           00458                         movwf Lcd_data
00E4   0008           00459                         return
                      00460 
Warning[207]: Found label after column 1. (If_5_on7segm)
00E5                  00461         If_5_on7segm
00E5   3005           00462                 movlw 05h
00E6   062F           00463                 xorwf SEV_SEGM_reg, w
00E7   1D03           00464                 btfss STATUS, Z
00E8   2???           00465                         GOTO If_6_on7segm; –ù–µ —Å–æ–≤–ø–∞–ª–æ —Å "5"
00E9   30B6           00466                         movlw b'10110110'
00EA   00A7           00467                         movwf Lcd_data
00EB   0008           00468                         return
                      00469 
Warning[207]: Found label after column 1. (If_6_on7segm)
00EC                  00470         If_6_on7segm
00EC   3006           00471                 movlw 06h
00ED   062F           00472                 xorwf SEV_SEGM_reg, w
00EE   1D03           00473                 btfss STATUS, Z
00EF   2???           00474                         GOTO If_7_on7segm; –ù–µ —Å–æ–≤–ø–∞–ª–æ —Å "6"
00F0   30BE           00475                         movlw b'10111110'
00F1   00A7           00476                         movwf Lcd_data
00F2   0008           00477                         return
                      00478 
Warning[207]: Found label after column 1. (If_7_on7segm)
00F3                  00479         If_7_on7segm
00F3   3007           00480                 movlw 07h
00F4   062F           00481                 xorwf SEV_SEGM_reg, w
MPASM 5.76                          MAIN.ASM   12-5-2021  6:03:49         PAGE 12


LOC  OBJECT CODE     LINE SOURCE TEXT
  VALUE

00F5   1D03           00482                 btfss STATUS, Z
00F6   2???           00483                         GOTO If_8_on7segm; –ù–µ —Å–æ–≤–ø–∞–ª–æ —Å "7"
00F7   30E0           00484                         movlw b'11100000'
00F8   00A7           00485                         movwf Lcd_data
00F9   0008           00486                         return
                      00487                         
Warning[207]: Found label after column 1. (If_8_on7segm)
00FA                  00488         If_8_on7segm
00FA   3008           00489                 movlw 08h
00FB   062F           00490                 xorwf SEV_SEGM_reg, w
00FC   1D03           00491                 btfss STATUS, Z
00FD   2???           00492                         GOTO If_9_on7segm; –ù–µ —Å–æ–≤–ø–∞–ª–æ —Å "8"
00FE   30FE           00493                         movlw b'11111110'
00FF   00A7           00494                         movwf Lcd_data
0100   0008           00495                         return
                      00496 
Warning[207]: Found label after column 1. (If_9_on7segm)
0101                  00497         If_9_on7segm
0101   3009           00498                 movlw 09h
0102   062F           00499                 xorwf SEV_SEGM_reg, w
0103   1D03           00500                 btfss STATUS, Z
0104   2???           00501                         GOTO If_ERR; –ù–µ —Å–æ–≤–ø–∞–ª–æ —Å "9"
0105   30F6           00502                         movlw b'11110110'
0106   00A7           00503                         movwf Lcd_data
0107   0008           00504                         return
                      00505         
Warning[207]: Found label after column 1. (If_ERR)
0108                  00506         If_ERR
0108   3002           00507                 movlw b'00000010'
0109   00A7           00508                 movwf Lcd_data
010A   30FF           00509                 movlw 0FFh
010B   00AF           00510                 movwf SEV_SEGM_reg
010C   0008           00511                 return
                      00512 
                      00513 
                      00514 
010D                  00515 Disp_Info_7seg
010D   1283           00516         banksel GPIO
010E   3009           00517         movlw .9
010F   00A8           00518         movwf Loop_ident
Warning[207]: Found label after column 1. (Loop_Disp_bits)
0110                  00519         Loop_Disp_bits
Message[305]: Using default destination of 1 (file).
0110   0BA8           00520                 decfsz Loop_ident
0111   2???           00521                         GOTO Fill_LCD_bit
0112   2???           00522                         GOTO Shift_reg
Warning[207]: Found label after column 1. (Fill_LCD_bit)
0113                  00523                         Fill_LCD_bit
0113   1C27           00524                                 btfss Lcd_data, 00h
0114   2???           00525                                         GOTO Conf_0bit
0115   1685           00526                                                 bsf GPIO, GPIO5
0116   2???           00527                                                 GOTO Transfer_bit_to_7seg
                      00528                                         
MPASM 5.76                          MAIN.ASM   12-5-2021  6:03:49         PAGE 13


LOC  OBJECT CODE     LINE SOURCE TEXT
  VALUE

Warning[207]: Found label after column 1. (Conf_0bit)
0117                  00529                                         Conf_0bit
0117   1285           00530                                                 bcf GPIO, GPIO5
                      00531 
Warning[207]: Found label after column 1. (Transfer_bit_to_7seg)
0118                  00532                                         Transfer_bit_to_7seg
0118   1205           00533                                                 bcf GPIO, GPIO4
0119   1605           00534                                                 bsf GPIO, GPIO4
011A   1205           00535                                                 bcf GPIO, GPIO4
011B   1283           00536                                                 banksel STATUS
011C   1003           00537                                                 bcf STATUS, C
011D   0CA7           00538                                                 rrf Lcd_data, f
011E   2???           00539                                                 GOTO Loop_Disp_bits
                      00540                         
Warning[207]: Found label after column 1. (Shift_reg)
011F                  00541                         Shift_reg
011F   1505           00542                                 bsf GPIO, GPIO2
0120   1105           00543                                 bcf GPIO, GPIO2
0121   0008           00544                                 return
                      00545 
0122                  00546 SB1_INC_HNDL
0122   1C20           00547         btfss UART_CON, BUSY_F
0123   0008           00548                 return ; –ï—Å–ª–∏ –Ω–µ –∑–∞–Ω—è—Ç - –Ω–∞—Ö –Ω–∞–¥–æ —á—Ç–æ-—Ç–æ –∏–Ω–∫—Ä–µ–º–µ–Ω—Ç–∏—Ä–æ
                            –≤–∞—Ç—å? –î–µ–ª–∞—Ç—å –Ω–µ—Ö—Ä–µ–Ω??
Message[305]: Using default destination of 1 (file).
0124   0AAF           00549                 incf SEV_SEGM_reg
Warning[207]: Found label after column 1. (InfoDispayAlg)
0125                  00550         InfoDispayAlg   
0125   2???           00551                 CALL Select_Display_Info
0126   2???           00552                 CALL Disp_Info_7seg
                      00553                 ; TODO –ù–ê–î–û –º–µ–Ω—è—Ç—å –∫–∞–∫–∏–µ-—Ç–æ –§–õ–ê–ì–ò 100%
0127   0008           00554                 return 
                      00555 
                      00556 
                      00557 
                      00558 
                      00559 
                      00560 
                      00561 
                      00562 
                      00563 
                      00564 
                      00565         
0128                  00566 GPIO_INT
                      00567         ;btfss UART_CON, BUSY_F
                      00568         ;       retfie   ; TODO –ú–± –≠–¢–û –ù–ï–ü–†–ê–í–ò–õ–¨–ù–û
                      00569 ;        –ï—Å–ª–∏ UART —Ä–∞–±–æ—Ç–∞–µ—Ç, —Ç–æ –ø—Ä–æ–≤–µ—Ä–∏–º –¥–∞–ª—å—à–µ —á—Ç–æ –±—ã–ª–æ –Ω–∞–∂–∞—Ç–æ
                             (–ø–æ —Ä–µ–∂–∏–º—É UART)
0128   2???           00570         CALL FindPortDiff
0129   1920           00571         btfsc UART_CON, RD_F; –ï—Å–ª–∏ —É—Å—Ç–∞–Ω–æ–≤–∏–ª—Å—è —Ñ–ª–∞–≥ RD_F –ø–æ –ø—Ä–µ—Ä—ã–≤–∞–Ω–∏—é, —
                            Ç–æ –∑–Ω–∞—á–∏—Ç –ø—Ä–∏—à—ë–ª start-–±–∏—Ç –ü–û–°–´–õ–ö–ò - –∏ –Ω–∞ –≤—Å—ë –æ—Å—Ç–∞–ª—å–Ω–æ–µ –ø
012A   2???           00572                 CALL GET_MSG
012B   18AB           00573         btfsc LastPressedBtns, SB_INC_Ch
MPASM 5.76                          MAIN.ASM   12-5-2021  6:03:49         PAGE 14


LOC  OBJECT CODE     LINE SOURCE TEXT
  VALUE

012C   2???           00574                 CALL SB1_INC_HNDL; –ï—Å–ª–∏ –∫–Ω–æ–ø–∫–∞ INC –Ω–∞–∂–∞—Ç–∞
012D   182B           00575         btfsc LastPressedBtns, SB_SEND_Ch 
012E   2???           00576                 CALL SB0_SEND_HNDL; –ï—Å–ª–∏ –∫–Ω–æ–ø–∫–∞ SEND –Ω–∞–∂–∞—Ç–∞
012F   01AB           00577         clrf LastPressedBtns
0130   1283           00578         banksel GPIO
0131   0805           00579         movf GPIO, w
0132   00A5           00580         movwf LastPortState
0133   1283           00581         banksel INTCON
0134   100B           00582         bcf INTCON, GPIF
0135   0009           00583         retfie  ; TODO –ü—Ä–æ–≤–µ—Ä–∏—Ç—å –¥–æ—Å—Ç–∞—Ç–æ—á–Ω–æ –ª–∏ —ç—Ç–æ–≥–æ!
                      00584         
                      00585         
0136                  00586 T0_INT  ; –°–∫–æ—Ä–æ—Å—Ç—å –≤ 9600 –±–∏—Ç/—Å
0136   1C20           00587         btfss UART_CON, BUSY_F ; –ü—Ä–æ–≤–µ—Ä–∫–∞, —á—Ç–æ UART —Ä–∞–±–æ—Ç–∞–µ—Ç —Å–µ–π—á–∞—Å (–∞ –Ω–µ –ø
                            —Ä–æ—Å—Ç–∞–∏–≤–∞–µ—Ç)
0137   0009           00588                 retfie  ; CHECK IT (–¢–ê–ö –ö–ê–ö –ú–û–ì–£–¢ –ë–´–¢–¨ –î–†–£–ì–ò–ï –ü–†–ò–ß–ò–ù–´ –†–ê–ë
                            –û–¢–´ –¢–ê–ô–ú–ï–†–ê 0!!!!!!!!!!!!!!!!!!)
                      00589                 
                      00590         ;–ï—Å–ª–∏ T0_mode  == 1, —Ç–æ —ç—Ç–æ —Ü–µ–ª—ã–π –±–∏—Ç
                      00591         ;–ï—Å–ª–∏ T0_mode  == 0, —Ç–æ —ç—Ç–æ –ø–æ–ª –±–∏—Ç–∞
0138   1D21           00592         btfss UART_t0, Simple_TMR
0139   2???           00593                 GOTO Baud_Control
013A   1121           00594                 bcf UART_t0, Simple_TMR
013B   128B           00595                 bcf INTCON, T0IE
013C   110B           00596                 bcf INTCON, T0IF
013D   0008           00597                 return
                      00598                 
Warning[207]: Found label after column 1. (Baud_Control)
013E                  00599         Baud_Control
013E   1283           00600                 banksel INTCON
013F   19A0           00601                 btfsc UART_CON, T0_MODE
0140   2???           00602                         GOTO T0_UPD_Baud
0141   2???           00603                         GOTO T0_UPD_HalfBaud
                      00604                 
Warning[207]: Found label after column 1. (T0_UPD_Baud)
0142                  00605                 T0_UPD_Baud
0142   10A1           00606                         bcf UART_t0, WAIT_FullBaud
                      00607                         
0143   128B           00608                         bcf INTCON, T0IE
0144   110B           00609                         bcf INTCON, T0IF
0145   0008           00610                         return
Warning[207]: Found label after column 1. (T0_UPD_HalfBaud)
0146                  00611                 T0_UPD_HalfBaud
0146   1021           00612                         bcf UART_t0, WAIT_HalfBaud
0147   128B           00613                         bcf INTCON, T0IE
0148   110B           00614                         bcf INTCON, T0IF
0149   0008           00615                         return
                      00616                         
                      00617                 
                      00618                 
014A                  00619 T1_INT  
014A   1F20           00620         btfss UART_CON, SEG7_Display_F
014B   2???           00621                 GOTO UpdateTMR1 ; –ï—Å–ª–∏ —Ñ–ª–∞–≥ –ø–æ—á–µ–º—É-—Ç–æ –Ω–µ —Å—Ç–æ–∏—Ç (TODO)
MPASM 5.76                          MAIN.ASM   12-5-2021  6:03:49         PAGE 15


LOC  OBJECT CODE     LINE SOURCE TEXT
  VALUE

                      00622         
014C   1283           00623                 banksel STATUS
Warning[207]: Found label after column 1. (If_Disp_A)
014D                  00624                 If_Disp_A
014D   3000           00625                         movlw .0
014E   0630           00626                         xorwf GotMsgDispMode, w
014F   1D03           00627                         btfss STATUS, Z
0150   2???           00628                                 GOTO If_Disp_dash
0151   30EE           00629                                 movlw b'11101110'
0152   00A7           00630                                 movwf Lcd_data
0153   2???           00631                                 CALL Disp_Info_7seg
0154   0AB0           00632                                 incf GotMsgDispMode, f
0155   2???           00633                                 GOTO UpdateTMR1
                      00634 
Warning[207]: Found label after column 1. (If_Disp_dash)
0156                  00635                 If_Disp_dash
0156   3001           00636                         movlw .1
0157   0630           00637                         xorwf GotMsgDispMode, w
0158   1D03           00638                         btfss STATUS, Z
0159   2???           00639                                 GOTO If_Disp_GotAddr
Warning[207]: Found label after column 1. (Disp_dash)
015A                  00640                         Disp_dash
015A   3002           00641                                 movlw b'00000010'
015B   00A7           00642                                 movwf Lcd_data
015C   2???           00643                                 CALL Disp_Info_7seg
015D   0AB0           00644                                 incf GotMsgDispMode, f
015E   2???           00645                                 GOTO UpdateTMR1
                      00646                 
Warning[207]: Found label after column 1. (If_Disp_GotAddr)
015F                  00647                 If_Disp_GotAddr
015F   3002           00648                         movlw .2
0160   0630           00649                         xorwf GotMsgDispMode, w
0161   1D03           00650                         btfss STATUS, Z
0162   2???           00651                                 GOTO If_Disp_D
0163   082C           00652                                 movf ADDR_reg, w
0164   00AF           00653                                 movwf SEV_SEGM_reg
0165   2???           00654                                 CALL InfoDispayAlg
0166   0AB0           00655                                 incf GotMsgDispMode, f
0167   2???           00656                                 GOTO UpdateTMR1
                      00657 
Warning[207]: Found label after column 1. (If_Disp_D)
0168                  00658                 If_Disp_D
0168   3003           00659                         movlw .3
0169   0630           00660                         xorwf GotMsgDispMode, w
016A   1D03           00661                         btfss STATUS, Z
016B   2???           00662                                 GOTO If_DispSecondDash
016C   307A           00663                                 movlw b'01111010'
016D   00A7           00664                                 movwf Lcd_data
016E   2???           00665                                 CALL Disp_Info_7seg
016F   0AB0           00666                                 incf GotMsgDispMode, f
0170   2???           00667                                 GOTO UpdateTMR1
                      00668                 
Warning[207]: Found label after column 1. (If_DispSecondDash)
MPASM 5.76                          MAIN.ASM   12-5-2021  6:03:49         PAGE 16


LOC  OBJECT CODE     LINE SOURCE TEXT
  VALUE

0171                  00669                 If_DispSecondDash
0171   3004           00670                         movlw .4
0172   0630           00671                         xorwf GotMsgDispMode, w
0173   1D03           00672                         btfss STATUS, Z
0174   2???           00673                                 GOTO If_Disp_GotData
0175   2???           00674                                 GOTO Disp_dash
                      00675 
Warning[207]: Found label after column 1. (If_Disp_GotData)
0176                  00676                 If_Disp_GotData
0176   3005           00677                         movlw .5
0177   0630           00678                         xorwf GotMsgDispMode, w
0178   1D03           00679                         btfss STATUS, Z
0179   2???           00680                                 GOTO SmthNotOKWithTMR1
                      00681                                 
017A   082D           00682                                 movf DATA_reg, w
017B   00AF           00683                                 movwf SEV_SEGM_reg
017C   2???           00684                                 CALL InfoDispayAlg
                      00685                                 
017D   01B0           00686                                 clrf GotMsgDispMode
017E   15A1           00687                                 bsf UART_t0, T1_Busy_on_display
017F   1683           00688                                 banksel IOCB
Message[302]: Register in operand not in bank 0.  Ensure that bank bits are correct.
0180   0196           00689                                 clrf IOCB
Message[302]: Register in operand not in bank 0.  Ensure that bank bits are correct.
0181   1416           00690                                 bsf IOCB, GPIO0
0182   1283           00691                                 banksel INTCON
0183   158B           00692                                 bsf INTCON, GPIE
0184   2???           00693                                 GOTO UpdateTMR1
                      00694 
Warning[207]: Found label after column 1. (SmthNotOKWithTMR1)
0185                  00695         SmthNotOKWithTMR1
0185   0000           00696                 NOP             ; –ü–æ—Å—Ç–∞–≤—å —Ç–æ—á–∫—É –æ—Å—Ç–∞–Ω–æ–≤—ã
Warning[207]: Found label after column 1. (UpdateTMR1)
0186                  00697         UpdateTMR1
0186   1283           00698                 banksel TMR1L
0187   307F           00699                 movlw 7Fh
0188   008E           00700                 movwf TMR1L
0189   008F           00701                 movwf TMR1H
018A   1283           00702                 banksel PIR1
018B   100C           00703                 bcf PIR1, TMR1IF
018C   0009           00704                 retfie
                      00705 
018D                  00706 TRSF_HNDL
                      00707         ; –í—ã–∑—ã–≤–∞–µ—Ç—Å—è, –µ—Å–ª–∏ —Ä–µ–∂–∏–º –æ—Ç–ø—Ä–∞–≤–∫–∏ —Å–æ–æ–±—â–µ–Ω–∏–π, UART —Å–≤–æ–±–æ
                            –¥–µ–Ω –∏ –±—ã–ª–∞ –Ω–∞–∂–∞—Ç–∞ –∫–Ω–æ–ø–∫–∞ SB0_SEND, –¥–ª—è –∏–Ω–∏—Ü–∏–∞–ª–∏–∑–∞—Ü–∏–∏ –æ—Ç–ø—
                      00708         ; –°–Ω–∞—á–∞–ª–∞ –≤—ã–±–∏—Ä–∞–µ—Ç—Å—è –∞–¥—Ä–µ—Å –æ—Ç–ø—Ä–∞–≤–∏—Ç–µ–ª—è. –î–ª—è —ç—Ç–æ–≥–æ –≤—ã–
                            ∑—ã–≤–∞–µ—Ç—Å—è —Ñ—É–Ω–∫—Ü–∏—è –ø–æ—Å—Ç–æ—è–Ω–Ω–æ–≥–æ –æ–±–Ω–æ–≤–ª–µ–Ω–∏—è 
                      00709         ;banksel TRISIO
                      00710         ;bcf TRISIO, TX
                      00711         
                      00712         
018D   082C           00713         movf ADDR_reg, w
018E   3820           00714         iorlw b'00100000'
MPASM 5.76                          MAIN.ASM   12-5-2021  6:03:49         PAGE 17


LOC  OBJECT CODE     LINE SOURCE TEXT
  VALUE

018F   00A9           00715         movwf SERBUF
0190   16A0           00716         bsf UART_CON, BIT9
0191   2???           00717         CALL SEND_MSG   ; –î–∞–ª–µ–µ –æ—Ç–ø—Ä–∞–≤–ª—è–µ—Ç—Å—è –¥–∞–Ω–Ω—ã–π –±–∏—Ç –≤ TX
                      00718         ; –î–∞–ª–µ–µ —Å–Ω–æ–≤–∞ —Ä–µ–∂–∏–º –≤—ã–±–æ—Ä–∞ –¥–∞–Ω–Ω—ã—Ö –æ—Ç–ø—Ä–∞–≤–ª—è–µ–º—ã—Ö
                      00719         ; –ü–æ –Ω–∞–∂–∞—Ç–∏—é SB_SEND —Ñ–∏–∫—Å–∏—Ä—É—é—Ç—Å—è –¥–∞–Ω–Ω—ã–µ 
                      00720         
0192   0181           00721         CLRF TMR0
0193   2???           00722         CALL StartSimpleT0
                      00723         ; WAIT –º–± –Ω—É–∂–µ–Ω!!!!!!!  TODO
                      00724 
0194   082D           00725         movf DATA_reg, w
0195   00A9           00726         movwf SERBUF
0196   12A0           00727         bcf UART_CON, BIT9
0197   2???           00728         CALL SEND_MSG
0198   0008           00729         return
                      00730         ; –û—Ç–ø—Ä–∞–≤–∫–∞ –¥–∞–Ω–Ω—ã—Ö –≤ TX
                      00731         ; –°–±—Ä–æ—Å —Ä–µ–∂–∏–º–æ–≤ —Ä–∞–±–æ—Ç—ã –≤ –∏–∑–Ω–∞—á–∞–ª—å–Ω–æ–µ —Å–æ—Å—Ç–æ—è–Ω–∏–µ. –ñ–¥—ë–º 
                            –∏–ª–∏ –Ω–∞–∂–∞—Ç–∏—è –∫–Ω–æ–ø–∫–∏ SB_SEND, –∏–ª–∏ –ø—Ä–∏—Ö–æ–¥–∞ –ø–∞–∫–µ—Ç–∞.
                      00732         
0199                  00733 StartSimpleT0
0199   1283           00734         banksel INTCON
019A   168B           00735         bsf INTCON, T0IE
019B   1283           00736         banksel INTCON
019C   100B           00737         bcf INTCON, GPIF
019D   110B           00738         bcf INTCON, T0IF
019E   130B           00739         bcf INTCON, PEIE 
019F   178B           00740         bsf INTCON, GIE         ; –†–∞–∑—Ä–µ—à–∞–µ–º –ø—Ä–µ—Ä—ã–≤–∞–Ω–∏—è (–¢–∞–π–º–µ—Ä)
01A0   1521           00741         bsf UART_t0, Simple_TMR
Warning[207]: Found label after column 1. (WAIT_SimpleTMR)
01A1                  00742         WAIT_SimpleTMR
01A1   1921           00743                 btfsc UART_t0, Simple_TMR
01A2   2???           00744                         GOTO WAIT_SimpleTMR
01A3   138B           00745                         bcf INTCON, GIE         ; –†–∞–∑—Ä–µ—à–∞–µ–º –ø—Ä–µ—Ä—ã–≤–∞–Ω–∏—è (–¢–∞–π–º–µ—Ä)
01A4   170B           00746                         bsf INTCON, PEIE 
01A5   0008           00747                         return
                      00748         
01A6                  00749 HalfBaud
01A6   0000           00750         NOP
01A7   0000           00751         NOP
01A8   0000           00752         NOP
01A9   0000           00753         NOP
01AA   0000           00754         NOP
01AB   0000           00755         NOP
01AC   0000           00756         NOP
01AD   0000           00757         NOP
01AE   0000           00758         NOP
01AF   0000           00759         NOP
01B0   0000           00760         NOP
01B1   0000           00761         NOP
01B2   0000           00762         NOP
01B3   0000           00763         NOP
01B4   0000           00764         NOP
01B5   0000           00765         NOP
MPASM 5.76                          MAIN.ASM   12-5-2021  6:03:49         PAGE 18


LOC  OBJECT CODE     LINE SOURCE TEXT
  VALUE

01B6   0000           00766         NOP
01B7   0000           00767         NOP
01B8   0000           00768         NOP
01B9   0000           00769         NOP
01BA   0008           00770         return
                      00771         
01BB                  00772 OneBaud
01BB   30C9           00773         movlw .201
01BC   1283           00774         banksel TMR0
01BD   0081           00775         movwf TMR0
01BE   1283           00776         banksel INTCON
01BF   168B           00777         bsf INTCON, T0IE
01C0   15A0           00778         bsf UART_CON, T0_MODE
01C1   14A1           00779         bsf UART_t0, WAIT_FullBaud
01C2   1283           00780         banksel INTCON
01C3   100B           00781         bcf INTCON, GPIF
01C4   110B           00782         bcf INTCON, T0IF
01C5   130B           00783         bcf INTCON, PEIE 
01C6   178B           00784         bsf INTCON, GIE         ; –†–∞–∑—Ä–µ—à–∞–µ–º –ø—Ä–µ—Ä—ã–≤–∞–Ω–∏—è (–¢–∞–π–º–µ—Ä)
Warning[207]: Found label after column 1. (WAIT_forFullBaud)
01C7                  00785         WAIT_forFullBaud
01C7   18A1           00786                 btfsc UART_t0, WAIT_FullBaud
01C8   2???           00787                         GOTO WAIT_forFullBaud
01C9   138B           00788                         bcf INTCON, GIE         ; –†–∞–∑—Ä–µ—à–∞–µ–º –ø—Ä–µ—Ä—ã–≤–∞–Ω–∏—è (–¢–∞–π–º–µ—Ä)
01CA   170B           00789                         bsf INTCON, PEIE 
01CB   0008           00790                         return
                      00791         
01CC                  00792 Start_Displaying_GotMessage
                      00793         ; –ï—Å–ª–∏ –ø–æ–ª—É—á–∏–ª–∏ —Å–æ–æ–±—â–µ–Ω–∏–µ (—Å–Ω–∞—á–∞–ª–∞ –∞–¥—Ä–µ—Å), –ø–æ—Ç–æ–º –¥–∞–Ω–Ω—
                            ã–µ
                      00794         ; –ó–∞–ø—É—Å–∫–∞–µ—Ç—Å—è —Ç–∞–π–º–µ—Ä T1. –ö–∞–∂–¥—É—é –ø—Ä–∏–º–µ—Ä–Ω–æ —Å–µ–∫—É–Ω–¥—É –±—É–¥–µ—
                            Ç –æ—Ç–æ–±—Ä–∞–∂–∞—Ç—å—Å—è —Ç–æ –ê–¥—Ä–µ—Å, –æ—Ç –∫–æ–≥–æ, —Ç–æ –¥–∞–Ω–Ω—ã–µ
                      00795         ; –ê - # d - #
                      00796         ; –í—ã–∫–ª—é—á–∞–µ–º –ø—Ä–µ—Ä—ã–≤–∞–Ω–∏—è –ø–æ TX –∏ RX
                      00797         
01CC   1283           00798         banksel STATUS
01CD   0830           00799         movf GotMsgDispMode, w
01CE   1D03           00800         btfss STATUS, Z
01CF   2???           00801                 GOTO OtherModes; –ï—Å–ª–∏ –ù–ï —Ä–µ–∂–∏–º 0
                      00802         
                      00803         ; –ï—Å–ª–∏ —Ä–µ–∂–∏–º 0
01D0   1283           00804         banksel TMR1L
01D1   307F           00805         movlw 7Fh
01D2   008E           00806         movwf TMR1L
01D3   008F           00807         movwf TMR1H
                      00808         
01D4   1683           00809         banksel PIE1
Message[302]: Register in operand not in bank 0.  Ensure that bank bits are correct.
01D5   100C           00810         bcf PIE1, TMR1IE                        ; –°–ü–ï–¶–ò–ê–õ–¨–ù–û –í–´–ö–õ–Æ–ß–ê–ï–ú –î–û –¢–ï–• –ü
                            –û–†, –ü–û–ö–ê –ù–ï –ë–£–î–ï–¢ –ù–ê–ñ–ê–¢–ê –ö–ù–û–ü–ö–ê SEND –ü–û–õ–¨–ó–û–í–ê–¢–ï–õ–ï–ú!!!
                      00811 
01D6   1683           00812         banksel TRISIO
Message[302]: Register in operand not in bank 0.  Ensure that bank bits are correct.
MPASM 5.76                          MAIN.ASM   12-5-2021  6:03:49         PAGE 19


LOC  OBJECT CODE     LINE SOURCE TEXT
  VALUE

01D7   1685           00813         bsf TRISIO, GPIO5 ; –î–µ–ª–∞–µ–º –ü–æ—Ä—Ç 5 "–í–≤–æ–¥–æ–º",–ø–æ–∫–∞ –Ω–µ –±—É–¥–µ—Ç —Å–¥–µ–ª–∞–Ω
                            –æ –ø–µ—Ä–µ–∫–ª—é—á–µ–Ω–∏–µ
Message[302]: Register in operand not in bank 0.  Ensure that bank bits are correct.
01D8   1485           00814         bsf TRISIO, TX
Message[302]: Register in operand not in bank 0.  Ensure that bank bits are correct.
01D9   1405           00815         bsf TRISIO, GPIO0
01DA   1683           00816         banksel IOCB 
Message[302]: Register in operand not in bank 0.  Ensure that bank bits are correct.
01DB   1296           00817         bcf IOCB, GPIO5 ;(–∑–∞–ø—Ä–µ—â–∞–µ–º –ø—Ä–µ—Ä—ã–≤–∞–Ω–∏—è)
Message[302]: Register in operand not in bank 0.  Ensure that bank bits are correct.
01DC   1416           00818         bsf IOCB, GPIO0
                      00819 
01DD   1283           00820         banksel T1CON
01DE   1690           00821         bsf T1CON, T1CKPS1
01DF   1610           00822         bsf T1CON, T1CKPS0
                      00823         
01E0   1120           00824         bcf UART_CON, RD_F
                      00825 
01E1   1283           00826         banksel INTCON
01E2   170B           00827         bsf INTCON, PEIE
01E3   158B           00828         bsf INTCON, GPIE
01E4   1410           00829         bsf T1CON, TMR1ON               ; –°—Ç–∞—Ä—Ç —Ç–∞–π–º–µ—Ä–∞
01E5   0008           00830         return
                      00831 
Warning[207]: Found label after column 1. (OtherModes)
01E6                  00832         OtherModes
                      00833                 ; WHAT THE FUCK? –Ø —Å—é–¥–∞ –Ω–µ –¥–æ–ª–∂–µ–Ω –±—ã–ª –ø–æ–ø–∞–¥–∞—Ç—å!!
01E6   0008           00834                 return ; TODO –≠—Ç–æ —á—Ç–æ-—Ç–æ —è–≤–Ω–æ –Ω–µ–ø—Ä–∞–≤–∏–ª—å–Ω–æ–µ!
                      00835 
                      00836                 
01E7                  00837 CheckIfForMe
01E7   0829           00838         movf SERBUF, w
01E8   00A6           00839         movwf Accum
01E9   300F           00840         movlw b'00001111'
01EA   05A6           00841         andwf Accum, f
01EB   3002           00842         movlw b'00000010'
01EC   06A6           00843         xorwf Accum, f
01ED   08A6           00844                 movf Accum, f
01EE   1903           00845         btfsc STATUS, Z
01EF   0008           00846                 return
01F0   0829           00847         movf SERBUF, w
01F1   00A6           00848         movwf Accum
01F2   300F           00849         movlw b'00001111'
01F3   05A6           00850         andwf Accum, f
01F4   30FC           00851         movlw b'11111100'
01F5   0726           00852         addwf Accum, w
01F6   1283           00853         banksel STATUS
01F7   1803           00854         btfsc STATUS, C
01F8   2???           00855                 GOTO Wide
01F9   30FF           00856         movlw 0FFh
01FA   00A6           00857         movwf Accum
01FB   0008           00858         return
                      00859         
MPASM 5.76                          MAIN.ASM   12-5-2021  6:03:49         PAGE 20


LOC  OBJECT CODE     LINE SOURCE TEXT
  VALUE

Warning[207]: Found label after column 1. (Wide)
01FC                  00860         Wide
01FC   01A6           00861                 clrf Accum
01FD   0008           00862         return
                      00863         
                      00864                 
01FE                  00865 GET_MSG
01FE   1683           00866         banksel IOCB
Message[302]: Register in operand not in bank 0.  Ensure that bank bits are correct.
01FF   0196           00867         clrf IOCB
0200   1283           00868         banksel INTCON
0201   118B           00869         bcf INTCON, GPIE
0202   100B           00870         bcf INTCON, GPIF
0203   3008           00871         movlw .8
0204   00AA           00872         movwf TEMP
0205   01A9           00873         clrf SERBUF
0206   2???           00874         CALL HalfBaud
0207   1283           00875         banksel GPIO
Warning[207]: Found label after column 1. (Recieve_data)
0208                  00876         Recieve_data
0208   2???           00877                 CALL OneBaud
0209   1003           00878                 bcf STATUS, C
020A   0CA9           00879                 rrf SERBUF , f
020B   1A85           00880                 btfsc GPIO, RX
020C   17A9           00881                 bsf SERBUF, 7
020D   0BAA           00882                 decfsz TEMP, f
020E   2???           00883                 GOTO Recieve_data               
020F   2???           00884         CALL OneBaud
                      00885         ; –ß–∏—Ç–∞–µ–º 9 –±–∏—Ç
0210   1A85           00886         btfsc GPIO, RX
0211   2???           00887                 GOTO GetAddress; –ï—Å–ª–∏ –ø—Ä–∏—à—ë–ª 9 –±–∏—Ç == 1 (–∞–¥—Ä–µ—Å)
                      00888                 ; –ï—Å–ª–∏ –ø—Ä–∏—à—ë–ª 9 –±–∏—Ç == 0 (–¥–∞–Ω–Ω—ã–µ) - —Ç–æ –•–ó. –ù–∞–¥–æ –ø—Ä–æ–≤–µ—Ä–
                            ∏—Ç—å! 
                      00889                 ; (9bit == 0)
0212   1BA0           00890                 btfsc UART_CON, BanReceiveZ9Bit_F
0213   2???           00891                         GOTO  NotForMe; –ü–†–û–ü–£–°–ö –î–ê–ù–ù–û–ô –ü–û–°–´–õ–ö–ò! (–æ–∂–∏–¥–∞–ª–∏ –∞–¥
                            —Ä–µ—Å - –ø–æ–ª—É—á–∏–ª–∏ –¥–∞–Ω–Ω—ã–µ)
                      00892                         
0214   2???           00893                         CALL OneBaud
0215   1283           00894                         banksel GPIO
0216   1E85           00895                         btfss GPIO, RX
0217   2???           00896                                 GOTO NotForMe    ; –ï—Å–ª–∏ —É—Å–ø–µ—à–Ω–æ –¥–æ—à—ë–ª –ü–æ—Å–ª–µ–¥–Ω–∏–π
                             –±–∏—Ç
                      00897                         ; –ï–°–õ–ò –ü–û–õ–£–ß–ò–õ–ò –î–ê–ù–ù–´–ï - –ò –≠–¢–û –û–ö
0218   0829           00898                         movf SERBUF, w
0219   00AD           00899                         movwf DATA_reg
021A   2???           00900                                 CALL Start_Displaying_GotMessage
021B   0008           00901                                 return
                      00902 
Warning[207]: Found label after column 1. (GetAddress)
021C                  00903         GetAddress ; (9bit == 1)
021C   1FA0           00904                 btfss UART_CON, BanReceiveZ9Bit_F
021D   0008           00905                         return ; –ü–†–û–ü–£–°–ö –î–ê–ù–ù–û–ô –ü–û–°–´–õ–ö–ò! (–æ–∂–∏–¥–∞–ª–∏ –¥–∞–Ω–Ω—ã–
MPASM 5.76                          MAIN.ASM   12-5-2021  6:03:49         PAGE 21


LOC  OBJECT CODE     LINE SOURCE TEXT
  VALUE

                            µ - –ø–æ–ª—É—á–∏–ª–∏ –∞–¥—Ä–µ—Å)
                      00906                         
021E   2???           00907                         CALL OneBaud
021F   1283           00908                         banksel GPIO
0220   1E85           00909                         btfss GPIO, RX
0221   2???           00910                                 GOTO NotForMe    ; –ï—Å–ª–∏ —É—Å–ø–µ—à–Ω–æ –¥–æ—à—ë–ª –ü–æ—Å–ª–µ–¥–Ω–∏–π
                             –±–∏—Ç
                      00911                         ; –ê–¥—Ä–µ—Å
0222   2???           00912                         CALL CheckIfForMe
0223   1283           00913                         banksel STATUS
0224   08A6           00914                         movf Accum, f
0225   1D03           00915                         btfss STATUS, Z
0226   2???           00916                                 GOTO NotForMe;–ï—Å–ª–∏ –ø–æ—Å—ã–ª–∫–∞ –ù–ï –Ω–∞–º
0227   30F0           00917                         movlw b'11110000'
0228   05A9           00918                         andwf SERBUF, f
0229   1283           00919                         banksel STATUS
022A   1003           00920                         bcf STATUS, C
Message[305]: Using default destination of 1 (file).
022B   0CA9           00921                         rrf SERBUF
Message[305]: Using default destination of 1 (file).
022C   0CA9           00922                         rrf SERBUF
Message[305]: Using default destination of 1 (file).
022D   0CA9           00923                         rrf SERBUF
Message[305]: Using default destination of 1 (file).
022E   0CA9           00924                         rrf SERBUF
022F   0829           00925                         movf SERBUF, w                  ; –ù–µ –∑–Ω–∞—é –∑–∞—á–µ–º
0230   00AC           00926                         movwf ADDR_reg
0231   13A0           00927                         bcf UART_CON, BanReceiveZ9Bit_F
0232   1683           00928                         banksel IOCB
Message[302]: Register in operand not in bank 0.  Ensure that bank bits are correct.
0233   1696           00929                         bsf IOCB, RX
0234   1283           00930                         banksel INTCON
0235   158B           00931                         bsf INTCON, GPIE
0236   100B           00932                         bcf INTCON, GPIF                        
0237   0008           00933                         return
                      00934                 
Warning[207]: Found label after column 1. (NotForMe)
0238                  00935                 NotForMe
0238   1120           00936                         bcf UART_CON, RD_F
0239   2???           00937                         CALL Init                       
023A   0008           00938                         return
                      00939                         
Warning[207]: Found label after column 1. (NotOKAll)
023B                  00940         NotOKAll
023B   1683           00941                 banksel IOCB
023C   0821           00942                 movf IOC_INIT, w
Message[302]: Register in operand not in bank 0.  Ensure that bank bits are correct.
023D   0096           00943                 movwf IOCB              
023E   1283           00944                 banksel INTCON
023F   158B           00945                 bsf INTCON, GPIE
0240   100B           00946                 bcf INTCON, GPIF
0241   0008           00947                 return
                      00948 
MPASM 5.76                          MAIN.ASM   12-5-2021  6:03:49         PAGE 22


LOC  OBJECT CODE     LINE SOURCE TEXT
  VALUE

                      00949 
0242                  00950 SEND_MSG
                      00951         ; TODO –ó–∞–≥—Ä—É–∑–∫–∞ –æ—Ç–ø—Ä–∞–≤–ª—è–µ–º–æ–π –∫–æ–Ω—Å—Ç–∞–Ω—Ç—ã  –ò –∑–∞–≥—Ä—É–∑–∫–∞ 9 –±–∏—
                            Ç–æ–≥–æ
0242   1283           00952         banksel GPIO
0243   3008           00953         movlw .8
0244   00A8           00954         movwf Loop_ident
0245   1085           00955         bcf GPIO, TX
0246   2???           00956          CALL OneBaud
Warning[207]: Found label after column 1. (Send_data)
0247                  00957         Send_data
0247   1283           00958                 banksel STATUS
0248   1003           00959                 bcf STATUS, C
0249   0CA9           00960                 rrf SERBUF, f
024A   1283           00961                 banksel STATUS
024B   1C03           00962                 btfss STATUS, C
024C   2???           00963                 GOTO Transfer_0
024D   2???           00964                 GOTO Transfer_1
Warning[207]: Found label after column 1. (Transfer_0)
024E                  00965                 Transfer_0
024E   1283           00966                         banksel GPIO
024F   1085           00967                         bcf GPIO, TX
0250   2???           00968                         GOTO BIT_ready
Warning[207]: Found label after column 1. (Transfer_1)
0251                  00969                 Transfer_1
0251   1283           00970                         banksel GPIO
0252   1485           00971                         bsf GPIO, TX
Warning[207]: Found label after column 1. (BIT_ready)
0253                  00972                 BIT_ready
0253   2???           00973                         CALL OneBaud
0254   0BA8           00974                         decfsz Loop_ident, f
0255   2???           00975                         GOTO Send_data                  
0256   1AA0           00976                         btfsc UART_CON, BIT9
0257   2???           00977                                 GOTO Send_9one
0258   2???           00978                                 GOTO Send_9zero
Warning[207]: Found label after column 1. (Send_9one)
0259                  00979                         Send_9one
0259   1485           00980                                 bsf GPIO, TX
025A   2???           00981                                 GOTO Send_Stop
Warning[207]: Found label after column 1. (Send_9zero)
025B                  00982                         Send_9zero
025B   1085           00983                                 bcf GPIO, TX
Warning[207]: Found label after column 1. (Send_Stop)
025C                  00984                         Send_Stop
025C   2???           00985                                 CALL OneBaud
025D   1283           00986                                 banksel STATUS
025E   1003           00987                                 bcf STATUS, C
025F   0CA9           00988                                 rrf  SERBUF, f          ; TODO –ó–ê–ß–ï–ú?????
0260   1485           00989                                 bsf GPIO, TX            ; –°–¢–û–ü-–ë–ò–¢
0261   3400           00990                                 retlw 0
                      00991                 
                      00992         
                      00993         
MPASM 5.76                          MAIN.ASM   12-5-2021  6:03:49         PAGE 23


LOC  OBJECT CODE     LINE SOURCE TEXT
  VALUE

                      00994 
                      00995 
Warning[205]: Found directive in column 1. (END)
3FF4                  00996 END
MPASM 5.76                          MAIN.ASM   12-5-2021  6:03:49         PAGE 24


SYMBOL TABLE
  LABEL                             VALUE 

ADCON0                            0000001F
ADCS0                             00000004
ADCS1                             00000005
ADCS2                             00000006
ADDR_reg                          0000002C
ADFM                              00000007
ADIE                              00000006
ADIF                              00000006
ADON                              00000000
ADRESH                            0000001E
ADRESL                            0000009E
ANS0                              00000000
ANS1                              00000001
ANS2                              00000002
ANS3                              00000003
ANSEL                             0000009F
Accum                             00000026
BIT9                              00000005
BIT_ready                         00000253
BUSY_F                            00000000
BanReceiveZ9Bit_F                 00000007
Baud_Control                      0000013E
ButtonModes                       0000002E
C                                 00000000
CAL0                              00000002
CAL1                              00000003
CAL2                              00000004
CAL3                              00000005
CAL4                              00000006
CAL5                              00000007
CHS0                              00000002
CHS1                              00000003
CINV                              00000004
CIS                               00000003
CM0                               00000000
CM1                               00000001
CM2                               00000002
CMCON                             00000019
CMIE                              00000003
CMIF                              00000003
COUT                              00000006
CheckIfForMe                      000001E7
Check_INT_T0                      0000002D
Check_INT_T1                      00000032
Check_SB_INC                      00000049
Conf_0bit                         00000117
DATA_INC_F                        00000004
DATA_reg                          0000002D
DC                                00000001
Disp_Info_7seg                    0000010D
Disp_dash                         0000015A
EEADR                             0000009B
EECON1                            0000009C
MPASM 5.76                          MAIN.ASM   12-5-2021  6:03:49         PAGE 25


SYMBOL TABLE
  LABEL                             VALUE 

EECON2                            0000009D
EEDAT                             0000009A
EEDATA                            0000009A
EEIE                              00000007
EEIF                              00000007
EnableDisplayingMassage           00000068
F                                 00000001
FSR                               00000004
Fill_LCD_bit                      00000113
FindPortDiff                      00000039
Fix_addr                          00000095
Fix_data_TX                       0000009F
GET_MSG                           000001FE
GIE                               00000007
GO                                00000001
GO_DONE                           00000001
GO_NOT_DONE                       00000001
GP0                               00000000
GP1                               00000001
GP2                               00000002
GP3                               00000003
GP4                               00000004
GP5                               00000005
GPIE                              00000003
GPIF                              00000000
GPIO                              00000005
GPIO0                             00000000
GPIO1                             00000001
GPIO2                             00000002
GPIO3                             00000003
GPIO4                             00000004
GPIO5                             00000005
GPIO_DATA                         00000002
GPIO_INT                          00000128
GetAddress                        0000021C
GotMsgDispMode                    00000030
HalfBaud                          000001A6
IINT_HNDL                         00000028
INDF                              00000000
INTCON                            0000000B
INTE                              00000004
INTEDG                            00000006
INTERRUPT_INIT                    000000C8
INTF                              00000001
IOC                               00000096
IOC0                              00000000
IOC1                              00000001
IOC2                              00000002
IOC3                              00000003
IOC4                              00000004
IOC5                              00000005
IOCB                              00000096
IOCB0                             00000000
MPASM 5.76                          MAIN.ASM   12-5-2021  6:03:49         PAGE 26


SYMBOL TABLE
  LABEL                             VALUE 

IOCB1                             00000001
IOCB2                             00000002
IOCB3                             00000003
IOCB4                             00000004
IOCB5                             00000005
IOC_INIT                          00000021
IRP                               00000007
If_0_on7segm                      000000C2
If_1_on7segm                      000000C9
If_2_on7segm                      000000D0
If_3_on7segm                      000000D7
If_4_on7segm                      000000DE
If_5_on7segm                      000000E5
If_6_on7segm                      000000EC
If_7_on7segm                      000000F3
If_8_on7segm                      000000FA
If_9_on7segm                      00000101
If_DispSecondDash                 00000171
If_Disp_A                         0000014D
If_Disp_D                         00000168
If_Disp_GotAddr                   0000015F
If_Disp_GotData                   00000176
If_Disp_dash                      00000156
If_ERR                            00000108
InfoDispayAlg                     00000125
Init                              00000000
LastPortState                     00000025
LastPressedBtns                   0000002B
Lcd_data                          00000027
Loop_Disp_bits                    00000110
Loop_ident                        00000028
MainLoop                          00000027
NOT_BOD                           00000000
NOT_BOR                           00000000
NOT_DONE                          00000001
NOT_GPPU                          00000007
NOT_PD                            00000003
NOT_POR                           00000001
NOT_T1SYNC                        00000002
NOT_TO                            00000004
NormalHandle                      00000061
NotForMe                          00000238
NotOKAll                          0000023B
OPTION_REG                        00000081
OSCCAL                            00000090
OneBaud                           000001BB
OtherModes                        000001E6
PCL                               00000002
PCLATH                            0000000A
PCON                              0000008E
PEIE                              00000006
PIE1                              0000008C
PIE1_INIT                         00000000
MPASM 5.76                          MAIN.ASM   12-5-2021  6:03:49         PAGE 27


SYMBOL TABLE
  LABEL                             VALUE 

PIR1                              0000000C
PS0                               00000000
PS1                               00000001
PS2                               00000002
PSA                               00000003
Port_GP0                          00000039
Port_GP1                          00000042
Port_GP5                          0000004E
RD                                00000000
RD_F                              00000002
RP0                               00000005
RP1                               00000006
RX                                00000005
Recieve_data                      00000208
SB0_M0                            00000000
SB0_M1                            00000001
SB0_OK                            00000082
SB0_SEND_HNDL                     00000058
SB0_ifBusy                        0000005B
SB1_INC_HNDL                      00000122
SB_INC_Ch                         00000001
SB_SEND_Ch                        00000000
SEG7_Display_F                    00000006
SEND_MSG                          00000242
SERBUF                            00000029
SEV_SEGM_reg                      0000002F
START                             00000026
STATUS                            00000003
Select_Display_Info               000000C1
Send_9one                         00000259
Send_9zero                        0000025B
Send_Stop                         0000025C
Send_data                         00000247
Send_to_TX                        000000A8
Shift_reg                         0000011F
Simple_TMR                        00000002
SmthNotOKWithTMR1                 00000185
StartSimpleT0                     00000199
Start_Displaying_GotMessage       000001CC
StopDisplayingMassage             00000071
T02SecScaler                      00000024
T0CS                              00000005
T0IE                              00000005
T0IF                              00000002
T0SE                              00000004
T0_INT                            00000136
T0_MODE                           00000003
T0_UPD_Baud                       00000142
T0_UPD_HalfBaud                   00000146
T1CKPS0                           00000004
T1CKPS1                           00000005
T1CON                             00000010
T1CON_INIT                        00000000
MPASM 5.76                          MAIN.ASM   12-5-2021  6:03:49         PAGE 28


SYMBOL TABLE
  LABEL                             VALUE 

T1H_REG                           00000022
T1IE                              00000000
T1IF                              00000000
T1L_REG                           00000023
T1OSCEN                           00000003
T1_Busy_on_display                00000003
T1_INT                            0000014A
TEMP                              0000002A
TMR0                              00000001
TMR0IE                            00000005
TMR0IF                            00000002
TMR0_INIT                         00000000
TMR1                              0000000E
TMR1CS                            00000001
TMR1GE                            00000006
TMR1H                             0000000F
TMR1H_INIT                        00000000
TMR1IE                            00000000
TMR1IF                            00000000
TMR1L                             0000000E
TMR1L_INIT                        00000000
TMR1ON                            00000000
TRISIO                            00000085
TRISIO0                           00000000
TRISIO1                           00000001
TRISIO2                           00000002
TRISIO3                           00000003
TRISIO4                           00000004
TRISIO5                           00000005
TRISIO_INT                        0000002B
TRSF_HNDL                         0000018D
TR_F                              00000001
TX                                00000001
Transfer_0                        0000024E
Transfer_1                        00000251
Transfer_bit_to_7seg              00000118
UART_CON                          00000020
UART_t0                           00000021
UpdateTMR1                        00000186
VCFG                              00000006
VR0                               00000000
VR1                               00000001
VR2                               00000002
VR3                               00000003
VRCON                             00000099
VREN                              00000007
VRR                               00000005
W                                 00000000
WAIT_FullBaud                     00000001
WAIT_HalfBaud                     00000000
WAIT_SimpleTMR                    000001A1
WAIT_forFullBaud                  000001C7
WPU                               00000095
MPASM 5.76                          MAIN.ASM   12-5-2021  6:03:49         PAGE 29


SYMBOL TABLE
  LABEL                             VALUE 

WPU0                              00000000
WPU1                              00000001
WPU2                              00000002
WPU4                              00000004
WPU5                              00000005
WPU_INIT                          00000034
WR                                00000001
WREN                              00000002
WRERR                             00000003
Wide                              000001FC
Z                                 00000002
_BODEN_OFF                        00003FBF
_BODEN_ON                         00003FFF
_BOREN_OFF                        00003FBF
_BOREN_ON                         00003FFF
_CONFIG                           00002007
_CPD_OFF                          00003FFF
_CPD_ON                           00003EFF
_CP_OFF                           00003FFF
_CP_ON                            00003F7F
_DEVID1                           00002006
_EC_OSC                           00003FFB
_EXTRC_OSC_CLKOUT                 00003FFF
_EXTRC_OSC_NOCLKOUT               00003FFE
_FOSC_EC                          00003FFB
_FOSC_EXTRCCLK                    00003FFF
_FOSC_EXTRCIO                     00003FFE
_FOSC_HS                          00003FFA
_FOSC_INTRCCLK                    00003FFD
_FOSC_INTRCIO                     00003FFC
_FOSC_LP                          00003FF8
_FOSC_XT                          00003FF9
_HS_OSC                           00003FFA
_IDLOC0                           00002000
_IDLOC1                           00002001
_IDLOC2                           00002002
_IDLOC3                           00002003
_INTRC_OSC_CLKOUT                 00003FFD
_INTRC_OSC_NOCLKOUT               00003FFC
_LP_OSC                           00003FF8
_MCLRE_OFF                        00003FDF
_MCLRE_ON                         00003FFF
_PWRTE_OFF                        00003FFF
_PWRTE_ON                         00003FEF
_WDTE_OFF                         00003FF7
_WDTE_ON                          00003FFF
_WDT_OFF                          00003FF7
_WDT_ON                           00003FFF
_XT_OSC                           00003FF9
__12F675                          00000001
btn_INC                           00000001
btn_RST                           00000003
btn_SEND                          00000000
MPASM 5.76                          MAIN.ASM   12-5-2021  6:03:49         PAGE 30






Errors   :     0
Warnings :    75 reported,     0 suppressed
Messages :    45 reported,     0 suppressed

