MPASM 5.76                          MAIN.ASM   12-7-2021  1:54:08         PAGE  1


LOC  OBJECT CODE     LINE SOURCE TEXT
  VALUE

                      00001 ;====================================================================
                      00002 ; Main.asm file generated by New Project wizard
                      00003 ;
                      00004 ; Created:   –í—Å –Ω–æ—è 14 2021
                      00005 ; Processor: PIC12F675
                      00006 ; Compiler:  MPASM (Proteus)
                      00007 ;====================================================================
                      00008 
                      00009 ;====================================================================
                      00010 ; DEFINITIONS
                      00011 ;====================================================================
                      00012 
                      00013 #include p12f675.inc                ; Include register definition file
                      00001         LIST
                      00002 
                      00003 ;==========================================================================
                      00004 ; Build date : Sep 19 2017
                      00005 ;  MPASM PIC12F675 processor include
                      00006 ; 
                      00007 ;  (c) Copyright 1999-2017 Microchip Technology, All rights reserved
                      00008 ;==========================================================================
                      00009 
                      00367         LIST
Warning[205]: Found directive in column 1. (__CONFIG)
2007   3FF4           00014 __CONFIG b'11111111110100'
                      00015 
                      00016 ;====================================================================
                      00017 ; CONSTANTS
                      00018 ;====================================================================
                      00019 
  00000002            00020 GPIO_DATA equ b'000010' 
  000000C8            00021 INTERRUPT_INIT equ b'11001000'
  00000000            00022 PIE1_INIT equ b'00000000'
  00000000            00023 TMR1H_INIT equ 0x0
  00000000            00024 TMR1L_INIT equ 0x0
  00000000            00025 TMR0_INIT equ 0x0
  00000034            00026 WPU_INIT equ b'110100'   ;b'110100'                     ;GPIO1 –ò GPIO5 - –º–±–± –∫–∞–∫ READ —Ç–∞–∫ –∏ W
                            RITE —Ä–µ–∂–∏–º. –î–ª—è –∫–Ω–æ–ø–∫–∏ (–∏–∑–Ω–∞—á–∞–ª—å–Ω–æ!) –∏ TX; –î–ª—è RX –∏ Data —Å–æ–æ—Ç–≤
  00000021            00027 IOC_INIT equ b'100001'
  00000000            00028 T1CON_INIT equ b'00000000'
  0000002B            00029 TRISIO_INT equ b'00101011' ; b'00101001'
                      00030 ;====================================================================
                      00031 ; VARIABLES
                      00032 ;====================================================================
                      00033 
  00000020            00034 UART_CON equ 20h                                ; –ò–ó–ù–ê–ß–ê–õ–¨–ù–û –î–û–õ–ñ–ï–ù –ë–´–¢–¨ –†–ï–ñ–ò–ú 
                            –ü–†–û–°–õ–£–®–ò–í–ê–ù–ò–Ø!!!!!!!!!!!!!!!!!!!!!!!!!!!!!!!!!!
Warning[207]: Found label after column 1. (BUSY_F)
  00000000            00035         BUSY_F equ 00h
Warning[207]: Found label after column 1. (TR_F)
  00000001            00036         TR_F equ 01h
Warning[207]: Found label after column 1. (RD_F)
  00000002            00037         RD_F equ 02h
MPASM 5.76                          MAIN.ASM   12-7-2021  1:54:08         PAGE  2


LOC  OBJECT CODE     LINE SOURCE TEXT
  VALUE

Warning[207]: Found label after column 1. (T0_MODE)
  00000003            00038         T0_MODE equ 03h
Warning[207]: Found label after column 1. (DATA_INC_F)
  00000004            00039         DATA_INC_F equ 04h
Warning[207]: Found label after column 1. (BIT9)
  00000005            00040         BIT9 equ 05h
Warning[207]: Found label after column 1. (SEG7_Display_F)
  00000006            00041         SEG7_Display_F equ 06h
Warning[207]: Found label after column 1. (BanReceiveZ9Bit_F)
  00000007            00042         BanReceiveZ9Bit_F equ 07h;  –§–ª–∞–≥ –∑–∞–ø—Ä–µ—Ç–∞ –ø—Ä–∏—ë–º–∞ —Å–æ–æ–±—â–µ–Ω–∏–π,–≤ –∫–æ—Ç–æ—
                            Ä–æ–º 9 –±–∏—Ç –∏–º–µ–µ—Ç –∑–Ω–∞—á–µ–Ω–∏–µ 0 (—Ç.–µ. –µ—Å–ª–∏ —ç—Ç–æ –î–ê–ù–ù–´–ï)
                      00043         ;SaveDataOrAddr equ 07h         ; || 0 - Addr | 1 - Data ||
                      00044 
  00000021            00045 UART_t0 equ 21h
Warning[207]: Found label after column 1. (WAIT_HalfBaud)
  00000000            00046         WAIT_HalfBaud equ 00h
Warning[207]: Found label after column 1. (WAIT_FullBaud)
  00000001            00047         WAIT_FullBaud equ 01h
Warning[207]: Found label after column 1. (Simple_TMR)
  00000002            00048         Simple_TMR equ 02h
Warning[207]: Found label after column 1. (T1_Busy_on_display)
  00000003            00049         T1_Busy_on_display equ 03h
                      00050 ;LEDS_STATES equ 21h
                      00051 ;LED1 equ 00h
                      00052 ;LED2 equ 01h
                      00053 ;LED3 equ 02h
                      00054 
                      00055 
                      00056 
  00000000            00057 btn_SEND equ GPIO0
  00000003            00058 btn_RST equ GPIO3
  00000001            00059 btn_INC equ GPIO1
                      00060 
                      00061 ;pc_states equ 21h
                      00062 ;in_work_flag equ 00h
                      00063 ;btn_wait_flag equ 01h
                      00064 ;btn2_st equ 02h
                      00065 ;btn3_st equ 03h
                      00066 
  00000022            00067 T1H_REG equ 22h
  00000023            00068 T1L_REG equ 23h
                      00069 
  00000024            00070 T02SecScaler equ 24h
                      00071 
  00000025            00072 LastPortState equ 25h
                      00073 
  00000026            00074 Accum equ 26h
                      00075 
  00000027            00076 Lcd_data equ 27h
                      00077 
  00000028            00078 Loop_ident equ 28h
                      00079 
  00000029            00080 SERBUF equ 29h          ; TODO
MPASM 5.76                          MAIN.ASM   12-7-2021  1:54:08         PAGE  3


LOC  OBJECT CODE     LINE SOURCE TEXT
  VALUE

  0000002A            00081 TEMP equ 2Ah
                      00082 
  00000001            00083 TX equ GPIO1
  00000005            00084 RX equ GPIO5
                      00085 
                      00086 
                      00087 
  0000002B            00088 LastPressedBtns equ 2Bh         ;  || 0 bit - SB_SEND | 1 bit - SB_INC/TX | 2 bit - RX/DATA_7_SEG ||
  00000000            00089 SB_SEND_Ch equ 00h
  00000001            00090 SB_INC_Ch equ 01h
                      00091 ;--
                      00092 
  0000002C            00093 ADDR_reg equ 2Ch
  0000002D            00094 DATA_reg equ 2Dh
                      00095 
  0000002E            00096 ButtonModes equ 2Eh
Warning[207]: Found label after column 1. (SB0_M0)
  00000000            00097         SB0_M0  equ 00h
Warning[207]: Found label after column 1. (SB0_M1)
  00000001            00098         SB0_M1  equ 01h
                      00099 
                      00100 
  0000002F            00101 SEV_SEGM_reg equ 2Fh
                      00102 
  00000030            00103 GotMsgDispMode equ 30h
                      00104 
                      00105 
                      00106 ;====================================================================
                      00107 ; RESET and INTERRUPT VECTORS
                      00108 ;====================================================================
                      00109 
                      00110       ; Reset Vector
                      00111 RST   code  0x0 
0000   2???           00112       goto  START
                      00113 
                      00114 INT code 0x4
0004   2???           00115         goto IINT_HNDL
                      00116         
                      00117         
                      00118 ;====================================================================
                      00119 ; CODE SEGMENT
                      00120 ;====================================================================
                      00121 
                      00122 PGM   code
                      00123 
0000                  00124 Init
                      00125         
0000   1683           00126         banksel ANSEL
Message[302]: Register in operand not in bank 0.  Ensure that bank bits are correct.
0001   019F           00127     clrf ANSEL
                      00128 
0002   1283           00129     banksel CMCON
0003   3007           00130     movlw 0x7
MPASM 5.76                          MAIN.ASM   12-7-2021  1:54:08         PAGE  4


LOC  OBJECT CODE     LINE SOURCE TEXT
  VALUE

0004   0099           00131     movwf CMCON
                      00132 
0005   1283           00133           banksel GPIO
                      00134     ;movlw b'10' ; Default GPIO data
0006   3002           00135         movlw GPIO_DATA
0007   0085           00136     movwf GPIO
                      00137         
0008   1683           00138          banksel TRISIO
0009   302B           00139     movlw TRISIO_INT   ; GPIO Port options
Message[302]: Register in operand not in bank 0.  Ensure that bank bits are correct.
000A   0085           00140     movwf TRISIO
                      00141         
000B   1683           00142     banksel OPTION_REG
000C   3048           00143     movlw b'01001000'       ; Options
Message[302]: Register in operand not in bank 0.  Ensure that bank bits are correct.
000D   0081           00144     movwf OPTION_REG
                      00145 
                      00146    
                      00147 
                      00148  
                      00149 
000E   1683           00150     banksel WPU
000F   3034           00151     movlw WPU_INIT  ; Pull ups
Message[302]: Register in operand not in bank 0.  Ensure that bank bits are correct.
0010   0095           00152     movwf WPU
                      00153 
0011   1283           00154     banksel INTCON
0012   30C8           00155     movlw INTERRUPT_INIT   ; Interrupts
0013   008B           00156     movwf INTCON
                      00157 
0014   1683           00158     banksel PIE1
0015   3000           00159     movlw PIE1_INIT  ; Enables timer 1 (16-bit) INTERRRUPT (NO)
Message[302]: Register in operand not in bank 0.  Ensure that bank bits are correct.
0016   008C           00160     movwf PIE1
                      00161 
0017   1283           00162     banksel TMR1H
0018   3000           00163     movlw TMR1H_INIT
0019   008F           00164     movwf TMR1H
001A   3000           00165     movlw TMR1L_INIT
001B   008E           00166     movwf TMR1L
                      00167 
001C   1283           00168     banksel T1CON
001D   3000           00169     movlw T1CON_INIT    ; Enables timer 1
001E   0090           00170     movwf T1CON
                      00171 
001F   1683           00172     banksel IOCB
0020   3021           00173     movlw IOC_INIT
Message[302]: Register in operand not in bank 0.  Ensure that bank bits are correct.
0021   0096           00174     movwf IOCB
                      00175 
                      00176                 ;CALL SavePortStates
0022   0805           00177         movf GPIO, w
0023   00A5           00178         movwf LastPortState
MPASM 5.76                          MAIN.ASM   12-7-2021  1:54:08         PAGE  5


LOC  OBJECT CODE     LINE SOURCE TEXT
  VALUE

                      00179         
0024   01A0           00180         clrf UART_CON
0025   17A0           00181         bsf UART_CON, BanReceiveZ9Bit_F
                      00182         
0026   01A1           00183         clrf UART_t0
                      00184         
0027   01A4           00185         clrf T02SecScaler
                      00186         
0028   01A5           00187         clrf LastPortState
                      00188 
0029   01A6           00189         clrf Accum
                      00190 
002A   01A7           00191         clrf Lcd_data
                      00192 
002B   01A8           00193         clrf Loop_ident
                      00194 
002C   01A9           00195         clrf SERBUF 
002D   01AA           00196         clrf TEMP 
                      00197 
002E   01AB           00198         clrf LastPressedBtns
                      00199         
002F   01AC           00200         clrf ADDR_reg
0030   01AD           00201         clrf DATA_reg
                      00202 
0031   01AE           00203         clrf ButtonModes
                      00204 
0032   01AF           00205         clrf SEV_SEGM_reg 
                      00206 
0033   01B0           00207         clrf GotMsgDispMode 
0034   0008           00208     return
                      00209 
0035                  00210 START
0035   2???           00211         CALL Init
Warning[207]: Found label after column 1. (MainLoop)
0036                  00212         MainLoop
0036   2???           00213                 GOTO MainLoop
                      00214                 
                      00215                 
                      00216         
0037                  00217 IINT_HNDL
0037   1283           00218         banksel INTCON
0038   1D8B           00219         btfss INTCON, GPIE
0039   2???           00220                 GOTO Check_INT_T0
003A   180B           00221                 btfsc INTCON,  GPIF
003B   2???           00222                         GOTO GPIO_INT
Warning[207]: Found label after column 1. (Check_INT_T0)
003C                  00223         Check_INT_T0
003C   1283           00224                 banksel INTCON
003D   1E8B           00225                 btfss INTCON, T0IE
003E   2???           00226                         GOTO Check_INT_T1
003F   190B           00227                         btfsc INTCON, T0IF
0040   2???           00228                                 GOTO T0_INT
Warning[207]: Found label after column 1. (Check_INT_T1)
MPASM 5.76                          MAIN.ASM   12-7-2021  1:54:08         PAGE  6


LOC  OBJECT CODE     LINE SOURCE TEXT
  VALUE

0041                  00229         Check_INT_T1
0041   1683           00230                 banksel PIE1
Message[302]: Register in operand not in bank 0.  Ensure that bank bits are correct.
0042   1C0C           00231                 btfss PIE1, TMR1IE
0043   0008           00232                         return
0044   1283           00233                         banksel PIR1
0045   180C           00234                         btfsc PIR1, TMR1IF
0046   2???           00235                                 GOTO T1_INT
0047   0009           00236                                 retfie
                      00237         
0048                  00238 FindPortDiff
                      00239         ; –î–æ–ø—É—Å—Ç–∏–º, —Å–æ—Å—Ç–æ—è–Ω–∏–µ –ø–æ—Ä—Ç–∞ –∑–∞–ø–∏—Å—ã–≤–∞–µ—Ç—Å—è –≤ —Ä–µ–≥–∏—Å—Ç—Ä Las
                            tPortState
Warning[207]: Found label after column 1. (Port_GP0)
0048                  00240         Port_GP0
0048   1683           00241                 banksel IOCB
Message[302]: Register in operand not in bank 0.  Ensure that bank bits are correct.
0049   1C16           00242                 btfss IOCB, GPIO0
004A   2???           00243                         GOTO Port_GP1
004B   1283           00244                 banksel GPIO
004C   1805           00245                 btfsc GPIO, btn_SEND; –ï—Å–ª–∏ –Ω–∞–∂–∞—Ç–∞ –∫–Ω–æ–ø–∫–∞ - —Ç–æ (0)
004D   2???           00246                         GOTO Port_GP1 ; –ï—Å–ª–∏ (1)
004E   1C25           00247                         btfss LastPortState, btn_SEND; –ï—Å–ª–∏ (0) (–ï—Å–ª–∏ –≤ LastPortState –∏ –±—ã–ª
                             0 - —Ç–æ –∑–∞–±–∏–≤–∞–µ–º, –∏–Ω–∞—á–µ - –Ω–∞–∂–∞—Ç–∞ –∫–Ω–æ–ø–∫–∞)
004F   2???           00248                                 GOTO Port_GP1; –ï—Å–ª–∏ –æ—Å—Ç–∞—ë—Ç—Å—è –±—ã—Ç—å –Ω–∞–∂–∞—Ç–æ–π
0050   142B           00249                                 bsf LastPressedBtns, SB_SEND_Ch; –ï—Å–ª–∏ –ø—Ä–æ–∏–∑–æ—à–ª–æ –Ω–∞ —Å–∞–º
                            –æ–º –¥–µ–ª–µ –Ω–∞–∂–∞—Ç–∏–µ
Warning[207]: Found label after column 1. (Port_GP1)
0051                  00250         Port_GP1 ; –¢–û–õ–¨–ö–û –í –†–ï–ñ–ò–ú–ï –î–û –æ—Ç–ø—Ä–∞–≤–∫–∏ {TODO}
0051   1683           00251                 banksel IOCB
Message[302]: Register in operand not in bank 0.  Ensure that bank bits are correct.
0052   1C96           00252                 btfss IOCB, GPIO1
0053   2???           00253                         GOTO Port_GP5
0054   1283           00254                 banksel GPIO
0055   1A20           00255                 btfsc UART_CON, DATA_INC_F
0056   2???           00256                         GOTO Check_SB_INC; –ï—Å–ª–∏ 1
0057   2???           00257                         GOTO Port_GP5; –ï—Å–ª–∏ 0
Warning[207]: Found label after column 1. (Check_SB_INC)
0058                  00258                 Check_SB_INC
0058   1885           00259                         btfsc GPIO, btn_INC ; –ï—Å–ª–∏ –Ω–∞–∂–∞—Ç–∞ –∫–Ω–æ–ø–∫–∞ - —Ç–æ (0)
0059   2???           00260                                 GOTO Port_GP5
005A   1CA5           00261                                 btfss LastPortState, btn_INC ; –ï—Å–ª–∏ –≤ LastPortState –∏ –±—ã–ª 0 - —
                            Ç–æ –∑–∞–±–∏–≤–∞–µ–º, –∏–Ω–∞—á–µ - –Ω–∞–∂–∞—Ç–∞—è –∫–Ω–æ–ø–∫–∞
005B   2???           00262                                         GOTO Port_GP5 ; –ï—Å–ª–∏ –æ—Å—Ç–∞—ë—Ç—Å—è 
005C   14AB           00263                                         bsf LastPressedBtns, SB_INC_Ch ; –ï—Å–ª–∏ –Ω–∞ —Å–∞–º–æ–º –¥–µ–ª
                            –µ –ø—Ä–æ–∏–∑–æ—à–ª–æ –Ω–∞–∂–∞—Ç–∏–µ
Warning[207]: Found label after column 1. (Port_GP5)
005D                  00264         Port_GP5
005D   1683           00265                 banksel IOCB
Message[302]: Register in operand not in bank 0.  Ensure that bank bits are correct.
005E   1E96           00266                 btfss IOCB, GPIO5
005F   0008           00267                         return
                      00268                         ; –ï—Å–ª–∏ GPIO5 –≤ —Ä–µ–∂–∏–º–µ —á—Ç–µ–Ω–∏—è 
MPASM 5.76                          MAIN.ASM   12-7-2021  1:54:08         PAGE  7


LOC  OBJECT CODE     LINE SOURCE TEXT
  VALUE

0060   1283           00269                         banksel GPIO
0061   1A85           00270                         btfsc GPIO, RX
0062   0008           00271                                 return  ; 1 - —Å—ë –æ–∫
0063   1520           00272                                 bsf UART_CON, RD_F      ; –ü—Ä–∏—à—ë–ª –æ—Ç—Ä–∏—Ü–∞—Ç–µ–ª—å–Ω—ã–π —Ñ–ª–∞
                            –≥
0064   1420           00273                                 bsf UART_CON, BUSY_F
0065   0008           00274                                 return 
                      00275 
                      00276         ; –ù—É–∂–Ω–∞ –ø—Ä–æ–≤–µ—Ä–∫–∞, —á—Ç–æ RX –≤ —Ä–µ–∂–∏–º–µ —á—Ç–µ–Ω–∏—è (–º–± –∏ –Ω–µ –Ω–∞–¥–æ, —Ç
                            –∞–∫ –∫–∞–∫ –Ω–µ —Å—Ä–∞–±–∞—Ç—ã–≤–∞–µ—Ç –ø—Ä–µ—Ä—ã–≤–∞–Ω–∏–µ –ø–æ GPIO –≤–æ –≤—Ä–µ–º—è "–≤—ã–≤–æ
                      00277         ; –ü–æ –°–ü–ê–î–£ –≤—ã–∑—ã–≤–∞–µ—Ç—Å—è –æ–±—Ä–∞–±–æ—Ç–∫–∞ –ø—Ä–∏—Ö–æ–¥—è—â–µ–≥–æ —Å–æ–æ–±—â–µ–Ω–
                            ∏—è
                      00278                 ;btfsc UART_CON, SEG7_Display_F
                      00279                 ;       return; –ï—Å–ª–∏ –ø—Ä–æ–∏—Å—Ö–æ–¥–∏—Ç –≤—ã–≤–æ–¥ - —Ç–æ –Ω–µ –º–æ–∂–µ—Ç –±—ã—Ç—å
                             –Ω–∏–∫–∞–∫ –ø–æ–¥–∫–ª—é—á–µ–Ω –ø–æ—Ä—Ç –∫ RX
                      00280                 ;       bsf UART_CON, RD_F; –ï—Å–ª–∏ –Ω–µ –≤—ã–≤–æ–¥ - —Ç–æ –º–± –∏ RX (—É—Å—Ç–∞–Ω–∞–≤–ª
                            –∏–≤–∞–µ–º —Ñ–ª–∞–≥ —á—Ç–µ–Ω–∏—è)
0066   0008           00281                 return
                      00282         ;       btfsc UART_CON, SEG7_Display_F
                      00283         ;               return ; –ï—Å–ª–∏ –≤—ã–≤–æ–¥ –Ω–∞ 7-—Å–µ–≥–º–µ–Ω—Ç–Ω–∏–∫
                      00284         ;               ; –ï—Å–ª–∏ –ß—Ç–µ–Ω–∏–µ —Å RX
                      00285 
0067                  00286 SB0_SEND_HNDL
                      00287         ; 4 –Ω–∞–∂–∞—Ç–∏—è
                      00288         ; –ò–ó–ù–ê–ß–ê–õ–¨–ù–û –Ω–µ –≥–æ—Ä–∏—Ç (–µ—Å–ª–∏ –Ω–µ –±—ã–ª–æ –ø—Ä–∏—Å–ª–∞–Ω–Ω—ã—Ö –¥–∞–Ω–Ω—ã—Ö
                            ) –∏ –Ω–µ –∂–¥—ë—Ç –¥–∞–Ω–Ω—ã–µ –Ω–∏–∫–∞–∫–∏–µ
                      00289         ; 1(00) - –∞–∫—Ç–∏–≤–∏—Ä—É–µ—Ç —Å—á–∏—Ç—ã–≤–∞–Ω–∏–µ –∞–¥—Ä–µ—Å–∞ (–ø–æ–ª—å–∑–æ–≤–∞—Ç–µ–ª—å –Ω–∞–
                            ∂–∏–º–∞–µ—Ç –Ω–∞ –∫–Ω–æ–ø–∫—É INC –¥–ª—è –∏–∑–º–µ–Ω–µ–Ω–∏—è –∞–¥—Ä–µ—Å–∞ –æ—Ç–ø—Ä–∞–≤–∏—Ç–µ–ª—è)
                      00290         
                      00291         ; –ï—Å–ª–∏ –≤–∫–ª—é—á—ë–Ω —Ç–∞–π–º–µ—Ä T0 - –∑–Ω–∞—á–∏—Ç –Ω–∞–¥–æ –æ–±—Ä–∞–±–∞—Ç—ã–≤–∞—Ç—å —Ç–æ–
                            ª—å–∫–æ –Ω–∞–∂–∞—Ç–∏—è –Ω–∞ –ø—Ä–∏—Ö–æ–¥—è—â–∏–µ –¥–∞–Ω–Ω—ã–µ - —Ç–æ –µ—Å—Ç—å –ø–µ—Ä–µ–∫–ª—é—á–∞
                      00292         ; –ò–∑–Ω–∞—á–∞–ª—å–Ω–æ –∫–ª—é—á –Ω–∞—Å—Ç—Ä–æ–µ–Ω –Ω–∞ UART. –ü–æ –Ω–∞–∂–∞—Ç–∏—é –Ω–∞ –∫–Ω–æ–ø–∫–
                            µ, –µ—Å–ª–∏ —á—Ç–æ-—Ç–æ –ø—Ä–∏—à–ª–æ –ø–æ–ª—å–∑–æ–≤–∞—Ç–µ–ª—é - –µ–º—É –≤—ã—Å–≤–µ—Ç–∏—Ç—Å—è –ø—Ä
                      00293         ; –º–∏–∫—Ä–æ–∫–æ–Ω—Ç—Ä–æ–ª–ª–µ—Ä —Å–Ω–æ–≤–∞ –≤–µ—Ä–Ω—ë—Ç—Å—è –≤ —Å—Ç–∞–Ω–¥–∞—Ä—Ç–Ω—ã–π —Ä–µ–∂–∏–
                            º
                      00294         
0067   1820           00295         btfsc UART_CON, BUSY_F
0068   2???           00296                         GOTO SB0_ifBusy; –ï—Å–ª–∏ –ø–æ –∫–∞–∫–æ–π-—Ç–æ –ø—Ä–∏—á–∏–Ω–µ UART –∑–∞–Ω—è—Ç - 
                            –∏–ª–∏ –æ–±—Ä–∞–±–æ—Ç–∫–∞ –≤—Ö–æ–¥—è—â–µ–≥–æ –ø–æ—Ç–æ–∫–∞, –ª–∏–±–æ —É–∂–µ –æ–±—Ä–∞–±–æ—Ç–∫–∞ –æ
0069   2???           00297                         GOTO SB0_OK; 
Warning[207]: Found label after column 1. (SB0_ifBusy)
006A                  00298                 SB0_ifBusy
006A   1283           00299                         banksel T1CON
006B   1C10           00300                         btfss T1CON, TMR1ON
006C   2???           00301                                 GOTO NormalHandle
                      00302                         ; –û–±—Ä–∞–±–æ—Ç–∫–∞ –≤—ã–≤–æ–¥–∞ –ø–æ–ª—É—á–µ–Ω–Ω–æ–≥–æ —Å–æ–æ–±—â–µ–Ω–∏—è
006D   1DA1           00303                         btfss UART_t0, T1_Busy_on_display
006E   2???           00304                                 GOTO EnableDisplayingMassage
006F   2???           00305                                 GOTO StopDisplayingMassage
Warning[207]: Found label after column 1. (NormalHandle)
0070                  00306                 NormalHandle
0070   1283           00307                         banksel STATUS
0071   082E           00308                         movf ButtonModes, w
MPASM 5.76                          MAIN.ASM   12-7-2021  1:54:08         PAGE  8


LOC  OBJECT CODE     LINE SOURCE TEXT
  VALUE

0072   1903           00309                         btfsc STATUS, Z
0073   2???           00310                                 GOTO SB0_OK 
0074   1CA0           00311                                 btfss UART_CON, TR_F
0075   2???           00312                                         GOTO Fix_addr ; –ï—Å–ª–∏ Z = 1
0076   2???           00313                                         GOTO Send_to_TX
                      00314                         ; –í–•–û–î–Ø–©–ï–ï –°–û–û–ë–©–ï–ù–ò–ï –û–ë–†–´–í–ê–ï–¢ –í–í–û–î –î–ê–ù–ù–´–•    
                      00315                 
                      00316                                 
Warning[207]: Found label after column 1. (EnableDisplayingMassage)
0077                  00317                 EnableDisplayingMassage
0077   1683           00318                         banksel TRISIO
Message[302]: Register in operand not in bank 0.  Ensure that bank bits are correct.
0078   1285           00319                         bcf TRISIO, GPIO5 ; –î–µ–ª–∞–µ–º –ü–æ—Ä—Ç 5 "–í—ã–≤–æ–¥–æ–º"
0079   1683           00320                         banksel PIE1
Message[302]: Register in operand not in bank 0.  Ensure that bank bits are correct.
007A   140C           00321                         bsf PIE1, TMR1IE                        ; –†–ê–ó–†–ï–®–ê–ï–ú –ü–†–ï–†–´–í–ê–ù–ò–
                            Ø –ò –í–´–í–û–î –°–û–û–ë–©–ï–ù–ò–ô
007B   1720           00322                         bsf UART_CON, SEG7_Display_F
007C   3002           00323                         movlw b'00000010'
007D   00A7           00324                         movwf Lcd_data
007E   2???           00325                         CALL Disp_Info_7seg
007F   0008           00326                         return
                      00327 
Warning[207]: Found label after column 1. (StopDisplayingMassage)
0080                  00328                 StopDisplayingMassage
0080   1283           00329                         banksel T1CON
0081   1010           00330                         bcf T1CON, TMR1ON                       ; –í–´–ö–õ–Æ–ß–ê–ï–ú –¢–ê–ô–ú–ï–† ‚Ññ1
0082   1683           00331                         banksel PIE1
Message[302]: Register in operand not in bank 0.  Ensure that bank bits are correct.
0083   100C           00332                         bcf PIE1, TMR1IE                        ; –ó–ê–ü–†–ï–©–ê–ï–ú –ü–†–ï–†–´–í–ê–ù–ò–
                            Ø –ò –í–´–í–û–î –°–û–û–ë–©–ï–ù–ò–ô
                      00333                         
0084   3002           00334                         movlw b'00000010'
0085   00A7           00335                         movwf Lcd_data
0086   2???           00336                         CALL Disp_Info_7seg
                      00337                         
0087   1320           00338                         bcf UART_CON, SEG7_Display_F
0088   1683           00339                         banksel TRISIO
Message[302]: Register in operand not in bank 0.  Ensure that bank bits are correct.
0089   1685           00340                         bsf TRISIO, RX
Message[302]: Register in operand not in bank 0.  Ensure that bank bits are correct.
008A   1085           00341                         bcf TRISIO, TX
008B   1683           00342                         banksel IOCB
008C   0821           00343                         movf IOC_INIT, w
Message[302]: Register in operand not in bank 0.  Ensure that bank bits are correct.
008D   0096           00344                         movwf IOCB
008E   1020           00345                         bcf UART_CON, BUSY_F
008F   2???           00346                         CALL Init
0090   0008           00347                         return
                      00348 
Warning[207]: Found label after column 1. (SB0_OK)
0091                  00349         SB0_OK
                      00350 
MPASM 5.76                          MAIN.ASM   12-7-2021  1:54:08         PAGE  9


LOC  OBJECT CODE     LINE SOURCE TEXT
  VALUE

0091   1283           00351                 banksel STATUS
0092   082E           00352                 movf ButtonModes, w
0093   1D03           00353                 btfss STATUS, Z
0094   2???           00354                         GOTO Fix_addr ; –ï—Å–ª–∏ Z = 0
                      00355 
0095   142E           00356                         bsf ButtonModes, SB0_M0  ;  –ï—Å–ª–∏ Z = 0
0096   1620           00357                         bsf UART_CON, DATA_INC_F ; –†–∞–∑—Ä–µ—à–∞–µ–º —á—Ç–µ–Ω–∏–µ –¥–∞–Ω–Ω—ã—Ö —Å SB_IN
                            C
0097   30FF           00358                         movlw 0FFh
0098   00AF           00359                         movwf SEV_SEGM_reg
0099   1420           00360                         bsf UART_CON, BUSY_F
009A   1683           00361                         banksel TRISIO
Message[302]: Register in operand not in bank 0.  Ensure that bank bits are correct.
009B   1285           00362                         bcf TRISIO, RX
Message[302]: Register in operand not in bank 0.  Ensure that bank bits are correct.
009C   1485           00363                         bsf TRISIO, TX
009D   1683           00364                         banksel IOCB
Message[302]: Register in operand not in bank 0.  Ensure that bank bits are correct.
009E   1496           00365                         bsf IOCB, TX
Message[302]: Register in operand not in bank 0.  Ensure that bank bits are correct.
009F   1296           00366                         bcf IOCB, RX                    
                      00367                         
00A0   3002           00368                         movlw b'00000010'
00A1   00A7           00369                         movwf Lcd_data
00A2   2???           00370                         CALL Disp_Info_7seg
                      00371                         ;CALL SB1_INC_HNDL
00A3   0008           00372                         return ; TODO
                      00373 
Warning[207]: Found label after column 1. (Fix_addr)
00A4                  00374         Fix_addr ; 2 (01) - —Ñ–∏–∫—Å–∏—Ä—É–µ—Ç—Å—è –¥–∞–Ω–Ω—ã–π –∞–¥—Ä–µ—Å. –ü–µ—Ä–µ—Ö–æ–¥–∏—Ç –∫ —Å—á–∏
                            —Ç—ã–≤–∞–Ω–∏—é –¥–∞–Ω–Ω—ã—Ö –æ—Ç–ø—Ä–∞–≤–ª—è–µ–º—ã—Ö
00A4   18AE           00375                 btfsc ButtonModes, SB0_M1
00A5   2???           00376                         GOTO Fix_data_TX
                      00377                                 
00A6   082F           00378                         movf SEV_SEGM_reg, w
00A7   00AC           00379                         movwf ADDR_reg
00A8   30FF           00380                         movlw 0FFh
00A9   00AF           00381                         movwf SEV_SEGM_reg
00AA   102E           00382                         bcf ButtonModes, SB0_M0  ;  –ï—Å–ª–∏ Z = 0
00AB   14AE           00383                         bsf ButtonModes, SB0_M1  ;  –ï—Å–ª–∏ Z = 0
00AC   2???           00384                         CALL SB1_INC_HNDL
00AD   0008           00385                         return
                      00386 
Warning[207]: Found label after column 1. (Fix_data_TX)
00AE                  00387         Fix_data_TX  ; 3 (10) - —Ñ–∏–∫—Å–∏—Ä—É—é—Ç—Å—è –æ—Ç–ø—Ä–∞–≤–ª—è–µ–º—ã–µ –¥–∞–Ω–Ω—ã–µ –ò –æ—Ç–ø—Ä
                            –∞–≤–∫–∞ –¥–∞–Ω–Ω—ã—Ö –∏ –∞–¥—Ä–µ—Å–∞
00AE   1CAE           00388                 btfss ButtonModes, SB0_M1
00AF   0008           00389                         return                                  ; WTF (TODO)
00B0   182E           00390                         btfsc ButtonModes, SB0_M0
00B1   2???           00391                                 GOTO Send_to_TX         ; –º–± –Ω–µ —Ç–∞–∫ –Ω–∞–¥–æ?? (TODO)
00B2   082F           00392                         movf SEV_SEGM_reg, w
00B3   00AD           00393                         movwf DATA_reg
00B4   142E           00394                         bsf ButtonModes, SB0_M0
MPASM 5.76                          MAIN.ASM   12-7-2021  1:54:08         PAGE 10


LOC  OBJECT CODE     LINE SOURCE TEXT
  VALUE

00B5   14A0           00395                         bsf UART_CON, TR_F
                      00396                         ;banksel IOCB
                      00397                         ;bcf IOCB, TX
                      00398                         ;bcf IOCB, RX
00B6   0008           00399                         return
                      00400         
Warning[207]: Found label after column 1. (Send_to_TX)
00B7                  00401         Send_to_TX
                      00402                         ;bcf UART_CON, TX
                      00403                         ;banksel IOCB
                      00404                         ;bcf IOCB, TX
                      00405                         ;bcf IOCB, RX
                      00406                         ;bcf IOCB, GPIO0        
00B7   1283           00407                         banksel INTCON
00B8   118B           00408                         bcf INTCON, GPIE
                      00409                         ;bcf LastPressedBtns, SB_SEND_Ch        ; –ß—Ç–æ–±—ã –Ω–µ –±—ã–ª–æ –ª–∏—à–Ω–∏—Ö 
                            –≤—ã–∑–æ–≤–æ–≤
                      00410 
00B9   1283           00411                         banksel GPIO
00BA   1485           00412                         bsf GPIO, TX
                      00413                         ;bsf GPIO, TX
00BB   1683           00414                         banksel TRISIO
Message[302]: Register in operand not in bank 0.  Ensure that bank bits are correct.
00BC   1685           00415                         bsf TRISIO, RX
Message[302]: Register in operand not in bank 0.  Ensure that bank bits are correct.
00BD   1085           00416                         bcf TRISIO, TX
00BE   1683           00417                         banksel WPU
Message[302]: Register in operand not in bank 0.  Ensure that bank bits are correct.
00BF   1495           00418                         bsf WPU, TX
                      00419                         
00C0   2???           00420                         CALL TRSF_HNDL
                      00421                         
00C1   01A0           00422                         clrf UART_CON 
00C2   17A0           00423                         bsf UART_CON, BanReceiveZ9Bit_F                                 ; TODO (–ü–†–ê–í
                            –ò–õ–¨–ù–û –õ–ò???)
00C3   01AE           00424                         clrf ButtonModes
00C4   1683           00425                         banksel WPU
Message[302]: Register in operand not in bank 0.  Ensure that bank bits are correct.
00C5   1095           00426                         bcf WPU, TX
00C6   1683           00427                         banksel TRISIO
00C7   302B           00428                         movlw TRISIO_INT
Message[302]: Register in operand not in bank 0.  Ensure that bank bits are correct.
00C8   0085           00429                         movwf TRISIO
00C9   1683           00430                         banksel IOCB
Message[302]: Register in operand not in bank 0.  Ensure that bank bits are correct.
00CA   1096           00431                         bcf IOCB, TX
Message[302]: Register in operand not in bank 0.  Ensure that bank bits are correct.
00CB   1696           00432                         bsf IOCB, RX
Message[302]: Register in operand not in bank 0.  Ensure that bank bits are correct.
00CC   1416           00433                         bsf IOCB, GPIO0
00CD   1283           00434                         banksel INTCON
00CE   158B           00435                         bsf INTCON, GPIE
                      00436                         ;clrf SEV_SEGM_reg
MPASM 5.76                          MAIN.ASM   12-7-2021  1:54:08         PAGE 11


LOC  OBJECT CODE     LINE SOURCE TEXT
  VALUE

                      00437 
00CF   0008           00438                         return
                      00439         
00D0                  00440 Select_Display_Info
00D0   1283           00441         banksel STATUS
Warning[207]: Found label after column 1. (If_0_on7segm)
00D1                  00442         If_0_on7segm
00D1   3000           00443                 movlw 00h
00D2   062F           00444                 xorwf SEV_SEGM_reg, w
00D3   1D03           00445                 btfss STATUS, Z
00D4   2???           00446                         GOTO If_1_on7segm; –ù–µ —Å–æ–≤–ø–∞–ª–æ —Å "0"
00D5   30FC           00447                         movlw b'11111100'
00D6   00A7           00448                         movwf Lcd_data
00D7   0008           00449                         return
                      00450 
Warning[207]: Found label after column 1. (If_1_on7segm)
00D8                  00451         If_1_on7segm
00D8   3001           00452                 movlw 01h
00D9   062F           00453                 xorwf SEV_SEGM_reg, w
00DA   1D03           00454                 btfss STATUS, Z
00DB   2???           00455                         GOTO If_2_on7segm; –ù–µ —Å–æ–≤–ø–∞–ª–æ —Å "1"
00DC   3060           00456                         movlw b'01100000'
00DD   00A7           00457                         movwf Lcd_data
00DE   0008           00458                         return
                      00459 
Warning[207]: Found label after column 1. (If_2_on7segm)
00DF                  00460         If_2_on7segm
00DF   3002           00461                 movlw 02h
00E0   062F           00462                 xorwf SEV_SEGM_reg, w
00E1   1D03           00463                 btfss STATUS, Z
00E2   2???           00464                         GOTO If_3_on7segm; –ù–µ —Å–æ–≤–ø–∞–ª–æ —Å "2"
00E3   30DA           00465                         movlw b'11011010'
00E4   00A7           00466                         movwf Lcd_data
00E5   0008           00467                         return
                      00468 
Warning[207]: Found label after column 1. (If_3_on7segm)
00E6                  00469         If_3_on7segm
00E6   3003           00470                 movlw 03h
00E7   062F           00471                 xorwf SEV_SEGM_reg, w
00E8   1D03           00472                 btfss STATUS, Z
00E9   2???           00473                         GOTO If_4_on7segm; –ù–µ —Å–æ–≤–ø–∞–ª–æ —Å "3"
00EA   30F2           00474                         movlw b'11110010'
00EB   00A7           00475                         movwf Lcd_data
00EC   0008           00476                         return
                      00477 
Warning[207]: Found label after column 1. (If_4_on7segm)
00ED                  00478         If_4_on7segm
00ED   3004           00479                 movlw 04h
00EE   062F           00480                 xorwf SEV_SEGM_reg, w
00EF   1D03           00481                 btfss STATUS, Z
00F0   2???           00482                         GOTO If_5_on7segm; –ù–µ —Å–æ–≤–ø–∞–ª–æ —Å "4"
00F1   3066           00483                         movlw b'01100110'
00F2   00A7           00484                         movwf Lcd_data
MPASM 5.76                          MAIN.ASM   12-7-2021  1:54:08         PAGE 12


LOC  OBJECT CODE     LINE SOURCE TEXT
  VALUE

00F3   0008           00485                         return
                      00486 
Warning[207]: Found label after column 1. (If_5_on7segm)
00F4                  00487         If_5_on7segm
00F4   3005           00488                 movlw 05h
00F5   062F           00489                 xorwf SEV_SEGM_reg, w
00F6   1D03           00490                 btfss STATUS, Z
00F7   2???           00491                         GOTO If_6_on7segm; –ù–µ —Å–æ–≤–ø–∞–ª–æ —Å "5"
00F8   30B6           00492                         movlw b'10110110'
00F9   00A7           00493                         movwf Lcd_data
00FA   0008           00494                         return
                      00495 
Warning[207]: Found label after column 1. (If_6_on7segm)
00FB                  00496         If_6_on7segm
00FB   3006           00497                 movlw 06h
00FC   062F           00498                 xorwf SEV_SEGM_reg, w
00FD   1D03           00499                 btfss STATUS, Z
00FE   2???           00500                         GOTO If_7_on7segm; –ù–µ —Å–æ–≤–ø–∞–ª–æ —Å "6"
00FF   30BE           00501                         movlw b'10111110'
0100   00A7           00502                         movwf Lcd_data
0101   0008           00503                         return
                      00504 
Warning[207]: Found label after column 1. (If_7_on7segm)
0102                  00505         If_7_on7segm
0102   3007           00506                 movlw 07h
0103   062F           00507                 xorwf SEV_SEGM_reg, w
0104   1D03           00508                 btfss STATUS, Z
0105   2???           00509                         GOTO If_8_on7segm; –ù–µ —Å–æ–≤–ø–∞–ª–æ —Å "7"
0106   30E0           00510                         movlw b'11100000'
0107   00A7           00511                         movwf Lcd_data
0108   0008           00512                         return
                      00513                         
Warning[207]: Found label after column 1. (If_8_on7segm)
0109                  00514         If_8_on7segm
0109   3008           00515                 movlw 08h
010A   062F           00516                 xorwf SEV_SEGM_reg, w
010B   1D03           00517                 btfss STATUS, Z
010C   2???           00518                         GOTO If_9_on7segm; –ù–µ —Å–æ–≤–ø–∞–ª–æ —Å "8"
010D   30FE           00519                         movlw b'11111110'
010E   00A7           00520                         movwf Lcd_data
010F   0008           00521                         return
                      00522 
Warning[207]: Found label after column 1. (If_9_on7segm)
0110                  00523         If_9_on7segm
0110   3009           00524                 movlw 09h
0111   062F           00525                 xorwf SEV_SEGM_reg, w
0112   1D03           00526                 btfss STATUS, Z
0113   2???           00527                         GOTO If_ERR; –ù–µ —Å–æ–≤–ø–∞–ª–æ —Å "9"
0114   30F6           00528                         movlw b'11110110'
0115   00A7           00529                         movwf Lcd_data
0116   0008           00530                         return
                      00531         
Warning[207]: Found label after column 1. (If_ERR)
MPASM 5.76                          MAIN.ASM   12-7-2021  1:54:08         PAGE 13


LOC  OBJECT CODE     LINE SOURCE TEXT
  VALUE

0117                  00532         If_ERR
0117   3002           00533                 movlw b'00000010'
0118   00A7           00534                 movwf Lcd_data
0119   30FF           00535                 movlw 0FFh
011A   00AF           00536                 movwf SEV_SEGM_reg
011B   0008           00537                 return
                      00538 
                      00539 
                      00540 
011C                  00541 Disp_Info_7seg
011C   1283           00542         banksel GPIO
011D   3009           00543         movlw .9
011E   00A8           00544         movwf Loop_ident
Warning[207]: Found label after column 1. (Loop_Disp_bits)
011F                  00545         Loop_Disp_bits
Message[305]: Using default destination of 1 (file).
011F   0BA8           00546                 decfsz Loop_ident
0120   2???           00547                         GOTO Fill_LCD_bit
0121   2???           00548                         GOTO Shift_reg
Warning[207]: Found label after column 1. (Fill_LCD_bit)
0122                  00549                         Fill_LCD_bit
0122   1C27           00550                                 btfss Lcd_data, 00h
0123   2???           00551                                         GOTO Conf_0bit
0124   1685           00552                                                 bsf GPIO, GPIO5
0125   2???           00553                                                 GOTO Transfer_bit_to_7seg
                      00554                                         
Warning[207]: Found label after column 1. (Conf_0bit)
0126                  00555                                         Conf_0bit
0126   1285           00556                                                 bcf GPIO, GPIO5
                      00557 
Warning[207]: Found label after column 1. (Transfer_bit_to_7seg)
0127                  00558                                         Transfer_bit_to_7seg
0127   1205           00559                                                 bcf GPIO, GPIO4
0128   1605           00560                                                 bsf GPIO, GPIO4
0129   1205           00561                                                 bcf GPIO, GPIO4
012A   1283           00562                                                 banksel STATUS
012B   1003           00563                                                 bcf STATUS, C
012C   0CA7           00564                                                 rrf Lcd_data, f
012D   2???           00565                                                 GOTO Loop_Disp_bits
                      00566                         
Warning[207]: Found label after column 1. (Shift_reg)
012E                  00567                         Shift_reg
012E   1505           00568                                 bsf GPIO, GPIO2
012F   1105           00569                                 bcf GPIO, GPIO2
0130   0008           00570                                 return
                      00571 
0131                  00572 SB1_INC_HNDL
0131   1C20           00573         btfss UART_CON, BUSY_F
0132   0008           00574                 return ; –ï—Å–ª–∏ –Ω–µ –∑–∞–Ω—è—Ç - –Ω–∞—Ö –Ω–∞–¥–æ —á—Ç–æ-—Ç–æ –∏–Ω–∫—Ä–µ–º–µ–Ω—Ç–∏—Ä–æ
                            –≤–∞—Ç—å? –î–µ–ª–∞—Ç—å –Ω–µ—Ö—Ä–µ–Ω??
Message[305]: Using default destination of 1 (file).
0133   0AAF           00575                 incf SEV_SEGM_reg
Warning[207]: Found label after column 1. (InfoDispayAlg)
MPASM 5.76                          MAIN.ASM   12-7-2021  1:54:08         PAGE 14


LOC  OBJECT CODE     LINE SOURCE TEXT
  VALUE

0134                  00576         InfoDispayAlg   
0134   2???           00577                 CALL Select_Display_Info
0135   2???           00578                 CALL Disp_Info_7seg
                      00579                 ; TODO –ù–ê–î–û –º–µ–Ω—è—Ç—å –∫–∞–∫–∏–µ-—Ç–æ –§–õ–ê–ì–ò 100%
0136   0008           00580                 return 
                      00581 
                      00582 
                      00583 
                      00584 
                      00585 
                      00586 
                      00587 
                      00588 
                      00589 
                      00590 
                      00591         
0137                  00592 GPIO_INT
                      00593         ;btfss UART_CON, BUSY_F
                      00594         ;       retfie   ; TODO –ú–± –≠–¢–û –ù–ï–ü–†–ê–í–ò–õ–¨–ù–û
                      00595 ;        –ï—Å–ª–∏ UART —Ä–∞–±–æ—Ç–∞–µ—Ç, —Ç–æ –ø—Ä–æ–≤–µ—Ä–∏–º –¥–∞–ª—å—à–µ —á—Ç–æ –±—ã–ª–æ –Ω–∞–∂–∞—Ç–æ
                             (–ø–æ —Ä–µ–∂–∏–º—É UART)
0137   2???           00596         CALL FindPortDiff
0138   1920           00597         btfsc UART_CON, RD_F; –ï—Å–ª–∏ —É—Å—Ç–∞–Ω–æ–≤–∏–ª—Å—è —Ñ–ª–∞–≥ RD_F –ø–æ –ø—Ä–µ—Ä—ã–≤–∞–Ω–∏—é, —
                            Ç–æ –∑–Ω–∞—á–∏—Ç –ø—Ä–∏—à—ë–ª start-–±–∏—Ç –ü–û–°–´–õ–ö–ò - –∏ –Ω–∞ –≤—Å—ë –æ—Å—Ç–∞–ª—å–Ω–æ–µ –ø
0139   2???           00598                 CALL GET_MSG
013A   18AB           00599         btfsc LastPressedBtns, SB_INC_Ch
013B   2???           00600                 CALL SB1_INC_HNDL; –ï—Å–ª–∏ –∫–Ω–æ–ø–∫–∞ INC –Ω–∞–∂–∞—Ç–∞
013C   182B           00601         btfsc LastPressedBtns, SB_SEND_Ch 
013D   2???           00602                 CALL SB0_SEND_HNDL; –ï—Å–ª–∏ –∫–Ω–æ–ø–∫–∞ SEND –Ω–∞–∂–∞—Ç–∞
013E   01AB           00603         clrf LastPressedBtns
013F   1283           00604         banksel GPIO
0140   0805           00605         movf GPIO, w
0141   00A5           00606         movwf LastPortState
0142   1283           00607         banksel INTCON
0143   100B           00608         bcf INTCON, GPIF
0144   0009           00609         retfie  ; TODO –ü—Ä–æ–≤–µ—Ä–∏—Ç—å –¥–æ—Å—Ç–∞—Ç–æ—á–Ω–æ –ª–∏ —ç—Ç–æ–≥–æ!
                      00610         
                      00611         
0145                  00612 T0_INT  ; –°–∫–æ—Ä–æ—Å—Ç—å –≤ 9600 –±–∏—Ç/—Å
0145   1C20           00613         btfss UART_CON, BUSY_F ; –ü—Ä–æ–≤–µ—Ä–∫–∞, —á—Ç–æ UART —Ä–∞–±–æ—Ç–∞–µ—Ç —Å–µ–π—á–∞—Å (–∞ –Ω–µ –ø
                            —Ä–æ—Å—Ç–∞–∏–≤–∞–µ—Ç)
0146   0009           00614                 retfie  ; CHECK IT (–¢–ê–ö –ö–ê–ö –ú–û–ì–£–¢ –ë–´–¢–¨ –î–†–£–ì–ò–ï –ü–†–ò–ß–ò–ù–´ –†–ê–ë
                            –û–¢–´ –¢–ê–ô–ú–ï–†–ê 0!!!!!!!!!!!!!!!!!!)
                      00615                 
                      00616         ;–ï—Å–ª–∏ T0_mode  == 1, —Ç–æ —ç—Ç–æ —Ü–µ–ª—ã–π –±–∏—Ç
                      00617         ;–ï—Å–ª–∏ T0_mode  == 0, —Ç–æ —ç—Ç–æ –ø–æ–ª –±–∏—Ç–∞
0147   1D21           00618         btfss UART_t0, Simple_TMR
0148   2???           00619                 GOTO Baud_Control
0149   1121           00620                 bcf UART_t0, Simple_TMR
014A   128B           00621                 bcf INTCON, T0IE
014B   110B           00622                 bcf INTCON, T0IF
014C   0008           00623                 return
                      00624                 
MPASM 5.76                          MAIN.ASM   12-7-2021  1:54:08         PAGE 15


LOC  OBJECT CODE     LINE SOURCE TEXT
  VALUE

Warning[207]: Found label after column 1. (Baud_Control)
014D                  00625         Baud_Control
014D   1283           00626                 banksel INTCON
014E   19A0           00627                 btfsc UART_CON, T0_MODE
014F   2???           00628                         GOTO T0_UPD_Baud
0150   2???           00629                         GOTO T0_UPD_HalfBaud
                      00630                 
Warning[207]: Found label after column 1. (T0_UPD_Baud)
0151                  00631                 T0_UPD_Baud
0151   10A1           00632                         bcf UART_t0, WAIT_FullBaud
                      00633                         
0152   128B           00634                         bcf INTCON, T0IE
0153   110B           00635                         bcf INTCON, T0IF
0154   0008           00636                         return
Warning[207]: Found label after column 1. (T0_UPD_HalfBaud)
0155                  00637                 T0_UPD_HalfBaud
0155   1021           00638                         bcf UART_t0, WAIT_HalfBaud
0156   128B           00639                         bcf INTCON, T0IE
0157   110B           00640                         bcf INTCON, T0IF
0158   0008           00641                         return
                      00642                         
                      00643                 
                      00644                 
0159                  00645 T1_INT  
0159   1F20           00646         btfss UART_CON, SEG7_Display_F
015A   2???           00647                 GOTO UpdateTMR1 ; –ï—Å–ª–∏ —Ñ–ª–∞–≥ –ø–æ—á–µ–º—É-—Ç–æ –Ω–µ —Å—Ç–æ–∏—Ç (TODO)
                      00648         
015B   1283           00649                 banksel STATUS
Warning[207]: Found label after column 1. (If_Disp_A)
015C                  00650                 If_Disp_A
015C   3000           00651                         movlw .0
015D   0630           00652                         xorwf GotMsgDispMode, w
015E   1D03           00653                         btfss STATUS, Z
015F   2???           00654                                 GOTO If_Disp_dash
0160   30EE           00655                                 movlw b'11101110'
0161   00A7           00656                                 movwf Lcd_data
0162   2???           00657                                 CALL Disp_Info_7seg
0163   0AB0           00658                                 incf GotMsgDispMode, f
0164   2???           00659                                 GOTO UpdateTMR1
                      00660 
Warning[207]: Found label after column 1. (If_Disp_dash)
0165                  00661                 If_Disp_dash
0165   3001           00662                         movlw .1
0166   0630           00663                         xorwf GotMsgDispMode, w
0167   1D03           00664                         btfss STATUS, Z
0168   2???           00665                                 GOTO If_Disp_GotAddr
Warning[207]: Found label after column 1. (Disp_dash)
0169                  00666                         Disp_dash
0169   3002           00667                                 movlw b'00000010'
016A   00A7           00668                                 movwf Lcd_data
016B   2???           00669                                 CALL Disp_Info_7seg
016C   0AB0           00670                                 incf GotMsgDispMode, f
016D   2???           00671                                 GOTO UpdateTMR1
MPASM 5.76                          MAIN.ASM   12-7-2021  1:54:08         PAGE 16


LOC  OBJECT CODE     LINE SOURCE TEXT
  VALUE

                      00672                 
Warning[207]: Found label after column 1. (If_Disp_GotAddr)
016E                  00673                 If_Disp_GotAddr
016E   3002           00674                         movlw .2
016F   0630           00675                         xorwf GotMsgDispMode, w
0170   1D03           00676                         btfss STATUS, Z
0171   2???           00677                                 GOTO If_Disp_D
0172   082C           00678                                 movf ADDR_reg, w
0173   00AF           00679                                 movwf SEV_SEGM_reg
0174   2???           00680                                 CALL InfoDispayAlg
0175   0AB0           00681                                 incf GotMsgDispMode, f
0176   2???           00682                                 GOTO UpdateTMR1
                      00683 
Warning[207]: Found label after column 1. (If_Disp_D)
0177                  00684                 If_Disp_D
0177   3003           00685                         movlw .3
0178   0630           00686                         xorwf GotMsgDispMode, w
0179   1D03           00687                         btfss STATUS, Z
017A   2???           00688                                 GOTO If_DispSecondDash
017B   307A           00689                                 movlw b'01111010'
017C   00A7           00690                                 movwf Lcd_data
017D   2???           00691                                 CALL Disp_Info_7seg
017E   0AB0           00692                                 incf GotMsgDispMode, f
017F   2???           00693                                 GOTO UpdateTMR1
                      00694                 
Warning[207]: Found label after column 1. (If_DispSecondDash)
0180                  00695                 If_DispSecondDash
0180   3004           00696                         movlw .4
0181   0630           00697                         xorwf GotMsgDispMode, w
0182   1D03           00698                         btfss STATUS, Z
0183   2???           00699                                 GOTO If_Disp_GotData
0184   2???           00700                                 GOTO Disp_dash
                      00701 
Warning[207]: Found label after column 1. (If_Disp_GotData)
0185                  00702                 If_Disp_GotData
0185   3005           00703                         movlw .5
0186   0630           00704                         xorwf GotMsgDispMode, w
0187   1D03           00705                         btfss STATUS, Z
0188   2???           00706                                 GOTO SmthNotOKWithTMR1
                      00707                                 
0189   082D           00708                                 movf DATA_reg, w
018A   00AF           00709                                 movwf SEV_SEGM_reg
018B   2???           00710                                 CALL InfoDispayAlg
                      00711                                 
018C   01B0           00712                                 clrf GotMsgDispMode
018D   15A1           00713                                 bsf UART_t0, T1_Busy_on_display
018E   1683           00714                                 banksel IOCB
Message[302]: Register in operand not in bank 0.  Ensure that bank bits are correct.
018F   0196           00715                                 clrf IOCB
Message[302]: Register in operand not in bank 0.  Ensure that bank bits are correct.
0190   1416           00716                                 bsf IOCB, GPIO0
0191   1283           00717                                 banksel INTCON
0192   158B           00718                                 bsf INTCON, GPIE
MPASM 5.76                          MAIN.ASM   12-7-2021  1:54:08         PAGE 17


LOC  OBJECT CODE     LINE SOURCE TEXT
  VALUE

0193   2???           00719                                 GOTO UpdateTMR1
                      00720 
Warning[207]: Found label after column 1. (SmthNotOKWithTMR1)
0194                  00721         SmthNotOKWithTMR1
0194   0000           00722                 NOP             ; –ü–æ—Å—Ç–∞–≤—å —Ç–æ—á–∫—É –æ—Å—Ç–∞–Ω–æ–≤—ã
Warning[207]: Found label after column 1. (UpdateTMR1)
0195                  00723         UpdateTMR1
0195   1283           00724                 banksel TMR1L
0196   307F           00725                 movlw 7Fh
0197   008E           00726                 movwf TMR1L
0198   008F           00727                 movwf TMR1H
0199   1283           00728                 banksel PIR1
019A   100C           00729                 bcf PIR1, TMR1IF
019B   0009           00730                 retfie
                      00731 
019C                  00732 TRSF_HNDL
                      00733         ; –í—ã–∑—ã–≤–∞–µ—Ç—Å—è, –µ—Å–ª–∏ —Ä–µ–∂–∏–º –æ—Ç–ø—Ä–∞–≤–∫–∏ —Å–æ–æ–±—â–µ–Ω–∏–π, UART —Å–≤–æ–±–æ
                            –¥–µ–Ω –∏ –±—ã–ª–∞ –Ω–∞–∂–∞—Ç–∞ –∫–Ω–æ–ø–∫–∞ SB0_SEND, –¥–ª—è –∏–Ω–∏—Ü–∏–∞–ª–∏–∑–∞—Ü–∏–∏ –æ—Ç–ø—
                      00734         ; –°–Ω–∞—á–∞–ª–∞ –≤—ã–±–∏—Ä–∞–µ—Ç—Å—è –∞–¥—Ä–µ—Å –æ—Ç–ø—Ä–∞–≤–∏—Ç–µ–ª—è. –î–ª—è —ç—Ç–æ–≥–æ –≤—ã–
                            ∑—ã–≤–∞–µ—Ç—Å—è —Ñ—É–Ω–∫—Ü–∏—è –ø–æ—Å—Ç–æ—è–Ω–Ω–æ–≥–æ –æ–±–Ω–æ–≤–ª–µ–Ω–∏—è 
                      00735         ;banksel TRISIO
                      00736         ;bcf TRISIO, TX
                      00737         
                      00738         
019C   082C           00739         movf ADDR_reg, w
019D   3810           00740         iorlw b'00010000'
019E   00A9           00741         movwf SERBUF
019F   16A0           00742         bsf UART_CON, BIT9
01A0   2???           00743         CALL SEND_MSG   ; –î–∞–ª–µ–µ –æ—Ç–ø—Ä–∞–≤–ª—è–µ—Ç—Å—è –¥–∞–Ω–Ω—ã–π –±–∏—Ç –≤ TX
                      00744         ; –î–∞–ª–µ–µ —Å–Ω–æ–≤–∞ —Ä–µ–∂–∏–º –≤—ã–±–æ—Ä–∞ –¥–∞–Ω–Ω—ã—Ö –æ—Ç–ø—Ä–∞–≤–ª—è–µ–º—ã—Ö
                      00745         ; –ü–æ –Ω–∞–∂–∞—Ç–∏—é SB_SEND —Ñ–∏–∫—Å–∏—Ä—É—é—Ç—Å—è –¥–∞–Ω–Ω—ã–µ 
                      00746         
01A1   0181           00747         CLRF TMR0
01A2   2???           00748         CALL StartSimpleT0
                      00749         ; WAIT –º–± –Ω—É–∂–µ–Ω!!!!!!!  TODO
                      00750 
01A3   082D           00751         movf DATA_reg, w
01A4   00A9           00752         movwf SERBUF
01A5   12A0           00753         bcf UART_CON, BIT9
01A6   2???           00754         CALL SEND_MSG
01A7   300A           00755         movlw b'00001010'
01A8   00A7           00756         movwf Lcd_data
01A9   2???           00757         CALL Disp_Info_7seg
01AA   0008           00758         return
                      00759         ; –û—Ç–ø—Ä–∞–≤–∫–∞ –¥–∞–Ω–Ω—ã—Ö –≤ TX
                      00760         ; –°–±—Ä–æ—Å —Ä–µ–∂–∏–º–æ–≤ —Ä–∞–±–æ—Ç—ã –≤ –∏–∑–Ω–∞—á–∞–ª—å–Ω–æ–µ —Å–æ—Å—Ç–æ—è–Ω–∏–µ. –ñ–¥—ë–º 
                            –∏–ª–∏ –Ω–∞–∂–∞—Ç–∏—è –∫–Ω–æ–ø–∫–∏ SB_SEND, –∏–ª–∏ –ø—Ä–∏—Ö–æ–¥–∞ –ø–∞–∫–µ—Ç–∞.
                      00761         
01AB                  00762 StartSimpleT0
01AB   1283           00763         banksel INTCON
01AC   168B           00764         bsf INTCON, T0IE
01AD   1283           00765         banksel INTCON
01AE   100B           00766         bcf INTCON, GPIF
MPASM 5.76                          MAIN.ASM   12-7-2021  1:54:08         PAGE 18


LOC  OBJECT CODE     LINE SOURCE TEXT
  VALUE

01AF   110B           00767         bcf INTCON, T0IF
01B0   130B           00768         bcf INTCON, PEIE 
01B1   178B           00769         bsf INTCON, GIE         ; –†–∞–∑—Ä–µ—à–∞–µ–º –ø—Ä–µ—Ä—ã–≤–∞–Ω–∏—è (–¢–∞–π–º–µ—Ä)
01B2   1521           00770         bsf UART_t0, Simple_TMR
Warning[207]: Found label after column 1. (WAIT_SimpleTMR)
01B3                  00771         WAIT_SimpleTMR
01B3   1921           00772                 btfsc UART_t0, Simple_TMR
01B4   2???           00773                         GOTO WAIT_SimpleTMR
01B5   138B           00774                         bcf INTCON, GIE         ; –†–∞–∑—Ä–µ—à–∞–µ–º –ø—Ä–µ—Ä—ã–≤–∞–Ω–∏—è (–¢–∞–π–º–µ—Ä)
01B6   170B           00775                         bsf INTCON, PEIE 
01B7   0008           00776                         return
                      00777         
01B8                  00778 HalfBaud
01B8   0000           00779         NOP
01B9   0000           00780         NOP
01BA   0000           00781         NOP
01BB   0000           00782         NOP
01BC   0000           00783         NOP
01BD   0000           00784         NOP
01BE   0000           00785         NOP
01BF   0000           00786         NOP
01C0   0000           00787         NOP
01C1   0000           00788         NOP
01C2   0000           00789         NOP
01C3   0000           00790         NOP
01C4   0000           00791         NOP
01C5   0000           00792         NOP
01C6   0000           00793         NOP
01C7   0000           00794         NOP
01C8   0000           00795         NOP
01C9   0000           00796         NOP
01CA   0000           00797         NOP
01CB   0000           00798         NOP
01CC   0008           00799         return
                      00800         
01CD                  00801 OneBaud
01CD   30C9           00802         movlw .201
01CE   1283           00803         banksel TMR0
01CF   0081           00804         movwf TMR0
01D0   1283           00805         banksel INTCON
01D1   168B           00806         bsf INTCON, T0IE
01D2   15A0           00807         bsf UART_CON, T0_MODE
01D3   14A1           00808         bsf UART_t0, WAIT_FullBaud
01D4   1283           00809         banksel INTCON
01D5   100B           00810         bcf INTCON, GPIF
01D6   110B           00811         bcf INTCON, T0IF
01D7   130B           00812         bcf INTCON, PEIE 
01D8   178B           00813         bsf INTCON, GIE         ; –†–∞–∑—Ä–µ—à–∞–µ–º –ø—Ä–µ—Ä—ã–≤–∞–Ω–∏—è (–¢–∞–π–º–µ—Ä)
Warning[207]: Found label after column 1. (WAIT_forFullBaud)
01D9                  00814         WAIT_forFullBaud
01D9   18A1           00815                 btfsc UART_t0, WAIT_FullBaud
01DA   2???           00816                         GOTO WAIT_forFullBaud
01DB   138B           00817                         bcf INTCON, GIE         ; –†–∞–∑—Ä–µ—à–∞–µ–º –ø—Ä–µ—Ä—ã–≤–∞–Ω–∏—è (–¢–∞–π–º–µ—Ä)
MPASM 5.76                          MAIN.ASM   12-7-2021  1:54:08         PAGE 19


LOC  OBJECT CODE     LINE SOURCE TEXT
  VALUE

01DC   170B           00818                         bsf INTCON, PEIE 
01DD   0008           00819                         return
                      00820         
01DE                  00821 Start_Displaying_GotMessage
                      00822         ; –ï—Å–ª–∏ –ø–æ–ª—É—á–∏–ª–∏ —Å–æ–æ–±—â–µ–Ω–∏–µ (—Å–Ω–∞—á–∞–ª–∞ –∞–¥—Ä–µ—Å), –ø–æ—Ç–æ–º –¥–∞–Ω–Ω—
                            ã–µ
                      00823         ; –ó–∞–ø—É—Å–∫–∞–µ—Ç—Å—è —Ç–∞–π–º–µ—Ä T1. –ö–∞–∂–¥—É—é –ø—Ä–∏–º–µ—Ä–Ω–æ —Å–µ–∫—É–Ω–¥—É –±—É–¥–µ—
                            Ç –æ—Ç–æ–±—Ä–∞–∂–∞—Ç—å—Å—è —Ç–æ –ê–¥—Ä–µ—Å, –æ—Ç –∫–æ–≥–æ, —Ç–æ –¥–∞–Ω–Ω—ã–µ
                      00824         ; –ê - # d - #
                      00825         ; –í—ã–∫–ª—é—á–∞–µ–º –ø—Ä–µ—Ä—ã–≤–∞–Ω–∏—è –ø–æ TX –∏ RX
                      00826         
01DE   1283           00827         banksel STATUS
01DF   0830           00828         movf GotMsgDispMode, w
01E0   1D03           00829         btfss STATUS, Z
01E1   2???           00830                 GOTO OtherModes; –ï—Å–ª–∏ –ù–ï —Ä–µ–∂–∏–º 0
                      00831         
                      00832         ; –ï—Å–ª–∏ —Ä–µ–∂–∏–º 0
01E2   1283           00833         banksel TMR1L
01E3   307F           00834         movlw 7Fh
01E4   008E           00835         movwf TMR1L
01E5   008F           00836         movwf TMR1H
                      00837         
01E6   1683           00838         banksel PIE1
Message[302]: Register in operand not in bank 0.  Ensure that bank bits are correct.
01E7   100C           00839         bcf PIE1, TMR1IE                        ; –°–ü–ï–¶–ò–ê–õ–¨–ù–û –í–´–ö–õ–Æ–ß–ê–ï–ú –î–û –¢–ï–• –ü
                            –û–†, –ü–û–ö–ê –ù–ï –ë–£–î–ï–¢ –ù–ê–ñ–ê–¢–ê –ö–ù–û–ü–ö–ê SEND –ü–û–õ–¨–ó–û–í–ê–¢–ï–õ–ï–ú!!!
                      00840 
01E8   1683           00841         banksel TRISIO
Message[302]: Register in operand not in bank 0.  Ensure that bank bits are correct.
01E9   1685           00842         bsf TRISIO, GPIO5 ; –î–µ–ª–∞–µ–º –ü–æ—Ä—Ç 5 "–í–≤–æ–¥–æ–º",–ø–æ–∫–∞ –Ω–µ –±—É–¥–µ—Ç —Å–¥–µ–ª–∞–Ω
                            –æ –ø–µ—Ä–µ–∫–ª—é—á–µ–Ω–∏–µ
Message[302]: Register in operand not in bank 0.  Ensure that bank bits are correct.
01EA   1485           00843         bsf TRISIO, TX
Message[302]: Register in operand not in bank 0.  Ensure that bank bits are correct.
01EB   1405           00844         bsf TRISIO, GPIO0
01EC   1683           00845         banksel IOCB 
Message[302]: Register in operand not in bank 0.  Ensure that bank bits are correct.
01ED   1296           00846         bcf IOCB, GPIO5 ;(–∑–∞–ø—Ä–µ—â–∞–µ–º –ø—Ä–µ—Ä—ã–≤–∞–Ω–∏—è)
Message[302]: Register in operand not in bank 0.  Ensure that bank bits are correct.
01EE   1416           00847         bsf IOCB, GPIO0
                      00848 
01EF   1283           00849         banksel T1CON
01F0   1690           00850         bsf T1CON, T1CKPS1
01F1   1610           00851         bsf T1CON, T1CKPS0
                      00852         
01F2   1120           00853         bcf UART_CON, RD_F
                      00854 
01F3   1283           00855         banksel INTCON
01F4   170B           00856         bsf INTCON, PEIE
01F5   158B           00857         bsf INTCON, GPIE
01F6   1410           00858         bsf T1CON, TMR1ON               ; –°—Ç–∞—Ä—Ç —Ç–∞–π–º–µ—Ä–∞
01F7   0008           00859         return
                      00860 
MPASM 5.76                          MAIN.ASM   12-7-2021  1:54:08         PAGE 20


LOC  OBJECT CODE     LINE SOURCE TEXT
  VALUE

Warning[207]: Found label after column 1. (OtherModes)
01F8                  00861         OtherModes
                      00862                 ; WHAT THE FUCK? –Ø —Å—é–¥–∞ –Ω–µ –¥–æ–ª–∂–µ–Ω –±—ã–ª –ø–æ–ø–∞–¥–∞—Ç—å!!
01F8   0008           00863                 return ; TODO –≠—Ç–æ —á—Ç–æ-—Ç–æ —è–≤–Ω–æ –Ω–µ–ø—Ä–∞–≤–∏–ª—å–Ω–æ–µ!
                      00864 
                      00865                 
01F9                  00866 CheckIfForMe
01F9   0829           00867         movf SERBUF, w
01FA   00A6           00868         movwf Accum
01FB   300F           00869         movlw b'00001111'
01FC   05A6           00870         andwf Accum, f
01FD   3001           00871         movlw b'00000001'
01FE   06A6           00872         xorwf Accum, f
01FF   08A6           00873                 movf Accum, f
0200   1903           00874         btfsc STATUS, Z
0201   0008           00875                 return
0202   0829           00876         movf SERBUF, w
0203   00A6           00877         movwf Accum
0204   300F           00878         movlw b'00001111'
0205   05A6           00879         andwf Accum, f
0206   30FC           00880         movlw b'11111100'
0207   0726           00881         addwf Accum, w
0208   1283           00882         banksel STATUS
0209   1803           00883         btfsc STATUS, C
020A   2???           00884                 GOTO Wide
020B   30FF           00885         movlw 0FFh
020C   00A6           00886         movwf Accum
020D   0008           00887         return
                      00888         
Warning[207]: Found label after column 1. (Wide)
020E                  00889         Wide
020E   01A6           00890                 clrf Accum
020F   0008           00891         return
                      00892         
                      00893                 
0210                  00894 GET_MSG
0210   1683           00895         banksel IOCB
                      00896         ;clrf IOCB
0211   1283           00897         banksel INTCON
0212   118B           00898         bcf INTCON, GPIE
0213   100B           00899         bcf INTCON, GPIF
0214   3008           00900         movlw .8
0215   00AA           00901         movwf TEMP
0216   01A9           00902         clrf SERBUF
0217   2???           00903         CALL HalfBaud
0218   1283           00904         banksel GPIO
Warning[207]: Found label after column 1. (Recieve_data)
0219                  00905         Recieve_data
0219   2???           00906                 CALL OneBaud
021A   1003           00907                 bcf STATUS, C
021B   0CA9           00908                 rrf SERBUF , f
021C   1A85           00909                 btfsc GPIO, RX
021D   17A9           00910                 bsf SERBUF, 7
MPASM 5.76                          MAIN.ASM   12-7-2021  1:54:08         PAGE 21


LOC  OBJECT CODE     LINE SOURCE TEXT
  VALUE

021E   0BAA           00911                 decfsz TEMP, f
021F   2???           00912                 GOTO Recieve_data               
0220   2???           00913         CALL OneBaud
                      00914         ; –ß–∏—Ç–∞–µ–º 9 –±–∏—Ç
0221   1A85           00915         btfsc GPIO, RX
0222   2???           00916                 GOTO GetAddress; –ï—Å–ª–∏ –ø—Ä–∏—à—ë–ª 9 –±–∏—Ç == 1 (–∞–¥—Ä–µ—Å)
                      00917                 ; –ï—Å–ª–∏ –ø—Ä–∏—à—ë–ª 9 –±–∏—Ç == 0 (–¥–∞–Ω–Ω—ã–µ) - —Ç–æ –•–ó. –ù–∞–¥–æ –ø—Ä–æ–≤–µ—Ä–
                            ∏—Ç—å! 
                      00918                 ; (9bit == 0)
0223   1BA0           00919                 btfsc UART_CON, BanReceiveZ9Bit_F
0224   2???           00920                         GOTO  NotForMe; –ü–†–û–ü–£–°–ö –î–ê–ù–ù–û–ô –ü–û–°–´–õ–ö–ò! (–æ–∂–∏–¥–∞–ª–∏ –∞–¥
                            —Ä–µ—Å - –ø–æ–ª—É—á–∏–ª–∏ –¥–∞–Ω–Ω—ã–µ)
                      00921                         
0225   2???           00922                         CALL OneBaud
0226   1283           00923                         banksel GPIO
0227   1E85           00924                         btfss GPIO, RX
0228   2???           00925                                 GOTO NotForMe    ; –ï—Å–ª–∏ —É—Å–ø–µ—à–Ω–æ –¥–æ—à—ë–ª –ü–æ—Å–ª–µ–¥–Ω–∏–π
                             –±–∏—Ç
                      00926                         ; –ï–°–õ–ò –ü–û–õ–£–ß–ò–õ–ò –î–ê–ù–ù–´–ï - –ò –≠–¢–û –û–ö
0229   0829           00927                         movf SERBUF, w
022A   00AD           00928                         movwf DATA_reg
022B   2???           00929                                 CALL Start_Displaying_GotMessage
022C   0008           00930                                 return
                      00931 
Warning[207]: Found label after column 1. (GetAddress)
022D                  00932         GetAddress ; (9bit == 1)
022D   1FA0           00933                 btfss UART_CON, BanReceiveZ9Bit_F
022E   0008           00934                         return ; –ü–†–û–ü–£–°–ö –î–ê–ù–ù–û–ô –ü–û–°–´–õ–ö–ò! (–æ–∂–∏–¥–∞–ª–∏ –¥–∞–Ω–Ω—ã–
                            µ - –ø–æ–ª—É—á–∏–ª–∏ –∞–¥—Ä–µ—Å)
                      00935                         
022F   2???           00936                         CALL OneBaud
0230   1283           00937                         banksel GPIO
0231   1E85           00938                         btfss GPIO, RX
0232   2???           00939                                 GOTO NotForMe    ; –ï—Å–ª–∏ —É—Å–ø–µ—à–Ω–æ –¥–æ—à—ë–ª –ü–æ—Å–ª–µ–¥–Ω–∏–π
                             –±–∏—Ç
                      00940                         ; –ê–¥—Ä–µ—Å
0233   2???           00941                         CALL CheckIfForMe
0234   1283           00942                         banksel STATUS
0235   08A6           00943                         movf Accum, f
0236   1D03           00944                         btfss STATUS, Z
0237   2???           00945                                 GOTO NotForMe;–ï—Å–ª–∏ –ø–æ—Å—ã–ª–∫–∞ –ù–ï –Ω–∞–º
0238   30F0           00946                                 movlw b'11110000'
0239   05A9           00947                         andwf SERBUF, f
023A   1283           00948                         banksel STATUS
023B   1003           00949                         bcf STATUS, C
Message[305]: Using default destination of 1 (file).
023C   0CA9           00950                         rrf SERBUF
Message[305]: Using default destination of 1 (file).
023D   0CA9           00951                         rrf SERBUF
Message[305]: Using default destination of 1 (file).
023E   0CA9           00952                         rrf SERBUF
Message[305]: Using default destination of 1 (file).
023F   0CA9           00953                         rrf SERBUF
MPASM 5.76                          MAIN.ASM   12-7-2021  1:54:08         PAGE 22


LOC  OBJECT CODE     LINE SOURCE TEXT
  VALUE

0240   0829           00954                         movf SERBUF, w                  ; –ù–µ –∑–Ω–∞—é –∑–∞—á–µ–º
0241   00AC           00955                         movwf ADDR_reg
0242   13A0           00956                         bcf UART_CON, BanReceiveZ9Bit_F
0243   1683           00957                         banksel IOCB
Message[302]: Register in operand not in bank 0.  Ensure that bank bits are correct.
0244   1696           00958                         bsf IOCB, RX
Message[302]: Register in operand not in bank 0.  Ensure that bank bits are correct.
0245   1416           00959                         bsf IOCB, GPIO0
0246   1283           00960                         banksel INTCON
0247   158B           00961                         bsf INTCON, GPIE
0248   100B           00962                         bcf INTCON, GPIF                        
0249   0008           00963                         return
                      00964                 
Warning[207]: Found label after column 1. (NotForMe)
024A                  00965                 NotForMe
024A   1120           00966                         bcf UART_CON, RD_F
024B   1683           00967                         banksel IOCB
Message[302]: Register in operand not in bank 0.  Ensure that bank bits are correct.
024C   1696           00968                         bsf IOCB, RX
Message[302]: Register in operand not in bank 0.  Ensure that bank bits are correct.
024D   1416           00969                         bsf IOCB, GPIO0
024E   1283           00970                         banksel INTCON
024F   158B           00971                         bsf INTCON, GPIE
0250   100B           00972                         bcf INTCON, GPIF                                        
0251   0008           00973                         return
                      00974                         
Warning[207]: Found label after column 1. (NotOKAll)
0252                  00975         NotOKAll
0252   1683           00976                 banksel IOCB
0253   0821           00977                 movf IOC_INIT, w
Message[302]: Register in operand not in bank 0.  Ensure that bank bits are correct.
0254   0096           00978                 movwf IOCB              
0255   1283           00979                 banksel INTCON
0256   158B           00980                 bsf INTCON, GPIE
0257   100B           00981                 bcf INTCON, GPIF
0258   0008           00982                 return
                      00983 
                      00984 
0259                  00985 SEND_MSG
                      00986         ; TODO –ó–∞–≥—Ä—É–∑–∫–∞ –æ—Ç–ø—Ä–∞–≤–ª—è–µ–º–æ–π –∫–æ–Ω—Å—Ç–∞–Ω—Ç—ã  –ò –∑–∞–≥—Ä—É–∑–∫–∞ 9 –±–∏—
                            Ç–æ–≥–æ
0259   1283           00987         banksel GPIO
025A   3008           00988         movlw .8
025B   00A8           00989         movwf Loop_ident
025C   1085           00990         bcf GPIO, TX
025D   2???           00991          CALL OneBaud
Warning[207]: Found label after column 1. (Send_data)
025E                  00992         Send_data
025E   1283           00993                 banksel STATUS
025F   1003           00994                 bcf STATUS, C
0260   0CA9           00995                 rrf SERBUF, f
0261   1283           00996                 banksel STATUS
0262   1C03           00997                 btfss STATUS, C
MPASM 5.76                          MAIN.ASM   12-7-2021  1:54:08         PAGE 23


LOC  OBJECT CODE     LINE SOURCE TEXT
  VALUE

0263   2???           00998                 GOTO Transfer_0
0264   2???           00999                 GOTO Transfer_1
Warning[207]: Found label after column 1. (Transfer_0)
0265                  01000                 Transfer_0
0265   1283           01001                         banksel GPIO
0266   1085           01002                         bcf GPIO, TX
0267   2???           01003                         GOTO BIT_ready
Warning[207]: Found label after column 1. (Transfer_1)
0268                  01004                 Transfer_1
0268   1283           01005                         banksel GPIO
0269   1485           01006                         bsf GPIO, TX
Warning[207]: Found label after column 1. (BIT_ready)
026A                  01007                 BIT_ready
026A   2???           01008                         CALL OneBaud
026B   0BA8           01009                         decfsz Loop_ident, f
026C   2???           01010                         GOTO Send_data                  
026D   1AA0           01011                         btfsc UART_CON, BIT9
026E   2???           01012                                 GOTO Send_9one
026F   2???           01013                                 GOTO Send_9zero
Warning[207]: Found label after column 1. (Send_9one)
0270                  01014                         Send_9one
0270   1485           01015                                 bsf GPIO, TX
0271   2???           01016                                 GOTO Send_Stop
Warning[207]: Found label after column 1. (Send_9zero)
0272                  01017                         Send_9zero
0272   1085           01018                                 bcf GPIO, TX
Warning[207]: Found label after column 1. (Send_Stop)
0273                  01019                         Send_Stop
0273   2???           01020                                 CALL OneBaud
0274   1283           01021                                 banksel STATUS
0275   1003           01022                                 bcf STATUS, C
0276   0CA9           01023                                 rrf  SERBUF, f          ; TODO –ó–ê–ß–ï–ú?????
0277   1485           01024                                 bsf GPIO, TX            ; –°–¢–û–ü-–ë–ò–¢
0278   3400           01025                                 retlw 0
                      01026                 
                      01027         
                      01028         
                      01029 
                      01030 
Warning[205]: Found directive in column 1. (END)
3FF4                  01031 END
MPASM 5.76                          MAIN.ASM   12-7-2021  1:54:08         PAGE 24


SYMBOL TABLE
  LABEL                             VALUE 

ADCON0                            0000001F
ADCS0                             00000004
ADCS1                             00000005
ADCS2                             00000006
ADDR_reg                          0000002C
ADFM                              00000007
ADIE                              00000006
ADIF                              00000006
ADON                              00000000
ADRESH                            0000001E
ADRESL                            0000009E
ANS0                              00000000
ANS1                              00000001
ANS2                              00000002
ANS3                              00000003
ANSEL                             0000009F
Accum                             00000026
BIT9                              00000005
BIT_ready                         0000026A
BUSY_F                            00000000
BanReceiveZ9Bit_F                 00000007
Baud_Control                      0000014D
ButtonModes                       0000002E
C                                 00000000
CAL0                              00000002
CAL1                              00000003
CAL2                              00000004
CAL3                              00000005
CAL4                              00000006
CAL5                              00000007
CHS0                              00000002
CHS1                              00000003
CINV                              00000004
CIS                               00000003
CM0                               00000000
CM1                               00000001
CM2                               00000002
CMCON                             00000019
CMIE                              00000003
CMIF                              00000003
COUT                              00000006
CheckIfForMe                      000001F9
Check_INT_T0                      0000003C
Check_INT_T1                      00000041
Check_SB_INC                      00000058
Conf_0bit                         00000126
DATA_INC_F                        00000004
DATA_reg                          0000002D
DC                                00000001
Disp_Info_7seg                    0000011C
Disp_dash                         00000169
EEADR                             0000009B
EECON1                            0000009C
MPASM 5.76                          MAIN.ASM   12-7-2021  1:54:08         PAGE 25


SYMBOL TABLE
  LABEL                             VALUE 

EECON2                            0000009D
EEDAT                             0000009A
EEDATA                            0000009A
EEIE                              00000007
EEIF                              00000007
EnableDisplayingMassage           00000077
F                                 00000001
FSR                               00000004
Fill_LCD_bit                      00000122
FindPortDiff                      00000048
Fix_addr                          000000A4
Fix_data_TX                       000000AE
GET_MSG                           00000210
GIE                               00000007
GO                                00000001
GO_DONE                           00000001
GO_NOT_DONE                       00000001
GP0                               00000000
GP1                               00000001
GP2                               00000002
GP3                               00000003
GP4                               00000004
GP5                               00000005
GPIE                              00000003
GPIF                              00000000
GPIO                              00000005
GPIO0                             00000000
GPIO1                             00000001
GPIO2                             00000002
GPIO3                             00000003
GPIO4                             00000004
GPIO5                             00000005
GPIO_DATA                         00000002
GPIO_INT                          00000137
GetAddress                        0000022D
GotMsgDispMode                    00000030
HalfBaud                          000001B8
IINT_HNDL                         00000037
INDF                              00000000
INTCON                            0000000B
INTE                              00000004
INTEDG                            00000006
INTERRUPT_INIT                    000000C8
INTF                              00000001
IOC                               00000096
IOC0                              00000000
IOC1                              00000001
IOC2                              00000002
IOC3                              00000003
IOC4                              00000004
IOC5                              00000005
IOCB                              00000096
IOCB0                             00000000
MPASM 5.76                          MAIN.ASM   12-7-2021  1:54:08         PAGE 26


SYMBOL TABLE
  LABEL                             VALUE 

IOCB1                             00000001
IOCB2                             00000002
IOCB3                             00000003
IOCB4                             00000004
IOCB5                             00000005
IOC_INIT                          00000021
IRP                               00000007
If_0_on7segm                      000000D1
If_1_on7segm                      000000D8
If_2_on7segm                      000000DF
If_3_on7segm                      000000E6
If_4_on7segm                      000000ED
If_5_on7segm                      000000F4
If_6_on7segm                      000000FB
If_7_on7segm                      00000102
If_8_on7segm                      00000109
If_9_on7segm                      00000110
If_DispSecondDash                 00000180
If_Disp_A                         0000015C
If_Disp_D                         00000177
If_Disp_GotAddr                   0000016E
If_Disp_GotData                   00000185
If_Disp_dash                      00000165
If_ERR                            00000117
InfoDispayAlg                     00000134
Init                              00000000
LastPortState                     00000025
LastPressedBtns                   0000002B
Lcd_data                          00000027
Loop_Disp_bits                    0000011F
Loop_ident                        00000028
MainLoop                          00000036
NOT_BOD                           00000000
NOT_BOR                           00000000
NOT_DONE                          00000001
NOT_GPPU                          00000007
NOT_PD                            00000003
NOT_POR                           00000001
NOT_T1SYNC                        00000002
NOT_TO                            00000004
NormalHandle                      00000070
NotForMe                          0000024A
NotOKAll                          00000252
OPTION_REG                        00000081
OSCCAL                            00000090
OneBaud                           000001CD
OtherModes                        000001F8
PCL                               00000002
PCLATH                            0000000A
PCON                              0000008E
PEIE                              00000006
PIE1                              0000008C
PIE1_INIT                         00000000
MPASM 5.76                          MAIN.ASM   12-7-2021  1:54:08         PAGE 27


SYMBOL TABLE
  LABEL                             VALUE 

PIR1                              0000000C
PS0                               00000000
PS1                               00000001
PS2                               00000002
PSA                               00000003
Port_GP0                          00000048
Port_GP1                          00000051
Port_GP5                          0000005D
RD                                00000000
RD_F                              00000002
RP0                               00000005
RP1                               00000006
RX                                00000005
Recieve_data                      00000219
SB0_M0                            00000000
SB0_M1                            00000001
SB0_OK                            00000091
SB0_SEND_HNDL                     00000067
SB0_ifBusy                        0000006A
SB1_INC_HNDL                      00000131
SB_INC_Ch                         00000001
SB_SEND_Ch                        00000000
SEG7_Display_F                    00000006
SEND_MSG                          00000259
SERBUF                            00000029
SEV_SEGM_reg                      0000002F
START                             00000035
STATUS                            00000003
Select_Display_Info               000000D0
Send_9one                         00000270
Send_9zero                        00000272
Send_Stop                         00000273
Send_data                         0000025E
Send_to_TX                        000000B7
Shift_reg                         0000012E
Simple_TMR                        00000002
SmthNotOKWithTMR1                 00000194
StartSimpleT0                     000001AB
Start_Displaying_GotMessage       000001DE
StopDisplayingMassage             00000080
T02SecScaler                      00000024
T0CS                              00000005
T0IE                              00000005
T0IF                              00000002
T0SE                              00000004
T0_INT                            00000145
T0_MODE                           00000003
T0_UPD_Baud                       00000151
T0_UPD_HalfBaud                   00000155
T1CKPS0                           00000004
T1CKPS1                           00000005
T1CON                             00000010
T1CON_INIT                        00000000
MPASM 5.76                          MAIN.ASM   12-7-2021  1:54:08         PAGE 28


SYMBOL TABLE
  LABEL                             VALUE 

T1H_REG                           00000022
T1IE                              00000000
T1IF                              00000000
T1L_REG                           00000023
T1OSCEN                           00000003
T1_Busy_on_display                00000003
T1_INT                            00000159
TEMP                              0000002A
TMR0                              00000001
TMR0IE                            00000005
TMR0IF                            00000002
TMR0_INIT                         00000000
TMR1                              0000000E
TMR1CS                            00000001
TMR1GE                            00000006
TMR1H                             0000000F
TMR1H_INIT                        00000000
TMR1IE                            00000000
TMR1IF                            00000000
TMR1L                             0000000E
TMR1L_INIT                        00000000
TMR1ON                            00000000
TRISIO                            00000085
TRISIO0                           00000000
TRISIO1                           00000001
TRISIO2                           00000002
TRISIO3                           00000003
TRISIO4                           00000004
TRISIO5                           00000005
TRISIO_INT                        0000002B
TRSF_HNDL                         0000019C
TR_F                              00000001
TX                                00000001
Transfer_0                        00000265
Transfer_1                        00000268
Transfer_bit_to_7seg              00000127
UART_CON                          00000020
UART_t0                           00000021
UpdateTMR1                        00000195
VCFG                              00000006
VR0                               00000000
VR1                               00000001
VR2                               00000002
VR3                               00000003
VRCON                             00000099
VREN                              00000007
VRR                               00000005
W                                 00000000
WAIT_FullBaud                     00000001
WAIT_HalfBaud                     00000000
WAIT_SimpleTMR                    000001B3
WAIT_forFullBaud                  000001D9
WPU                               00000095
MPASM 5.76                          MAIN.ASM   12-7-2021  1:54:08         PAGE 29


SYMBOL TABLE
  LABEL                             VALUE 

WPU0                              00000000
WPU1                              00000001
WPU2                              00000002
WPU4                              00000004
WPU5                              00000005
WPU_INIT                          00000034
WR                                00000001
WREN                              00000002
WRERR                             00000003
Wide                              0000020E
Z                                 00000002
_BODEN_OFF                        00003FBF
_BODEN_ON                         00003FFF
_BOREN_OFF                        00003FBF
_BOREN_ON                         00003FFF
_CONFIG                           00002007
_CPD_OFF                          00003FFF
_CPD_ON                           00003EFF
_CP_OFF                           00003FFF
_CP_ON                            00003F7F
_DEVID1                           00002006
_EC_OSC                           00003FFB
_EXTRC_OSC_CLKOUT                 00003FFF
_EXTRC_OSC_NOCLKOUT               00003FFE
_FOSC_EC                          00003FFB
_FOSC_EXTRCCLK                    00003FFF
_FOSC_EXTRCIO                     00003FFE
_FOSC_HS                          00003FFA
_FOSC_INTRCCLK                    00003FFD
_FOSC_INTRCIO                     00003FFC
_FOSC_LP                          00003FF8
_FOSC_XT                          00003FF9
_HS_OSC                           00003FFA
_IDLOC0                           00002000
_IDLOC1                           00002001
_IDLOC2                           00002002
_IDLOC3                           00002003
_INTRC_OSC_CLKOUT                 00003FFD
_INTRC_OSC_NOCLKOUT               00003FFC
_LP_OSC                           00003FF8
_MCLRE_OFF                        00003FDF
_MCLRE_ON                         00003FFF
_PWRTE_OFF                        00003FFF
_PWRTE_ON                         00003FEF
_WDTE_OFF                         00003FF7
_WDTE_ON                          00003FFF
_WDT_OFF                          00003FF7
_WDT_ON                           00003FFF
_XT_OSC                           00003FF9
__12F675                          00000001
btn_INC                           00000001
btn_RST                           00000003
btn_SEND                          00000000
MPASM 5.76                          MAIN.ASM   12-7-2021  1:54:08         PAGE 30






Errors   :     0
Warnings :    75 reported,     0 suppressed
Messages :    47 reported,     0 suppressed

