MPASM 5.76                          MAIN.ASM   11-29-2021  0:37:02         PAGE  1


LOC  OBJECT CODE     LINE SOURCE TEXT
  VALUE

                      00001 ;====================================================================
                      00002 ; Main.asm file generated by New Project wizard
                      00003 ;
                      00004 ; Created:   –í—Å –Ω–æ—è 14 2021
                      00005 ; Processor: PIC12F675
                      00006 ; Compiler:  MPASM (Proteus)
                      00007 ;====================================================================
                      00008 
                      00009 ;====================================================================
                      00010 ; DEFINITIONS
                      00011 ;====================================================================
                      00012 
                      00013 #include p12f675.inc                ; Include register definition file
                      00001         LIST
                      00002 
                      00003 ;==========================================================================
                      00004 ; Build date : Sep 19 2017
                      00005 ;  MPASM PIC12F675 processor include
                      00006 ; 
                      00007 ;  (c) Copyright 1999-2017 Microchip Technology, All rights reserved
                      00008 ;==========================================================================
                      00009 
                      00367         LIST
Warning[205]: Found directive in column 1. (__CONFIG)
2007   3FD4           00014 __CONFIG b'11111111010100'
                      00015 
                      00016 ;====================================================================
                      00017 ; CONSTANTS
                      00018 ;====================================================================
                      00019 
  00000028            00020 GPIO_DATA equ b'00101000' 
  000000C8            00021 INTERRUPT_INIT equ b'11001000'
  00000000            00022 PIE1_INIT equ b'00000000'
  00000000            00023 TMR1H_INIT equ 0x0
  00000000            00024 TMR1L_INIT equ 0x0
  00000000            00025 TMR0_INIT equ 0x0
  00000017            00026 WPU_INIT equ b'010111'
  00000028            00027 IOC_INIT equ b'101000'
  00000000            00028 T1CON_INIT equ b'00000000'
                      00029 ;====================================================================
                      00030 ; VARIABLES
                      00031 ;====================================================================
                      00032 
  00000020            00033 sound_flags equ 20h
  00000000            00034 snd1_flag equ 00h
  00000001            00035 snd2_flag equ 01h
  00000002            00036 snd3_flag equ 02h
                      00037 
                      00038 ;LEDS_STATES equ 21h
                      00039 ;LED1 equ 00h
                      00040 ;LED2 equ 01h
                      00041 ;LED3 equ 02h
                      00042 
MPASM 5.76                          MAIN.ASM   11-29-2021  0:37:02         PAGE  2


LOC  OBJECT CODE     LINE SOURCE TEXT
  VALUE

  00000000            00043 sound equ GP0
                      00044 
  00000003            00045 btn1 equ GP3
  00000005            00046 btn2 equ GP5
                      00047 
  00000021            00048 pc_states equ 21h
  00000000            00049 in_work_flag equ 00h
  00000001            00050 btn_wait_flag equ 01h
  00000002            00051 btn2_st equ 02h
  00000003            00052 btn3_st equ 03h
                      00053 
  00000022            00054 T1H_REG equ 22h
  00000023            00055 T1L_REG equ 23h
                      00056 
  00000024            00057 T02SecScaler equ 24h
                      00058 
  00000025            00059 LastPortState equ 25h
                      00060 
  00000026            00061 Accum equ 26h
                      00062 
  00000027            00063 Lcd_data equ 27h
                      00064 
  00000028            00065 Loop_ident equ 28h
                      00066 
                      00067 ;====================================================================
                      00068 ; RESET and INTERRUPT VECTORS
                      00069 ;====================================================================
                      00070 
                      00071       ; Reset Vector
                      00072 RST   code  0x0 
0000   2???           00073       goto  START
                      00074 
                      00075 INT code 0x4
0004   2???           00076         goto IINT_HNDL
                      00077         
                      00078         
                      00079 ;====================================================================
                      00080 ; CODE SEGMENT
                      00081 ;====================================================================
                      00082 
                      00083 PGM   code
                      00084 
0000                  00085 Init
                      00086         
0000   1683           00087         banksel ANSEL
Message[302]: Register in operand not in bank 0.  Ensure that bank bits are correct.
0001   019F           00088     clrf ANSEL
                      00089 
0002   1283           00090     banksel CMCON
0003   3007           00091     movlw 0x7
0004   0099           00092     movwf CMCON
                      00093 
0005   1683           00094     banksel OPTION_REG
MPASM 5.76                          MAIN.ASM   11-29-2021  0:37:02         PAGE  3


LOC  OBJECT CODE     LINE SOURCE TEXT
  VALUE

0006   3048           00095     movlw b'01001000'       ; Options
Message[302]: Register in operand not in bank 0.  Ensure that bank bits are correct.
0007   0081           00096     movwf OPTION_REG
                      00097 
0008   1683           00098     banksel TRISIO
0009   3028           00099     movlw b'00101000'   ; GPIO Port options
Message[302]: Register in operand not in bank 0.  Ensure that bank bits are correct.
000A   0085           00100     movwf TRISIO
                      00101 
000B   1283           00102     banksel GPIO
000C   3002           00103     movlw b'10' ; Default GPIO data
000D   00A8           00104     movwf GPIO_DATA
000E   0085           00105     movwf GPIO
                      00106 
000F   1683           00107     banksel WPU
0010   3017           00108     movlw WPU_INIT  ; Pull ups
Message[302]: Register in operand not in bank 0.  Ensure that bank bits are correct.
0011   0095           00109     movwf WPU
                      00110 
0012   1283           00111     banksel INTCON
0013   30C8           00112     movlw INTERRUPT_INIT   ; Interrupts
0014   008B           00113     movwf INTCON
                      00114 
0015   1683           00115     banksel PIE1
0016   3000           00116     movlw PIE1_INIT  ; Enables timer 1 (16-bit) INTERRRUPT (NO)
Message[302]: Register in operand not in bank 0.  Ensure that bank bits are correct.
0017   008C           00117     movwf PIE1
                      00118 
0018   1283           00119     banksel TMR1H
0019   3000           00120     movlw TMR1H_INIT
001A   008F           00121     movwf TMR1H
001B   3000           00122     movlw TMR1L_INIT
001C   008E           00123     movwf TMR1L
                      00124 
001D   1283           00125     banksel T1CON
001E   3000           00126     movlw T1CON_INIT    ; Enables timer 1
001F   0090           00127     movwf T1CON
                      00128 
0020   1683           00129     banksel IOC
0021   3028           00130     movlw IOC_INIT
Message[302]: Register in operand not in bank 0.  Ensure that bank bits are correct.
0022   0096           00131     movwf IOC
                      00132 
0023   2???           00133         CALL SavePortStates
                      00134         
0024   0008           00135     return
                      00136         
                      00137         
0025                  00138 IINT_HNDL
0025   180B           00139         btfsc INTCON,  GPIF
0026   2???           00140         GOTO GPIO_INT
0027   190B           00141         btfsc INTCON, T0IF
0028   2???           00142         GOTO T0_INT
MPASM 5.76                          MAIN.ASM   11-29-2021  0:37:02         PAGE  4


LOC  OBJECT CODE     LINE SOURCE TEXT
  VALUE

0029   1283           00143         banksel PIR1
002A   180C           00144         btfsc PIR1, TMR1IF
002B   2???           00145         GOTO T1_INT
002C   0008           00146         return
                      00147         
                      00148         
                      00149         
002D                  00150 SavePortStates
002D   1283           00151         banksel  GPIO
002E   0805           00152         movf GPIO, w
002F   00A5           00153         movwf LastPortState
0030   0008           00154         return
                      00155         
0031                  00156 CheckOnDownChanges
0031   1283           00157         banksel  GPIO
                      00158         ; –ü—Ä–æ–≤–µ—Ä–∫–∞ SB2
0032   1DA5           00159         btfss LastPortState, GPIO3
0033   2???           00160         GOTO CompareSB3
Warning[207]: Found label after column 1. (CompareSB2_1)
0034                  00161         CompareSB2_1
0034   1985           00162                 btfsc GPIO, GPIO3
0035   2???           00163                         GOTO CompareSB3
0036   38FF           00164                                 iorlw 0FFh
0037   0008           00165                                 return          ; –ü—Ä–æ–∏–∑–æ—à–ª–æ –Ω–∞–∂–∞—Ç–∏–µ SB2
                      00166         
Warning[207]: Found label after column 1. (CompareSB3)
0038                  00167         CompareSB3
0038   1AA5           00168                 btfsc LastPortState, GPIO5
0039   2???           00169                 GOTO CompareSB3_1
003A   0103           00170                 clrw
003B   0008           00171                 return
Warning[207]: Found label after column 1. (CompareSB3_1)
003C                  00172                 CompareSB3_1
003C   1A85           00173                         btfsc GPIO, GPIO5
003D   2???           00174                                 GOTO Nothing
003E   38FF           00175                                         iorlw 0FFh
003F   0008           00176                                         return          ; –ü—Ä–æ–∏–∑–æ—à–ª–æ –Ω–∞–∂–∞—Ç–∏–µ SB2
Warning[207]: Found label after column 1. (Nothing)
0040                  00177         Nothing
                      00178                 ; –ü—Ä–æ–∏–∑–æ—à–ª–∏ —Ç–æ–ª—å–∫–æ –æ—Ç–∂–∞—Ç–∏—è
0040   0103           00179                 clrw
0041   0008           00180                 return
                      00181                 
0042                  00182 Reset2SecTimer  
0042   2???           00183         CALL Start2SecTmr
0043   2???           00184         CALL SavePortStates
0044   100B           00185         bcf INTCON, GPIF
0045   0009           00186         retfie
                      00187                 
                      00188         
0046                  00189 GPIO_INT 
0046   2???           00190         CALL CheckOnDownChanges
                      00191         ;movf W, w
MPASM 5.76                          MAIN.ASM   11-29-2021  0:37:02         PAGE  5


LOC  OBJECT CODE     LINE SOURCE TEXT
  VALUE

                      00192         ;banksel STATUS
0047   1D03           00193         btfss STATUS, Z
0048   2???           00194         GOTO IfUp       
0049   2???           00195                 CALL SavePortStates
004A   100B           00196                 bcf INTCON, GPIF                
004B   0009           00197                 retfie
                      00198         ; –¢–æ–ª—å–∫–æ –æ—Ç–∂–∞—Ç–∏—è   
Warning[207]: Found label after column 1. (IfUp)
004C                  00199         IfUp
Warning[207]: Found label after column 1. (SB2_check)
004C                  00200                 SB2_check
004C   1283           00201                         banksel GPIO
004D   1985           00202                         btfsc GPIO, GPIO3
004E   2???           00203                         GOTO SB3_check
                      00204                         ; –û–±—Ä–∞–±–æ—Ç–∫–∞ –Ω–∞–∂–∞—Ç–∏—è –∫–ª–∞–≤–∏—à–∏ SB2  + –ø—Ä–æ–≤–µ—Ä–∫–∞ –Ω–∞–
                            ∂–∞—Ç–∏—è —Å—Ä–∞–∑—É –≤—Ç–æ—Ä–æ–π
004F   1A85           00205                         btfsc GPIO, GPIO5
0050   2???           00206                         GOTO ONLY_SB2
                      00207                         ; –ï—Å–ª–∏ –Ω–∞–∂–∞—Ç—ã –¥–≤–µ –∫–Ω–æ–ø–∫–∏
0051   1920           00208                                 btfsc sound_flags, snd3_flag
0052   2???           00209                                         GOTO Reset2SecTimer; –ï—Å–ª–∏ —Ç–µ–∫—É—â–∏–π —Ä–µ–∂–∏–º –ø–æ–¥–æ
                            —à—ë–ª
                      00210                                         
                      00211                                         ; –ï—Å–ª–∏ –Ω–µ —Ä–µ–∂–∏–º —Ç–µ–∫—É—â–∏–π –∏–ª–∏ –Ω–µ –∑–∞–ø—É—â
                            –µ–Ω –ø—Ä–æ—Å—Ç–æ       
0053   128B           00212                                         bcf INTCON, T0IE
0054   3001           00213                                         movlw 1h
0055   05A1           00214                                         andwf pc_states, f
0056   01A0           00215                                         clrf sound_flags
0057   2???           00216                                         CALL Start_Mode3
0058   100B           00217                                         bcf INTCON, GPIF
0059   2???           00218                                         CALL SavePortStates
005A   0009           00219                                         retfie
                      00220                                 
Warning[207]: Found label after column 1. (ONLY_SB2)
005B                  00221                         ONLY_SB2
                      00222                                 ; –ó–∞–ø—É—Å–∫ —Ç–∞–π–º–µ—Ä–∞ –Ω–∞ 1 –º—Å –≤ –æ–∂–∏–¥–∞–Ω–∏–∏ –Ω–∞–∂–∞—Ç
                            –∏—è –≤—Ç–æ—Ä–æ–π –∫–Ω–æ–ø–∫–∏, –ø–æ—Å–ª–µ —ç—Ç–æ–≥–æ –ø—Ä–æ–∏—Å—Ö–æ–¥–∏—Ç –æ–±—Ä–∞–±–æ—Ç–∫–∞ –∫
005B   110B           00223                                 bcf INTCON, T0IF
005C   1820           00224                                 btfsc sound_flags, snd1_flag
005D   2???           00225                                         GOTO Reset2SecTimer; –ï—Å–ª–∏ —Ç–µ–∫—É—â–∏–π —Ä–µ–∂–∏–º –ø–æ–¥–æ
                            —à—ë–ª
                      00226                                         
                      00227                                         ; –ï—Å–ª–∏ –Ω–µ —Ä–µ–∂–∏–º —Ç–µ–∫—É—â–∏–π –∏–ª–∏ –Ω–µ –∑–∞–ø—É—â
                            –µ–Ω –ø—Ä–æ—Å—Ç–æ
005E   18A1           00228                                         btfsc pc_states, btn_wait_flag  ; –ü—Ä–æ–≤–µ—Ä–∫–∞, —á—Ç–æ —Ç–∞–
                            π–º–µ—Ä —É–∂–µ –∑–∞–ø—É—â–µ–Ω
005F   2???           00229                                         GOTO ONLY_set_bitSB2
                      00230                                         ; –ï—Å–ª–∏ –Ω–µ –∑–∞–ø—É—â–µ–Ω —Ç–∞–π–º–µ—Ä
0060   3042           00231                                         movlw b'01000010' 
0061   1683           00232                                         banksel OPTION_REG
Message[302]: Register in operand not in bank 0.  Ensure that bank bits are correct.
0062   0081           00233                                         movwf OPTION_REG
MPASM 5.76                          MAIN.ASM   11-29-2021  0:37:02         PAGE  6


LOC  OBJECT CODE     LINE SOURCE TEXT
  VALUE

0063   30BB           00234                                         movlw 0BBh
0064   1283           00235                                         banksel TMR0
0065   0081           00236                                         movwf TMR0                                      ; –¢—É—Ç —Å—Ç–∞—
                            Ä—Ç–æ–≤–∞–ª —Ç–∞–π–º–µ—Ä –Ω–∞ 1 –º—Å
0066   168B           00237                                         bsf INTCON, T0IE                        ; –¢—É—Ç —Ä–∞–∑—Ä–µ—à–∏–
                            ª–∏ –ø—Ä–µ–æ—ã–≤–∞–Ω–∏—è
0067   14A1           00238                                         bsf pc_states, btn_wait_flag
Warning[207]: Found label after column 1. (ONLY_set_bitSB2)
0068                  00239                                 ONLY_set_bitSB2 
0068   1521           00240                                         bsf pc_states, btn2_st                  ; –ó–∞–ø–∏—Å—å, —á—Ç–æ –
                            ∫–Ω–æ–ø–∫–∞ 2 –Ω–∞–∂–∞—Ç–∞ 
                      00241                                         ;CALL Start_Mode1
0069   100B           00242                                         bcf INTCON, GPIF                        
006A   2???           00243                                         CALL SavePortStates
006B   0009           00244                                         retfie
                      00245 
                      00246                         
Warning[207]: Found label after column 1. (SB3_check)
006C                  00247                 SB3_check       
006C   1283           00248                         banksel GPIO
006D   1E85           00249                         btfss GPIO, GPIO5
006E   2???           00250                         GOTO SB3_Pressed ; –ï—Å–ª–∏ –Ω–∞–∂–∞—Ç–∞ –≤—Å–µ-—Ç–∞–∫–∏ –∫–ª–∞–≤–∏—à–∞ 3
006F   100B           00251                         bcf INTCON, GPIF
0070   2???           00252                         CALL SavePortStates
                      00253                         ; –ù–∏ –æ–¥–Ω–∞ –∫–Ω–æ–ø–∫–∞ –Ω–µ –±—ã–ª–∞ –Ω–∞–∂–∞—Ç–∞, —Å–ª–µ–¥–æ–≤–∞—Ç–µ–ª—å–
                            Ω–æ, –ø—Ä–æ–∏–∑–æ—à–ª–æ –û–¢–ñ–ê–¢–ò–ï
0071   0009           00254                         retfie
Warning[207]: Found label after column 1. (SB3_Pressed)
0072                  00255                         SB3_Pressed
                      00256                                 ; –û–±—Ä–∞–±–æ—Ç–∫–∞ –Ω–∞–∂–∞—Ç–∏—è –∫–ª–∞–≤–∏—à–∏ SB3 + –ø—Ä–æ–≤–µ—Ä–∫–
                            ∞ –Ω–∞–∂–∞—Ç–∏—è —Å—Ä–∞–∑—É –ø–µ—Ä–≤–æ–π
0072   1985           00257                                 btfsc GPIO, GPIO3
0073   2???           00258                                 GOTO ONLY_SB3
                      00259                                         ; –ï—Å–ª–∏ –Ω–∞–∂–∞—Ç—ã –¥–≤–µ –∫–Ω–æ–ø–∫–∏
0074   1920           00260                                         btfsc sound_flags, snd3_flag
0075   2???           00261                                                 GOTO Reset2SecTimer; –ï—Å–ª–∏ —Ç–µ–∫—É—â–∏–π —Ä–µ–∂–∏–º 
                            –ø–æ–¥–æ—à—ë–ª
                      00262                                                 
                      00263                                                 ; –ï—Å–ª–∏ –Ω–µ —Ä–µ–∂–∏–º —Ç–µ–∫—É—â–∏–π –∏–ª–∏ –Ω–µ –∑
                            –∞–ø—É—â–µ–Ω –ø—Ä–æ—Å—Ç–æ       
0076   128B           00264                                                 bcf INTCON, T0IE
0077   3001           00265                                                 movlw 1h
0078   05A1           00266                                                 andwf pc_states, f
0079   2???           00267                                                 CALL Start_Mode3
007A   100B           00268                                                 bcf INTCON, GPIF
007B   2???           00269                                                 CALL SavePortStates
007C   0009           00270                                                 retfie
                      00271                                 
Warning[207]: Found label after column 1. (ONLY_SB3)
007D                  00272                                 ONLY_SB3
                      00273                                                 ; –ó–∞–ø—É—Å–∫ —Ç–∞–π–º–µ—Ä–∞ –Ω–∞ 1 –º—Å –≤ –æ–∂–∏–¥–∞–
                            Ω–∏–∏ –Ω–∞–∂–∞—Ç–∏—è –ü–ï–†–í–û–ô  –∫–Ω–æ–ø–∫–∏, –ø–æ—Å–ª–µ —ç—Ç–æ–≥–æ –ø—Ä–æ–∏—Å—Ö–æ–¥–∏—Ç –æ–±
007D   18A0           00274                                         btfsc sound_flags, snd2_flag
MPASM 5.76                          MAIN.ASM   11-29-2021  0:37:02         PAGE  7


LOC  OBJECT CODE     LINE SOURCE TEXT
  VALUE

007E   2???           00275                                                 GOTO Reset2SecTimer; –ï—Å–ª–∏ —Ç–µ–∫—É—â–∏–π —Ä–µ–∂–∏–º 
                            –ø–æ–¥–æ—à—ë–ª
                      00276                                                 
                      00277                                                 ; –ï—Å–ª–∏ –Ω–µ —Ä–µ–∂–∏–º —Ç–µ–∫—É—â–∏–π –∏–ª–∏ –Ω–µ –∑
                            –∞–ø—É—â–µ–Ω –ø—Ä–æ—Å—Ç–æ       
007F   110B           00278                                                 bcf INTCON, T0IF
0080   18A1           00279                                                 btfsc pc_states, btn_wait_flag          ; –ü—Ä–æ–≤–µ—Ä–∫
                            –∞, —á—Ç–æ —Ç–∞–π–º–µ—Ä —É–∂–µ –∑–∞–ø—É—â–µ–Ω
0081   2???           00280                                                 GOTO ONLY_set_bitSB3
                      00281                                                 ; –ï—Å–ª–∏ –Ω–µ –∑–∞–ø—É—â–µ–Ω —Ç–∞–π–º–µ—Ä
0082   3042           00282                                                 movlw b'01000010' 
0083   1683           00283                                                 banksel OPTION_REG
Message[302]: Register in operand not in bank 0.  Ensure that bank bits are correct.
0084   0081           00284                                                 movwf OPTION_REG
0085   30BB           00285                                                 movlw 0BBh
0086   1283           00286                                                 banksel TMR0
0087   0081           00287                                                 movwf TMR0                                      ; –¢—É—Ç
                             —Å—Ç–∞—Ä—Ç–æ–≤–∞–ª —Ç–∞–π–º–µ—Ä –Ω–∞ 1 –º—Å
0088   168B           00288                                                 bsf INTCON, T0IE                        ; –¢—É—Ç —Ä–∞–∑—
                            Ä–µ—à–∏–ª–∏ –ø—Ä–µ–æ—ã–≤–∞–Ω–∏—è
0089   14A1           00289                                                 bsf pc_states, btn_wait_flag
Warning[207]: Found label after column 1. (ONLY_set_bitSB3)
008A                  00290                                         ONLY_set_bitSB3
008A   15A1           00291                                                 bsf pc_states, btn3_st                  ; –ó–∞–ø–∏—Å—å, 
                            —á—Ç–æ –∫–Ω–æ–ø–∫–∞ 2 –Ω–∞–∂–∞—Ç–∞ 
                      00292                                                 ;CALL Start_Mode2
008B   100B           00293                                                 bcf INTCON, GPIF
008C   2???           00294                                                 CALL SavePortStates
008D   0009           00295                                                 retfie
                      00296 
                      00297         
008E                  00298 Start_Mode3
                      00299         ; –ó–∞–ø—É—Å—Ç–∏—Ç—å —Ç–∞–π–º–µ—Ä –¥–ª—è –≤—Ä–µ–º–µ–Ω–∏ –≤ 2 —Å–µ–∫ (–¢–∞–π–º–µ—Ä 0)
008E   2???           00300         CALL Start2SecTmr
                      00301         ; –ó–∞–ø—É—Å—Ç–∏—Ç—å —Ç–∞–π–º–µ—Ä 1 –¥–ª—è –æ—Ç—Ä–∞–±–∞—Ç—ã–≤–∞–Ω–∏—è –∑–≤—É–∫–∞ —Å –∑–∞–¥–∞–Ω–Ω
                            –æ–π —á–∞—Å—Ç–æ—Ç–æ–π –≤ 3 –∫–ì—Ü
008F   1920           00302         btfsc sound_flags, snd3_flag
0090   0008           00303         return; –ï—Å–ª–∏ —Ç–µ–∫—É—â–∏–π —Ä–µ–∂–∏–º –ø–æ–¥–æ—à—ë–ª
                      00304         ; –ï—Å–ª–∏ –Ω–µ —Ä–µ–∂–∏–º —Ç–µ–∫—É—â–∏–π –∏–ª–∏ –Ω–µ –∑–∞–ø—É—â–µ–Ω –ø—Ä–æ—Å—Ç–æ
0091   30FE           00305         movlw 0FEh
0092   00A2           00306         movwf T1H_REG
0093   1283           00307         banksel TMR1H
0094   008F           00308         movwf TMR1H
0095   30B3           00309         movlw 0B3h
0096   00A3           00310         movwf T1L_REG
0097   008E           00311         movwf TMR1L
0098   1683           00312         banksel PIE1
Message[302]: Register in operand not in bank 0.  Ensure that bank bits are correct.
0099   140C           00313         bsf PIE1, TMR1IE
009A   170B           00314         bsf INTCON, PEIE
                      00315         
009B   30F2           00316         movlw b'11110010'
009C   00A7           00317         movwf Lcd_data
MPASM 5.76                          MAIN.ASM   11-29-2021  0:37:02         PAGE  8


LOC  OBJECT CODE     LINE SOURCE TEXT
  VALUE

009D   2???           00318         CALL Fill_LCD
                      00319         
009E   1283           00320         banksel T1CON
009F   1410           00321         bsf T1CON, TMR1ON       ; –ó–∞–ø—É—Å–∫–∞–µ–º —Å–∞–º —Ç–∞–π–º–µ—Ä
00A0   1520           00322         bsf sound_flags, snd3_flag
00A1   0008           00323         return
                      00324         
00A2                  00325 Start2SecTmr
00A2   3046           00326         movlw b'01000110'
00A3   1683           00327         banksel OPTION_REG
Message[302]: Register in operand not in bank 0.  Ensure that bank bits are correct.
00A4   0081           00328         movwf OPTION_REG
00A5   307C           00329         movlw 7Ch
00A6   00A4           00330         movwf T02SecScaler
00A7   168B           00331         bsf INTCON, T0IE                        ; –¢—É—Ç —Ä–∞–∑—Ä–µ—à–∏–ª–∏ –ø—Ä–µ–æ—ã–≤–∞–Ω–∏—è
00A8   110B           00332         bcf INTCON, T0IF
00A9   0008           00333         return
                      00334         
00AA                  00335 T0_INT
                      00336         ;bsf INTCON, GIE
                      00337         
00AA   1CA1           00338         btfss pc_states, btn_wait_flag
00AB   2???           00339         GOTO Check_on2sec
                      00340                 ; –ï—Å–ª–∏ –ø–æ –∏—Å—Ç–µ—á–µ–Ω–∏—é 1 –º—Å –¥–ª—è –∫–Ω–æ–ø–æ–∫
00AC   1D21           00341                 btfss pc_states, btn2_st
00AD   2???           00342                 GOTO Check_btn3
                      00343                         ; –ï—Å–ª–∏ –Ω–∞–∂–∞—Ç–∞ 1 –∫–Ω–æ–ø–∫–∞
00AE   1DA1           00344                         btfss pc_states, btn3_st                ; –ù–∞–∂–∞—Ç–∞ –ª–∏ –≤—Ç–æ—Ä–∞—è?
00AF   2???           00345                         GOTO Pressed_ONLY_btn2 ; –ï—Å–ª–∏ –Ω–∞–∂–∞—Ç–∞ —Ç–æ–ª—å–∫–æ –æ–¥–Ω–∞
                      00346                                 ; –ï—Å–ª–∏ –Ω–∞–∂–∞—Ç—ã –¥–≤–µ –∫–Ω–æ–ø–∫–∏
00B0   3001           00347                                 movlw 1h
00B1   05A1           00348                                 andwf pc_states, f
00B2   01A0           00349                                 clrf sound_flags
00B3   2???           00350                                 CALL Start_Mode3
00B4   0009           00351                                 retfie
Warning[207]: Found label after column 1. (Pressed_ONLY_btn2)
00B5                  00352                         Pressed_ONLY_btn2
00B5   3001           00353                                 movlw 1h
00B6   05A1           00354                                 andwf pc_states, f
00B7   01A0           00355                                 clrf sound_flags
00B8   2???           00356                                 CALL Start_Mode1
00B9   0009           00357                                 retfie
Warning[207]: Found label after column 1. (Check_btn3)
00BA                  00358                 Check_btn3
                      00359                         ; –ï—Å–ª–∏ –Ω–∞–∂–∞—Ç–∞ –¢–û–õ–¨–ö–û 2 –∫–Ω–æ–ø–∫–∞
00BA   3001           00360                         movlw 1h
00BB   05A1           00361                         andwf pc_states, f
00BC   01A0           00362                         clrf sound_flags
00BD   2???           00363                         CALL Start_Mode2
00BE   0009           00364                         retfie
                      00365                         
                      00366         ; –ï—Å–ª–∏ –≤—ã—à–ª–æ –≤—Ä–µ–º—è –≤ 2 —Å–µ–∫    
Warning[207]: Found label after column 1. (Check_on2sec)
MPASM 5.76                          MAIN.ASM   11-29-2021  0:37:02         PAGE  9


LOC  OBJECT CODE     LINE SOURCE TEXT
  VALUE

00BF                  00367         Check_on2sec            
00BF   0BA4           00368                 decfsz T02SecScaler, f
00C0   2???           00369                 GOTO ScalerNotZero
00C1   2???           00370                 GOTO ScalerISZero
                      00371                         
Warning[207]: Found label after column 1. (ScalerISZero)
00C2                  00372                 ScalerISZero
00C2   1283           00373                         banksel T1CON
00C3   01A0           00374                         clrf sound_flags
00C4   128B           00375                         bcf INTCON, T0IE ; –í—ã–∫–ª—é—á–∞–µ–º –ø—Ä–µ—Ä—ã–≤–∞–Ω–∏—è –¢–∞–π–º–µ—Ä–∞ 0
                      00376                         ;bcf PIE1, TMR0IE ; –í—ã–∫–ª—é—á–∞–µ–º –ø—Ä–µ—Ä—ã–≤–∞–Ω–∏—è –¢–∞–π–º–µ—Ä–∞ 1
00C5   1010           00377                         bcf T1CON, TMR1ON  ; –í—ã–∫–ª—é—á–∞–µ–º –¢–∞–π–º–µ—Ä 1
00C6   0009           00378                         retfie
                      00379                         
Warning[207]: Found label after column 1. (ScalerNotZero)
00C7                  00380                 ScalerNotZero
00C7   3083           00381                         movlw 83h
00C8   0081           00382                         movwf TMR0
00C9   110B           00383                         bcf INTCON, T0IF
00CA   168B           00384                         bsf INTCON, T0IE
00CB   0009           00385                         retfie
                      00386                 
00CC                  00387 T1_INT
                      00388         ;bsf INTCON, GIE
00CC   1283           00389         banksel GPIO
00CD   1C05           00390         btfss GPIO, sound
00CE   2???           00391         GOTO SET1_inSound
                      00392                 ; –ï—Å–ª–∏ —Å–µ–π—á–∞—Å SOUND = 1
00CF   1005           00393                 bcf GPIO, sound
00D0   2???           00394                 GOTO T1_refull
Warning[207]: Found label after column 1. (SET1_inSound)
00D1                  00395         SET1_inSound ; –ï—Å–ª–∏ —Å–µ–π—á–∞—Å SOUND = 0
00D1   1405           00396                 bsf GPIO, sound
                      00397                 
Warning[207]: Found label after column 1. (T1_refull)
00D2                  00398         T1_refull
00D2   0822           00399                 movf T1H_REG, w
00D3   008F           00400                 movwf TMR1H
00D4   0823           00401                 movf T1L_REG, w
00D5   008E           00402                 movwf TMR1L
00D6   1283           00403                 banksel PIR1
00D7   100C           00404                 bcf PIR1, TMR1IF
00D8   0009           00405                 retfie
                      00406 
00D9                  00407 Fill_LCD
00D9   3009           00408         movlw .9
00DA   00A8           00409         movwf Loop_ident
00DB   1283           00410         banksel GPIO
Warning[207]: Found label after column 1. (Loop_bits)
00DC                  00411         Loop_bits
Message[305]: Using default destination of 1 (file).
00DC   0BA8           00412                 decfsz Loop_ident
00DD   2???           00413                         GOTO Fill_LCD_bit
MPASM 5.76                          MAIN.ASM   11-29-2021  0:37:02         PAGE 10


LOC  OBJECT CODE     LINE SOURCE TEXT
  VALUE

00DE   2???           00414                         GOTO Shift_REG
Warning[207]: Found label after column 1. (Fill_LCD_bit)
00DF                  00415                         Fill_LCD_bit
00DF   1C27           00416                                 btfss Lcd_data, 0h
00E0   2???           00417                                         GOTO Set_0
00E1   3002           00418                                                 movlw b'00000010'
00E2   0485           00419                                                 iorwf GPIO, f
                      00420                                                 
00E3   30EF           00421                                                 movlw b'11101111'
00E4   0585           00422                                                 andwf GPIO, f
                      00423                                                 
00E5   3010           00424                                                 movlw b'00010000'
00E6   0485           00425                                                 iorwf GPIO, f 
                      00426                                                 
00E7   30EF           00427                                                 movlw b'11101111'
Message[305]: Using default destination of 1 (file).
00E8   0585           00428                                                 andwf GPIO
                      00429                                                 
00E9   0CA7           00430                                                 rrf Lcd_data, f
00EA   2???           00431                                                 GOTO Loop_bits
Warning[207]: Found label after column 1. (Set_0)
00EB                  00432                                         Set_0
00EB   30FD           00433                                                 movlw b'11111101'
00EC   0585           00434                                                 andwf GPIO, f
                      00435                                                 
00ED   30EF           00436                                                 movlw b'11101111'
00EE   0585           00437                                                 andwf GPIO, f
                      00438                                                 
00EF   3010           00439                                                 movlw b'00010000'
00F0   0485           00440                                                 iorwf GPIO, f 
                      00441                                                 
00F1   30EF           00442                                                 movlw b'11101111'
Message[305]: Using default destination of 1 (file).
00F2   0585           00443                                                 andwf GPIO
00F3   0CA7           00444                                                 rrf Lcd_data, f
00F4   2???           00445                                                 GOTO Loop_bits
                      00446                                                 
Warning[207]: Found label after column 1. (Shift_REG)
00F5                  00447         Shift_REG 
00F5   3004           00448                 movlw b'00000100'
Message[305]: Using default destination of 1 (file).
00F6   0485           00449                 iorwf GPIO
                      00450                 
00F7   30FB           00451                 movlw b'11111011'
Message[305]: Using default destination of 1 (file).
00F8   0585           00452                 andwf GPIO
                      00453                                                 
00F9   0008           00454                 return
                      00455 
00FA                  00456 Start_Mode1
                      00457         ; –ó–∞–ø—É—Å—Ç–∏—Ç—å —Ç–∞–π–º–µ—Ä –¥–ª—è –≤—Ä–µ–º–µ–Ω–∏ –≤ 2 —Å–µ–∫ (–¢–∞–π–º–µ—Ä 0)
00FA   2???           00458         CALL Start2SecTmr
                      00459         ; –ó–∞–ø—É—Å—Ç–∏—Ç—å —Ç–∞–π–º–µ—Ä 1 –¥–ª—è –æ—Ç—Ä–∞–±–∞—Ç—ã–≤–∞–Ω–∏—è –∑–≤—É–∫–∞ —Å –∑–∞–¥–∞–Ω–Ω
MPASM 5.76                          MAIN.ASM   11-29-2021  0:37:02         PAGE 11


LOC  OBJECT CODE     LINE SOURCE TEXT
  VALUE

                            –æ–π —á–∞—Å—Ç–æ—Ç–æ–π –≤ 3 –∫–ì—Ü
00FB   1820           00460         btfsc sound_flags, snd1_flag
00FC   0008           00461         return; –ï—Å–ª–∏ —Ç–µ–∫—É—â–∏–π —Ä–µ–∂–∏–º –ø–æ–¥–æ—à—ë–ª
                      00462         ; –ï—Å–ª–∏ –Ω–µ —Ä–µ–∂–∏–º —Ç–µ–∫—É—â–∏–π –∏–ª–∏ –Ω–µ –∑–∞–ø—É—â–µ–Ω –ø—Ä–æ—Å—Ç–æ
00FD   30FC           00463         movlw 0FCh
00FE   00A2           00464         movwf T1H_REG
00FF   1283           00465         banksel TMR1H
0100   008F           00466         movwf TMR1H
0101   3018           00467         movlw 18h
0102   00A3           00468         movwf T1L_REG
0103   008E           00469         movwf TMR1L
0104   1683           00470         banksel PIE1
Message[302]: Register in operand not in bank 0.  Ensure that bank bits are correct.
0105   140C           00471         bsf PIE1, TMR1IE
0106   170B           00472         bsf INTCON, PEIE
                      00473         
0107   3060           00474         movlw b'01100000'
0108   00A7           00475         movwf Lcd_data
0109   2???           00476         CALL Fill_LCD
                      00477         
010A   1283           00478         banksel T1CON
010B   1410           00479         bsf T1CON, TMR1ON       ; –ó–∞–ø—É—Å–∫–∞–µ–º —Å–∞–º —Ç–∞–π–º–µ—Ä
010C   1420           00480         bsf sound_flags, snd1_flag
010D   0008           00481         return
                      00482         
                      00483         
010E                  00484 Start_Mode2
                      00485 ; –ó–∞–ø—É—Å—Ç–∏—Ç—å —Ç–∞–π–º–µ—Ä –¥–ª—è –≤—Ä–µ–º–µ–Ω–∏ –≤ 2 —Å–µ–∫ (–¢–∞–π–º–µ—Ä 0)
010E   2???           00486         CALL Start2SecTmr
                      00487         ; –ó–∞–ø—É—Å—Ç–∏—Ç—å —Ç–∞–π–º–µ—Ä 1 –¥–ª—è –æ—Ç—Ä–∞–±–∞—Ç—ã–≤–∞–Ω–∏—è –∑–≤—É–∫–∞ —Å –∑–∞–¥–∞–Ω–Ω
                            –æ–π —á–∞—Å—Ç–æ—Ç–æ–π –≤ 3 –∫–ì—Ü
010F   18A0           00488         btfsc sound_flags, snd2_flag
0110   0008           00489         return; –ï—Å–ª–∏ —Ç–µ–∫—É—â–∏–π —Ä–µ–∂–∏–º –ø–æ–¥–æ—à—ë–ª
                      00490         ; –ï—Å–ª–∏ –Ω–µ —Ä–µ–∂–∏–º —Ç–µ–∫—É—â–∏–π –∏–ª–∏ –Ω–µ –∑–∞–ø—É—â–µ–Ω –ø—Ä–æ—Å—Ç–æ
0111   30FE           00491         movlw 0FEh
0112   00A2           00492         movwf T1H_REG
0113   1283           00493         banksel TMR1H
0114   008F           00494         movwf TMR1H
0115   300C           00495         movlw 0Ch
0116   00A3           00496         movwf T1L_REG
0117   008E           00497         movwf TMR1L
0118   1683           00498         banksel PIE1
Message[302]: Register in operand not in bank 0.  Ensure that bank bits are correct.
0119   140C           00499         bsf PIE1, TMR1IE
011A   170B           00500         bsf INTCON, PEIE
                      00501         
011B   30DA           00502         movlw b'11011010' ; '11011010' 
011C   00A7           00503         movwf Lcd_data
011D   2???           00504         CALL Fill_LCD
                      00505         
011E   1283           00506         banksel T1CON
011F   1410           00507         bsf T1CON, TMR1ON       ; –ó–∞–ø—É—Å–∫–∞–µ–º —Å–∞–º —Ç–∞–π–º–µ—Ä
0120   14A0           00508         bsf sound_flags, snd2_flag
MPASM 5.76                          MAIN.ASM   11-29-2021  0:37:02         PAGE 12


LOC  OBJECT CODE     LINE SOURCE TEXT
  VALUE

0121   0008           00509         return
                      00510 
0122                  00511 START
0122   2???           00512         CALL Init
Warning[207]: Found label after column 1. (Start_loop)
0123                  00513         Start_loop
0123   2???           00514         GOTO Start_loop
                      00515 ;====================================================================
3FD4                  00516       END
MPASM 5.76                          MAIN.ASM   11-29-2021  0:37:02         PAGE 13


SYMBOL TABLE
  LABEL                             VALUE 

ADCON0                            0000001F
ADCS0                             00000004
ADCS1                             00000005
ADCS2                             00000006
ADFM                              00000007
ADIE                              00000006
ADIF                              00000006
ADON                              00000000
ADRESH                            0000001E
ADRESL                            0000009E
ANS0                              00000000
ANS1                              00000001
ANS2                              00000002
ANS3                              00000003
ANSEL                             0000009F
Accum                             00000026
C                                 00000000
CAL0                              00000002
CAL1                              00000003
CAL2                              00000004
CAL3                              00000005
CAL4                              00000006
CAL5                              00000007
CHS0                              00000002
CHS1                              00000003
CINV                              00000004
CIS                               00000003
CM0                               00000000
CM1                               00000001
CM2                               00000002
CMCON                             00000019
CMIE                              00000003
CMIF                              00000003
COUT                              00000006
CheckOnDownChanges                00000031
Check_btn3                        000000BA
Check_on2sec                      000000BF
CompareSB2_1                      00000034
CompareSB3                        00000038
CompareSB3_1                      0000003C
DC                                00000001
EEADR                             0000009B
EECON1                            0000009C
EECON2                            0000009D
EEDAT                             0000009A
EEDATA                            0000009A
EEIE                              00000007
EEIF                              00000007
F                                 00000001
FSR                               00000004
Fill_LCD                          000000D9
Fill_LCD_bit                      000000DF
GIE                               00000007
MPASM 5.76                          MAIN.ASM   11-29-2021  0:37:02         PAGE 14


SYMBOL TABLE
  LABEL                             VALUE 

GO                                00000001
GO_DONE                           00000001
GO_NOT_DONE                       00000001
GP0                               00000000
GP1                               00000001
GP2                               00000002
GP3                               00000003
GP4                               00000004
GP5                               00000005
GPIE                              00000003
GPIF                              00000000
GPIO                              00000005
GPIO0                             00000000
GPIO1                             00000001
GPIO2                             00000002
GPIO3                             00000003
GPIO4                             00000004
GPIO5                             00000005
GPIO_DATA                         00000028
GPIO_INT                          00000046
IINT_HNDL                         00000025
INDF                              00000000
INTCON                            0000000B
INTE                              00000004
INTEDG                            00000006
INTERRUPT_INIT                    000000C8
INTF                              00000001
IOC                               00000096
IOC0                              00000000
IOC1                              00000001
IOC2                              00000002
IOC3                              00000003
IOC4                              00000004
IOC5                              00000005
IOCB                              00000096
IOCB0                             00000000
IOCB1                             00000001
IOCB2                             00000002
IOCB3                             00000003
IOCB4                             00000004
IOCB5                             00000005
IOC_INIT                          00000028
IRP                               00000007
IfUp                              0000004C
Init                              00000000
LastPortState                     00000025
Lcd_data                          00000027
Loop_bits                         000000DC
Loop_ident                        00000028
NOT_BOD                           00000000
NOT_BOR                           00000000
NOT_DONE                          00000001
NOT_GPPU                          00000007
MPASM 5.76                          MAIN.ASM   11-29-2021  0:37:02         PAGE 15


SYMBOL TABLE
  LABEL                             VALUE 

NOT_PD                            00000003
NOT_POR                           00000001
NOT_T1SYNC                        00000002
NOT_TO                            00000004
Nothing                           00000040
ONLY_SB2                          0000005B
ONLY_SB3                          0000007D
ONLY_set_bitSB2                   00000068
ONLY_set_bitSB3                   0000008A
OPTION_REG                        00000081
OSCCAL                            00000090
PCL                               00000002
PCLATH                            0000000A
PCON                              0000008E
PEIE                              00000006
PIE1                              0000008C
PIE1_INIT                         00000000
PIR1                              0000000C
PS0                               00000000
PS1                               00000001
PS2                               00000002
PSA                               00000003
Pressed_ONLY_btn2                 000000B5
RD                                00000000
RP0                               00000005
RP1                               00000006
Reset2SecTimer                    00000042
SB2_check                         0000004C
SB3_Pressed                       00000072
SB3_check                         0000006C
SET1_inSound                      000000D1
START                             00000122
STATUS                            00000003
SavePortStates                    0000002D
ScalerISZero                      000000C2
ScalerNotZero                     000000C7
Set_0                             000000EB
Shift_REG                         000000F5
Start2SecTmr                      000000A2
Start_Mode1                       000000FA
Start_Mode2                       0000010E
Start_Mode3                       0000008E
Start_loop                        00000123
T02SecScaler                      00000024
T0CS                              00000005
T0IE                              00000005
T0IF                              00000002
T0SE                              00000004
T0_INT                            000000AA
T1CKPS0                           00000004
T1CKPS1                           00000005
T1CON                             00000010
T1CON_INIT                        00000000
MPASM 5.76                          MAIN.ASM   11-29-2021  0:37:02         PAGE 16


SYMBOL TABLE
  LABEL                             VALUE 

T1H_REG                           00000022
T1IE                              00000000
T1IF                              00000000
T1L_REG                           00000023
T1OSCEN                           00000003
T1_INT                            000000CC
T1_refull                         000000D2
TMR0                              00000001
TMR0IE                            00000005
TMR0IF                            00000002
TMR0_INIT                         00000000
TMR1                              0000000E
TMR1CS                            00000001
TMR1GE                            00000006
TMR1H                             0000000F
TMR1H_INIT                        00000000
TMR1IE                            00000000
TMR1IF                            00000000
TMR1L                             0000000E
TMR1L_INIT                        00000000
TMR1ON                            00000000
TRISIO                            00000085
TRISIO0                           00000000
TRISIO1                           00000001
TRISIO2                           00000002
TRISIO3                           00000003
TRISIO4                           00000004
TRISIO5                           00000005
VCFG                              00000006
VR0                               00000000
VR1                               00000001
VR2                               00000002
VR3                               00000003
VRCON                             00000099
VREN                              00000007
VRR                               00000005
W                                 00000000
WPU                               00000095
WPU0                              00000000
WPU1                              00000001
WPU2                              00000002
WPU4                              00000004
WPU5                              00000005
WPU_INIT                          00000017
WR                                00000001
WREN                              00000002
WRERR                             00000003
Z                                 00000002
_BODEN_OFF                        00003FBF
_BODEN_ON                         00003FFF
_BOREN_OFF                        00003FBF
_BOREN_ON                         00003FFF
_CONFIG                           00002007
MPASM 5.76                          MAIN.ASM   11-29-2021  0:37:02         PAGE 17


SYMBOL TABLE
  LABEL                             VALUE 

_CPD_OFF                          00003FFF
_CPD_ON                           00003EFF
_CP_OFF                           00003FFF
_CP_ON                            00003F7F
_DEVID1                           00002006
_EC_OSC                           00003FFB
_EXTRC_OSC_CLKOUT                 00003FFF
_EXTRC_OSC_NOCLKOUT               00003FFE
_FOSC_EC                          00003FFB
_FOSC_EXTRCCLK                    00003FFF
_FOSC_EXTRCIO                     00003FFE
_FOSC_HS                          00003FFA
_FOSC_INTRCCLK                    00003FFD
_FOSC_INTRCIO                     00003FFC
_FOSC_LP                          00003FF8
_FOSC_XT                          00003FF9
_HS_OSC                           00003FFA
_IDLOC0                           00002000
_IDLOC1                           00002001
_IDLOC2                           00002002
_IDLOC3                           00002003
_INTRC_OSC_CLKOUT                 00003FFD
_INTRC_OSC_NOCLKOUT               00003FFC
_LP_OSC                           00003FF8
_MCLRE_OFF                        00003FDF
_MCLRE_ON                         00003FFF
_PWRTE_OFF                        00003FFF
_PWRTE_ON                         00003FEF
_WDTE_OFF                         00003FF7
_WDTE_ON                          00003FFF
_WDT_OFF                          00003FF7
_WDT_ON                           00003FFF
_XT_OSC                           00003FF9
__12F675                          00000001
btn1                              00000003
btn2                              00000005
btn2_st                           00000002
btn3_st                           00000003
btn_wait_flag                     00000001
in_work_flag                      00000000
pc_states                         00000021
snd1_flag                         00000000
snd2_flag                         00000001
snd3_flag                         00000002
sound                             00000000
sound_flags                       00000020

Errors   :     0
Warnings :    25 reported,     0 suppressed
Messages :    17 reported,     0 suppressed

