Warning[205] ..\MAIN.ASM 14 : Found directive in column 1. (__CONFIG)
Warning[207] ..\MAIN.ASM 35 : Found label after column 1. (BUSY_F)
Warning[207] ..\MAIN.ASM 36 : Found label after column 1. (TR_F)
Warning[207] ..\MAIN.ASM 37 : Found label after column 1. (RD_F)
Warning[207] ..\MAIN.ASM 38 : Found label after column 1. (T0_MODE)
Warning[207] ..\MAIN.ASM 39 : Found label after column 1. (DATA_INC_F)
Warning[207] ..\MAIN.ASM 40 : Found label after column 1. (BIT9)
Warning[207] ..\MAIN.ASM 41 : Found label after column 1. (SEG7_Display_F)
Warning[207] ..\MAIN.ASM 42 : Found label after column 1. (BanReceiveZ9Bit_F)
Warning[207] ..\MAIN.ASM 46 : Found label after column 1. (WAIT_HalfBaud)
Warning[207] ..\MAIN.ASM 47 : Found label after column 1. (WAIT_FullBaud)
Warning[207] ..\MAIN.ASM 48 : Found label after column 1. (Simple_TMR)
Warning[207] ..\MAIN.ASM 49 : Found label after column 1. (T1_Busy_on_display)
Warning[207] ..\MAIN.ASM 97 : Found label after column 1. (SB0_M0)
Warning[207] ..\MAIN.ASM 98 : Found label after column 1. (SB0_M1)
Message[302] ..\MAIN.ASM 127 : Register in operand not in bank 0.  Ensure that bank bits are correct.
Message[302] ..\MAIN.ASM 140 : Register in operand not in bank 0.  Ensure that bank bits are correct.
Message[302] ..\MAIN.ASM 144 : Register in operand not in bank 0.  Ensure that bank bits are correct.
Message[302] ..\MAIN.ASM 152 : Register in operand not in bank 0.  Ensure that bank bits are correct.
Message[302] ..\MAIN.ASM 160 : Register in operand not in bank 0.  Ensure that bank bits are correct.
Message[302] ..\MAIN.ASM 174 : Register in operand not in bank 0.  Ensure that bank bits are correct.
Warning[207] ..\MAIN.ASM 213 : Found label after column 1. (MainLoop)
Warning[207] ..\MAIN.ASM 224 : Found label after column 1. (Check_INT_T0)
Warning[207] ..\MAIN.ASM 230 : Found label after column 1. (Check_INT_T1)
Message[302] ..\MAIN.ASM 232 : Register in operand not in bank 0.  Ensure that bank bits are correct.
Warning[207] ..\MAIN.ASM 241 : Found label after column 1. (Port_GP0)
Message[302] ..\MAIN.ASM 243 : Register in operand not in bank 0.  Ensure that bank bits are correct.
Warning[207] ..\MAIN.ASM 251 : Found label after column 1. (Port_GP1)
Message[302] ..\MAIN.ASM 253 : Register in operand not in bank 0.  Ensure that bank bits are correct.
Warning[207] ..\MAIN.ASM 259 : Found label after column 1. (Check_SB_INC)
Warning[207] ..\MAIN.ASM 265 : Found label after column 1. (Port_GP5)
Message[302] ..\MAIN.ASM 267 : Register in operand not in bank 0.  Ensure that bank bits are correct.
Warning[207] ..\MAIN.ASM 299 : Found label after column 1. (SB0_ifBusy)
Warning[207] ..\MAIN.ASM 307 : Found label after column 1. (NormalHandle)
Warning[207] ..\MAIN.ASM 318 : Found label after column 1. (EnableDisplayingMassage)
Message[302] ..\MAIN.ASM 320 : Register in operand not in bank 0.  Ensure that bank bits are correct.
Message[302] ..\MAIN.ASM 322 : Register in operand not in bank 0.  Ensure that bank bits are correct.
Warning[207] ..\MAIN.ASM 329 : Found label after column 1. (StopDisplayingMassage)
Message[302] ..\MAIN.ASM 333 : Register in operand not in bank 0.  Ensure that bank bits are correct.
Message[302] ..\MAIN.ASM 341 : Register in operand not in bank 0.  Ensure that bank bits are correct.
Message[302] ..\MAIN.ASM 342 : Register in operand not in bank 0.  Ensure that bank bits are correct.
Message[302] ..\MAIN.ASM 345 : Register in operand not in bank 0.  Ensure that bank bits are correct.
Warning[207] ..\MAIN.ASM 350 : Found label after column 1. (SB0_OK)
Message[302] ..\MAIN.ASM 363 : Register in operand not in bank 0.  Ensure that bank bits are correct.
Message[302] ..\MAIN.ASM 364 : Register in operand not in bank 0.  Ensure that bank bits are correct.
Message[302] ..\MAIN.ASM 366 : Register in operand not in bank 0.  Ensure that bank bits are correct.
Message[302] ..\MAIN.ASM 367 : Register in operand not in bank 0.  Ensure that bank bits are correct.
Warning[207] ..\MAIN.ASM 375 : Found label after column 1. (Fix_addr)
Warning[207] ..\MAIN.ASM 388 : Found label after column 1. (Fix_data_TX)
Warning[207] ..\MAIN.ASM 402 : Found label after column 1. (Send_to_TX)
Message[302] ..\MAIN.ASM 416 : Register in operand not in bank 0.  Ensure that bank bits are correct.
Message[302] ..\MAIN.ASM 417 : Register in operand not in bank 0.  Ensure that bank bits are correct.
Message[302] ..\MAIN.ASM 419 : Register in operand not in bank 0.  Ensure that bank bits are correct.
Message[302] ..\MAIN.ASM 427 : Register in operand not in bank 0.  Ensure that bank bits are correct.
Message[302] ..\MAIN.ASM 430 : Register in operand not in bank 0.  Ensure that bank bits are correct.
Message[302] ..\MAIN.ASM 432 : Register in operand not in bank 0.  Ensure that bank bits are correct.
Message[302] ..\MAIN.ASM 433 : Register in operand not in bank 0.  Ensure that bank bits are correct.
Message[302] ..\MAIN.ASM 434 : Register in operand not in bank 0.  Ensure that bank bits are correct.
Warning[207] ..\MAIN.ASM 443 : Found label after column 1. (If_0_on7segm)
Warning[207] ..\MAIN.ASM 452 : Found label after column 1. (If_1_on7segm)
Warning[207] ..\MAIN.ASM 461 : Found label after column 1. (If_2_on7segm)
Warning[207] ..\MAIN.ASM 470 : Found label after column 1. (If_3_on7segm)
Warning[207] ..\MAIN.ASM 479 : Found label after column 1. (If_4_on7segm)
Warning[207] ..\MAIN.ASM 488 : Found label after column 1. (If_5_on7segm)
Warning[207] ..\MAIN.ASM 497 : Found label after column 1. (If_6_on7segm)
Warning[207] ..\MAIN.ASM 506 : Found label after column 1. (If_7_on7segm)
Warning[207] ..\MAIN.ASM 515 : Found label after column 1. (If_8_on7segm)
Warning[207] ..\MAIN.ASM 524 : Found label after column 1. (If_9_on7segm)
Warning[207] ..\MAIN.ASM 533 : Found label after column 1. (If_ERR)
Warning[207] ..\MAIN.ASM 546 : Found label after column 1. (Loop_Disp_bits)
Message[305] ..\MAIN.ASM 547 : Using default destination of 1 (file).
Warning[207] ..\MAIN.ASM 550 : Found label after column 1. (Fill_LCD_bit)
Warning[207] ..\MAIN.ASM 556 : Found label after column 1. (Conf_0bit)
Warning[207] ..\MAIN.ASM 559 : Found label after column 1. (Transfer_bit_to_7seg)
Warning[207] ..\MAIN.ASM 568 : Found label after column 1. (Shift_reg)
Message[305] ..\MAIN.ASM 576 : Using default destination of 1 (file).
Warning[207] ..\MAIN.ASM 577 : Found label after column 1. (InfoDispayAlg)
Warning[207] ..\MAIN.ASM 626 : Found label after column 1. (Baud_Control)
Warning[207] ..\MAIN.ASM 632 : Found label after column 1. (T0_UPD_Baud)
Warning[207] ..\MAIN.ASM 638 : Found label after column 1. (T0_UPD_HalfBaud)
Warning[207] ..\MAIN.ASM 651 : Found label after column 1. (If_Disp_A)
Warning[207] ..\MAIN.ASM 662 : Found label after column 1. (If_Disp_dash)
Warning[207] ..\MAIN.ASM 667 : Found label after column 1. (Disp_dash)
Warning[207] ..\MAIN.ASM 674 : Found label after column 1. (If_Disp_GotAddr)
Warning[207] ..\MAIN.ASM 685 : Found label after column 1. (If_Disp_D)
Warning[207] ..\MAIN.ASM 696 : Found label after column 1. (If_DispSecondDash)
Warning[207] ..\MAIN.ASM 703 : Found label after column 1. (If_Disp_GotData)
Message[302] ..\MAIN.ASM 716 : Register in operand not in bank 0.  Ensure that bank bits are correct.
Message[302] ..\MAIN.ASM 717 : Register in operand not in bank 0.  Ensure that bank bits are correct.
Warning[207] ..\MAIN.ASM 722 : Found label after column 1. (SmthNotOKWithTMR1)
Warning[207] ..\MAIN.ASM 724 : Found label after column 1. (UpdateTMR1)
Warning[207] ..\MAIN.ASM 769 : Found label after column 1. (WAIT_SimpleTMR)
Warning[207] ..\MAIN.ASM 812 : Found label after column 1. (WAIT_forFullBaud)
Message[302] ..\MAIN.ASM 837 : Register in operand not in bank 0.  Ensure that bank bits are correct.
Message[302] ..\MAIN.ASM 840 : Register in operand not in bank 0.  Ensure that bank bits are correct.
Message[302] ..\MAIN.ASM 841 : Register in operand not in bank 0.  Ensure that bank bits are correct.
Message[302] ..\MAIN.ASM 842 : Register in operand not in bank 0.  Ensure that bank bits are correct.
Message[302] ..\MAIN.ASM 844 : Register in operand not in bank 0.  Ensure that bank bits are correct.
Message[302] ..\MAIN.ASM 845 : Register in operand not in bank 0.  Ensure that bank bits are correct.
Warning[207] ..\MAIN.ASM 859 : Found label after column 1. (OtherModes)
Warning[207] ..\MAIN.ASM 887 : Found label after column 1. (Wide)
Warning[207] ..\MAIN.ASM 903 : Found label after column 1. (Recieve_data)
Warning[207] ..\MAIN.ASM 930 : Found label after column 1. (GetAddress)
Message[305] ..\MAIN.ASM 948 : Using default destination of 1 (file).
Message[305] ..\MAIN.ASM 949 : Using default destination of 1 (file).
Message[305] ..\MAIN.ASM 950 : Using default destination of 1 (file).
Message[305] ..\MAIN.ASM 951 : Using default destination of 1 (file).
Message[302] ..\MAIN.ASM 956 : Register in operand not in bank 0.  Ensure that bank bits are correct.
Message[302] ..\MAIN.ASM 957 : Register in operand not in bank 0.  Ensure that bank bits are correct.
Warning[207] ..\MAIN.ASM 963 : Found label after column 1. (NotForMe)
Message[302] ..\MAIN.ASM 966 : Register in operand not in bank 0.  Ensure that bank bits are correct.
Message[302] ..\MAIN.ASM 967 : Register in operand not in bank 0.  Ensure that bank bits are correct.
Warning[207] ..\MAIN.ASM 973 : Found label after column 1. (NotOKAll)
Message[302] ..\MAIN.ASM 976 : Register in operand not in bank 0.  Ensure that bank bits are correct.
Warning[207] ..\MAIN.ASM 990 : Found label after column 1. (Send_data)
Warning[207] ..\MAIN.ASM 998 : Found label after column 1. (Transfer_0)
Warning[207] ..\MAIN.ASM 1002 : Found label after column 1. (Transfer_1)
Warning[207] ..\MAIN.ASM 1005 : Found label after column 1. (BIT_ready)
Warning[207] ..\MAIN.ASM 1012 : Found label after column 1. (Send_9one)
Warning[207] ..\MAIN.ASM 1015 : Found label after column 1. (Send_9zero)
Warning[207] ..\MAIN.ASM 1017 : Found label after column 1. (Send_Stop)
Warning[205] ..\MAIN.ASM 1029 : Found directive in column 1. (END)
