MPASM 5.76                          MAIN.ASM   12-7-2021  1:54:13         PAGE  1


LOC  OBJECT CODE     LINE SOURCE TEXT
  VALUE

                      00001 ;====================================================================
                      00002 ; Main.asm file generated by New Project wizard
                      00003 ;
                      00004 ; Created:   –í—Å –Ω–æ—è 14 2021
                      00005 ; Processor: PIC12F675
                      00006 ; Compiler:  MPASM (Proteus)
                      00007 ;====================================================================
                      00008 
                      00009 ;====================================================================
                      00010 ; DEFINITIONS
                      00011 ;====================================================================
                      00012 
                      00013 #include p12f675.inc                ; Include register definition file
                      00001         LIST
                      00002 
                      00003 ;==========================================================================
                      00004 ; Build date : Sep 19 2017
                      00005 ;  MPASM PIC12F675 processor include
                      00006 ; 
                      00007 ;  (c) Copyright 1999-2017 Microchip Technology, All rights reserved
                      00008 ;==========================================================================
                      00009 
                      00367         LIST
Warning[205]: Found directive in column 1. (__CONFIG)
2007   3FF4           00014 __CONFIG b'11111111110100'
                      00015 
                      00016 ;====================================================================
                      00017 ; CONSTANTS
                      00018 ;====================================================================
                      00019 
  00000002            00020 GPIO_DATA equ b'000010' 
  000000C8            00021 INTERRUPT_INIT equ b'11001000'
  00000000            00022 PIE1_INIT equ b'00000000'
  00000000            00023 TMR1H_INIT equ 0x0
  00000000            00024 TMR1L_INIT equ 0x0
  00000000            00025 TMR0_INIT equ 0x0
  00000034            00026 WPU_INIT equ b'110100'   ;b'110100'                     ;GPIO1 –ò GPIO5 - –º–±–± –∫–∞–∫ READ —Ç–∞–∫ –∏ W
                            RITE —Ä–µ–∂–∏–º. –î–ª—è –∫–Ω–æ–ø–∫–∏ (–∏–∑–Ω–∞—á–∞–ª—å–Ω–æ!) –∏ TX; –î–ª—è RX –∏ Data —Å–æ–æ—Ç–≤
  00000021            00027 IOC_INIT equ b'100001'
  00000000            00028 T1CON_INIT equ b'00000000'
  0000002B            00029 TRISIO_INT equ b'00101011' ; b'00101001'
                      00030 ;====================================================================
                      00031 ; VARIABLES
                      00032 ;====================================================================
                      00033 
  00000020            00034 UART_CON equ 20h                                ; –ò–ó–ù–ê–ß–ê–õ–¨–ù–û –î–û–õ–ñ–ï–ù –ë–´–¢–¨ –†–ï–ñ–ò–ú 
                            –ü–†–û–°–õ–£–®–ò–í–ê–ù–ò–Ø!!!!!!!!!!!!!!!!!!!!!!!!!!!!!!!!!!
Warning[207]: Found label after column 1. (BUSY_F)
  00000000            00035         BUSY_F equ 00h
Warning[207]: Found label after column 1. (TR_F)
  00000001            00036         TR_F equ 01h
Warning[207]: Found label after column 1. (RD_F)
  00000002            00037         RD_F equ 02h
MPASM 5.76                          MAIN.ASM   12-7-2021  1:54:13         PAGE  2


LOC  OBJECT CODE     LINE SOURCE TEXT
  VALUE

Warning[207]: Found label after column 1. (T0_MODE)
  00000003            00038         T0_MODE equ 03h
Warning[207]: Found label after column 1. (DATA_INC_F)
  00000004            00039         DATA_INC_F equ 04h
Warning[207]: Found label after column 1. (BIT9)
  00000005            00040         BIT9 equ 05h
Warning[207]: Found label after column 1. (SEG7_Display_F)
  00000006            00041         SEG7_Display_F equ 06h
Warning[207]: Found label after column 1. (BanReceiveZ9Bit_F)
  00000007            00042         BanReceiveZ9Bit_F equ 07h;  –§–ª–∞–≥ –∑–∞–ø—Ä–µ—Ç–∞ –ø—Ä–∏—ë–º–∞ —Å–æ–æ–±—â–µ–Ω–∏–π,–≤ –∫–æ—Ç–æ—
                            Ä–æ–º 9 –±–∏—Ç –∏–º–µ–µ—Ç –∑–Ω–∞—á–µ–Ω–∏–µ 0 (—Ç.–µ. –µ—Å–ª–∏ —ç—Ç–æ –î–ê–ù–ù–´–ï)
                      00043         ;SaveDataOrAddr equ 07h         ; || 0 - Addr | 1 - Data ||
                      00044 
  00000021            00045 UART_t0 equ 21h
Warning[207]: Found label after column 1. (WAIT_HalfBaud)
  00000000            00046         WAIT_HalfBaud equ 00h
Warning[207]: Found label after column 1. (WAIT_FullBaud)
  00000001            00047         WAIT_FullBaud equ 01h
Warning[207]: Found label after column 1. (Simple_TMR)
  00000002            00048         Simple_TMR equ 02h
Warning[207]: Found label after column 1. (T1_Busy_on_display)
  00000003            00049         T1_Busy_on_display equ 03h
                      00050 ;LEDS_STATES equ 21h
                      00051 ;LED1 equ 00h
                      00052 ;LED2 equ 01h
                      00053 ;LED3 equ 02h
                      00054 
                      00055 
                      00056 
  00000000            00057 btn_SEND equ GPIO0
  00000003            00058 btn_RST equ GPIO3
  00000001            00059 btn_INC equ GPIO1
                      00060 
                      00061 ;pc_states equ 21h
                      00062 ;in_work_flag equ 00h
                      00063 ;btn_wait_flag equ 01h
                      00064 ;btn2_st equ 02h
                      00065 ;btn3_st equ 03h
                      00066 
  00000022            00067 T1H_REG equ 22h
  00000023            00068 T1L_REG equ 23h
                      00069 
  00000024            00070 T02SecScaler equ 24h
                      00071 
  00000025            00072 LastPortState equ 25h
                      00073 
  00000026            00074 Accum equ 26h
                      00075 
  00000027            00076 Lcd_data equ 27h
                      00077 
  00000028            00078 Loop_ident equ 28h
                      00079 
  00000029            00080 SERBUF equ 29h          ; TODO
MPASM 5.76                          MAIN.ASM   12-7-2021  1:54:13         PAGE  3


LOC  OBJECT CODE     LINE SOURCE TEXT
  VALUE

  0000002A            00081 TEMP equ 2Ah
                      00082 
  00000001            00083 TX equ GPIO1
  00000005            00084 RX equ GPIO5
                      00085 
                      00086 
                      00087 
  0000002B            00088 LastPressedBtns equ 2Bh         ;  || 0 bit - SB_SEND | 1 bit - SB_INC/TX | 2 bit - RX/DATA_7_SEG ||
  00000000            00089 SB_SEND_Ch equ 00h
  00000001            00090 SB_INC_Ch equ 01h
                      00091 ;--
                      00092 
  0000002C            00093 ADDR_reg equ 2Ch
  0000002D            00094 DATA_reg equ 2Dh
                      00095 
  0000002E            00096 ButtonModes equ 2Eh
Warning[207]: Found label after column 1. (SB0_M0)
  00000000            00097         SB0_M0  equ 00h
Warning[207]: Found label after column 1. (SB0_M1)
  00000001            00098         SB0_M1  equ 01h
                      00099 
                      00100 
  0000002F            00101 SEV_SEGM_reg equ 2Fh
                      00102 
  00000030            00103 GotMsgDispMode equ 30h
                      00104 
                      00105 
                      00106 ;====================================================================
                      00107 ; RESET and INTERRUPT VECTORS
                      00108 ;====================================================================
                      00109 
                      00110       ; Reset Vector
                      00111 RST   code  0x0 
0000   2???           00112       goto  START
                      00113 
                      00114 INT code 0x4
0004   2???           00115         goto IINT_HNDL
                      00116         
                      00117         
                      00118 ;====================================================================
                      00119 ; CODE SEGMENT
                      00120 ;====================================================================
                      00121 
                      00122 PGM   code
                      00123 
0000                  00124 Init
                      00125         
0000   1683           00126         banksel ANSEL
Message[302]: Register in operand not in bank 0.  Ensure that bank bits are correct.
0001   019F           00127     clrf ANSEL
                      00128 
0002   1283           00129     banksel CMCON
0003   3007           00130     movlw 0x7
MPASM 5.76                          MAIN.ASM   12-7-2021  1:54:13         PAGE  4


LOC  OBJECT CODE     LINE SOURCE TEXT
  VALUE

0004   0099           00131     movwf CMCON
                      00132 
0005   1283           00133           banksel GPIO
                      00134     ;movlw b'10' ; Default GPIO data
0006   3002           00135         movlw GPIO_DATA
0007   0085           00136     movwf GPIO
                      00137         
0008   1683           00138          banksel TRISIO
0009   302B           00139     movlw TRISIO_INT   ; GPIO Port options
Message[302]: Register in operand not in bank 0.  Ensure that bank bits are correct.
000A   0085           00140     movwf TRISIO
                      00141         
000B   1683           00142     banksel OPTION_REG
000C   3048           00143     movlw b'01001000'       ; Options
Message[302]: Register in operand not in bank 0.  Ensure that bank bits are correct.
000D   0081           00144     movwf OPTION_REG
                      00145 
                      00146    
                      00147 
                      00148  
                      00149 
000E   1683           00150     banksel WPU
000F   3034           00151     movlw WPU_INIT  ; Pull ups
Message[302]: Register in operand not in bank 0.  Ensure that bank bits are correct.
0010   0095           00152     movwf WPU
                      00153 
0011   1283           00154     banksel INTCON
0012   30C8           00155     movlw INTERRUPT_INIT   ; Interrupts
0013   008B           00156     movwf INTCON
                      00157 
0014   1683           00158     banksel PIE1
0015   3000           00159     movlw PIE1_INIT  ; Enables timer 1 (16-bit) INTERRRUPT (NO)
Message[302]: Register in operand not in bank 0.  Ensure that bank bits are correct.
0016   008C           00160     movwf PIE1
                      00161 
0017   1283           00162     banksel TMR1H
0018   3000           00163     movlw TMR1H_INIT
0019   008F           00164     movwf TMR1H
001A   3000           00165     movlw TMR1L_INIT
001B   008E           00166     movwf TMR1L
                      00167 
001C   1283           00168     banksel T1CON
001D   3000           00169     movlw T1CON_INIT    ; Enables timer 1
001E   0090           00170     movwf T1CON
                      00171 
001F   1683           00172     banksel IOCB
0020   3021           00173     movlw IOC_INIT
Message[302]: Register in operand not in bank 0.  Ensure that bank bits are correct.
0021   0096           00174     movwf IOCB
                      00175 
                      00176                 ;CALL SavePortStates
0022   0805           00177         movf GPIO, w
0023   00A5           00178         movwf LastPortState
MPASM 5.76                          MAIN.ASM   12-7-2021  1:54:13         PAGE  5


LOC  OBJECT CODE     LINE SOURCE TEXT
  VALUE

                      00179         
0024   01A0           00180         clrf UART_CON
0025   17A0           00181         bsf UART_CON, BanReceiveZ9Bit_F
                      00182         
0026   01A1           00183         clrf UART_t0
                      00184         
0027   01A4           00185         clrf T02SecScaler
                      00186         
0028   01A5           00187         clrf LastPortState
                      00188 
0029   01A6           00189         clrf Accum
                      00190 
002A   01A7           00191         clrf Lcd_data
                      00192 
002B   01A8           00193         clrf Loop_ident
                      00194 
002C   01A9           00195         clrf SERBUF 
002D   01AA           00196         clrf TEMP 
                      00197 
002E   01AB           00198         clrf LastPressedBtns
                      00199         
002F   01AC           00200         clrf ADDR_reg
0030   01AD           00201         clrf DATA_reg
                      00202 
0031   01AE           00203         clrf ButtonModes
                      00204 
0032   01AF           00205         clrf SEV_SEGM_reg 
                      00206 
0033   01B0           00207         clrf GotMsgDispMode 
                      00208         
0034   0008           00209     return
                      00210 
0035                  00211 START
0035   2???           00212         CALL Init
Warning[207]: Found label after column 1. (MainLoop)
0036                  00213         MainLoop
0036   2???           00214                 GOTO MainLoop
                      00215                 
                      00216                 
                      00217         
0037                  00218 IINT_HNDL
0037   1283           00219         banksel INTCON
0038   1D8B           00220         btfss INTCON, GPIE
0039   2???           00221                 GOTO Check_INT_T0
003A   180B           00222                 btfsc INTCON,  GPIF
003B   2???           00223                         GOTO GPIO_INT
Warning[207]: Found label after column 1. (Check_INT_T0)
003C                  00224         Check_INT_T0
003C   1283           00225                 banksel INTCON
003D   1E8B           00226                 btfss INTCON, T0IE
003E   2???           00227                         GOTO Check_INT_T1
003F   190B           00228                         btfsc INTCON, T0IF
0040   2???           00229                                 GOTO T0_INT
MPASM 5.76                          MAIN.ASM   12-7-2021  1:54:13         PAGE  6


LOC  OBJECT CODE     LINE SOURCE TEXT
  VALUE

Warning[207]: Found label after column 1. (Check_INT_T1)
0041                  00230         Check_INT_T1
0041   1683           00231                 banksel PIE1
Message[302]: Register in operand not in bank 0.  Ensure that bank bits are correct.
0042   1C0C           00232                 btfss PIE1, TMR1IE
0043   0008           00233                         return
0044   1283           00234                         banksel PIR1
0045   180C           00235                         btfsc PIR1, TMR1IF
0046   2???           00236                                 GOTO T1_INT
0047   0009           00237                                 retfie
                      00238         
0048                  00239 FindPortDiff
                      00240         ; –î–æ–ø—É—Å—Ç–∏–º, —Å–æ—Å—Ç–æ—è–Ω–∏–µ –ø–æ—Ä—Ç–∞ –∑–∞–ø–∏—Å—ã–≤–∞–µ—Ç—Å—è –≤ —Ä–µ–≥–∏—Å—Ç—Ä Las
                            tPortState
Warning[207]: Found label after column 1. (Port_GP0)
0048                  00241         Port_GP0
0048   1683           00242                 banksel IOCB
Message[302]: Register in operand not in bank 0.  Ensure that bank bits are correct.
0049   1C16           00243                 btfss IOCB, GPIO0
004A   2???           00244                         GOTO Port_GP1
004B   1283           00245                 banksel GPIO
004C   1805           00246                 btfsc GPIO, btn_SEND; –ï—Å–ª–∏ –Ω–∞–∂–∞—Ç–∞ –∫–Ω–æ–ø–∫–∞ - —Ç–æ (0)
004D   2???           00247                         GOTO Port_GP1 ; –ï—Å–ª–∏ (1)
004E   1C25           00248                         btfss LastPortState, btn_SEND; –ï—Å–ª–∏ (0) (–ï—Å–ª–∏ –≤ LastPortState –∏ –±—ã–ª
                             0 - —Ç–æ –∑–∞–±–∏–≤–∞–µ–º, –∏–Ω–∞—á–µ - –Ω–∞–∂–∞—Ç–∞ –∫–Ω–æ–ø–∫–∞)
004F   2???           00249                                 GOTO Port_GP1; –ï—Å–ª–∏ –æ—Å—Ç–∞—ë—Ç—Å—è –±—ã—Ç—å –Ω–∞–∂–∞—Ç–æ–π
0050   142B           00250                                 bsf LastPressedBtns, SB_SEND_Ch; –ï—Å–ª–∏ –ø—Ä–æ–∏–∑–æ—à–ª–æ –Ω–∞ —Å–∞–º
                            –æ–º –¥–µ–ª–µ –Ω–∞–∂–∞—Ç–∏–µ
Warning[207]: Found label after column 1. (Port_GP1)
0051                  00251         Port_GP1 ; –¢–û–õ–¨–ö–û –í –†–ï–ñ–ò–ú–ï –î–û –æ—Ç–ø—Ä–∞–≤–∫–∏ {TODO}
0051   1683           00252                 banksel IOCB
Message[302]: Register in operand not in bank 0.  Ensure that bank bits are correct.
0052   1C96           00253                 btfss IOCB, GPIO1
0053   2???           00254                         GOTO Port_GP5
0054   1283           00255                 banksel GPIO
0055   1A20           00256                 btfsc UART_CON, DATA_INC_F
0056   2???           00257                         GOTO Check_SB_INC; –ï—Å–ª–∏ 1
0057   2???           00258                         GOTO Port_GP5; –ï—Å–ª–∏ 0
Warning[207]: Found label after column 1. (Check_SB_INC)
0058                  00259                 Check_SB_INC
0058   1885           00260                         btfsc GPIO, btn_INC ; –ï—Å–ª–∏ –Ω–∞–∂–∞—Ç–∞ –∫–Ω–æ–ø–∫–∞ - —Ç–æ (0)
0059   2???           00261                                 GOTO Port_GP5
005A   1CA5           00262                                 btfss LastPortState, btn_INC ; –ï—Å–ª–∏ –≤ LastPortState –∏ –±—ã–ª 0 - —
                            Ç–æ –∑–∞–±–∏–≤–∞–µ–º, –∏–Ω–∞—á–µ - –Ω–∞–∂–∞—Ç–∞—è –∫–Ω–æ–ø–∫–∞
005B   2???           00263                                         GOTO Port_GP5 ; –ï—Å–ª–∏ –æ—Å—Ç–∞—ë—Ç—Å—è 
005C   14AB           00264                                         bsf LastPressedBtns, SB_INC_Ch ; –ï—Å–ª–∏ –Ω–∞ —Å–∞–º–æ–º –¥–µ–ª
                            –µ –ø—Ä–æ–∏–∑–æ—à–ª–æ –Ω–∞–∂–∞—Ç–∏–µ
Warning[207]: Found label after column 1. (Port_GP5)
005D                  00265         Port_GP5
005D   1683           00266                 banksel IOCB
Message[302]: Register in operand not in bank 0.  Ensure that bank bits are correct.
005E   1E96           00267                 btfss IOCB, GPIO5
005F   0008           00268                         return
MPASM 5.76                          MAIN.ASM   12-7-2021  1:54:13         PAGE  7


LOC  OBJECT CODE     LINE SOURCE TEXT
  VALUE

                      00269                         ; –ï—Å–ª–∏ GPIO5 –≤ —Ä–µ–∂–∏–º–µ —á—Ç–µ–Ω–∏—è 
0060   1283           00270                         banksel GPIO
0061   1A85           00271                         btfsc GPIO, RX
0062   0008           00272                                 return  ; 1 - —Å—ë –æ–∫
0063   1520           00273                                 bsf UART_CON, RD_F      ; –ü—Ä–∏—à—ë–ª –æ—Ç—Ä–∏—Ü–∞—Ç–µ–ª—å–Ω—ã–π —Ñ–ª–∞
                            –≥
0064   1420           00274                                 bsf UART_CON, BUSY_F
0065   0008           00275                                 return 
                      00276 
                      00277         ; –ù—É–∂–Ω–∞ –ø—Ä–æ–≤–µ—Ä–∫–∞, —á—Ç–æ RX –≤ —Ä–µ–∂–∏–º–µ —á—Ç–µ–Ω–∏—è (–º–± –∏ –Ω–µ –Ω–∞–¥–æ, —Ç
                            –∞–∫ –∫–∞–∫ –Ω–µ —Å—Ä–∞–±–∞—Ç—ã–≤–∞–µ—Ç –ø—Ä–µ—Ä—ã–≤–∞–Ω–∏–µ –ø–æ GPIO –≤–æ –≤—Ä–µ–º—è "–≤—ã–≤–æ
                      00278         ; –ü–æ –°–ü–ê–î–£ –≤—ã–∑—ã–≤–∞–µ—Ç—Å—è –æ–±—Ä–∞–±–æ—Ç–∫–∞ –ø—Ä–∏—Ö–æ–¥—è—â–µ–≥–æ —Å–æ–æ–±—â–µ–Ω–
                            ∏—è
                      00279                 ;btfsc UART_CON, SEG7_Display_F
                      00280                 ;       return; –ï—Å–ª–∏ –ø—Ä–æ–∏—Å—Ö–æ–¥–∏—Ç –≤—ã–≤–æ–¥ - —Ç–æ –Ω–µ –º–æ–∂–µ—Ç –±—ã—Ç—å
                             –Ω–∏–∫–∞–∫ –ø–æ–¥–∫–ª—é—á–µ–Ω –ø–æ—Ä—Ç –∫ RX
                      00281                 ;       bsf UART_CON, RD_F; –ï—Å–ª–∏ –Ω–µ –≤—ã–≤–æ–¥ - —Ç–æ –º–± –∏ RX (—É—Å—Ç–∞–Ω–∞–≤–ª
                            –∏–≤–∞–µ–º —Ñ–ª–∞–≥ —á—Ç–µ–Ω–∏—è)
0066   0008           00282                 return
                      00283         ;       btfsc UART_CON, SEG7_Display_F
                      00284         ;               return ; –ï—Å–ª–∏ –≤—ã–≤–æ–¥ –Ω–∞ 7-—Å–µ–≥–º–µ–Ω—Ç–Ω–∏–∫
                      00285         ;               ; –ï—Å–ª–∏ –ß—Ç–µ–Ω–∏–µ —Å RX
                      00286 
0067                  00287 SB0_SEND_HNDL
                      00288         ; 4 –Ω–∞–∂–∞—Ç–∏—è
                      00289         ; –ò–ó–ù–ê–ß–ê–õ–¨–ù–û –Ω–µ –≥–æ—Ä–∏—Ç (–µ—Å–ª–∏ –Ω–µ –±—ã–ª–æ –ø—Ä–∏—Å–ª–∞–Ω–Ω—ã—Ö –¥–∞–Ω–Ω—ã—Ö
                            ) –∏ –Ω–µ –∂–¥—ë—Ç –¥–∞–Ω–Ω—ã–µ –Ω–∏–∫–∞–∫–∏–µ
                      00290         ; 1(00) - –∞–∫—Ç–∏–≤–∏—Ä—É–µ—Ç —Å—á–∏—Ç—ã–≤–∞–Ω–∏–µ –∞–¥—Ä–µ—Å–∞ (–ø–æ–ª—å–∑–æ–≤–∞—Ç–µ–ª—å –Ω–∞–
                            ∂–∏–º–∞–µ—Ç –Ω–∞ –∫–Ω–æ–ø–∫—É INC –¥–ª—è –∏–∑–º–µ–Ω–µ–Ω–∏—è –∞–¥—Ä–µ—Å–∞ –æ—Ç–ø—Ä–∞–≤–∏—Ç–µ–ª—è)
                      00291         
                      00292         ; –ï—Å–ª–∏ –≤–∫–ª—é—á—ë–Ω —Ç–∞–π–º–µ—Ä T0 - –∑–Ω–∞—á–∏—Ç –Ω–∞–¥–æ –æ–±—Ä–∞–±–∞—Ç—ã–≤–∞—Ç—å —Ç–æ–
                            ª—å–∫–æ –Ω–∞–∂–∞—Ç–∏—è –Ω–∞ –ø—Ä–∏—Ö–æ–¥—è—â–∏–µ –¥–∞–Ω–Ω—ã–µ - —Ç–æ –µ—Å—Ç—å –ø–µ—Ä–µ–∫–ª—é—á–∞
                      00293         ; –ò–∑–Ω–∞—á–∞–ª—å–Ω–æ –∫–ª—é—á –Ω–∞—Å—Ç—Ä–æ–µ–Ω –Ω–∞ UART. –ü–æ –Ω–∞–∂–∞—Ç–∏—é –Ω–∞ –∫–Ω–æ–ø–∫–
                            µ, –µ—Å–ª–∏ —á—Ç–æ-—Ç–æ –ø—Ä–∏—à–ª–æ –ø–æ–ª—å–∑–æ–≤–∞—Ç–µ–ª—é - –µ–º—É –≤—ã—Å–≤–µ—Ç–∏—Ç—Å—è –ø—Ä
                      00294         ; –º–∏–∫—Ä–æ–∫–æ–Ω—Ç—Ä–æ–ª–ª–µ—Ä —Å–Ω–æ–≤–∞ –≤–µ—Ä–Ω—ë—Ç—Å—è –≤ —Å—Ç–∞–Ω–¥–∞—Ä—Ç–Ω—ã–π —Ä–µ–∂–∏–
                            º
                      00295         
0067   1820           00296         btfsc UART_CON, BUSY_F
0068   2???           00297                         GOTO SB0_ifBusy; –ï—Å–ª–∏ –ø–æ –∫–∞–∫–æ–π-—Ç–æ –ø—Ä–∏—á–∏–Ω–µ UART –∑–∞–Ω—è—Ç - 
                            –∏–ª–∏ –æ–±—Ä–∞–±–æ—Ç–∫–∞ –≤—Ö–æ–¥—è—â–µ–≥–æ –ø–æ—Ç–æ–∫–∞, –ª–∏–±–æ —É–∂–µ –æ–±—Ä–∞–±–æ—Ç–∫–∞ –æ
0069   2???           00298                         GOTO SB0_OK; 
Warning[207]: Found label after column 1. (SB0_ifBusy)
006A                  00299                 SB0_ifBusy
006A   1283           00300                         banksel T1CON
006B   1C10           00301                         btfss T1CON, TMR1ON
006C   2???           00302                                 GOTO NormalHandle
                      00303                         ; –û–±—Ä–∞–±–æ—Ç–∫–∞ –≤—ã–≤–æ–¥–∞ –ø–æ–ª—É—á–µ–Ω–Ω–æ–≥–æ —Å–æ–æ–±—â–µ–Ω–∏—è
006D   1DA1           00304                         btfss UART_t0, T1_Busy_on_display
006E   2???           00305                                 GOTO EnableDisplayingMassage
006F   2???           00306                                 GOTO StopDisplayingMassage
Warning[207]: Found label after column 1. (NormalHandle)
0070                  00307                 NormalHandle
0070   1283           00308                         banksel STATUS
MPASM 5.76                          MAIN.ASM   12-7-2021  1:54:13         PAGE  8


LOC  OBJECT CODE     LINE SOURCE TEXT
  VALUE

0071   082E           00309                         movf ButtonModes, w
0072   1903           00310                         btfsc STATUS, Z
0073   2???           00311                                 GOTO SB0_OK 
0074   1CA0           00312                                 btfss UART_CON, TR_F
0075   2???           00313                                         GOTO Fix_addr ; –ï—Å–ª–∏ Z = 1
0076   2???           00314                                         GOTO Send_to_TX
                      00315                         ; –í–•–û–î–Ø–©–ï–ï –°–û–û–ë–©–ï–ù–ò–ï –û–ë–†–´–í–ê–ï–¢ –í–í–û–î –î–ê–ù–ù–´–•    
                      00316                 
                      00317                                 
Warning[207]: Found label after column 1. (EnableDisplayingMassage)
0077                  00318                 EnableDisplayingMassage
0077   1683           00319                         banksel TRISIO
Message[302]: Register in operand not in bank 0.  Ensure that bank bits are correct.
0078   1285           00320                         bcf TRISIO, GPIO5 ; –î–µ–ª–∞–µ–º –ü–æ—Ä—Ç 5 "–í—ã–≤–æ–¥–æ–º"
0079   1683           00321                         banksel PIE1
Message[302]: Register in operand not in bank 0.  Ensure that bank bits are correct.
007A   140C           00322                         bsf PIE1, TMR1IE                        ; –†–ê–ó–†–ï–®–ê–ï–ú –ü–†–ï–†–´–í–ê–ù–ò–
                            Ø –ò –í–´–í–û–î –°–û–û–ë–©–ï–ù–ò–ô
007B   1720           00323                         bsf UART_CON, SEG7_Display_F
007C   3002           00324                         movlw b'00000010'
007D   00A7           00325                         movwf Lcd_data
007E   2???           00326                         CALL Disp_Info_7seg
007F   0008           00327                         return
                      00328 
Warning[207]: Found label after column 1. (StopDisplayingMassage)
0080                  00329                 StopDisplayingMassage
0080   1283           00330                         banksel T1CON
0081   1010           00331                         bcf T1CON, TMR1ON                       ; –í–´–ö–õ–Æ–ß–ê–ï–ú –¢–ê–ô–ú–ï–† ‚Ññ1
0082   1683           00332                         banksel PIE1
Message[302]: Register in operand not in bank 0.  Ensure that bank bits are correct.
0083   100C           00333                         bcf PIE1, TMR1IE                        ; –ó–ê–ü–†–ï–©–ê–ï–ú –ü–†–ï–†–´–í–ê–ù–ò–
                            Ø –ò –í–´–í–û–î –°–û–û–ë–©–ï–ù–ò–ô
                      00334                         
0084   3002           00335                         movlw b'00000010'
0085   00A7           00336                         movwf Lcd_data
0086   2???           00337                         CALL Disp_Info_7seg
                      00338                         
0087   1320           00339                         bcf UART_CON, SEG7_Display_F
0088   1683           00340                         banksel TRISIO
Message[302]: Register in operand not in bank 0.  Ensure that bank bits are correct.
0089   1685           00341                         bsf TRISIO, RX
Message[302]: Register in operand not in bank 0.  Ensure that bank bits are correct.
008A   1085           00342                         bcf TRISIO, TX
008B   1683           00343                         banksel IOCB
008C   0821           00344                         movf IOC_INIT, w
Message[302]: Register in operand not in bank 0.  Ensure that bank bits are correct.
008D   0096           00345                         movwf IOCB
008E   1020           00346                         bcf UART_CON, BUSY_F
008F   2???           00347                         CALL Init
0090   0008           00348                         return
                      00349 
Warning[207]: Found label after column 1. (SB0_OK)
0091                  00350         SB0_OK
MPASM 5.76                          MAIN.ASM   12-7-2021  1:54:13         PAGE  9


LOC  OBJECT CODE     LINE SOURCE TEXT
  VALUE

                      00351 
0091   1283           00352                 banksel STATUS
0092   082E           00353                 movf ButtonModes, w
0093   1D03           00354                 btfss STATUS, Z
0094   2???           00355                         GOTO Fix_addr ; –ï—Å–ª–∏ Z = 0
                      00356 
0095   142E           00357                         bsf ButtonModes, SB0_M0  ;  –ï—Å–ª–∏ Z = 0
0096   1620           00358                         bsf UART_CON, DATA_INC_F ; –†–∞–∑—Ä–µ—à–∞–µ–º —á—Ç–µ–Ω–∏–µ –¥–∞–Ω–Ω—ã—Ö —Å SB_IN
                            C
0097   30FF           00359                         movlw 0FFh
0098   00AF           00360                         movwf SEV_SEGM_reg
0099   1420           00361                         bsf UART_CON, BUSY_F
009A   1683           00362                         banksel TRISIO
Message[302]: Register in operand not in bank 0.  Ensure that bank bits are correct.
009B   1285           00363                         bcf TRISIO, RX
Message[302]: Register in operand not in bank 0.  Ensure that bank bits are correct.
009C   1485           00364                         bsf TRISIO, TX
009D   1683           00365                         banksel IOCB
Message[302]: Register in operand not in bank 0.  Ensure that bank bits are correct.
009E   1496           00366                         bsf IOCB, TX
Message[302]: Register in operand not in bank 0.  Ensure that bank bits are correct.
009F   1296           00367                         bcf IOCB, RX                    
                      00368                         
00A0   3002           00369                         movlw b'00000010'
00A1   00A7           00370                         movwf Lcd_data
00A2   2???           00371                         CALL Disp_Info_7seg
                      00372                         ;CALL SB1_INC_HNDL
00A3   0008           00373                         return ; TODO
                      00374 
Warning[207]: Found label after column 1. (Fix_addr)
00A4                  00375         Fix_addr ; 2 (01) - —Ñ–∏–∫—Å–∏—Ä—É–µ—Ç—Å—è –¥–∞–Ω–Ω—ã–π –∞–¥—Ä–µ—Å. –ü–µ—Ä–µ—Ö–æ–¥–∏—Ç –∫ —Å—á–∏
                            —Ç—ã–≤–∞–Ω–∏—é –¥–∞–Ω–Ω—ã—Ö –æ—Ç–ø—Ä–∞–≤–ª—è–µ–º—ã—Ö
00A4   18AE           00376                 btfsc ButtonModes, SB0_M1
00A5   2???           00377                         GOTO Fix_data_TX
                      00378                                 
00A6   082F           00379                         movf SEV_SEGM_reg, w
00A7   00AC           00380                         movwf ADDR_reg
00A8   30FF           00381                         movlw 0FFh
00A9   00AF           00382                         movwf SEV_SEGM_reg
00AA   102E           00383                         bcf ButtonModes, SB0_M0  ;  –ï—Å–ª–∏ Z = 0
00AB   14AE           00384                         bsf ButtonModes, SB0_M1  ;  –ï—Å–ª–∏ Z = 0
00AC   2???           00385                         CALL SB1_INC_HNDL
00AD   0008           00386                         return
                      00387 
Warning[207]: Found label after column 1. (Fix_data_TX)
00AE                  00388         Fix_data_TX  ; 3 (10) - —Ñ–∏–∫—Å–∏—Ä—É—é—Ç—Å—è –æ—Ç–ø—Ä–∞–≤–ª—è–µ–º—ã–µ –¥–∞–Ω–Ω—ã–µ –ò –æ—Ç–ø—Ä
                            –∞–≤–∫–∞ –¥–∞–Ω–Ω—ã—Ö –∏ –∞–¥—Ä–µ—Å–∞
00AE   1CAE           00389                 btfss ButtonModes, SB0_M1
00AF   0008           00390                         return                                  ; WTF (TODO)
00B0   182E           00391                         btfsc ButtonModes, SB0_M0
00B1   2???           00392                                 GOTO Send_to_TX         ; –º–± –Ω–µ —Ç–∞–∫ –Ω–∞–¥–æ?? (TODO)
00B2   082F           00393                         movf SEV_SEGM_reg, w
00B3   00AD           00394                         movwf DATA_reg
MPASM 5.76                          MAIN.ASM   12-7-2021  1:54:13         PAGE 10


LOC  OBJECT CODE     LINE SOURCE TEXT
  VALUE

00B4   142E           00395                         bsf ButtonModes, SB0_M0
00B5   14A0           00396                         bsf UART_CON, TR_F
                      00397                         ;banksel IOCB
                      00398                         ;bcf IOCB, TX
                      00399                         ;bcf IOCB, RX
00B6   0008           00400                         return
                      00401         
Warning[207]: Found label after column 1. (Send_to_TX)
00B7                  00402         Send_to_TX
                      00403                         ;bcf UART_CON, TX
                      00404                         ;banksel IOCB
                      00405                         ;bcf IOCB, TX
                      00406                         ;bcf IOCB, RX
                      00407                         ;bcf IOCB, GPIO0        
00B7   1283           00408                         banksel INTCON
00B8   118B           00409                         bcf INTCON, GPIE
                      00410                         ;bcf LastPressedBtns, SB_SEND_Ch        ; –ß—Ç–æ–±—ã –Ω–µ –±—ã–ª–æ –ª–∏—à–Ω–∏—Ö 
                            –≤—ã–∑–æ–≤–æ–≤
                      00411 
00B9   1283           00412                         banksel GPIO
00BA   1485           00413                         bsf GPIO, TX
                      00414                         ;bsf GPIO, TX
00BB   1683           00415                         banksel TRISIO
Message[302]: Register in operand not in bank 0.  Ensure that bank bits are correct.
00BC   1685           00416                         bsf TRISIO, RX
Message[302]: Register in operand not in bank 0.  Ensure that bank bits are correct.
00BD   1085           00417                         bcf TRISIO, TX
00BE   1683           00418                         banksel WPU
Message[302]: Register in operand not in bank 0.  Ensure that bank bits are correct.
00BF   1495           00419                         bsf WPU, TX
                      00420                         
00C0   2???           00421                         CALL TRSF_HNDL
                      00422                         
00C1   01A0           00423                         clrf UART_CON 
00C2   17A0           00424                         bsf UART_CON, BanReceiveZ9Bit_F                                 ; TODO (–ü–†–ê–í
                            –ò–õ–¨–ù–û –õ–ò???)
00C3   01AE           00425                         clrf ButtonModes
00C4   1683           00426                         banksel WPU
Message[302]: Register in operand not in bank 0.  Ensure that bank bits are correct.
00C5   1095           00427                         bcf WPU, TX
00C6   1683           00428                         banksel TRISIO
00C7   302B           00429                         movlw TRISIO_INT
Message[302]: Register in operand not in bank 0.  Ensure that bank bits are correct.
00C8   0085           00430                         movwf TRISIO
00C9   1683           00431                         banksel IOCB
Message[302]: Register in operand not in bank 0.  Ensure that bank bits are correct.
00CA   1096           00432                         bcf IOCB, TX
Message[302]: Register in operand not in bank 0.  Ensure that bank bits are correct.
00CB   1696           00433                         bsf IOCB, RX
Message[302]: Register in operand not in bank 0.  Ensure that bank bits are correct.
00CC   1416           00434                         bsf IOCB, GPIO0
00CD   1283           00435                         banksel INTCON
00CE   158B           00436                         bsf INTCON, GPIE
MPASM 5.76                          MAIN.ASM   12-7-2021  1:54:13         PAGE 11


LOC  OBJECT CODE     LINE SOURCE TEXT
  VALUE

                      00437                         ;clrf SEV_SEGM_reg
                      00438 
00CF   0008           00439                         return
                      00440         
00D0                  00441 Select_Display_Info
00D0   1283           00442         banksel STATUS
Warning[207]: Found label after column 1. (If_0_on7segm)
00D1                  00443         If_0_on7segm
00D1   3000           00444                 movlw 00h
00D2   062F           00445                 xorwf SEV_SEGM_reg, w
00D3   1D03           00446                 btfss STATUS, Z
00D4   2???           00447                         GOTO If_1_on7segm; –ù–µ —Å–æ–≤–ø–∞–ª–æ —Å "0"
00D5   30FC           00448                         movlw b'11111100'
00D6   00A7           00449                         movwf Lcd_data
00D7   0008           00450                         return
                      00451 
Warning[207]: Found label after column 1. (If_1_on7segm)
00D8                  00452         If_1_on7segm
00D8   3001           00453                 movlw 01h
00D9   062F           00454                 xorwf SEV_SEGM_reg, w
00DA   1D03           00455                 btfss STATUS, Z
00DB   2???           00456                         GOTO If_2_on7segm; –ù–µ —Å–æ–≤–ø–∞–ª–æ —Å "1"
00DC   3060           00457                         movlw b'01100000'
00DD   00A7           00458                         movwf Lcd_data
00DE   0008           00459                         return
                      00460 
Warning[207]: Found label after column 1. (If_2_on7segm)
00DF                  00461         If_2_on7segm
00DF   3002           00462                 movlw 02h
00E0   062F           00463                 xorwf SEV_SEGM_reg, w
00E1   1D03           00464                 btfss STATUS, Z
00E2   2???           00465                         GOTO If_3_on7segm; –ù–µ —Å–æ–≤–ø–∞–ª–æ —Å "2"
00E3   30DA           00466                         movlw b'11011010'
00E4   00A7           00467                         movwf Lcd_data
00E5   0008           00468                         return
                      00469 
Warning[207]: Found label after column 1. (If_3_on7segm)
00E6                  00470         If_3_on7segm
00E6   3003           00471                 movlw 03h
00E7   062F           00472                 xorwf SEV_SEGM_reg, w
00E8   1D03           00473                 btfss STATUS, Z
00E9   2???           00474                         GOTO If_4_on7segm; –ù–µ —Å–æ–≤–ø–∞–ª–æ —Å "3"
00EA   30F2           00475                         movlw b'11110010'
00EB   00A7           00476                         movwf Lcd_data
00EC   0008           00477                         return
                      00478 
Warning[207]: Found label after column 1. (If_4_on7segm)
00ED                  00479         If_4_on7segm
00ED   3004           00480                 movlw 04h
00EE   062F           00481                 xorwf SEV_SEGM_reg, w
00EF   1D03           00482                 btfss STATUS, Z
00F0   2???           00483                         GOTO If_5_on7segm; –ù–µ —Å–æ–≤–ø–∞–ª–æ —Å "4"
00F1   3066           00484                         movlw b'01100110'
MPASM 5.76                          MAIN.ASM   12-7-2021  1:54:13         PAGE 12


LOC  OBJECT CODE     LINE SOURCE TEXT
  VALUE

00F2   00A7           00485                         movwf Lcd_data
00F3   0008           00486                         return
                      00487 
Warning[207]: Found label after column 1. (If_5_on7segm)
00F4                  00488         If_5_on7segm
00F4   3005           00489                 movlw 05h
00F5   062F           00490                 xorwf SEV_SEGM_reg, w
00F6   1D03           00491                 btfss STATUS, Z
00F7   2???           00492                         GOTO If_6_on7segm; –ù–µ —Å–æ–≤–ø–∞–ª–æ —Å "5"
00F8   30B6           00493                         movlw b'10110110'
00F9   00A7           00494                         movwf Lcd_data
00FA   0008           00495                         return
                      00496 
Warning[207]: Found label after column 1. (If_6_on7segm)
00FB                  00497         If_6_on7segm
00FB   3006           00498                 movlw 06h
00FC   062F           00499                 xorwf SEV_SEGM_reg, w
00FD   1D03           00500                 btfss STATUS, Z
00FE   2???           00501                         GOTO If_7_on7segm; –ù–µ —Å–æ–≤–ø–∞–ª–æ —Å "6"
00FF   30BE           00502                         movlw b'10111110'
0100   00A7           00503                         movwf Lcd_data
0101   0008           00504                         return
                      00505 
Warning[207]: Found label after column 1. (If_7_on7segm)
0102                  00506         If_7_on7segm
0102   3007           00507                 movlw 07h
0103   062F           00508                 xorwf SEV_SEGM_reg, w
0104   1D03           00509                 btfss STATUS, Z
0105   2???           00510                         GOTO If_8_on7segm; –ù–µ —Å–æ–≤–ø–∞–ª–æ —Å "7"
0106   30E0           00511                         movlw b'11100000'
0107   00A7           00512                         movwf Lcd_data
0108   0008           00513                         return
                      00514                         
Warning[207]: Found label after column 1. (If_8_on7segm)
0109                  00515         If_8_on7segm
0109   3008           00516                 movlw 08h
010A   062F           00517                 xorwf SEV_SEGM_reg, w
010B   1D03           00518                 btfss STATUS, Z
010C   2???           00519                         GOTO If_9_on7segm; –ù–µ —Å–æ–≤–ø–∞–ª–æ —Å "8"
010D   30FE           00520                         movlw b'11111110'
010E   00A7           00521                         movwf Lcd_data
010F   0008           00522                         return
                      00523 
Warning[207]: Found label after column 1. (If_9_on7segm)
0110                  00524         If_9_on7segm
0110   3009           00525                 movlw 09h
0111   062F           00526                 xorwf SEV_SEGM_reg, w
0112   1D03           00527                 btfss STATUS, Z
0113   2???           00528                         GOTO If_ERR; –ù–µ —Å–æ–≤–ø–∞–ª–æ —Å "9"
0114   30F6           00529                         movlw b'11110110'
0115   00A7           00530                         movwf Lcd_data
0116   0008           00531                         return
                      00532         
MPASM 5.76                          MAIN.ASM   12-7-2021  1:54:13         PAGE 13


LOC  OBJECT CODE     LINE SOURCE TEXT
  VALUE

Warning[207]: Found label after column 1. (If_ERR)
0117                  00533         If_ERR
0117   3002           00534                 movlw b'00000010'
0118   00A7           00535                 movwf Lcd_data
0119   30FF           00536                 movlw 0FFh
011A   00AF           00537                 movwf SEV_SEGM_reg
011B   0008           00538                 return
                      00539 
                      00540 
                      00541 
011C                  00542 Disp_Info_7seg
011C   1283           00543         banksel GPIO
011D   3009           00544         movlw .9
011E   00A8           00545         movwf Loop_ident
Warning[207]: Found label after column 1. (Loop_Disp_bits)
011F                  00546         Loop_Disp_bits
Message[305]: Using default destination of 1 (file).
011F   0BA8           00547                 decfsz Loop_ident
0120   2???           00548                         GOTO Fill_LCD_bit
0121   2???           00549                         GOTO Shift_reg
Warning[207]: Found label after column 1. (Fill_LCD_bit)
0122                  00550                         Fill_LCD_bit
0122   1C27           00551                                 btfss Lcd_data, 00h
0123   2???           00552                                         GOTO Conf_0bit
0124   1685           00553                                                 bsf GPIO, GPIO5
0125   2???           00554                                                 GOTO Transfer_bit_to_7seg
                      00555                                         
Warning[207]: Found label after column 1. (Conf_0bit)
0126                  00556                                         Conf_0bit
0126   1285           00557                                                 bcf GPIO, GPIO5
                      00558 
Warning[207]: Found label after column 1. (Transfer_bit_to_7seg)
0127                  00559                                         Transfer_bit_to_7seg
0127   1205           00560                                                 bcf GPIO, GPIO4
0128   1605           00561                                                 bsf GPIO, GPIO4
0129   1205           00562                                                 bcf GPIO, GPIO4
012A   1283           00563                                                 banksel STATUS
012B   1003           00564                                                 bcf STATUS, C
012C   0CA7           00565                                                 rrf Lcd_data, f
012D   2???           00566                                                 GOTO Loop_Disp_bits
                      00567                         
Warning[207]: Found label after column 1. (Shift_reg)
012E                  00568                         Shift_reg
012E   1505           00569                                 bsf GPIO, GPIO2
012F   1105           00570                                 bcf GPIO, GPIO2
0130   0008           00571                                 return
                      00572 
0131                  00573 SB1_INC_HNDL
0131   1C20           00574         btfss UART_CON, BUSY_F
0132   0008           00575                 return ; –ï—Å–ª–∏ –Ω–µ –∑–∞–Ω—è—Ç - –Ω–∞—Ö –Ω–∞–¥–æ —á—Ç–æ-—Ç–æ –∏–Ω–∫—Ä–µ–º–µ–Ω—Ç–∏—Ä–æ
                            –≤–∞—Ç—å? –î–µ–ª–∞—Ç—å –Ω–µ—Ö—Ä–µ–Ω??
Message[305]: Using default destination of 1 (file).
0133   0AAF           00576                 incf SEV_SEGM_reg
MPASM 5.76                          MAIN.ASM   12-7-2021  1:54:13         PAGE 14


LOC  OBJECT CODE     LINE SOURCE TEXT
  VALUE

Warning[207]: Found label after column 1. (InfoDispayAlg)
0134                  00577         InfoDispayAlg   
0134   2???           00578                 CALL Select_Display_Info
0135   2???           00579                 CALL Disp_Info_7seg
                      00580                 ; TODO –ù–ê–î–û –º–µ–Ω—è—Ç—å –∫–∞–∫–∏–µ-—Ç–æ –§–õ–ê–ì–ò 100%
0136   0008           00581                 return 
                      00582 
                      00583 
                      00584 
                      00585 
                      00586 
                      00587 
                      00588 
                      00589 
                      00590 
                      00591 
                      00592         
0137                  00593 GPIO_INT
                      00594         ;btfss UART_CON, BUSY_F
                      00595         ;       retfie   ; TODO –ú–± –≠–¢–û –ù–ï–ü–†–ê–í–ò–õ–¨–ù–û
                      00596 ;        –ï—Å–ª–∏ UART —Ä–∞–±–æ—Ç–∞–µ—Ç, —Ç–æ –ø—Ä–æ–≤–µ—Ä–∏–º –¥–∞–ª—å—à–µ —á—Ç–æ –±—ã–ª–æ –Ω–∞–∂–∞—Ç–æ
                             (–ø–æ —Ä–µ–∂–∏–º—É UART)
0137   2???           00597         CALL FindPortDiff
0138   1920           00598         btfsc UART_CON, RD_F; –ï—Å–ª–∏ —É—Å—Ç–∞–Ω–æ–≤–∏–ª—Å—è —Ñ–ª–∞–≥ RD_F –ø–æ –ø—Ä–µ—Ä—ã–≤–∞–Ω–∏—é, —
                            Ç–æ –∑–Ω–∞—á–∏—Ç –ø—Ä–∏—à—ë–ª start-–±–∏—Ç –ü–û–°–´–õ–ö–ò - –∏ –Ω–∞ –≤—Å—ë –æ—Å—Ç–∞–ª—å–Ω–æ–µ –ø
0139   2???           00599                 CALL GET_MSG
013A   18AB           00600         btfsc LastPressedBtns, SB_INC_Ch
013B   2???           00601                 CALL SB1_INC_HNDL; –ï—Å–ª–∏ –∫–Ω–æ–ø–∫–∞ INC –Ω–∞–∂–∞—Ç–∞
013C   182B           00602         btfsc LastPressedBtns, SB_SEND_Ch 
013D   2???           00603                 CALL SB0_SEND_HNDL; –ï—Å–ª–∏ –∫–Ω–æ–ø–∫–∞ SEND –Ω–∞–∂–∞—Ç–∞
013E   01AB           00604         clrf LastPressedBtns
013F   1283           00605         banksel GPIO
0140   0805           00606         movf GPIO, w
0141   00A5           00607         movwf LastPortState
0142   1283           00608         banksel INTCON
0143   100B           00609         bcf INTCON, GPIF
0144   0009           00610         retfie  ; TODO –ü—Ä–æ–≤–µ—Ä–∏—Ç—å –¥–æ—Å—Ç–∞—Ç–æ—á–Ω–æ –ª–∏ —ç—Ç–æ–≥–æ!
                      00611         
                      00612         
0145                  00613 T0_INT  ; –°–∫–æ—Ä–æ—Å—Ç—å –≤ 9600 –±–∏—Ç/—Å
0145   1C20           00614         btfss UART_CON, BUSY_F ; –ü—Ä–æ–≤–µ—Ä–∫–∞, —á—Ç–æ UART —Ä–∞–±–æ—Ç–∞–µ—Ç —Å–µ–π—á–∞—Å (–∞ –Ω–µ –ø
                            —Ä–æ—Å—Ç–∞–∏–≤–∞–µ—Ç)
0146   0009           00615                 retfie  ; CHECK IT (–¢–ê–ö –ö–ê–ö –ú–û–ì–£–¢ –ë–´–¢–¨ –î–†–£–ì–ò–ï –ü–†–ò–ß–ò–ù–´ –†–ê–ë
                            –û–¢–´ –¢–ê–ô–ú–ï–†–ê 0!!!!!!!!!!!!!!!!!!)
                      00616                 
                      00617         ;–ï—Å–ª–∏ T0_mode  == 1, —Ç–æ —ç—Ç–æ —Ü–µ–ª—ã–π –±–∏—Ç
                      00618         ;–ï—Å–ª–∏ T0_mode  == 0, —Ç–æ —ç—Ç–æ –ø–æ–ª –±–∏—Ç–∞
0147   1D21           00619         btfss UART_t0, Simple_TMR
0148   2???           00620                 GOTO Baud_Control
0149   1121           00621                 bcf UART_t0, Simple_TMR
014A   128B           00622                 bcf INTCON, T0IE
014B   110B           00623                 bcf INTCON, T0IF
014C   0008           00624                 return
MPASM 5.76                          MAIN.ASM   12-7-2021  1:54:13         PAGE 15


LOC  OBJECT CODE     LINE SOURCE TEXT
  VALUE

                      00625                 
Warning[207]: Found label after column 1. (Baud_Control)
014D                  00626         Baud_Control
014D   1283           00627                 banksel INTCON
014E   19A0           00628                 btfsc UART_CON, T0_MODE
014F   2???           00629                         GOTO T0_UPD_Baud
0150   2???           00630                         GOTO T0_UPD_HalfBaud
                      00631                 
Warning[207]: Found label after column 1. (T0_UPD_Baud)
0151                  00632                 T0_UPD_Baud
0151   10A1           00633                         bcf UART_t0, WAIT_FullBaud
                      00634                         
0152   128B           00635                         bcf INTCON, T0IE
0153   110B           00636                         bcf INTCON, T0IF
0154   0008           00637                         return
Warning[207]: Found label after column 1. (T0_UPD_HalfBaud)
0155                  00638                 T0_UPD_HalfBaud
0155   1021           00639                         bcf UART_t0, WAIT_HalfBaud
0156   128B           00640                         bcf INTCON, T0IE
0157   110B           00641                         bcf INTCON, T0IF
0158   0008           00642                         return
                      00643                         
                      00644                 
                      00645                 
0159                  00646 T1_INT  
0159   1F20           00647         btfss UART_CON, SEG7_Display_F
015A   2???           00648                 GOTO UpdateTMR1 ; –ï—Å–ª–∏ —Ñ–ª–∞–≥ –ø–æ—á–µ–º—É-—Ç–æ –Ω–µ —Å—Ç–æ–∏—Ç (TODO)
                      00649         
015B   1283           00650                 banksel STATUS
Warning[207]: Found label after column 1. (If_Disp_A)
015C                  00651                 If_Disp_A
015C   3000           00652                         movlw .0
015D   0630           00653                         xorwf GotMsgDispMode, w
015E   1D03           00654                         btfss STATUS, Z
015F   2???           00655                                 GOTO If_Disp_dash
0160   30EE           00656                                 movlw b'11101110'
0161   00A7           00657                                 movwf Lcd_data
0162   2???           00658                                 CALL Disp_Info_7seg
0163   0AB0           00659                                 incf GotMsgDispMode, f
0164   2???           00660                                 GOTO UpdateTMR1
                      00661 
Warning[207]: Found label after column 1. (If_Disp_dash)
0165                  00662                 If_Disp_dash
0165   3001           00663                         movlw .1
0166   0630           00664                         xorwf GotMsgDispMode, w
0167   1D03           00665                         btfss STATUS, Z
0168   2???           00666                                 GOTO If_Disp_GotAddr
Warning[207]: Found label after column 1. (Disp_dash)
0169                  00667                         Disp_dash
0169   3002           00668                                 movlw b'00000010'
016A   00A7           00669                                 movwf Lcd_data
016B   2???           00670                                 CALL Disp_Info_7seg
016C   0AB0           00671                                 incf GotMsgDispMode, f
MPASM 5.76                          MAIN.ASM   12-7-2021  1:54:13         PAGE 16


LOC  OBJECT CODE     LINE SOURCE TEXT
  VALUE

016D   2???           00672                                 GOTO UpdateTMR1
                      00673                 
Warning[207]: Found label after column 1. (If_Disp_GotAddr)
016E                  00674                 If_Disp_GotAddr
016E   3002           00675                         movlw .2
016F   0630           00676                         xorwf GotMsgDispMode, w
0170   1D03           00677                         btfss STATUS, Z
0171   2???           00678                                 GOTO If_Disp_D
0172   082C           00679                                 movf ADDR_reg, w
0173   00AF           00680                                 movwf SEV_SEGM_reg
0174   2???           00681                                 CALL InfoDispayAlg
0175   0AB0           00682                                 incf GotMsgDispMode, f
0176   2???           00683                                 GOTO UpdateTMR1
                      00684 
Warning[207]: Found label after column 1. (If_Disp_D)
0177                  00685                 If_Disp_D
0177   3003           00686                         movlw .3
0178   0630           00687                         xorwf GotMsgDispMode, w
0179   1D03           00688                         btfss STATUS, Z
017A   2???           00689                                 GOTO If_DispSecondDash
017B   307A           00690                                 movlw b'01111010'
017C   00A7           00691                                 movwf Lcd_data
017D   2???           00692                                 CALL Disp_Info_7seg
017E   0AB0           00693                                 incf GotMsgDispMode, f
017F   2???           00694                                 GOTO UpdateTMR1
                      00695                 
Warning[207]: Found label after column 1. (If_DispSecondDash)
0180                  00696                 If_DispSecondDash
0180   3004           00697                         movlw .4
0181   0630           00698                         xorwf GotMsgDispMode, w
0182   1D03           00699                         btfss STATUS, Z
0183   2???           00700                                 GOTO If_Disp_GotData
0184   2???           00701                                 GOTO Disp_dash
                      00702 
Warning[207]: Found label after column 1. (If_Disp_GotData)
0185                  00703                 If_Disp_GotData
0185   3005           00704                         movlw .5
0186   0630           00705                         xorwf GotMsgDispMode, w
0187   1D03           00706                         btfss STATUS, Z
0188   2???           00707                                 GOTO SmthNotOKWithTMR1
                      00708                                 
0189   082D           00709                                 movf DATA_reg, w
018A   00AF           00710                                 movwf SEV_SEGM_reg
018B   2???           00711                                 CALL InfoDispayAlg
                      00712                                 
018C   01B0           00713                                 clrf GotMsgDispMode
018D   15A1           00714                                 bsf UART_t0, T1_Busy_on_display
018E   1683           00715                                 banksel IOCB
Message[302]: Register in operand not in bank 0.  Ensure that bank bits are correct.
018F   0196           00716                                 clrf IOCB
Message[302]: Register in operand not in bank 0.  Ensure that bank bits are correct.
0190   1416           00717                                 bsf IOCB, GPIO0
0191   1283           00718                                 banksel INTCON
MPASM 5.76                          MAIN.ASM   12-7-2021  1:54:13         PAGE 17


LOC  OBJECT CODE     LINE SOURCE TEXT
  VALUE

0192   158B           00719                                 bsf INTCON, GPIE
0193   2???           00720                                 GOTO UpdateTMR1
                      00721 
Warning[207]: Found label after column 1. (SmthNotOKWithTMR1)
0194                  00722         SmthNotOKWithTMR1
0194   0000           00723                 NOP             ; –ü–æ—Å—Ç–∞–≤—å —Ç–æ—á–∫—É –æ—Å—Ç–∞–Ω–æ–≤—ã
Warning[207]: Found label after column 1. (UpdateTMR1)
0195                  00724         UpdateTMR1
0195   1283           00725                 banksel TMR1L
0196   307F           00726                 movlw 7Fh
0197   008E           00727                 movwf TMR1L
0198   008F           00728                 movwf TMR1H
0199   1283           00729                 banksel PIR1
019A   100C           00730                 bcf PIR1, TMR1IF
019B   0009           00731                 retfie
                      00732 
019C                  00733 TRSF_HNDL
                      00734         ; –í—ã–∑—ã–≤–∞–µ—Ç—Å—è, –µ—Å–ª–∏ —Ä–µ–∂–∏–º –æ—Ç–ø—Ä–∞–≤–∫–∏ —Å–æ–æ–±—â–µ–Ω–∏–π, UART —Å–≤–æ–±–æ
                            –¥–µ–Ω –∏ –±—ã–ª–∞ –Ω–∞–∂–∞—Ç–∞ –∫–Ω–æ–ø–∫–∞ SB0_SEND, –¥–ª—è –∏–Ω–∏—Ü–∏–∞–ª–∏–∑–∞—Ü–∏–∏ –æ—Ç–ø—
                      00735         ; –°–Ω–∞—á–∞–ª–∞ –≤—ã–±–∏—Ä–∞–µ—Ç—Å—è –∞–¥—Ä–µ—Å –æ—Ç–ø—Ä–∞–≤–∏—Ç–µ–ª—è. –î–ª—è —ç—Ç–æ–≥–æ –≤—ã–
                            ∑—ã–≤–∞–µ—Ç—Å—è —Ñ—É–Ω–∫—Ü–∏—è –ø–æ—Å—Ç–æ—è–Ω–Ω–æ–≥–æ –æ–±–Ω–æ–≤–ª–µ–Ω–∏—è 
                      00736         ;banksel TRISIO
                      00737         ;bcf TRISIO, TX
                      00738         
                      00739         
019C   082C           00740         movf ADDR_reg, w
019D   3830           00741         iorlw b'00110000'
019E   00A9           00742         movwf SERBUF
019F   16A0           00743         bsf UART_CON, BIT9
01A0   2???           00744         CALL SEND_MSG   ; –î–∞–ª–µ–µ –æ—Ç–ø—Ä–∞–≤–ª—è–µ—Ç—Å—è –¥–∞–Ω–Ω—ã–π –±–∏—Ç –≤ TX
                      00745         ; –î–∞–ª–µ–µ —Å–Ω–æ–≤–∞ —Ä–µ–∂–∏–º –≤—ã–±–æ—Ä–∞ –¥–∞–Ω–Ω—ã—Ö –æ—Ç–ø—Ä–∞–≤–ª—è–µ–º—ã—Ö
                      00746         ; –ü–æ –Ω–∞–∂–∞—Ç–∏—é SB_SEND —Ñ–∏–∫—Å–∏—Ä—É—é—Ç—Å—è –¥–∞–Ω–Ω—ã–µ 
                      00747         
01A1   0181           00748         CLRF TMR0
01A2   2???           00749         CALL StartSimpleT0
                      00750         ; WAIT –º–± –Ω—É–∂–µ–Ω!!!!!!!  TODO
                      00751 
01A3   082D           00752         movf DATA_reg, w
01A4   00A9           00753         movwf SERBUF
01A5   12A0           00754         bcf UART_CON, BIT9
01A6   2???           00755         CALL SEND_MSG
01A7   0008           00756         return
                      00757         ; –û—Ç–ø—Ä–∞–≤–∫–∞ –¥–∞–Ω–Ω—ã—Ö –≤ TX
                      00758         ; –°–±—Ä–æ—Å —Ä–µ–∂–∏–º–æ–≤ —Ä–∞–±–æ—Ç—ã –≤ –∏–∑–Ω–∞—á–∞–ª—å–Ω–æ–µ —Å–æ—Å—Ç–æ—è–Ω–∏–µ. –ñ–¥—ë–º 
                            –∏–ª–∏ –Ω–∞–∂–∞—Ç–∏—è –∫–Ω–æ–ø–∫–∏ SB_SEND, –∏–ª–∏ –ø—Ä–∏—Ö–æ–¥–∞ –ø–∞–∫–µ—Ç–∞.
                      00759         
01A8                  00760 StartSimpleT0
01A8   1283           00761         banksel INTCON
01A9   168B           00762         bsf INTCON, T0IE
01AA   1283           00763         banksel INTCON
01AB   100B           00764         bcf INTCON, GPIF
01AC   110B           00765         bcf INTCON, T0IF
01AD   130B           00766         bcf INTCON, PEIE 
MPASM 5.76                          MAIN.ASM   12-7-2021  1:54:13         PAGE 18


LOC  OBJECT CODE     LINE SOURCE TEXT
  VALUE

01AE   178B           00767         bsf INTCON, GIE         ; –†–∞–∑—Ä–µ—à–∞–µ–º –ø—Ä–µ—Ä—ã–≤–∞–Ω–∏—è (–¢–∞–π–º–µ—Ä)
01AF   1521           00768         bsf UART_t0, Simple_TMR
Warning[207]: Found label after column 1. (WAIT_SimpleTMR)
01B0                  00769         WAIT_SimpleTMR
01B0   1921           00770                 btfsc UART_t0, Simple_TMR
01B1   2???           00771                         GOTO WAIT_SimpleTMR
01B2   138B           00772                         bcf INTCON, GIE         ; –†–∞–∑—Ä–µ—à–∞–µ–º –ø—Ä–µ—Ä—ã–≤–∞–Ω–∏—è (–¢–∞–π–º–µ—Ä)
01B3   170B           00773                         bsf INTCON, PEIE 
01B4   0008           00774                         return
                      00775         
01B5                  00776 HalfBaud
01B5   0000           00777         NOP
01B6   0000           00778         NOP
01B7   0000           00779         NOP
01B8   0000           00780         NOP
01B9   0000           00781         NOP
01BA   0000           00782         NOP
01BB   0000           00783         NOP
01BC   0000           00784         NOP
01BD   0000           00785         NOP
01BE   0000           00786         NOP
01BF   0000           00787         NOP
01C0   0000           00788         NOP
01C1   0000           00789         NOP
01C2   0000           00790         NOP
01C3   0000           00791         NOP
01C4   0000           00792         NOP
01C5   0000           00793         NOP
01C6   0000           00794         NOP
01C7   0000           00795         NOP
01C8   0000           00796         NOP
01C9   0008           00797         return
                      00798         
01CA                  00799 OneBaud
01CA   30C9           00800         movlw .201
01CB   1283           00801         banksel TMR0
01CC   0081           00802         movwf TMR0
01CD   1283           00803         banksel INTCON
01CE   168B           00804         bsf INTCON, T0IE
01CF   15A0           00805         bsf UART_CON, T0_MODE
01D0   14A1           00806         bsf UART_t0, WAIT_FullBaud
01D1   1283           00807         banksel INTCON
01D2   100B           00808         bcf INTCON, GPIF
01D3   110B           00809         bcf INTCON, T0IF
01D4   130B           00810         bcf INTCON, PEIE 
01D5   178B           00811         bsf INTCON, GIE         ; –†–∞–∑—Ä–µ—à–∞–µ–º –ø—Ä–µ—Ä—ã–≤–∞–Ω–∏—è (–¢–∞–π–º–µ—Ä)
Warning[207]: Found label after column 1. (WAIT_forFullBaud)
01D6                  00812         WAIT_forFullBaud
01D6   18A1           00813                 btfsc UART_t0, WAIT_FullBaud
01D7   2???           00814                         GOTO WAIT_forFullBaud
01D8   138B           00815                         bcf INTCON, GIE         ; –†–∞–∑—Ä–µ—à–∞–µ–º –ø—Ä–µ—Ä—ã–≤–∞–Ω–∏—è (–¢–∞–π–º–µ—Ä)
01D9   170B           00816                         bsf INTCON, PEIE 
01DA   0008           00817                         return
MPASM 5.76                          MAIN.ASM   12-7-2021  1:54:13         PAGE 19


LOC  OBJECT CODE     LINE SOURCE TEXT
  VALUE

                      00818         
01DB                  00819 Start_Displaying_GotMessage
                      00820         ; –ï—Å–ª–∏ –ø–æ–ª—É—á–∏–ª–∏ —Å–æ–æ–±—â–µ–Ω–∏–µ (—Å–Ω–∞—á–∞–ª–∞ –∞–¥—Ä–µ—Å), –ø–æ—Ç–æ–º –¥–∞–Ω–Ω—
                            ã–µ
                      00821         ; –ó–∞–ø—É—Å–∫–∞–µ—Ç—Å—è —Ç–∞–π–º–µ—Ä T1. –ö–∞–∂–¥—É—é –ø—Ä–∏–º–µ—Ä–Ω–æ —Å–µ–∫—É–Ω–¥—É –±—É–¥–µ—
                            Ç –æ—Ç–æ–±—Ä–∞–∂–∞—Ç—å—Å—è —Ç–æ –ê–¥—Ä–µ—Å, –æ—Ç –∫–æ–≥–æ, —Ç–æ –¥–∞–Ω–Ω—ã–µ
                      00822         ; –ê - # d - #
                      00823         ; –í—ã–∫–ª—é—á–∞–µ–º –ø—Ä–µ—Ä—ã–≤–∞–Ω–∏—è –ø–æ TX –∏ RX
                      00824         
01DB   1283           00825         banksel STATUS
01DC   0830           00826         movf GotMsgDispMode, w
01DD   1D03           00827         btfss STATUS, Z
01DE   2???           00828                 GOTO OtherModes; –ï—Å–ª–∏ –ù–ï —Ä–µ–∂–∏–º 0
                      00829         
                      00830         ; –ï—Å–ª–∏ —Ä–µ–∂–∏–º 0
01DF   1283           00831         banksel TMR1L
01E0   307F           00832         movlw 7Fh
01E1   008E           00833         movwf TMR1L
01E2   008F           00834         movwf TMR1H
                      00835         
01E3   1683           00836         banksel PIE1
Message[302]: Register in operand not in bank 0.  Ensure that bank bits are correct.
01E4   100C           00837         bcf PIE1, TMR1IE                        ; –°–ü–ï–¶–ò–ê–õ–¨–ù–û –í–´–ö–õ–Æ–ß–ê–ï–ú –î–û –¢–ï–• –ü
                            –û–†, –ü–û–ö–ê –ù–ï –ë–£–î–ï–¢ –ù–ê–ñ–ê–¢–ê –ö–ù–û–ü–ö–ê SEND –ü–û–õ–¨–ó–û–í–ê–¢–ï–õ–ï–ú!!!
                      00838 
01E5   1683           00839         banksel TRISIO
Message[302]: Register in operand not in bank 0.  Ensure that bank bits are correct.
01E6   1685           00840         bsf TRISIO, GPIO5 ; –î–µ–ª–∞–µ–º –ü–æ—Ä—Ç 5 "–í–≤–æ–¥–æ–º",–ø–æ–∫–∞ –Ω–µ –±—É–¥–µ—Ç —Å–¥–µ–ª–∞–Ω
                            –æ –ø–µ—Ä–µ–∫–ª—é—á–µ–Ω–∏–µ
Message[302]: Register in operand not in bank 0.  Ensure that bank bits are correct.
01E7   1485           00841         bsf TRISIO, TX
Message[302]: Register in operand not in bank 0.  Ensure that bank bits are correct.
01E8   1405           00842         bsf TRISIO, GPIO0
01E9   1683           00843         banksel IOCB 
Message[302]: Register in operand not in bank 0.  Ensure that bank bits are correct.
01EA   1296           00844         bcf IOCB, GPIO5 ;(–∑–∞–ø—Ä–µ—â–∞–µ–º –ø—Ä–µ—Ä—ã–≤–∞–Ω–∏—è)
Message[302]: Register in operand not in bank 0.  Ensure that bank bits are correct.
01EB   1416           00845         bsf IOCB, GPIO0
                      00846 
01EC   1283           00847         banksel T1CON
01ED   1690           00848         bsf T1CON, T1CKPS1
01EE   1610           00849         bsf T1CON, T1CKPS0
                      00850         
01EF   1120           00851         bcf UART_CON, RD_F
                      00852 
01F0   1283           00853         banksel INTCON
01F1   170B           00854         bsf INTCON, PEIE
01F2   158B           00855         bsf INTCON, GPIE
01F3   1410           00856         bsf T1CON, TMR1ON               ; –°—Ç–∞—Ä—Ç —Ç–∞–π–º–µ—Ä–∞
01F4   0008           00857         return
                      00858 
Warning[207]: Found label after column 1. (OtherModes)
01F5                  00859         OtherModes
MPASM 5.76                          MAIN.ASM   12-7-2021  1:54:13         PAGE 20


LOC  OBJECT CODE     LINE SOURCE TEXT
  VALUE

                      00860                 ; WHAT THE FUCK? –Ø —Å—é–¥–∞ –Ω–µ –¥–æ–ª–∂–µ–Ω –±—ã–ª –ø–æ–ø–∞–¥–∞—Ç—å!!
01F5   0008           00861                 return ; TODO –≠—Ç–æ —á—Ç–æ-—Ç–æ —è–≤–Ω–æ –Ω–µ–ø—Ä–∞–≤–∏–ª—å–Ω–æ–µ!
                      00862 
                      00863                 
01F6                  00864 CheckIfForMe
01F6   0829           00865         movf SERBUF, w
01F7   00A6           00866         movwf Accum
01F8   300F           00867         movlw b'00001111'
01F9   05A6           00868         andwf Accum, f
01FA   3003           00869         movlw b'00000011'
01FB   06A6           00870         xorwf Accum, f
01FC   08A6           00871                 movf Accum, f
01FD   1903           00872         btfsc STATUS, Z
01FE   0008           00873                 return
01FF   0829           00874         movf SERBUF, w
0200   00A6           00875         movwf Accum
0201   300F           00876         movlw b'00001111'
0202   05A6           00877         andwf Accum, f
0203   30FC           00878         movlw b'11111100'
0204   0726           00879         addwf Accum, w
0205   1283           00880         banksel STATUS
0206   1803           00881         btfsc STATUS, C
0207   2???           00882                 GOTO Wide
0208   30FF           00883         movlw 0FFh
0209   00A6           00884         movwf Accum
020A   0008           00885         return
                      00886         
Warning[207]: Found label after column 1. (Wide)
020B                  00887         Wide
020B   01A6           00888                 clrf Accum
020C   0008           00889         return
                      00890         
                      00891                 
020D                  00892 GET_MSG
020D   1683           00893         banksel IOCB
                      00894         ;clrf IOCB
020E   1283           00895         banksel INTCON
020F   118B           00896         bcf INTCON, GPIE
0210   100B           00897         bcf INTCON, GPIF
0211   3008           00898         movlw .8
0212   00AA           00899         movwf TEMP
0213   01A9           00900         clrf SERBUF
0214   2???           00901         CALL HalfBaud
0215   1283           00902         banksel GPIO
Warning[207]: Found label after column 1. (Recieve_data)
0216                  00903         Recieve_data
0216   2???           00904                 CALL OneBaud
0217   1003           00905                 bcf STATUS, C
0218   0CA9           00906                 rrf SERBUF , f
0219   1A85           00907                 btfsc GPIO, RX
021A   17A9           00908                 bsf SERBUF, 7
021B   0BAA           00909                 decfsz TEMP, f
021C   2???           00910                 GOTO Recieve_data               
MPASM 5.76                          MAIN.ASM   12-7-2021  1:54:13         PAGE 21


LOC  OBJECT CODE     LINE SOURCE TEXT
  VALUE

021D   2???           00911         CALL OneBaud
                      00912         ; –ß–∏—Ç–∞–µ–º 9 –±–∏—Ç
021E   1A85           00913         btfsc GPIO, RX
021F   2???           00914                 GOTO GetAddress; –ï—Å–ª–∏ –ø—Ä–∏—à—ë–ª 9 –±–∏—Ç == 1 (–∞–¥—Ä–µ—Å)
                      00915                 ; –ï—Å–ª–∏ –ø—Ä–∏—à—ë–ª 9 –±–∏—Ç == 0 (–¥–∞–Ω–Ω—ã–µ) - —Ç–æ –•–ó. –ù–∞–¥–æ –ø—Ä–æ–≤–µ—Ä–
                            ∏—Ç—å! 
                      00916                 ; (9bit == 0)
0220   1BA0           00917                 btfsc UART_CON, BanReceiveZ9Bit_F
0221   2???           00918                         GOTO  NotForMe; –ü–†–û–ü–£–°–ö –î–ê–ù–ù–û–ô –ü–û–°–´–õ–ö–ò! (–æ–∂–∏–¥–∞–ª–∏ –∞–¥
                            —Ä–µ—Å - –ø–æ–ª—É—á–∏–ª–∏ –¥–∞–Ω–Ω—ã–µ)
                      00919                         
0222   2???           00920                         CALL OneBaud
0223   1283           00921                         banksel GPIO
0224   1E85           00922                         btfss GPIO, RX
0225   2???           00923                                 GOTO NotForMe    ; –ï—Å–ª–∏ —É—Å–ø–µ—à–Ω–æ –¥–æ—à—ë–ª –ü–æ—Å–ª–µ–¥–Ω–∏–π
                             –±–∏—Ç
                      00924                         ; –ï–°–õ–ò –ü–û–õ–£–ß–ò–õ–ò –î–ê–ù–ù–´–ï - –ò –≠–¢–û –û–ö
0226   0829           00925                         movf SERBUF, w
0227   00AD           00926                         movwf DATA_reg
0228   2???           00927                                 CALL Start_Displaying_GotMessage
0229   0008           00928                                 return
                      00929 
Warning[207]: Found label after column 1. (GetAddress)
022A                  00930         GetAddress ; (9bit == 1)
022A   1FA0           00931                 btfss UART_CON, BanReceiveZ9Bit_F
022B   0008           00932                         return ; –ü–†–û–ü–£–°–ö –î–ê–ù–ù–û–ô –ü–û–°–´–õ–ö–ò! (–æ–∂–∏–¥–∞–ª–∏ –¥–∞–Ω–Ω—ã–
                            µ - –ø–æ–ª—É—á–∏–ª–∏ –∞–¥—Ä–µ—Å)
                      00933                         
022C   2???           00934                         CALL OneBaud
022D   1283           00935                         banksel GPIO
022E   1E85           00936                         btfss GPIO, RX
022F   2???           00937                                 GOTO NotForMe    ; –ï—Å–ª–∏ —É—Å–ø–µ—à–Ω–æ –¥–æ—à—ë–ª –ü–æ—Å–ª–µ–¥–Ω–∏–π
                             –±–∏—Ç
                      00938                         ; –ê–¥—Ä–µ—Å
0230   2???           00939                         CALL CheckIfForMe
0231   1283           00940                         banksel STATUS
0232   08A6           00941                         movf Accum, f
0233   1D03           00942                         btfss STATUS, Z
0234   2???           00943                                 GOTO NotForMe;–ï—Å–ª–∏ –ø–æ—Å—ã–ª–∫–∞ –ù–ï –Ω–∞–º
0235   30F0           00944                         movlw b'11110000'
0236   05A9           00945                         andwf SERBUF, f
0237   1283           00946                         banksel STATUS
0238   1003           00947                         bcf STATUS, C
Message[305]: Using default destination of 1 (file).
0239   0CA9           00948                         rrf SERBUF
Message[305]: Using default destination of 1 (file).
023A   0CA9           00949                         rrf SERBUF
Message[305]: Using default destination of 1 (file).
023B   0CA9           00950                         rrf SERBUF
Message[305]: Using default destination of 1 (file).
023C   0CA9           00951                         rrf SERBUF
023D   0829           00952                         movf SERBUF, w                  ; –ù–µ –∑–Ω–∞—é –∑–∞—á–µ–º
023E   00AC           00953                         movwf ADDR_reg
MPASM 5.76                          MAIN.ASM   12-7-2021  1:54:13         PAGE 22


LOC  OBJECT CODE     LINE SOURCE TEXT
  VALUE

023F   13A0           00954                         bcf UART_CON, BanReceiveZ9Bit_F
0240   1683           00955                         banksel IOCB
Message[302]: Register in operand not in bank 0.  Ensure that bank bits are correct.
0241   1696           00956                         bsf IOCB, RX
Message[302]: Register in operand not in bank 0.  Ensure that bank bits are correct.
0242   1416           00957                         bsf IOCB, GPIO0
0243   1283           00958                         banksel INTCON
0244   158B           00959                         bsf INTCON, GPIE
0245   100B           00960                         bcf INTCON, GPIF                        
0246   0008           00961                         return
                      00962                 
Warning[207]: Found label after column 1. (NotForMe)
0247                  00963                 NotForMe
0247   1120           00964                         bcf UART_CON, RD_F
0248   1683           00965                         banksel IOCB
Message[302]: Register in operand not in bank 0.  Ensure that bank bits are correct.
0249   1696           00966                         bsf IOCB, RX
Message[302]: Register in operand not in bank 0.  Ensure that bank bits are correct.
024A   1416           00967                         bsf IOCB, GPIO0
024B   1283           00968                         banksel INTCON
024C   158B           00969                         bsf INTCON, GPIE
024D   100B           00970                         bcf INTCON, GPIF                                
024E   0008           00971                         return
                      00972                         
Warning[207]: Found label after column 1. (NotOKAll)
024F                  00973         NotOKAll
024F   1683           00974                 banksel IOCB
0250   0821           00975                 movf IOC_INIT, w
Message[302]: Register in operand not in bank 0.  Ensure that bank bits are correct.
0251   0096           00976                 movwf IOCB              
0252   1283           00977                 banksel INTCON
0253   158B           00978                 bsf INTCON, GPIE
0254   100B           00979                 bcf INTCON, GPIF
0255   0008           00980                 return
                      00981 
                      00982 
0256                  00983 SEND_MSG
                      00984         ; TODO –ó–∞–≥—Ä—É–∑–∫–∞ –æ—Ç–ø—Ä–∞–≤–ª—è–µ–º–æ–π –∫–æ–Ω—Å—Ç–∞–Ω—Ç—ã  –ò –∑–∞–≥—Ä—É–∑–∫–∞ 9 –±–∏—
                            Ç–æ–≥–æ
0256   1283           00985         banksel GPIO
0257   3008           00986         movlw .8
0258   00A8           00987         movwf Loop_ident
0259   1085           00988         bcf GPIO, TX
025A   2???           00989          CALL OneBaud
Warning[207]: Found label after column 1. (Send_data)
025B                  00990         Send_data
025B   1283           00991                 banksel STATUS
025C   1003           00992                 bcf STATUS, C
025D   0CA9           00993                 rrf SERBUF, f
025E   1283           00994                 banksel STATUS
025F   1C03           00995                 btfss STATUS, C
0260   2???           00996                 GOTO Transfer_0
0261   2???           00997                 GOTO Transfer_1
MPASM 5.76                          MAIN.ASM   12-7-2021  1:54:13         PAGE 23


LOC  OBJECT CODE     LINE SOURCE TEXT
  VALUE

Warning[207]: Found label after column 1. (Transfer_0)
0262                  00998                 Transfer_0
0262   1283           00999                         banksel GPIO
0263   1085           01000                         bcf GPIO, TX
0264   2???           01001                         GOTO BIT_ready
Warning[207]: Found label after column 1. (Transfer_1)
0265                  01002                 Transfer_1
0265   1283           01003                         banksel GPIO
0266   1485           01004                         bsf GPIO, TX
Warning[207]: Found label after column 1. (BIT_ready)
0267                  01005                 BIT_ready
0267   2???           01006                         CALL OneBaud
0268   0BA8           01007                         decfsz Loop_ident, f
0269   2???           01008                         GOTO Send_data                  
026A   1AA0           01009                         btfsc UART_CON, BIT9
026B   2???           01010                                 GOTO Send_9one
026C   2???           01011                                 GOTO Send_9zero
Warning[207]: Found label after column 1. (Send_9one)
026D                  01012                         Send_9one
026D   1485           01013                                 bsf GPIO, TX
026E   2???           01014                                 GOTO Send_Stop
Warning[207]: Found label after column 1. (Send_9zero)
026F                  01015                         Send_9zero
026F   1085           01016                                 bcf GPIO, TX
Warning[207]: Found label after column 1. (Send_Stop)
0270                  01017                         Send_Stop
0270   2???           01018                                 CALL OneBaud
0271   1283           01019                                 banksel STATUS
0272   1003           01020                                 bcf STATUS, C
0273   0CA9           01021                                 rrf  SERBUF, f          ; TODO –ó–ê–ß–ï–ú?????
0274   1485           01022                                 bsf GPIO, TX            ; –°–¢–û–ü-–ë–ò–¢
0275   3400           01023                                 retlw 0
                      01024                 
                      01025         
                      01026         
                      01027 
                      01028 
Warning[205]: Found directive in column 1. (END)
3FF4                  01029 END
MPASM 5.76                          MAIN.ASM   12-7-2021  1:54:13         PAGE 24


SYMBOL TABLE
  LABEL                             VALUE 

ADCON0                            0000001F
ADCS0                             00000004
ADCS1                             00000005
ADCS2                             00000006
ADDR_reg                          0000002C
ADFM                              00000007
ADIE                              00000006
ADIF                              00000006
ADON                              00000000
ADRESH                            0000001E
ADRESL                            0000009E
ANS0                              00000000
ANS1                              00000001
ANS2                              00000002
ANS3                              00000003
ANSEL                             0000009F
Accum                             00000026
BIT9                              00000005
BIT_ready                         00000267
BUSY_F                            00000000
BanReceiveZ9Bit_F                 00000007
Baud_Control                      0000014D
ButtonModes                       0000002E
C                                 00000000
CAL0                              00000002
CAL1                              00000003
CAL2                              00000004
CAL3                              00000005
CAL4                              00000006
CAL5                              00000007
CHS0                              00000002
CHS1                              00000003
CINV                              00000004
CIS                               00000003
CM0                               00000000
CM1                               00000001
CM2                               00000002
CMCON                             00000019
CMIE                              00000003
CMIF                              00000003
COUT                              00000006
CheckIfForMe                      000001F6
Check_INT_T0                      0000003C
Check_INT_T1                      00000041
Check_SB_INC                      00000058
Conf_0bit                         00000126
DATA_INC_F                        00000004
DATA_reg                          0000002D
DC                                00000001
Disp_Info_7seg                    0000011C
Disp_dash                         00000169
EEADR                             0000009B
EECON1                            0000009C
MPASM 5.76                          MAIN.ASM   12-7-2021  1:54:13         PAGE 25


SYMBOL TABLE
  LABEL                             VALUE 

EECON2                            0000009D
EEDAT                             0000009A
EEDATA                            0000009A
EEIE                              00000007
EEIF                              00000007
EnableDisplayingMassage           00000077
F                                 00000001
FSR                               00000004
Fill_LCD_bit                      00000122
FindPortDiff                      00000048
Fix_addr                          000000A4
Fix_data_TX                       000000AE
GET_MSG                           0000020D
GIE                               00000007
GO                                00000001
GO_DONE                           00000001
GO_NOT_DONE                       00000001
GP0                               00000000
GP1                               00000001
GP2                               00000002
GP3                               00000003
GP4                               00000004
GP5                               00000005
GPIE                              00000003
GPIF                              00000000
GPIO                              00000005
GPIO0                             00000000
GPIO1                             00000001
GPIO2                             00000002
GPIO3                             00000003
GPIO4                             00000004
GPIO5                             00000005
GPIO_DATA                         00000002
GPIO_INT                          00000137
GetAddress                        0000022A
GotMsgDispMode                    00000030
HalfBaud                          000001B5
IINT_HNDL                         00000037
INDF                              00000000
INTCON                            0000000B
INTE                              00000004
INTEDG                            00000006
INTERRUPT_INIT                    000000C8
INTF                              00000001
IOC                               00000096
IOC0                              00000000
IOC1                              00000001
IOC2                              00000002
IOC3                              00000003
IOC4                              00000004
IOC5                              00000005
IOCB                              00000096
IOCB0                             00000000
MPASM 5.76                          MAIN.ASM   12-7-2021  1:54:13         PAGE 26


SYMBOL TABLE
  LABEL                             VALUE 

IOCB1                             00000001
IOCB2                             00000002
IOCB3                             00000003
IOCB4                             00000004
IOCB5                             00000005
IOC_INIT                          00000021
IRP                               00000007
If_0_on7segm                      000000D1
If_1_on7segm                      000000D8
If_2_on7segm                      000000DF
If_3_on7segm                      000000E6
If_4_on7segm                      000000ED
If_5_on7segm                      000000F4
If_6_on7segm                      000000FB
If_7_on7segm                      00000102
If_8_on7segm                      00000109
If_9_on7segm                      00000110
If_DispSecondDash                 00000180
If_Disp_A                         0000015C
If_Disp_D                         00000177
If_Disp_GotAddr                   0000016E
If_Disp_GotData                   00000185
If_Disp_dash                      00000165
If_ERR                            00000117
InfoDispayAlg                     00000134
Init                              00000000
LastPortState                     00000025
LastPressedBtns                   0000002B
Lcd_data                          00000027
Loop_Disp_bits                    0000011F
Loop_ident                        00000028
MainLoop                          00000036
NOT_BOD                           00000000
NOT_BOR                           00000000
NOT_DONE                          00000001
NOT_GPPU                          00000007
NOT_PD                            00000003
NOT_POR                           00000001
NOT_T1SYNC                        00000002
NOT_TO                            00000004
NormalHandle                      00000070
NotForMe                          00000247
NotOKAll                          0000024F
OPTION_REG                        00000081
OSCCAL                            00000090
OneBaud                           000001CA
OtherModes                        000001F5
PCL                               00000002
PCLATH                            0000000A
PCON                              0000008E
PEIE                              00000006
PIE1                              0000008C
PIE1_INIT                         00000000
MPASM 5.76                          MAIN.ASM   12-7-2021  1:54:13         PAGE 27


SYMBOL TABLE
  LABEL                             VALUE 

PIR1                              0000000C
PS0                               00000000
PS1                               00000001
PS2                               00000002
PSA                               00000003
Port_GP0                          00000048
Port_GP1                          00000051
Port_GP5                          0000005D
RD                                00000000
RD_F                              00000002
RP0                               00000005
RP1                               00000006
RX                                00000005
Recieve_data                      00000216
SB0_M0                            00000000
SB0_M1                            00000001
SB0_OK                            00000091
SB0_SEND_HNDL                     00000067
SB0_ifBusy                        0000006A
SB1_INC_HNDL                      00000131
SB_INC_Ch                         00000001
SB_SEND_Ch                        00000000
SEG7_Display_F                    00000006
SEND_MSG                          00000256
SERBUF                            00000029
SEV_SEGM_reg                      0000002F
START                             00000035
STATUS                            00000003
Select_Display_Info               000000D0
Send_9one                         0000026D
Send_9zero                        0000026F
Send_Stop                         00000270
Send_data                         0000025B
Send_to_TX                        000000B7
Shift_reg                         0000012E
Simple_TMR                        00000002
SmthNotOKWithTMR1                 00000194
StartSimpleT0                     000001A8
Start_Displaying_GotMessage       000001DB
StopDisplayingMassage             00000080
T02SecScaler                      00000024
T0CS                              00000005
T0IE                              00000005
T0IF                              00000002
T0SE                              00000004
T0_INT                            00000145
T0_MODE                           00000003
T0_UPD_Baud                       00000151
T0_UPD_HalfBaud                   00000155
T1CKPS0                           00000004
T1CKPS1                           00000005
T1CON                             00000010
T1CON_INIT                        00000000
MPASM 5.76                          MAIN.ASM   12-7-2021  1:54:13         PAGE 28


SYMBOL TABLE
  LABEL                             VALUE 

T1H_REG                           00000022
T1IE                              00000000
T1IF                              00000000
T1L_REG                           00000023
T1OSCEN                           00000003
T1_Busy_on_display                00000003
T1_INT                            00000159
TEMP                              0000002A
TMR0                              00000001
TMR0IE                            00000005
TMR0IF                            00000002
TMR0_INIT                         00000000
TMR1                              0000000E
TMR1CS                            00000001
TMR1GE                            00000006
TMR1H                             0000000F
TMR1H_INIT                        00000000
TMR1IE                            00000000
TMR1IF                            00000000
TMR1L                             0000000E
TMR1L_INIT                        00000000
TMR1ON                            00000000
TRISIO                            00000085
TRISIO0                           00000000
TRISIO1                           00000001
TRISIO2                           00000002
TRISIO3                           00000003
TRISIO4                           00000004
TRISIO5                           00000005
TRISIO_INT                        0000002B
TRSF_HNDL                         0000019C
TR_F                              00000001
TX                                00000001
Transfer_0                        00000262
Transfer_1                        00000265
Transfer_bit_to_7seg              00000127
UART_CON                          00000020
UART_t0                           00000021
UpdateTMR1                        00000195
VCFG                              00000006
VR0                               00000000
VR1                               00000001
VR2                               00000002
VR3                               00000003
VRCON                             00000099
VREN                              00000007
VRR                               00000005
W                                 00000000
WAIT_FullBaud                     00000001
WAIT_HalfBaud                     00000000
WAIT_SimpleTMR                    000001B0
WAIT_forFullBaud                  000001D6
WPU                               00000095
MPASM 5.76                          MAIN.ASM   12-7-2021  1:54:13         PAGE 29


SYMBOL TABLE
  LABEL                             VALUE 

WPU0                              00000000
WPU1                              00000001
WPU2                              00000002
WPU4                              00000004
WPU5                              00000005
WPU_INIT                          00000034
WR                                00000001
WREN                              00000002
WRERR                             00000003
Wide                              0000020B
Z                                 00000002
_BODEN_OFF                        00003FBF
_BODEN_ON                         00003FFF
_BOREN_OFF                        00003FBF
_BOREN_ON                         00003FFF
_CONFIG                           00002007
_CPD_OFF                          00003FFF
_CPD_ON                           00003EFF
_CP_OFF                           00003FFF
_CP_ON                            00003F7F
_DEVID1                           00002006
_EC_OSC                           00003FFB
_EXTRC_OSC_CLKOUT                 00003FFF
_EXTRC_OSC_NOCLKOUT               00003FFE
_FOSC_EC                          00003FFB
_FOSC_EXTRCCLK                    00003FFF
_FOSC_EXTRCIO                     00003FFE
_FOSC_HS                          00003FFA
_FOSC_INTRCCLK                    00003FFD
_FOSC_INTRCIO                     00003FFC
_FOSC_LP                          00003FF8
_FOSC_XT                          00003FF9
_HS_OSC                           00003FFA
_IDLOC0                           00002000
_IDLOC1                           00002001
_IDLOC2                           00002002
_IDLOC3                           00002003
_INTRC_OSC_CLKOUT                 00003FFD
_INTRC_OSC_NOCLKOUT               00003FFC
_LP_OSC                           00003FF8
_MCLRE_OFF                        00003FDF
_MCLRE_ON                         00003FFF
_PWRTE_OFF                        00003FFF
_PWRTE_ON                         00003FEF
_WDTE_OFF                         00003FF7
_WDTE_ON                          00003FFF
_WDT_OFF                          00003FF7
_WDT_ON                           00003FFF
_XT_OSC                           00003FF9
__12F675                          00000001
btn_INC                           00000001
btn_RST                           00000003
btn_SEND                          00000000
MPASM 5.76                          MAIN.ASM   12-7-2021  1:54:13         PAGE 30






Errors   :     0
Warnings :    75 reported,     0 suppressed
Messages :    47 reported,     0 suppressed

