MPASM 5.76                          MAIN.ASM   12-2-2021  15:15:54         PAGE  1


LOC  OBJECT CODE     LINE SOURCE TEXT
  VALUE

                      00001 ;====================================================================
                      00002 ; Main.asm file generated by New Project wizard
                      00003 ;
                      00004 ; Created:   –í—Å –Ω–æ—è 14 2021
                      00005 ; Processor: PIC12F675
                      00006 ; Compiler:  MPASM (Proteus)
                      00007 ;====================================================================
                      00008 
                      00009 ;====================================================================
                      00010 ; DEFINITIONS
                      00011 ;====================================================================
                      00012 
                      00013 #include p12f675.inc                ; Include register definition file
                      00001         LIST
                      00002 
                      00003 ;==========================================================================
                      00004 ; Build date : Sep 19 2017
                      00005 ;  MPASM PIC12F675 processor include
                      00006 ; 
                      00007 ;  (c) Copyright 1999-2017 Microchip Technology, All rights reserved
                      00008 ;==========================================================================
                      00009 
                      00367         LIST
Warning[205]: Found directive in column 1. (__CONFIG)
2007   3FF4           00014 __CONFIG b'11111111110100'
                      00015 
                      00016 ;====================================================================
                      00017 ; CONSTANTS
                      00018 ;====================================================================
                      00019 
  00000000            00020 GPIO_DATA equ b'0000000' 
  000000C8            00021 INTERRUPT_INIT equ b'11001000'
  00000000            00022 PIE1_INIT equ b'00000000'
  00000000            00023 TMR1H_INIT equ 0x0
  00000000            00024 TMR1L_INIT equ 0x0
  00000000            00025 TMR0_INIT equ 0x0
  00000034            00026 WPU_INIT equ b'110100'                  ; GPIO1 –ò GPIO5 - –º–±–± –∫–∞–∫ READ —Ç–∞–∫ –∏ WRITE —Ä–µ–∂–∏–º
                            . –î–ª—è –∫–Ω–æ–ø–∫–∏ (–∏–∑–Ω–∞—á–∞–ª—å–Ω–æ!) –∏ TX; –î–ª—è RX –∏ Data —Å–æ–æ—Ç–≤–µ—Ç—Å—Ç–≤–µ–Ω–
  00000003            00027 IOC_INIT equ b'000011'
  00000000            00028 T1CON_INIT equ b'00000000'
                      00029 ;====================================================================
                      00030 ; VARIABLES
                      00031 ;====================================================================
                      00032 
  00000020            00033 UART_CON equ 20h
Warning[207]: Found label after column 1. (BUSY_F)
  00000000            00034         BUSY_F equ 00h
Warning[207]: Found label after column 1. (TR_F)
  00000001            00035         TR_F equ 01h
Warning[207]: Found label after column 1. (RD_F)
  00000002            00036         RD_F equ 02h
Warning[207]: Found label after column 1. (T0_MODE)
  00000003            00037         T0_MODE equ 03h
MPASM 5.76                          MAIN.ASM   12-2-2021  15:15:54         PAGE  2


LOC  OBJECT CODE     LINE SOURCE TEXT
  VALUE

Warning[207]: Found label after column 1. (DATA_INC_F)
  00000004            00038         DATA_INC_F equ 04h
Warning[207]: Found label after column 1. (BIT9)
  00000005            00039         BIT9 equ 05h
Warning[207]: Found label after column 1. (SEG7_Display_F)
  00000006            00040         SEG7_Display_F equ 06h
Warning[207]: Found label after column 1. (SaveDataOrAddr)
  00000007            00041         SaveDataOrAddr equ 07h          ; || 0 - Addr | 1 - Data ||
                      00042 
  00000021            00043 UART_t0 equ 21h
Warning[207]: Found label after column 1. (WAIT_HalfBaud)
  00000000            00044         WAIT_HalfBaud equ 00h
Warning[207]: Found label after column 1. (WAIT_FullBaud)
  00000001            00045         WAIT_FullBaud equ 01h
                      00046 ;LEDS_STATES equ 21h
                      00047 ;LED1 equ 00h
                      00048 ;LED2 equ 01h
                      00049 ;LED3 equ 02h
                      00050 
                      00051 
                      00052 
  00000000            00053 btn_SEND equ GPIO0
  00000003            00054 btn_RST equ GPIO3
  00000001            00055 btn_INC equ GPIO1
                      00056 
                      00057 ;pc_states equ 21h
                      00058 ;in_work_flag equ 00h
                      00059 ;btn_wait_flag equ 01h
                      00060 ;btn2_st equ 02h
                      00061 ;btn3_st equ 03h
                      00062 
  00000022            00063 T1H_REG equ 22h
  00000023            00064 T1L_REG equ 23h
                      00065 
  00000024            00066 T02SecScaler equ 24h
                      00067 
  00000025            00068 LastPortState equ 25h
                      00069 
  00000026            00070 Accum equ 26h
                      00071 
  00000027            00072 Lcd_data equ 27h
                      00073 
  00000028            00074 Loop_ident equ 28h
                      00075 
  00000029            00076 SERBUF equ 29h          ; TODO
  0000002A            00077 TEMP equ 2Ah
                      00078 
  00000001            00079 TX equ GPIO1
  00000005            00080 RX equ GPIO5
                      00081 
                      00082 
                      00083 
  0000002B            00084 LastPressedBtns equ 2Bh         ;  || 0 bit - SB_SEND | 1 bit - SB_INC/TX | 2 bit - RX/DATA_7_SEG ||
MPASM 5.76                          MAIN.ASM   12-2-2021  15:15:54         PAGE  3


LOC  OBJECT CODE     LINE SOURCE TEXT
  VALUE

  00000000            00085 SB_SEND_Ch equ 00h
  00000001            00086 SB_INC_Ch equ 01h
                      00087 ;--
                      00088 
  0000002C            00089 ADDR_reg equ 2Ch
  0000002D            00090 DATA_reg equ 2Dh
                      00091 
  0000002E            00092 ButtonModes equ 2Eh
Warning[207]: Found label after column 1. (SB0_M0)
  00000000            00093         SB0_M0  equ 00h
Warning[207]: Found label after column 1. (SB0_M1)
  00000001            00094         SB0_M1  equ 01h
                      00095 
                      00096 
  0000002F            00097 SEV_SEGM_reg equ 2Fh
                      00098 
                      00099 
                      00100 
                      00101 
                      00102 ;====================================================================
                      00103 ; RESET and INTERRUPT VECTORS
                      00104 ;====================================================================
                      00105 
                      00106       ; Reset Vector
                      00107 RST   code  0x0 
0000   2???           00108       goto  START
                      00109 
                      00110 INT code 0x4
0004   2???           00111         goto IINT_HNDL
                      00112         
                      00113         
                      00114 ;====================================================================
                      00115 ; CODE SEGMENT
                      00116 ;====================================================================
                      00117 
                      00118 PGM   code
                      00119 
0000                  00120 Init
                      00121         
0000   1683           00122         banksel ANSEL
Message[302]: Register in operand not in bank 0.  Ensure that bank bits are correct.
0001   019F           00123     clrf ANSEL
                      00124 
0002   1283           00125     banksel CMCON
0003   3007           00126     movlw 0x7
0004   0099           00127     movwf CMCON
                      00128 
0005   1283           00129           banksel GPIO
                      00130     ;movlw b'10' ; Default GPIO data
0006   3000           00131         movlw GPIO_DATA
0007   0085           00132     movwf GPIO
                      00133         
0008   1683           00134          banksel TRISIO
MPASM 5.76                          MAIN.ASM   12-2-2021  15:15:54         PAGE  4


LOC  OBJECT CODE     LINE SOURCE TEXT
  VALUE

0009   300B           00135     movlw b'00001011'   ; GPIO Port options
Message[302]: Register in operand not in bank 0.  Ensure that bank bits are correct.
000A   0085           00136     movwf TRISIO
                      00137         
000B   1683           00138     banksel OPTION_REG
000C   3048           00139     movlw b'01001000'       ; Options
Message[302]: Register in operand not in bank 0.  Ensure that bank bits are correct.
000D   0081           00140     movwf OPTION_REG
                      00141 
                      00142    
                      00143 
                      00144  
                      00145 
000E   1683           00146     banksel WPU
000F   3034           00147     movlw WPU_INIT  ; Pull ups
Message[302]: Register in operand not in bank 0.  Ensure that bank bits are correct.
0010   0095           00148     movwf WPU
                      00149 
0011   1283           00150     banksel INTCON
0012   30C8           00151     movlw INTERRUPT_INIT   ; Interrupts
0013   008B           00152     movwf INTCON
                      00153 
0014   1683           00154     banksel PIE1
0015   3000           00155     movlw PIE1_INIT  ; Enables timer 1 (16-bit) INTERRRUPT (NO)
Message[302]: Register in operand not in bank 0.  Ensure that bank bits are correct.
0016   008C           00156     movwf PIE1
                      00157 
0017   1283           00158     banksel TMR1H
0018   3000           00159     movlw TMR1H_INIT
0019   008F           00160     movwf TMR1H
001A   3000           00161     movlw TMR1L_INIT
001B   008E           00162     movwf TMR1L
                      00163 
001C   1283           00164     banksel T1CON
001D   3000           00165     movlw T1CON_INIT    ; Enables timer 1
001E   0090           00166     movwf T1CON
                      00167 
001F   1683           00168     banksel IOC
0020   3003           00169     movlw IOC_INIT
Message[302]: Register in operand not in bank 0.  Ensure that bank bits are correct.
0021   0096           00170     movwf IOC
                      00171 
                      00172         ;CALL SavePortStates
                      00173         
0022   0008           00174     return
                      00175 
0023                  00176 START
0023   2???           00177         CALL Init
Warning[207]: Found label after column 1. (MainLoop)
0024                  00178         MainLoop
0024   2???           00179                 GOTO MainLoop
                      00180                 
                      00181                 
MPASM 5.76                          MAIN.ASM   12-2-2021  15:15:54         PAGE  5


LOC  OBJECT CODE     LINE SOURCE TEXT
  VALUE

                      00182         
0025                  00183 IINT_HNDL
0025   180B           00184         btfsc INTCON,  GPIF
0026   2???           00185         GOTO GPIO_INT
0027   190B           00186         btfsc INTCON, T0IF
0028   2???           00187         GOTO T0_INT
0029   1283           00188         banksel PIR1
002A   180C           00189         btfsc PIR1, TMR1IF
002B   2???           00190         GOTO T1_INT
002C   0008           00191         return
                      00192         
002D                  00193 FindPortDiff
                      00194         ; –î–æ–ø—É—Å—Ç–∏–º, —Å–æ—Å—Ç–æ—è–Ω–∏–µ –ø–æ—Ä—Ç–∞ –∑–∞–ø–∏—Å—ã–≤–∞–µ—Ç—Å—è –≤ —Ä–µ–≥–∏—Å—Ç—Ä Las
                            tPortState
002D   1283           00195         banksel GPIO
Warning[207]: Found label after column 1. (Port_GP0)
002E                  00196         Port_GP0
002E   1805           00197                 btfsc GPIO, btn_SEND; –ï—Å–ª–∏ –Ω–∞–∂–∞—Ç–∞ –∫–Ω–æ–ø–∫–∞ - —Ç–æ (0)
002F   2???           00198                         GOTO Port_GP1 ; –ï—Å–ª–∏ (1)
0030   1C25           00199                         btfss LastPortState, btn_SEND; –ï—Å–ª–∏ (0) (–ï—Å–ª–∏ –≤ LastPortState –∏ –±—ã–ª
                             0 - —Ç–æ –∑–∞–±–∏–≤–∞–µ–º, –∏–Ω–∞—á–µ - –Ω–∞–∂–∞—Ç–∞ –∫–Ω–æ–ø–∫–∞)
0031   2???           00200                                 GOTO Port_GP1; –ï—Å–ª–∏ –æ—Å—Ç–∞—ë—Ç—Å—è –±—ã—Ç—å –Ω–∞–∂–∞—Ç–æ–π
0032   142B           00201                                 bsf LastPressedBtns, SB_SEND_Ch; –ï—Å–ª–∏ –ø—Ä–æ–∏–∑–æ—à–ª–æ –Ω–∞ —Å–∞–º
                            –æ–º –¥–µ–ª–µ –Ω–∞–∂–∞—Ç–∏–µ
Warning[207]: Found label after column 1. (Port_GP1)
0033                  00202         Port_GP1 ; –¢–û–õ–¨–ö–û –í –†–ï–ñ–ò–ú–ï –î–û –æ—Ç–ø—Ä–∞–≤–∫–∏ {TODO}
0033   1A20           00203                 btfsc UART_CON, DATA_INC_F
0034   2???           00204                         GOTO Check_SB_INC; –ï—Å–ª–∏ 1
0035   2???           00205                         GOTO Port_GP5; –ï—Å–ª–∏ 0
Warning[207]: Found label after column 1. (Check_SB_INC)
0036                  00206                 Check_SB_INC
0036   1885           00207                         btfsc GPIO, btn_INC ; –ï—Å–ª–∏ –Ω–∞–∂–∞—Ç–∞ –∫–Ω–æ–ø–∫–∞ - —Ç–æ (0)
0037   2???           00208                                 GOTO Port_GP5
0038   1CA5           00209                                 btfss LastPortState, btn_INC ; –ï—Å–ª–∏ –≤ LastPortState –∏ –±—ã–ª 0 - —
                            Ç–æ –∑–∞–±–∏–≤–∞–µ–º, –∏–Ω–∞—á–µ - –Ω–∞–∂–∞—Ç–∞—è –∫–Ω–æ–ø–∫–∞
0039   2???           00210                                         GOTO Port_GP5 ; –ï—Å–ª–∏ –æ—Å—Ç–∞—ë—Ç—Å—è 
003A   14AB           00211                                         bsf LastPressedBtns, SB_INC_Ch ; –ï—Å–ª–∏ –Ω–∞ —Å–∞–º–æ–º –¥–µ–ª
                            –µ –ø—Ä–æ–∏–∑–æ—à–ª–æ –Ω–∞–∂–∞—Ç–∏–µ
Warning[207]: Found label after column 1. (Port_GP5)
003B                  00212         Port_GP5
                      00213         ; –ù—É–∂–Ω–∞ –ø—Ä–æ–≤–µ—Ä–∫–∞, —á—Ç–æ RX –≤ —Ä–µ–∂–∏–º–µ —á—Ç–µ–Ω–∏—è (–º–± –∏ –Ω–µ –Ω–∞–¥–æ, —Ç
                            –∞–∫ –∫–∞–∫ –Ω–µ —Å—Ä–∞–±–∞—Ç—ã–≤–∞–µ—Ç –ø—Ä–µ—Ä—ã–≤–∞–Ω–∏–µ –ø–æ GPIO –≤–æ –≤—Ä–µ–º—è "–≤—ã–≤–æ
                      00214         ; –ü–æ –°–ü–ê–î–£ –≤—ã–∑—ã–≤–∞–µ—Ç—Å—è –æ–±—Ä–∞–±–æ—Ç–∫–∞ –ø—Ä–∏—Ö–æ–¥—è—â–µ–≥–æ —Å–æ–æ–±—â–µ–Ω–
                            ∏—è
003B   1B20           00215                 btfsc UART_CON, SEG7_Display_F
003C   0008           00216                         return; –ï—Å–ª–∏ –ø—Ä–æ–∏—Å—Ö–æ–¥–∏—Ç –≤—ã–≤–æ–¥ - —Ç–æ –Ω–µ –º–æ–∂–µ—Ç –±—ã—Ç—å
                             –Ω–∏–∫–∞–∫ –ø–æ–¥–∫–ª—é—á–µ–Ω –ø–æ—Ä—Ç –∫ RX
003D   1520           00217                         bsf UART_CON, RD_F; –ï—Å–ª–∏ –Ω–µ –≤—ã–≤–æ–¥ - —Ç–æ –º–± –∏ RX (—É—Å—Ç–∞–Ω–∞–≤–ª
                            –∏–≤–∞–µ–º —Ñ–ª–∞–≥ —á—Ç–µ–Ω–∏—è)
003E   0008           00218                 return
                      00219         ;       btfsc UART_CON, SEG7_Display_F
                      00220         ;               return ; –ï—Å–ª–∏ –≤—ã–≤–æ–¥ –Ω–∞ 7-—Å–µ–≥–º–µ–Ω—Ç–Ω–∏–∫
                      00221         ;               ; –ï—Å–ª–∏ –ß—Ç–µ–Ω–∏–µ —Å RX
MPASM 5.76                          MAIN.ASM   12-2-2021  15:15:54         PAGE  6


LOC  OBJECT CODE     LINE SOURCE TEXT
  VALUE

                      00222 
003F                  00223 SB0_SEND_HNDL
                      00224         ; 4 –Ω–∞–∂–∞—Ç–∏—è
                      00225         ; –ò–ó–ù–ê–ß–ê–õ–¨–ù–û –Ω–µ –≥–æ—Ä–∏—Ç (–µ—Å–ª–∏ –Ω–µ –±—ã–ª–æ –ø—Ä–∏—Å–ª–∞–Ω–Ω—ã—Ö –¥–∞–Ω–Ω—ã—Ö
                            ) –∏ –Ω–µ –∂–¥—ë—Ç –¥–∞–Ω–Ω—ã–µ –Ω–∏–∫–∞–∫–∏–µ
                      00226         ; 1(00) - –∞–∫—Ç–∏–≤–∏—Ä—É–µ—Ç —Å—á–∏—Ç—ã–≤–∞–Ω–∏–µ –∞–¥—Ä–µ—Å–∞ (–ø–æ–ª—å–∑–æ–≤–∞—Ç–µ–ª—å –Ω–∞–
                            ∂–∏–º–∞–µ—Ç –Ω–∞ –∫–Ω–æ–ø–∫—É INC –¥–ª—è –∏–∑–º–µ–Ω–µ–Ω–∏—è –∞–¥—Ä–µ—Å–∞ –æ—Ç–ø—Ä–∞–≤–∏—Ç–µ–ª—è)
003F   1820           00227         btfsc UART_CON, BUSY_F
0040   2???           00228                         GOTO SB0_ifBusy; –ï—Å–ª–∏ –ø–æ –∫–∞–∫–æ–π-—Ç–æ –ø—Ä–∏—á–∏–Ω–µ UART –∑–∞–Ω—è—Ç - 
                            –∏–ª–∏ –æ–±—Ä–∞–±–æ—Ç–∫–∞ –≤—Ö–æ–¥—è—â–µ–≥–æ –ø–æ—Ç–æ–∫–∞, –ª–∏–±–æ —É–∂–µ –æ–±—Ä–∞–±–æ—Ç–∫–∞ –æ
0041   2???           00229                         GOTO SB0_OK; 
Warning[207]: Found label after column 1. (SB0_ifBusy)
0042                  00230                 SB0_ifBusy
0042   1283           00231                         banksel STATUS
0043   082E           00232                 movf ButtonModes, w
0044   1D03           00233                 btfss STATUS, Z
0045   0009           00234                         retfie 
0046   2???           00235                         GOTO Fix_addr ; –ï—Å–ª–∏ Z = 1
                      00236                         ; –í–•–û–î–Ø–©–ï–ï –°–û–û–ë–©–ï–ù–ò–ï –û–ë–†–´–í–ê–ï–¢ –í–í–û–î –î–ê–ù–ù–´–•    
Warning[207]: Found label after column 1. (SB0_OK)
0047                  00237         SB0_OK
0047   1283           00238                 banksel STATUS
0048   082E           00239                 movf ButtonModes, w
0049   1903           00240                 btfsc STATUS, Z
004A   2???           00241                         GOTO Fix_addr ; –ï—Å–ª–∏ Z = 1
                      00242 
004B   142E           00243                         bsf ButtonModes, SB0_M0  ;  –ï—Å–ª–∏ Z = 0
004C   1620           00244                         bsf UART_CON, DATA_INC_F ; –†–∞–∑—Ä–µ—à–∞–µ–º —á—Ç–µ–Ω–∏–µ –¥–∞–Ω–Ω—ã—Ö —Å SB_IN
                            C
004D   30FF           00245                         movlw 0FFh
004E   00AF           00246                         movwf SEV_SEGM_reg
004F   0009           00247                         retfie ; TODO
                      00248 
Warning[207]: Found label after column 1. (Fix_addr)
0050                  00249         Fix_addr ; 2 (01) - —Ñ–∏–∫—Å–∏—Ä—É–µ—Ç—Å—è –¥–∞–Ω–Ω—ã–π –∞–¥—Ä–µ—Å. –ü–µ—Ä–µ—Ö–æ–¥–∏—Ç –∫ —Å—á–∏
                            —Ç—ã–≤–∞–Ω–∏—é –¥–∞–Ω–Ω—ã—Ö –æ—Ç–ø—Ä–∞–≤–ª—è–µ–º—ã—Ö
0050   18AE           00250                 btfsc ButtonModes, SB0_M1
0051   2???           00251                         GOTO Fix_data_TX
                      00252                                 
0052   082F           00253                         movf SEV_SEGM_reg, w
0053   00AC           00254                         movwf ADDR_reg
0054   30FF           00255                         movlw 0FFh
0055   00AF           00256                         movwf SEV_SEGM_reg
0056   0009           00257                         retfie
                      00258 
Warning[207]: Found label after column 1. (Fix_data_TX)
0057                  00259         Fix_data_TX  ; 3 (10) - —Ñ–∏–∫—Å–∏—Ä—É—é—Ç—Å—è –æ—Ç–ø—Ä–∞–≤–ª—è–µ–º—ã–µ –¥–∞–Ω–Ω—ã–µ –ò –æ—Ç–ø—Ä
                            –∞–≤–∫–∞ –¥–∞–Ω–Ω—ã—Ö –∏ –∞–¥—Ä–µ—Å–∞
0057   1CAE           00260                 btfss ButtonModes, SB0_M1
0058   0009           00261                         retfie
                      00262 
0059   082F           00263                         movf SEV_SEGM_reg, w
005A   00AD           00264                         movwf DATA_reg
MPASM 5.76                          MAIN.ASM   12-2-2021  15:15:54         PAGE  7


LOC  OBJECT CODE     LINE SOURCE TEXT
  VALUE

005B   2???           00265                         CALL TRSF_HNDL
                      00266                         ;clrf SEV_SEGM_reg
005C   0009           00267                         retfie
                      00268         
005D                  00269 Select_Display_Info
005D   1283           00270         banksel STATUS
Warning[207]: Found label after column 1. (If_0_on7segm)
005E                  00271         If_0_on7segm
005E   3000           00272                 movlw 00h
005F   062F           00273                 xorwf SEV_SEGM_reg, w
0060   1903           00274                 btfsc STATUS, Z
0061   2???           00275                         GOTO If_1_on7segm; –ù–µ —Å–æ–≤–ø–∞–ª–æ —Å "0"
0062   30FC           00276                         movlw b'11111100'
0063   00A7           00277                         movwf Lcd_data
0064   0008           00278                         return
                      00279 
Warning[207]: Found label after column 1. (If_1_on7segm)
0065                  00280         If_1_on7segm
0065   3001           00281                 movlw 01h
0066   062F           00282                 xorwf SEV_SEGM_reg, w
0067   1903           00283                 btfsc STATUS, Z
0068   2???           00284                         GOTO If_2_on7segm; –ù–µ —Å–æ–≤–ø–∞–ª–æ —Å "1"
0069   3060           00285                         movlw b'01100000'
006A   00A7           00286                         movwf Lcd_data
006B   0008           00287                         return
                      00288 
Warning[207]: Found label after column 1. (If_2_on7segm)
006C                  00289         If_2_on7segm
006C   3002           00290                 movlw 02h
006D   062F           00291                 xorwf SEV_SEGM_reg, w
006E   1903           00292                 btfsc STATUS, Z
006F   2???           00293                         GOTO If_3_on7segm; –ù–µ —Å–æ–≤–ø–∞–ª–æ —Å "2"
0070   30DA           00294                         movlw b'11011010'
0071   00A7           00295                         movwf Lcd_data
0072   0008           00296                         return
                      00297 
Warning[207]: Found label after column 1. (If_3_on7segm)
0073                  00298         If_3_on7segm
0073   3003           00299                 movlw 03h
0074   062F           00300                 xorwf SEV_SEGM_reg, w
0075   1903           00301                 btfsc STATUS, Z
0076   2???           00302                         GOTO If_4_on7segm; –ù–µ —Å–æ–≤–ø–∞–ª–æ —Å "3"
0077   30F2           00303                         movlw b'11110010'
0078   00A7           00304                         movwf Lcd_data
0079   0008           00305                         return
                      00306 
Warning[207]: Found label after column 1. (If_4_on7segm)
007A                  00307         If_4_on7segm
007A   3004           00308                 movlw 04h
007B   062F           00309                 xorwf SEV_SEGM_reg, w
007C   1903           00310                 btfsc STATUS, Z
007D   2???           00311                         GOTO If_5_on7segm; –ù–µ —Å–æ–≤–ø–∞–ª–æ —Å "4"
007E   3066           00312                         movlw b'01100110'
MPASM 5.76                          MAIN.ASM   12-2-2021  15:15:54         PAGE  8


LOC  OBJECT CODE     LINE SOURCE TEXT
  VALUE

007F   00A7           00313                         movwf Lcd_data
0080   0008           00314                         return
                      00315 
Warning[207]: Found label after column 1. (If_5_on7segm)
0081                  00316         If_5_on7segm
0081   3005           00317                 movlw 05h
0082   062F           00318                 xorwf SEV_SEGM_reg, w
0083   1903           00319                 btfsc STATUS, Z
0084   2???           00320                         GOTO If_6_on7segm; –ù–µ —Å–æ–≤–ø–∞–ª–æ —Å "5"
0085   30B6           00321                         movlw b'10110110'
0086   00A7           00322                         movwf Lcd_data
0087   0008           00323                         return
                      00324 
Warning[207]: Found label after column 1. (If_6_on7segm)
0088                  00325         If_6_on7segm
0088   3006           00326                 movlw 06h
0089   062F           00327                 xorwf SEV_SEGM_reg, w
008A   1903           00328                 btfsc STATUS, Z
008B   2???           00329                         GOTO If_7_on7segm; –ù–µ —Å–æ–≤–ø–∞–ª–æ —Å "6"
008C   30BE           00330                         movlw b'10111110'
008D   00A7           00331                         movwf Lcd_data
008E   0008           00332                         return
                      00333 
Warning[207]: Found label after column 1. (If_7_on7segm)
008F                  00334         If_7_on7segm
008F   3007           00335                 movlw 07h
0090   062F           00336                 xorwf SEV_SEGM_reg, w
0091   1903           00337                 btfsc STATUS, Z
0092   2???           00338                         GOTO If_8_on7segm; –ù–µ —Å–æ–≤–ø–∞–ª–æ —Å "7"
0093   30E0           00339                         movlw b'11100000'
0094   00A7           00340                         movwf Lcd_data
0095   0008           00341                         return
                      00342                         
Warning[207]: Found label after column 1. (If_8_on7segm)
0096                  00343         If_8_on7segm
0096   3008           00344                 movlw 08h
0097   062F           00345                 xorwf SEV_SEGM_reg, w
0098   1903           00346                 btfsc STATUS, Z
0099   2???           00347                         GOTO If_9_on7segm; –ù–µ —Å–æ–≤–ø–∞–ª–æ —Å "8"
009A   30FE           00348                         movlw b'11111110'
009B   00A7           00349                         movwf Lcd_data
009C   0008           00350                         return
                      00351 
Warning[207]: Found label after column 1. (If_9_on7segm)
009D                  00352         If_9_on7segm
009D   3009           00353                 movlw 09h
009E   062F           00354                 xorwf SEV_SEGM_reg, w
009F   1903           00355                 btfsc STATUS, Z
00A0   2???           00356                         GOTO If_ERR; –ù–µ —Å–æ–≤–ø–∞–ª–æ —Å "9"
00A1   30F6           00357                         movlw b'11110110'
00A2   00A7           00358                         movwf Lcd_data
00A3   0008           00359                         return
                      00360         
MPASM 5.76                          MAIN.ASM   12-2-2021  15:15:54         PAGE  9


LOC  OBJECT CODE     LINE SOURCE TEXT
  VALUE

Warning[207]: Found label after column 1. (If_ERR)
00A4                  00361         If_ERR
00A4   3002           00362                 movlw b'00000010'
00A5   00A7           00363                 movwf Lcd_data
00A6   0008           00364                 return
                      00365 
                      00366 
                      00367 
00A7                  00368 Disp_Info_7seg
00A7   1283           00369         banksel GPIO
00A8   3009           00370         movlw .9
00A9   00A8           00371         movwf Loop_ident
Warning[207]: Found label after column 1. (Loop_Disp_bits)
00AA                  00372         Loop_Disp_bits
Message[305]: Using default destination of 1 (file).
00AA   0BA8           00373                 decfsz Loop_ident
00AB   2???           00374                         GOTO Fill_LCD_bit
00AC   2???           00375                         GOTO Shift_reg
Warning[207]: Found label after column 1. (Fill_LCD_bit)
00AD                  00376                         Fill_LCD_bit
00AD   1C27           00377                                 btfss Lcd_data, 00h
00AE   2???           00378                                         GOTO Conf_0bit
00AF   1285           00379                                                 bcf GPIO, GPIO5
00B0   2???           00380                                                 GOTO Transfer_bit_to_7seg
                      00381                                         
Warning[207]: Found label after column 1. (Conf_0bit)
00B1                  00382                                         Conf_0bit
00B1   1685           00383                                                 bsf GPIO, GPIO5
                      00384 
Warning[207]: Found label after column 1. (Transfer_bit_to_7seg)
00B2                  00385                                         Transfer_bit_to_7seg
00B2   1205           00386                                                 bcf GPIO, GPIO4
00B3   1605           00387                                                 bsf GPIO, GPIO4
00B4   1205           00388                                                 bcf GPIO, GPIO4
00B5   0CA7           00389                                                 rrf Lcd_data, f
00B6   2???           00390                                                 GOTO Loop_Disp_bits
                      00391                         
Warning[207]: Found label after column 1. (Shift_reg)
00B7                  00392                         Shift_reg
00B7   1505           00393                                 bsf GPIO, GPIO2
00B8   1105           00394                                 bcf GPIO, GPIO2
00B9   0008           00395                                 return
                      00396 
00BA                  00397 SB1_INC_HNDL
00BA   1C20           00398         btfss UART_CON, BUSY_F
00BB   0009           00399                 retfie ; –ï—Å–ª–∏ –Ω–µ –∑–∞–Ω—è—Ç - –Ω–∞—Ö –Ω–∞–¥–æ —á—Ç–æ-—Ç–æ –∏–Ω–∫—Ä–µ–º–µ–Ω—Ç–∏—Ä–æ
                            –≤–∞—Ç—å? –î–µ–ª–∞—Ç—å –Ω–µ—Ö—Ä–µ–Ω??
                      00400                 
Message[305]: Using default destination of 1 (file).
00BC   0AAF           00401                 incf SEV_SEGM_reg
00BD   2???           00402                 CALL Select_Display_Info
00BE   2???           00403                 CALL Disp_Info_7seg
                      00404                 ; TODO –ù–ê–î–û –º–µ–Ω—è—Ç—å –∫–∞–∫–∏–µ-—Ç–æ –§–õ–ê–ì–ò 100%
MPASM 5.76                          MAIN.ASM   12-2-2021  15:15:54         PAGE 10


LOC  OBJECT CODE     LINE SOURCE TEXT
  VALUE

00BF   0009           00405                 retfie 
                      00406 
                      00407 
                      00408 
                      00409 
                      00410 
                      00411 
                      00412 
                      00413 
                      00414 
                      00415 
                      00416         
00C0                  00417 GPIO_INT
00C0   1C20           00418         btfss UART_CON, BUSY_F
00C1   0009           00419                 retfie   ; TODO –ú–± –≠–¢–û –ù–ï–ü–†–ê–í–ò–õ–¨–ù–û
                      00420         ; –ï—Å–ª–∏ UART —Ä–∞–±–æ—Ç–∞–µ—Ç, —Ç–æ –ø—Ä–æ–≤–µ—Ä–∏–º –¥–∞–ª—å—à–µ —á—Ç–æ –±—ã–ª–æ –Ω–∞–∂–∞—Ç–
                            æ (–ø–æ —Ä–µ–∂–∏–º—É UART)
00C2   2???           00421         CALL FindPortDiff
00C3   1920           00422         btfsc UART_CON, RD_F; –ï—Å–ª–∏ —É—Å—Ç–∞–Ω–æ–≤–∏–ª—Å—è —Ñ–ª–∞–≥ RD_F –ø–æ –ø—Ä–µ—Ä—ã–≤–∞–Ω–∏—é, —
                            Ç–æ –∑–Ω–∞—á–∏—Ç –ø—Ä–∏—à—ë–ª start-–±–∏—Ç –ü–û–°–´–õ–ö–ò - –∏ –Ω–∞ –≤—Å—ë –æ—Å—Ç–∞–ª—å–Ω–æ–µ –ø
00C4   2???           00423                 CALL GET_MSG
00C5   18AB           00424         btfsc LastPressedBtns, SB_INC_Ch
00C6   2???           00425                 CALL SB1_INC_HNDL; –ï—Å–ª–∏ –∫–Ω–æ–ø–∫–∞ INC –Ω–∞–∂–∞—Ç–∞
00C7   182B           00426         btfsc LastPressedBtns, SB_SEND_Ch 
00C8   2???           00427                 CALL SB0_SEND_HNDL; –ï—Å–ª–∏ –∫–Ω–æ–ø–∫–∞ SEND –Ω–∞–∂–∞—Ç–∞
00C9   0009           00428         retfie  ; TODO –ü—Ä–æ–≤–µ—Ä–∏—Ç—å –¥–æ—Å—Ç–∞—Ç–æ—á–Ω–æ –ª–∏ —ç—Ç–æ–≥–æ!
                      00429         
                      00430         
00CA                  00431 T0_INT  ; –°–∫–æ—Ä–æ—Å—Ç—å –≤ 9600 –±–∏—Ç/—Å
00CA   1C20           00432         btfss UART_CON, BUSY_F ; –ü—Ä–æ–≤–µ—Ä–∫–∞, —á—Ç–æ UART —Ä–∞–±–æ—Ç–∞–µ—Ç —Å–µ–π—á–∞—Å (–∞ –Ω–µ –ø
                            —Ä–æ—Å—Ç–∞–∏–≤–∞–µ—Ç)
00CB   0008           00433                 return  ; CHECK IT (–¢–ê–ö –ö–ê–ö –ú–û–ì–£–¢ –ë–´–¢–¨ –î–†–£–ì–ò–ï –ü–†–ò–ß–ò–ù–´ –†–ê–ë
                            –û–¢–´ –¢–ê–ô–ú–ï–†–ê 0!!!!!!!!!!!!!!!!!!)
                      00434                 
                      00435         ;–ï—Å–ª–∏ T0_mode  == 1, —Ç–æ —ç—Ç–æ —Ü–µ–ª—ã–π –±–∏—Ç
                      00436         ;–ï—Å–ª–∏ T0_mode  == 0, —Ç–æ —ç—Ç–æ –ø–æ–ª –±–∏—Ç–∞
00CC   19A0           00437         btfsc UART_CON, T0_MODE
00CD   2???           00438                 GOTO T0_UPD_Baud
00CE   2???           00439                 GOTO T0_UPD_HalfBaud
                      00440         
Warning[207]: Found label after column 1. (T0_UPD_Baud)
00CF                  00441         T0_UPD_Baud
00CF   2???           00442                 CALL OneBaud
00D0   0009           00443                 retfie
Warning[207]: Found label after column 1. (T0_UPD_HalfBaud)
00D1                  00444         T0_UPD_HalfBaud
00D1   2???           00445                 CALL HalfBaud
00D2   0009           00446                 retfie
                      00447                 
                      00448                 
                      00449                 
00D3                  00450 T1_INT  
                      00451 
MPASM 5.76                          MAIN.ASM   12-2-2021  15:15:54         PAGE 11


LOC  OBJECT CODE     LINE SOURCE TEXT
  VALUE

                      00452 
00D3                  00453 TRSF_HNDL
                      00454         ; –í—ã–∑—ã–≤–∞–µ—Ç—Å—è, –µ—Å–ª–∏ —Ä–µ–∂–∏–º –æ—Ç–ø—Ä–∞–≤–∫–∏ —Å–æ–æ–±—â–µ–Ω–∏–π, UART —Å–≤–æ–±–æ
                            –¥–µ–Ω –∏ –±—ã–ª–∞ –Ω–∞–∂–∞—Ç–∞ –∫–Ω–æ–ø–∫–∞ SB0_SEND, –¥–ª—è –∏–Ω–∏—Ü–∏–∞–ª–∏–∑–∞—Ü–∏–∏ –æ—Ç–ø—
                      00455         ; –°–Ω–∞—á–∞–ª–∞ –≤—ã–±–∏—Ä–∞–µ—Ç—Å—è –∞–¥—Ä–µ—Å –æ—Ç–ø—Ä–∞–≤–∏—Ç–µ–ª—è. –î–ª—è —ç—Ç–æ–≥–æ –≤—ã–
                            ∑—ã–≤–∞–µ—Ç—Å—è —Ñ—É–Ω–∫—Ü–∏—è –ø–æ—Å—Ç–æ—è–Ω–Ω–æ–≥–æ –æ–±–Ω–æ–≤–ª–µ–Ω–∏—è 
00D3   1620           00456         bsf UART_CON, DATA_INC_F 
00D4   13A0           00457         bcf UART_CON, SaveDataOrAddr
Warning[207]: Found label after column 1. (Wait_7segment_adr)
00D5                  00458         Wait_7segment_adr
00D5   1A20           00459                 btfsc UART_CON, DATA_INC_F 
00D6   2???           00460                 GOTO Wait_7segment_adr
                      00461                 ; –ï—Å–ª–∏ –∞–¥—Ä–µ—Å/–±—ã–ª –≤—ã–±—Ä–∞–Ω (–Ω–∞–∂–∏–º–∞–µ—Ç—Å—è –∫–Ω–æ–ø–∫–∞ SB_SEND - —
                            Ç–∞–∫–∏–º –æ–±—Ä–∞–∑–æ–º —Ñ–∏–∫—Å–∏—Ä—É–µ—Ç—Å—è –∞–¥—Ä–µ—Å)
00D7   2???           00462         CALL SEND_MSG   ; –î–∞–ª–µ–µ –æ—Ç–ø—Ä–∞–≤–ª—è–µ—Ç—Å—è –¥–∞–Ω–Ω—ã–π –±–∏—Ç –≤ TX
                      00463         ; –î–∞–ª–µ–µ —Å–Ω–æ–≤–∞ —Ä–µ–∂–∏–º –≤—ã–±–æ—Ä–∞ –¥–∞–Ω–Ω—ã—Ö –æ—Ç–ø—Ä–∞–≤–ª—è–µ–º—ã—Ö
                      00464         ; –ü–æ –Ω–∞–∂–∞—Ç–∏—é SB_SEND —Ñ–∏–∫—Å–∏—Ä—É—é—Ç—Å—è –¥–∞–Ω–Ω—ã–µ 
Warning[207]: Found label after column 1. (Wait_7segment_data)
00D8                  00465         Wait_7segment_data
00D8   1A20           00466                 btfsc UART_CON, DATA_INC_F 
00D9   2???           00467                 GOTO Wait_7segment_data
00DA   2???           00468         CALL SEND_MSG
                      00469         ; –û—Ç–ø—Ä–∞–≤–∫–∞ –¥–∞–Ω–Ω—ã—Ö –≤ TX
                      00470         ; –°–±—Ä–æ—Å —Ä–µ–∂–∏–º–æ–≤ —Ä–∞–±–æ—Ç—ã –≤ –∏–∑–Ω–∞—á–∞–ª—å–Ω–æ–µ —Å–æ—Å—Ç–æ—è–Ω–∏–µ. –ñ–¥—ë–º 
                            –∏–ª–∏ –Ω–∞–∂–∞—Ç–∏—è –∫–Ω–æ–ø–∫–∏ SB_SEND, –∏–ª–∏ –ø—Ä–∏—Ö–æ–¥–∞ –ø–∞–∫–µ—Ç–∞.
                      00471         
                      00472         
00DB                  00473 HalfBaud
00DB   30CC           00474         movlw .204
00DC   1283           00475         banksel TMR0
00DD   0081           00476         movwf TMR0
00DE   168B           00477         bsf INTCON, T0IE
00DF   1421           00478         bsf UART_t0, WAIT_HalfBaud
Warning[207]: Found label after column 1. (WAIT_forHalfBaud)
00E0                  00479         WAIT_forHalfBaud
00E0   1821           00480                 btfsc UART_t0, WAIT_HalfBaud
00E1   2???           00481                         GOTO WAIT_forHalfBaud
00E2   0008           00482                         return
                      00483 
00E3                  00484 OneBaud
00E3   3098           00485         movlw .152
00E4   1283           00486         banksel TMR0
00E5   0081           00487         movwf TMR0
00E6   168B           00488         bsf INTCON, T0IE
00E7   14A1           00489         bsf UART_t0, WAIT_FullBaud
Warning[207]: Found label after column 1. (WAIT_forFullBaud)
00E8                  00490         WAIT_forFullBaud
00E8   18A1           00491                 btfsc UART_t0, WAIT_FullBaud
00E9   2???           00492                         GOTO WAIT_forFullBaud
00EA   0008           00493                         return
                      00494         
00EB                  00495 GET_MSG
00EB   3008           00496         movlw .8
MPASM 5.76                          MAIN.ASM   12-2-2021  15:15:54         PAGE 12


LOC  OBJECT CODE     LINE SOURCE TEXT
  VALUE

00EC   00AA           00497         movwf TEMP
00ED   01A9           00498         clrf SERBUF
00EE   2???           00499         CALL HalfBaud
00EF   1283           00500         banksel GPIO
Warning[207]: Found label after column 1. (Recieve_data)
00F0                  00501         Recieve_data
00F0   2???           00502                 CALL OneBaud
00F1   1003           00503                 bcf STATUS, C
00F2   0CA9           00504                 rrf SERBUF , f
00F3   1E85           00505                 btfss GPIO, RX
00F4   17A9           00506                 bsf SERBUF, 7
00F5   0BAA           00507                 decfsz TEMP, f
00F6   2???           00508                 GOTO Recieve_data
                      00509                 
00F7   2???           00510                 CALL OneBaud
00F8   0829           00511                 movf SERBUF, w                  ; –ù–µ –∑–Ω–∞—é –∑–∞—á–µ–º
00F9   3400           00512                 retlw 0
                      00513                 
00FA                  00514 SEND_MSG
                      00515         ; TODO –ó–∞–≥—Ä—É–∑–∫–∞ –æ—Ç–ø—Ä–∞–≤–ª—è–µ–º–æ–π –∫–æ–Ω—Å—Ç–∞–Ω—Ç—ã  –ò –∑–∞–≥—Ä—É–∑–∫–∞ 9 –±–∏—
                            Ç–æ–≥–æ
00FA   3008           00516         movlw .8
00FB   1283           00517         banksel GPIO
00FC   1485           00518         bsf GPIO, TX
Warning[207]: Found label after column 1. (Send_data)
00FD                  00519         Send_data
00FD   0CA9           00520                 rrf SERBUF, f
00FE   1C03           00521                 btfss STATUS, C
00FF   2???           00522                 GOTO Transfer_0
0100   2???           00523                 GOTO Transfer_1
Warning[207]: Found label after column 1. (Transfer_0)
0101                  00524                 Transfer_0
0101   1085           00525                         bcf GPIO, TX
0102   2???           00526                         GOTO BIT_ready
Warning[207]: Found label after column 1. (Transfer_1)
0103                  00527                 Transfer_1
0103   1485           00528                         bsf GPIO, TX
Warning[207]: Found label after column 1. (BIT_ready)
0104                  00529                 BIT_ready
0104   2???           00530                         CALL OneBaud
0105   0BAA           00531                         decfsz TEMP, f
0106   2???           00532                         GOTO Send_data
                      00533                         
0107   1EA0           00534                         btfss UART_CON, BIT9
0108   2???           00535                         GOTO Send_9one
0109   2???           00536                         GOTO Send_9zero
Warning[207]: Found label after column 1. (Send_9one)
010A                  00537                         Send_9one
010A   1485           00538                                 bsf GPIO, TX
010B   2???           00539                                 GOTO Send_Stop
Warning[207]: Found label after column 1. (Send_9zero)
010C                  00540                         Send_9zero
010C   1085           00541                                 bcf GPIO, TX
MPASM 5.76                          MAIN.ASM   12-2-2021  15:15:54         PAGE 13


LOC  OBJECT CODE     LINE SOURCE TEXT
  VALUE

Warning[207]: Found label after column 1. (Send_Stop)
010D                  00542                         Send_Stop
010D   2???           00543                                 CALL OneBaud
010E   0CA9           00544                                 rrf  SERBUF, f          ; TODO –ó–ê–ß–ï–ú?????
010F   1485           00545                                 bsf GPIO, TX            ; –°–¢–û–ü-–ë–ò–¢
0110   3400           00546                                 retlw 0
                      00547                 
                      00548         
                      00549         
                      00550 
                      00551 
Warning[205]: Found directive in column 1. (END)
3FF4                  00552 END
MPASM 5.76                          MAIN.ASM   12-2-2021  15:15:54         PAGE 14


SYMBOL TABLE
  LABEL                             VALUE 

ADCON0                            0000001F
ADCS0                             00000004
ADCS1                             00000005
ADCS2                             00000006
ADDR_reg                          0000002C
ADFM                              00000007
ADIE                              00000006
ADIF                              00000006
ADON                              00000000
ADRESH                            0000001E
ADRESL                            0000009E
ANS0                              00000000
ANS1                              00000001
ANS2                              00000002
ANS3                              00000003
ANSEL                             0000009F
Accum                             00000026
BIT9                              00000005
BIT_ready                         00000104
BUSY_F                            00000000
ButtonModes                       0000002E
C                                 00000000
CAL0                              00000002
CAL1                              00000003
CAL2                              00000004
CAL3                              00000005
CAL4                              00000006
CAL5                              00000007
CHS0                              00000002
CHS1                              00000003
CINV                              00000004
CIS                               00000003
CM0                               00000000
CM1                               00000001
CM2                               00000002
CMCON                             00000019
CMIE                              00000003
CMIF                              00000003
COUT                              00000006
Check_SB_INC                      00000036
Conf_0bit                         000000B1
DATA_INC_F                        00000004
DATA_reg                          0000002D
DC                                00000001
Disp_Info_7seg                    000000A7
EEADR                             0000009B
EECON1                            0000009C
EECON2                            0000009D
EEDAT                             0000009A
EEDATA                            0000009A
EEIE                              00000007
EEIF                              00000007
F                                 00000001
MPASM 5.76                          MAIN.ASM   12-2-2021  15:15:54         PAGE 15


SYMBOL TABLE
  LABEL                             VALUE 

FSR                               00000004
Fill_LCD_bit                      000000AD
FindPortDiff                      0000002D
Fix_addr                          00000050
Fix_data_TX                       00000057
GET_MSG                           000000EB
GIE                               00000007
GO                                00000001
GO_DONE                           00000001
GO_NOT_DONE                       00000001
GP0                               00000000
GP1                               00000001
GP2                               00000002
GP3                               00000003
GP4                               00000004
GP5                               00000005
GPIE                              00000003
GPIF                              00000000
GPIO                              00000005
GPIO0                             00000000
GPIO1                             00000001
GPIO2                             00000002
GPIO3                             00000003
GPIO4                             00000004
GPIO5                             00000005
GPIO_DATA                         00000000
GPIO_INT                          000000C0
HalfBaud                          000000DB
IINT_HNDL                         00000025
INDF                              00000000
INTCON                            0000000B
INTE                              00000004
INTEDG                            00000006
INTERRUPT_INIT                    000000C8
INTF                              00000001
IOC                               00000096
IOC0                              00000000
IOC1                              00000001
IOC2                              00000002
IOC3                              00000003
IOC4                              00000004
IOC5                              00000005
IOCB                              00000096
IOCB0                             00000000
IOCB1                             00000001
IOCB2                             00000002
IOCB3                             00000003
IOCB4                             00000004
IOCB5                             00000005
IOC_INIT                          00000003
IRP                               00000007
If_0_on7segm                      0000005E
If_1_on7segm                      00000065
MPASM 5.76                          MAIN.ASM   12-2-2021  15:15:54         PAGE 16


SYMBOL TABLE
  LABEL                             VALUE 

If_2_on7segm                      0000006C
If_3_on7segm                      00000073
If_4_on7segm                      0000007A
If_5_on7segm                      00000081
If_6_on7segm                      00000088
If_7_on7segm                      0000008F
If_8_on7segm                      00000096
If_9_on7segm                      0000009D
If_ERR                            000000A4
Init                              00000000
LastPortState                     00000025
LastPressedBtns                   0000002B
Lcd_data                          00000027
Loop_Disp_bits                    000000AA
Loop_ident                        00000028
MainLoop                          00000024
NOT_BOD                           00000000
NOT_BOR                           00000000
NOT_DONE                          00000001
NOT_GPPU                          00000007
NOT_PD                            00000003
NOT_POR                           00000001
NOT_T1SYNC                        00000002
NOT_TO                            00000004
OPTION_REG                        00000081
OSCCAL                            00000090
OneBaud                           000000E3
PCL                               00000002
PCLATH                            0000000A
PCON                              0000008E
PEIE                              00000006
PIE1                              0000008C
PIE1_INIT                         00000000
PIR1                              0000000C
PS0                               00000000
PS1                               00000001
PS2                               00000002
PSA                               00000003
Port_GP0                          0000002E
Port_GP1                          00000033
Port_GP5                          0000003B
RD                                00000000
RD_F                              00000002
RP0                               00000005
RP1                               00000006
RX                                00000005
Recieve_data                      000000F0
SB0_M0                            00000000
SB0_M1                            00000001
SB0_OK                            00000047
SB0_SEND_HNDL                     0000003F
SB0_ifBusy                        00000042
SB1_INC_HNDL                      000000BA
MPASM 5.76                          MAIN.ASM   12-2-2021  15:15:54         PAGE 17


SYMBOL TABLE
  LABEL                             VALUE 

SB_INC_Ch                         00000001
SB_SEND_Ch                        00000000
SEG7_Display_F                    00000006
SEND_MSG                          000000FA
SERBUF                            00000029
SEV_SEGM_reg                      0000002F
START                             00000023
STATUS                            00000003
SaveDataOrAddr                    00000007
Select_Display_Info               0000005D
Send_9one                         0000010A
Send_9zero                        0000010C
Send_Stop                         0000010D
Send_data                         000000FD
Shift_reg                         000000B7
T02SecScaler                      00000024
T0CS                              00000005
T0IE                              00000005
T0IF                              00000002
T0SE                              00000004
T0_INT                            000000CA
T0_MODE                           00000003
T0_UPD_Baud                       000000CF
T0_UPD_HalfBaud                   000000D1
T1CKPS0                           00000004
T1CKPS1                           00000005
T1CON                             00000010
T1CON_INIT                        00000000
T1H_REG                           00000022
T1IE                              00000000
T1IF                              00000000
T1L_REG                           00000023
T1OSCEN                           00000003
T1_INT                            000000D3
TEMP                              0000002A
TMR0                              00000001
TMR0IE                            00000005
TMR0IF                            00000002
TMR0_INIT                         00000000
TMR1                              0000000E
TMR1CS                            00000001
TMR1GE                            00000006
TMR1H                             0000000F
TMR1H_INIT                        00000000
TMR1IE                            00000000
TMR1IF                            00000000
TMR1L                             0000000E
TMR1L_INIT                        00000000
TMR1ON                            00000000
TRISIO                            00000085
TRISIO0                           00000000
TRISIO1                           00000001
TRISIO2                           00000002
MPASM 5.76                          MAIN.ASM   12-2-2021  15:15:54         PAGE 18


SYMBOL TABLE
  LABEL                             VALUE 

TRISIO3                           00000003
TRISIO4                           00000004
TRISIO5                           00000005
TRSF_HNDL                         000000D3
TR_F                              00000001
TX                                00000001
Transfer_0                        00000101
Transfer_1                        00000103
Transfer_bit_to_7seg              000000B2
UART_CON                          00000020
UART_t0                           00000021
VCFG                              00000006
VR0                               00000000
VR1                               00000001
VR2                               00000002
VR3                               00000003
VRCON                             00000099
VREN                              00000007
VRR                               00000005
W                                 00000000
WAIT_FullBaud                     00000001
WAIT_HalfBaud                     00000000
WAIT_forFullBaud                  000000E8
WAIT_forHalfBaud                  000000E0
WPU                               00000095
WPU0                              00000000
WPU1                              00000001
WPU2                              00000002
WPU4                              00000004
WPU5                              00000005
WPU_INIT                          00000034
WR                                00000001
WREN                              00000002
WRERR                             00000003
Wait_7segment_adr                 000000D5
Wait_7segment_data                000000D8
Z                                 00000002
_BODEN_OFF                        00003FBF
_BODEN_ON                         00003FFF
_BOREN_OFF                        00003FBF
_BOREN_ON                         00003FFF
_CONFIG                           00002007
_CPD_OFF                          00003FFF
_CPD_ON                           00003EFF
_CP_OFF                           00003FFF
_CP_ON                            00003F7F
_DEVID1                           00002006
_EC_OSC                           00003FFB
_EXTRC_OSC_CLKOUT                 00003FFF
_EXTRC_OSC_NOCLKOUT               00003FFE
_FOSC_EC                          00003FFB
_FOSC_EXTRCCLK                    00003FFF
_FOSC_EXTRCIO                     00003FFE
MPASM 5.76                          MAIN.ASM   12-2-2021  15:15:54         PAGE 19


SYMBOL TABLE
  LABEL                             VALUE 

_FOSC_HS                          00003FFA
_FOSC_INTRCCLK                    00003FFD
_FOSC_INTRCIO                     00003FFC
_FOSC_LP                          00003FF8
_FOSC_XT                          00003FF9
_HS_OSC                           00003FFA
_IDLOC0                           00002000
_IDLOC1                           00002001
_IDLOC2                           00002002
_IDLOC3                           00002003
_INTRC_OSC_CLKOUT                 00003FFD
_INTRC_OSC_NOCLKOUT               00003FFC
_LP_OSC                           00003FF8
_MCLRE_OFF                        00003FDF
_MCLRE_ON                         00003FFF
_PWRTE_OFF                        00003FFF
_PWRTE_ON                         00003FEF
_WDTE_OFF                         00003FF7
_WDTE_ON                          00003FFF
_WDT_OFF                          00003FF7
_WDT_ON                           00003FFF
_XT_OSC                           00003FF9
__12F675                          00000001
btn_INC                           00000001
btn_RST                           00000003
btn_SEND                          00000000

Errors   :     0
Warnings :    53 reported,     0 suppressed
Messages :     8 reported,     0 suppressed

